[2026-01-09T16:02:35.609+0000] {processor.py:161} INFO - Started process (PID=198) to work on /opt/airflow/dags/amazon_sql_scheduler_dag.py
[2026-01-09T16:02:35.611+0000] {processor.py:830} INFO - Processing file /opt/airflow/dags/amazon_sql_scheduler_dag.py for tasks to queue
[2026-01-09T16:02:35.612+0000] {logging_mixin.py:188} INFO - [2026-01-09T16:02:35.612+0000] {dagbag.py:540} INFO - Filling up the DagBag from /opt/airflow/dags/amazon_sql_scheduler_dag.py
[2026-01-09T16:02:36.065+0000] {processor.py:840} INFO - DAG(s) 'amazon_sql_transformation_scheduler' retrieved from /opt/airflow/dags/amazon_sql_scheduler_dag.py
[2026-01-09T16:02:36.130+0000] {logging_mixin.py:188} INFO - [2026-01-09T16:02:36.129+0000] {dag.py:3047} INFO - Sync 1 DAGs
[2026-01-09T16:02:36.146+0000] {logging_mixin.py:188} INFO - [2026-01-09T16:02:36.146+0000] {dag.py:3834} INFO - Setting next_dagrun for amazon_sql_transformation_scheduler to None, run_after=None
[2026-01-09T16:02:36.172+0000] {processor.py:183} INFO - Processing /opt/airflow/dags/amazon_sql_scheduler_dag.py took 0.568 seconds
[2026-01-09T16:03:06.757+0000] {processor.py:161} INFO - Started process (PID=217) to work on /opt/airflow/dags/amazon_sql_scheduler_dag.py
[2026-01-09T16:03:06.759+0000] {processor.py:830} INFO - Processing file /opt/airflow/dags/amazon_sql_scheduler_dag.py for tasks to queue
[2026-01-09T16:03:06.760+0000] {logging_mixin.py:188} INFO - [2026-01-09T16:03:06.760+0000] {dagbag.py:540} INFO - Filling up the DagBag from /opt/airflow/dags/amazon_sql_scheduler_dag.py
[2026-01-09T16:03:06.872+0000] {processor.py:840} INFO - DAG(s) 'amazon_sql_transformation_scheduler' retrieved from /opt/airflow/dags/amazon_sql_scheduler_dag.py
[2026-01-09T16:03:06.907+0000] {logging_mixin.py:188} INFO - [2026-01-09T16:03:06.907+0000] {dag.py:3047} INFO - Sync 1 DAGs
[2026-01-09T16:03:06.920+0000] {logging_mixin.py:188} INFO - [2026-01-09T16:03:06.920+0000] {dag.py:3834} INFO - Setting next_dagrun for amazon_sql_transformation_scheduler to None, run_after=None
[2026-01-09T16:03:06.942+0000] {processor.py:183} INFO - Processing /opt/airflow/dags/amazon_sql_scheduler_dag.py took 0.189 seconds
[2026-01-09T16:03:37.883+0000] {processor.py:161} INFO - Started process (PID=239) to work on /opt/airflow/dags/amazon_sql_scheduler_dag.py
[2026-01-09T16:03:37.884+0000] {processor.py:830} INFO - Processing file /opt/airflow/dags/amazon_sql_scheduler_dag.py for tasks to queue
[2026-01-09T16:03:37.885+0000] {logging_mixin.py:188} INFO - [2026-01-09T16:03:37.885+0000] {dagbag.py:540} INFO - Filling up the DagBag from /opt/airflow/dags/amazon_sql_scheduler_dag.py
[2026-01-09T16:03:37.990+0000] {processor.py:840} INFO - DAG(s) 'amazon_sql_transformation_scheduler' retrieved from /opt/airflow/dags/amazon_sql_scheduler_dag.py
[2026-01-09T16:03:38.019+0000] {logging_mixin.py:188} INFO - [2026-01-09T16:03:38.019+0000] {dag.py:3047} INFO - Sync 1 DAGs
[2026-01-09T16:03:38.032+0000] {logging_mixin.py:188} INFO - [2026-01-09T16:03:38.032+0000] {dag.py:3834} INFO - Setting next_dagrun for amazon_sql_transformation_scheduler to None, run_after=None
[2026-01-09T16:03:38.049+0000] {processor.py:183} INFO - Processing /opt/airflow/dags/amazon_sql_scheduler_dag.py took 0.171 seconds
[2026-01-09T16:04:08.766+0000] {processor.py:161} INFO - Started process (PID=261) to work on /opt/airflow/dags/amazon_sql_scheduler_dag.py
[2026-01-09T16:04:08.768+0000] {processor.py:830} INFO - Processing file /opt/airflow/dags/amazon_sql_scheduler_dag.py for tasks to queue
[2026-01-09T16:04:08.769+0000] {logging_mixin.py:188} INFO - [2026-01-09T16:04:08.769+0000] {dagbag.py:540} INFO - Filling up the DagBag from /opt/airflow/dags/amazon_sql_scheduler_dag.py
[2026-01-09T16:04:08.875+0000] {processor.py:840} INFO - DAG(s) 'amazon_sql_transformation_scheduler' retrieved from /opt/airflow/dags/amazon_sql_scheduler_dag.py
[2026-01-09T16:04:08.906+0000] {logging_mixin.py:188} INFO - [2026-01-09T16:04:08.905+0000] {dag.py:3047} INFO - Sync 1 DAGs
[2026-01-09T16:04:08.919+0000] {logging_mixin.py:188} INFO - [2026-01-09T16:04:08.919+0000] {dag.py:3834} INFO - Setting next_dagrun for amazon_sql_transformation_scheduler to None, run_after=None
[2026-01-09T16:04:08.940+0000] {processor.py:183} INFO - Processing /opt/airflow/dags/amazon_sql_scheduler_dag.py took 0.178 seconds
[2026-01-09T16:04:39.602+0000] {processor.py:161} INFO - Started process (PID=283) to work on /opt/airflow/dags/amazon_sql_scheduler_dag.py
[2026-01-09T16:04:39.604+0000] {processor.py:830} INFO - Processing file /opt/airflow/dags/amazon_sql_scheduler_dag.py for tasks to queue
[2026-01-09T16:04:39.606+0000] {logging_mixin.py:188} INFO - [2026-01-09T16:04:39.605+0000] {dagbag.py:540} INFO - Filling up the DagBag from /opt/airflow/dags/amazon_sql_scheduler_dag.py
[2026-01-09T16:04:39.736+0000] {processor.py:840} INFO - DAG(s) 'amazon_sql_transformation_scheduler' retrieved from /opt/airflow/dags/amazon_sql_scheduler_dag.py
[2026-01-09T16:04:39.773+0000] {logging_mixin.py:188} INFO - [2026-01-09T16:04:39.773+0000] {dag.py:3047} INFO - Sync 1 DAGs
[2026-01-09T16:04:39.792+0000] {logging_mixin.py:188} INFO - [2026-01-09T16:04:39.792+0000] {dag.py:3834} INFO - Setting next_dagrun for amazon_sql_transformation_scheduler to None, run_after=None
[2026-01-09T16:04:39.813+0000] {processor.py:183} INFO - Processing /opt/airflow/dags/amazon_sql_scheduler_dag.py took 0.217 seconds
[2026-01-09T16:05:10.498+0000] {processor.py:161} INFO - Started process (PID=305) to work on /opt/airflow/dags/amazon_sql_scheduler_dag.py
[2026-01-09T16:05:10.500+0000] {processor.py:830} INFO - Processing file /opt/airflow/dags/amazon_sql_scheduler_dag.py for tasks to queue
[2026-01-09T16:05:10.502+0000] {logging_mixin.py:188} INFO - [2026-01-09T16:05:10.501+0000] {dagbag.py:540} INFO - Filling up the DagBag from /opt/airflow/dags/amazon_sql_scheduler_dag.py
[2026-01-09T16:05:10.668+0000] {processor.py:840} INFO - DAG(s) 'amazon_sql_transformation_scheduler' retrieved from /opt/airflow/dags/amazon_sql_scheduler_dag.py
[2026-01-09T16:05:10.704+0000] {logging_mixin.py:188} INFO - [2026-01-09T16:05:10.704+0000] {dag.py:3047} INFO - Sync 1 DAGs
[2026-01-09T16:05:10.721+0000] {logging_mixin.py:188} INFO - [2026-01-09T16:05:10.720+0000] {dag.py:3834} INFO - Setting next_dagrun for amazon_sql_transformation_scheduler to None, run_after=None
[2026-01-09T16:05:10.747+0000] {processor.py:183} INFO - Processing /opt/airflow/dags/amazon_sql_scheduler_dag.py took 0.256 seconds
[2026-01-09T16:05:41.360+0000] {processor.py:161} INFO - Started process (PID=327) to work on /opt/airflow/dags/amazon_sql_scheduler_dag.py
[2026-01-09T16:05:41.361+0000] {processor.py:830} INFO - Processing file /opt/airflow/dags/amazon_sql_scheduler_dag.py for tasks to queue
[2026-01-09T16:05:41.363+0000] {logging_mixin.py:188} INFO - [2026-01-09T16:05:41.362+0000] {dagbag.py:540} INFO - Filling up the DagBag from /opt/airflow/dags/amazon_sql_scheduler_dag.py
[2026-01-09T16:05:41.462+0000] {processor.py:840} INFO - DAG(s) 'amazon_sql_transformation_scheduler' retrieved from /opt/airflow/dags/amazon_sql_scheduler_dag.py
[2026-01-09T16:05:41.490+0000] {logging_mixin.py:188} INFO - [2026-01-09T16:05:41.490+0000] {dag.py:3047} INFO - Sync 1 DAGs
[2026-01-09T16:05:41.502+0000] {logging_mixin.py:188} INFO - [2026-01-09T16:05:41.502+0000] {dag.py:3834} INFO - Setting next_dagrun for amazon_sql_transformation_scheduler to None, run_after=None
[2026-01-09T16:05:41.521+0000] {processor.py:183} INFO - Processing /opt/airflow/dags/amazon_sql_scheduler_dag.py took 0.165 seconds
[2026-01-09T16:06:12.210+0000] {processor.py:161} INFO - Started process (PID=349) to work on /opt/airflow/dags/amazon_sql_scheduler_dag.py
[2026-01-09T16:06:12.211+0000] {processor.py:830} INFO - Processing file /opt/airflow/dags/amazon_sql_scheduler_dag.py for tasks to queue
[2026-01-09T16:06:12.212+0000] {logging_mixin.py:188} INFO - [2026-01-09T16:06:12.211+0000] {dagbag.py:540} INFO - Filling up the DagBag from /opt/airflow/dags/amazon_sql_scheduler_dag.py
[2026-01-09T16:06:12.317+0000] {processor.py:840} INFO - DAG(s) 'amazon_sql_transformation_scheduler' retrieved from /opt/airflow/dags/amazon_sql_scheduler_dag.py
[2026-01-09T16:06:12.352+0000] {logging_mixin.py:188} INFO - [2026-01-09T16:06:12.352+0000] {dag.py:3047} INFO - Sync 1 DAGs
[2026-01-09T16:06:12.368+0000] {logging_mixin.py:188} INFO - [2026-01-09T16:06:12.368+0000] {dag.py:3834} INFO - Setting next_dagrun for amazon_sql_transformation_scheduler to None, run_after=None
[2026-01-09T16:06:12.387+0000] {processor.py:183} INFO - Processing /opt/airflow/dags/amazon_sql_scheduler_dag.py took 0.180 seconds
[2026-01-09T16:06:43.072+0000] {processor.py:161} INFO - Started process (PID=371) to work on /opt/airflow/dags/amazon_sql_scheduler_dag.py
[2026-01-09T16:06:43.074+0000] {processor.py:830} INFO - Processing file /opt/airflow/dags/amazon_sql_scheduler_dag.py for tasks to queue
[2026-01-09T16:06:43.075+0000] {logging_mixin.py:188} INFO - [2026-01-09T16:06:43.075+0000] {dagbag.py:540} INFO - Filling up the DagBag from /opt/airflow/dags/amazon_sql_scheduler_dag.py
[2026-01-09T16:06:43.184+0000] {processor.py:840} INFO - DAG(s) 'amazon_sql_transformation_scheduler' retrieved from /opt/airflow/dags/amazon_sql_scheduler_dag.py
[2026-01-09T16:06:43.215+0000] {logging_mixin.py:188} INFO - [2026-01-09T16:06:43.214+0000] {dag.py:3047} INFO - Sync 1 DAGs
[2026-01-09T16:06:43.228+0000] {logging_mixin.py:188} INFO - [2026-01-09T16:06:43.228+0000] {dag.py:3834} INFO - Setting next_dagrun for amazon_sql_transformation_scheduler to None, run_after=None
[2026-01-09T16:06:43.249+0000] {processor.py:183} INFO - Processing /opt/airflow/dags/amazon_sql_scheduler_dag.py took 0.180 seconds
[2026-01-09T16:07:13.944+0000] {processor.py:161} INFO - Started process (PID=393) to work on /opt/airflow/dags/amazon_sql_scheduler_dag.py
[2026-01-09T16:07:13.945+0000] {processor.py:830} INFO - Processing file /opt/airflow/dags/amazon_sql_scheduler_dag.py for tasks to queue
[2026-01-09T16:07:13.946+0000] {logging_mixin.py:188} INFO - [2026-01-09T16:07:13.946+0000] {dagbag.py:540} INFO - Filling up the DagBag from /opt/airflow/dags/amazon_sql_scheduler_dag.py
[2026-01-09T16:07:14.049+0000] {processor.py:840} INFO - DAG(s) 'amazon_sql_transformation_scheduler' retrieved from /opt/airflow/dags/amazon_sql_scheduler_dag.py
[2026-01-09T16:07:14.077+0000] {logging_mixin.py:188} INFO - [2026-01-09T16:07:14.076+0000] {dag.py:3047} INFO - Sync 1 DAGs
[2026-01-09T16:07:14.088+0000] {logging_mixin.py:188} INFO - [2026-01-09T16:07:14.088+0000] {dag.py:3834} INFO - Setting next_dagrun for amazon_sql_transformation_scheduler to None, run_after=None
[2026-01-09T16:07:14.129+0000] {processor.py:183} INFO - Processing /opt/airflow/dags/amazon_sql_scheduler_dag.py took 0.188 seconds
[2026-01-09T16:07:44.840+0000] {processor.py:161} INFO - Started process (PID=415) to work on /opt/airflow/dags/amazon_sql_scheduler_dag.py
[2026-01-09T16:07:44.841+0000] {processor.py:830} INFO - Processing file /opt/airflow/dags/amazon_sql_scheduler_dag.py for tasks to queue
[2026-01-09T16:07:44.842+0000] {logging_mixin.py:188} INFO - [2026-01-09T16:07:44.842+0000] {dagbag.py:540} INFO - Filling up the DagBag from /opt/airflow/dags/amazon_sql_scheduler_dag.py
[2026-01-09T16:07:44.947+0000] {processor.py:840} INFO - DAG(s) 'amazon_sql_transformation_scheduler' retrieved from /opt/airflow/dags/amazon_sql_scheduler_dag.py
[2026-01-09T16:07:44.976+0000] {logging_mixin.py:188} INFO - [2026-01-09T16:07:44.976+0000] {dag.py:3047} INFO - Sync 1 DAGs
[2026-01-09T16:07:44.989+0000] {logging_mixin.py:188} INFO - [2026-01-09T16:07:44.989+0000] {dag.py:3834} INFO - Setting next_dagrun for amazon_sql_transformation_scheduler to None, run_after=None
[2026-01-09T16:07:45.007+0000] {processor.py:183} INFO - Processing /opt/airflow/dags/amazon_sql_scheduler_dag.py took 0.171 seconds
[2026-01-09T16:08:15.679+0000] {processor.py:161} INFO - Started process (PID=437) to work on /opt/airflow/dags/amazon_sql_scheduler_dag.py
[2026-01-09T16:08:15.680+0000] {processor.py:830} INFO - Processing file /opt/airflow/dags/amazon_sql_scheduler_dag.py for tasks to queue
[2026-01-09T16:08:15.681+0000] {logging_mixin.py:188} INFO - [2026-01-09T16:08:15.681+0000] {dagbag.py:540} INFO - Filling up the DagBag from /opt/airflow/dags/amazon_sql_scheduler_dag.py
[2026-01-09T16:08:15.782+0000] {processor.py:840} INFO - DAG(s) 'amazon_sql_transformation_scheduler' retrieved from /opt/airflow/dags/amazon_sql_scheduler_dag.py
[2026-01-09T16:08:15.813+0000] {logging_mixin.py:188} INFO - [2026-01-09T16:08:15.813+0000] {dag.py:3047} INFO - Sync 1 DAGs
[2026-01-09T16:08:15.826+0000] {logging_mixin.py:188} INFO - [2026-01-09T16:08:15.826+0000] {dag.py:3834} INFO - Setting next_dagrun for amazon_sql_transformation_scheduler to None, run_after=None
[2026-01-09T16:08:15.844+0000] {processor.py:183} INFO - Processing /opt/airflow/dags/amazon_sql_scheduler_dag.py took 0.170 seconds
[2026-01-09T16:08:46.557+0000] {processor.py:161} INFO - Started process (PID=459) to work on /opt/airflow/dags/amazon_sql_scheduler_dag.py
[2026-01-09T16:08:46.558+0000] {processor.py:830} INFO - Processing file /opt/airflow/dags/amazon_sql_scheduler_dag.py for tasks to queue
[2026-01-09T16:08:46.559+0000] {logging_mixin.py:188} INFO - [2026-01-09T16:08:46.559+0000] {dagbag.py:540} INFO - Filling up the DagBag from /opt/airflow/dags/amazon_sql_scheduler_dag.py
[2026-01-09T16:08:46.677+0000] {processor.py:840} INFO - DAG(s) 'amazon_sql_transformation_scheduler' retrieved from /opt/airflow/dags/amazon_sql_scheduler_dag.py
[2026-01-09T16:08:46.708+0000] {logging_mixin.py:188} INFO - [2026-01-09T16:08:46.708+0000] {dag.py:3047} INFO - Sync 1 DAGs
[2026-01-09T16:08:46.720+0000] {logging_mixin.py:188} INFO - [2026-01-09T16:08:46.720+0000] {dag.py:3834} INFO - Setting next_dagrun for amazon_sql_transformation_scheduler to None, run_after=None
[2026-01-09T16:08:46.759+0000] {processor.py:183} INFO - Processing /opt/airflow/dags/amazon_sql_scheduler_dag.py took 0.205 seconds
[2026-01-09T16:09:17.572+0000] {processor.py:161} INFO - Started process (PID=481) to work on /opt/airflow/dags/amazon_sql_scheduler_dag.py
[2026-01-09T16:09:17.573+0000] {processor.py:830} INFO - Processing file /opt/airflow/dags/amazon_sql_scheduler_dag.py for tasks to queue
[2026-01-09T16:09:17.575+0000] {logging_mixin.py:188} INFO - [2026-01-09T16:09:17.574+0000] {dagbag.py:540} INFO - Filling up the DagBag from /opt/airflow/dags/amazon_sql_scheduler_dag.py
[2026-01-09T16:09:17.688+0000] {processor.py:840} INFO - DAG(s) 'amazon_sql_transformation_scheduler' retrieved from /opt/airflow/dags/amazon_sql_scheduler_dag.py
[2026-01-09T16:09:17.717+0000] {logging_mixin.py:188} INFO - [2026-01-09T16:09:17.717+0000] {dag.py:3047} INFO - Sync 1 DAGs
[2026-01-09T16:09:17.730+0000] {logging_mixin.py:188} INFO - [2026-01-09T16:09:17.730+0000] {dag.py:3834} INFO - Setting next_dagrun for amazon_sql_transformation_scheduler to None, run_after=None
[2026-01-09T16:09:17.750+0000] {processor.py:183} INFO - Processing /opt/airflow/dags/amazon_sql_scheduler_dag.py took 0.182 seconds
[2026-01-09T16:09:48.416+0000] {processor.py:161} INFO - Started process (PID=503) to work on /opt/airflow/dags/amazon_sql_scheduler_dag.py
[2026-01-09T16:09:48.418+0000] {processor.py:830} INFO - Processing file /opt/airflow/dags/amazon_sql_scheduler_dag.py for tasks to queue
[2026-01-09T16:09:48.419+0000] {logging_mixin.py:188} INFO - [2026-01-09T16:09:48.418+0000] {dagbag.py:540} INFO - Filling up the DagBag from /opt/airflow/dags/amazon_sql_scheduler_dag.py
[2026-01-09T16:09:48.577+0000] {processor.py:840} INFO - DAG(s) 'amazon_sql_transformation_scheduler' retrieved from /opt/airflow/dags/amazon_sql_scheduler_dag.py
[2026-01-09T16:09:48.615+0000] {logging_mixin.py:188} INFO - [2026-01-09T16:09:48.614+0000] {dag.py:3047} INFO - Sync 1 DAGs
[2026-01-09T16:09:48.630+0000] {logging_mixin.py:188} INFO - [2026-01-09T16:09:48.630+0000] {dag.py:3834} INFO - Setting next_dagrun for amazon_sql_transformation_scheduler to None, run_after=None
[2026-01-09T16:09:48.652+0000] {processor.py:183} INFO - Processing /opt/airflow/dags/amazon_sql_scheduler_dag.py took 0.240 seconds
[2026-01-09T16:10:19.365+0000] {processor.py:161} INFO - Started process (PID=525) to work on /opt/airflow/dags/amazon_sql_scheduler_dag.py
[2026-01-09T16:10:19.367+0000] {processor.py:830} INFO - Processing file /opt/airflow/dags/amazon_sql_scheduler_dag.py for tasks to queue
[2026-01-09T16:10:19.368+0000] {logging_mixin.py:188} INFO - [2026-01-09T16:10:19.367+0000] {dagbag.py:540} INFO - Filling up the DagBag from /opt/airflow/dags/amazon_sql_scheduler_dag.py
[2026-01-09T16:10:19.470+0000] {processor.py:840} INFO - DAG(s) 'amazon_sql_transformation_scheduler' retrieved from /opt/airflow/dags/amazon_sql_scheduler_dag.py
[2026-01-09T16:10:19.506+0000] {logging_mixin.py:188} INFO - [2026-01-09T16:10:19.506+0000] {dag.py:3047} INFO - Sync 1 DAGs
[2026-01-09T16:10:19.520+0000] {logging_mixin.py:188} INFO - [2026-01-09T16:10:19.519+0000] {dag.py:3834} INFO - Setting next_dagrun for amazon_sql_transformation_scheduler to None, run_after=None
[2026-01-09T16:10:19.538+0000] {processor.py:183} INFO - Processing /opt/airflow/dags/amazon_sql_scheduler_dag.py took 0.176 seconds
[2026-01-09T16:10:49.642+0000] {processor.py:161} INFO - Started process (PID=547) to work on /opt/airflow/dags/amazon_sql_scheduler_dag.py
[2026-01-09T16:10:49.644+0000] {processor.py:830} INFO - Processing file /opt/airflow/dags/amazon_sql_scheduler_dag.py for tasks to queue
[2026-01-09T16:10:49.645+0000] {logging_mixin.py:188} INFO - [2026-01-09T16:10:49.645+0000] {dagbag.py:540} INFO - Filling up the DagBag from /opt/airflow/dags/amazon_sql_scheduler_dag.py
[2026-01-09T16:10:49.763+0000] {processor.py:840} INFO - DAG(s) 'amazon_sql_transformation_scheduler' retrieved from /opt/airflow/dags/amazon_sql_scheduler_dag.py
[2026-01-09T16:10:49.799+0000] {logging_mixin.py:188} INFO - [2026-01-09T16:10:49.799+0000] {dag.py:3047} INFO - Sync 1 DAGs
[2026-01-09T16:10:49.813+0000] {logging_mixin.py:188} INFO - [2026-01-09T16:10:49.813+0000] {dag.py:3834} INFO - Setting next_dagrun for amazon_sql_transformation_scheduler to None, run_after=None
[2026-01-09T16:10:49.851+0000] {processor.py:183} INFO - Processing /opt/airflow/dags/amazon_sql_scheduler_dag.py took 0.215 seconds
[2026-01-09T16:11:20.599+0000] {processor.py:161} INFO - Started process (PID=569) to work on /opt/airflow/dags/amazon_sql_scheduler_dag.py
[2026-01-09T16:11:20.601+0000] {processor.py:830} INFO - Processing file /opt/airflow/dags/amazon_sql_scheduler_dag.py for tasks to queue
[2026-01-09T16:11:20.603+0000] {logging_mixin.py:188} INFO - [2026-01-09T16:11:20.603+0000] {dagbag.py:540} INFO - Filling up the DagBag from /opt/airflow/dags/amazon_sql_scheduler_dag.py
[2026-01-09T16:11:20.712+0000] {processor.py:840} INFO - DAG(s) 'amazon_sql_transformation_scheduler' retrieved from /opt/airflow/dags/amazon_sql_scheduler_dag.py
[2026-01-09T16:11:20.741+0000] {logging_mixin.py:188} INFO - [2026-01-09T16:11:20.741+0000] {dag.py:3047} INFO - Sync 1 DAGs
[2026-01-09T16:11:20.754+0000] {logging_mixin.py:188} INFO - [2026-01-09T16:11:20.753+0000] {dag.py:3834} INFO - Setting next_dagrun for amazon_sql_transformation_scheduler to None, run_after=None
[2026-01-09T16:11:20.778+0000] {processor.py:183} INFO - Processing /opt/airflow/dags/amazon_sql_scheduler_dag.py took 0.185 seconds
[2026-01-09T16:11:51.515+0000] {processor.py:161} INFO - Started process (PID=591) to work on /opt/airflow/dags/amazon_sql_scheduler_dag.py
[2026-01-09T16:11:51.517+0000] {processor.py:830} INFO - Processing file /opt/airflow/dags/amazon_sql_scheduler_dag.py for tasks to queue
[2026-01-09T16:11:51.518+0000] {logging_mixin.py:188} INFO - [2026-01-09T16:11:51.517+0000] {dagbag.py:540} INFO - Filling up the DagBag from /opt/airflow/dags/amazon_sql_scheduler_dag.py
[2026-01-09T16:11:51.616+0000] {processor.py:840} INFO - DAG(s) 'amazon_sql_transformation_scheduler' retrieved from /opt/airflow/dags/amazon_sql_scheduler_dag.py
[2026-01-09T16:11:51.642+0000] {logging_mixin.py:188} INFO - [2026-01-09T16:11:51.642+0000] {dag.py:3047} INFO - Sync 1 DAGs
[2026-01-09T16:11:51.652+0000] {logging_mixin.py:188} INFO - [2026-01-09T16:11:51.652+0000] {dag.py:3834} INFO - Setting next_dagrun for amazon_sql_transformation_scheduler to None, run_after=None
[2026-01-09T16:11:51.670+0000] {processor.py:183} INFO - Processing /opt/airflow/dags/amazon_sql_scheduler_dag.py took 0.158 seconds
[2026-01-09T16:12:22.499+0000] {processor.py:161} INFO - Started process (PID=613) to work on /opt/airflow/dags/amazon_sql_scheduler_dag.py
[2026-01-09T16:12:22.501+0000] {processor.py:830} INFO - Processing file /opt/airflow/dags/amazon_sql_scheduler_dag.py for tasks to queue
[2026-01-09T16:12:22.502+0000] {logging_mixin.py:188} INFO - [2026-01-09T16:12:22.502+0000] {dagbag.py:540} INFO - Filling up the DagBag from /opt/airflow/dags/amazon_sql_scheduler_dag.py
[2026-01-09T16:12:22.607+0000] {processor.py:840} INFO - DAG(s) 'amazon_sql_transformation_scheduler' retrieved from /opt/airflow/dags/amazon_sql_scheduler_dag.py
[2026-01-09T16:12:22.638+0000] {logging_mixin.py:188} INFO - [2026-01-09T16:12:22.637+0000] {dag.py:3047} INFO - Sync 1 DAGs
[2026-01-09T16:12:22.655+0000] {logging_mixin.py:188} INFO - [2026-01-09T16:12:22.655+0000] {dag.py:3834} INFO - Setting next_dagrun for amazon_sql_transformation_scheduler to None, run_after=None
[2026-01-09T16:12:22.679+0000] {processor.py:183} INFO - Processing /opt/airflow/dags/amazon_sql_scheduler_dag.py took 0.184 seconds
[2026-01-09T16:12:53.445+0000] {processor.py:161} INFO - Started process (PID=635) to work on /opt/airflow/dags/amazon_sql_scheduler_dag.py
[2026-01-09T16:12:53.447+0000] {processor.py:830} INFO - Processing file /opt/airflow/dags/amazon_sql_scheduler_dag.py for tasks to queue
[2026-01-09T16:12:53.448+0000] {logging_mixin.py:188} INFO - [2026-01-09T16:12:53.448+0000] {dagbag.py:540} INFO - Filling up the DagBag from /opt/airflow/dags/amazon_sql_scheduler_dag.py
[2026-01-09T16:12:53.541+0000] {processor.py:840} INFO - DAG(s) 'amazon_sql_transformation_scheduler' retrieved from /opt/airflow/dags/amazon_sql_scheduler_dag.py
[2026-01-09T16:12:53.568+0000] {logging_mixin.py:188} INFO - [2026-01-09T16:12:53.568+0000] {dag.py:3047} INFO - Sync 1 DAGs
[2026-01-09T16:12:53.578+0000] {logging_mixin.py:188} INFO - [2026-01-09T16:12:53.578+0000] {dag.py:3834} INFO - Setting next_dagrun for amazon_sql_transformation_scheduler to None, run_after=None
[2026-01-09T16:12:53.597+0000] {processor.py:183} INFO - Processing /opt/airflow/dags/amazon_sql_scheduler_dag.py took 0.155 seconds
[2026-01-09T16:13:24.270+0000] {processor.py:161} INFO - Started process (PID=657) to work on /opt/airflow/dags/amazon_sql_scheduler_dag.py
[2026-01-09T16:13:24.271+0000] {processor.py:830} INFO - Processing file /opt/airflow/dags/amazon_sql_scheduler_dag.py for tasks to queue
[2026-01-09T16:13:24.272+0000] {logging_mixin.py:188} INFO - [2026-01-09T16:13:24.272+0000] {dagbag.py:540} INFO - Filling up the DagBag from /opt/airflow/dags/amazon_sql_scheduler_dag.py
[2026-01-09T16:13:24.369+0000] {processor.py:840} INFO - DAG(s) 'amazon_sql_transformation_scheduler' retrieved from /opt/airflow/dags/amazon_sql_scheduler_dag.py
[2026-01-09T16:13:24.398+0000] {logging_mixin.py:188} INFO - [2026-01-09T16:13:24.397+0000] {dag.py:3047} INFO - Sync 1 DAGs
[2026-01-09T16:13:24.410+0000] {logging_mixin.py:188} INFO - [2026-01-09T16:13:24.410+0000] {dag.py:3834} INFO - Setting next_dagrun for amazon_sql_transformation_scheduler to None, run_after=None
[2026-01-09T16:13:24.429+0000] {processor.py:183} INFO - Processing /opt/airflow/dags/amazon_sql_scheduler_dag.py took 0.163 seconds
[2026-01-09T16:13:55.257+0000] {processor.py:161} INFO - Started process (PID=679) to work on /opt/airflow/dags/amazon_sql_scheduler_dag.py
[2026-01-09T16:13:55.258+0000] {processor.py:830} INFO - Processing file /opt/airflow/dags/amazon_sql_scheduler_dag.py for tasks to queue
[2026-01-09T16:13:55.259+0000] {logging_mixin.py:188} INFO - [2026-01-09T16:13:55.259+0000] {dagbag.py:540} INFO - Filling up the DagBag from /opt/airflow/dags/amazon_sql_scheduler_dag.py
[2026-01-09T16:13:55.352+0000] {processor.py:840} INFO - DAG(s) 'amazon_sql_transformation_scheduler' retrieved from /opt/airflow/dags/amazon_sql_scheduler_dag.py
[2026-01-09T16:13:55.377+0000] {logging_mixin.py:188} INFO - [2026-01-09T16:13:55.377+0000] {dag.py:3047} INFO - Sync 1 DAGs
[2026-01-09T16:13:55.390+0000] {logging_mixin.py:188} INFO - [2026-01-09T16:13:55.390+0000] {dag.py:3834} INFO - Setting next_dagrun for amazon_sql_transformation_scheduler to None, run_after=None
[2026-01-09T16:13:55.407+0000] {processor.py:183} INFO - Processing /opt/airflow/dags/amazon_sql_scheduler_dag.py took 0.153 seconds
[2026-01-09T16:14:26.128+0000] {processor.py:161} INFO - Started process (PID=701) to work on /opt/airflow/dags/amazon_sql_scheduler_dag.py
[2026-01-09T16:14:26.129+0000] {processor.py:830} INFO - Processing file /opt/airflow/dags/amazon_sql_scheduler_dag.py for tasks to queue
[2026-01-09T16:14:26.130+0000] {logging_mixin.py:188} INFO - [2026-01-09T16:14:26.130+0000] {dagbag.py:540} INFO - Filling up the DagBag from /opt/airflow/dags/amazon_sql_scheduler_dag.py
[2026-01-09T16:14:26.235+0000] {processor.py:840} INFO - DAG(s) 'amazon_sql_transformation_scheduler' retrieved from /opt/airflow/dags/amazon_sql_scheduler_dag.py
[2026-01-09T16:14:26.263+0000] {logging_mixin.py:188} INFO - [2026-01-09T16:14:26.262+0000] {dag.py:3047} INFO - Sync 1 DAGs
[2026-01-09T16:14:26.274+0000] {logging_mixin.py:188} INFO - [2026-01-09T16:14:26.274+0000] {dag.py:3834} INFO - Setting next_dagrun for amazon_sql_transformation_scheduler to None, run_after=None
[2026-01-09T16:14:26.293+0000] {processor.py:183} INFO - Processing /opt/airflow/dags/amazon_sql_scheduler_dag.py took 0.170 seconds
[2026-01-09T16:14:57.163+0000] {processor.py:161} INFO - Started process (PID=723) to work on /opt/airflow/dags/amazon_sql_scheduler_dag.py
[2026-01-09T16:14:57.164+0000] {processor.py:830} INFO - Processing file /opt/airflow/dags/amazon_sql_scheduler_dag.py for tasks to queue
[2026-01-09T16:14:57.165+0000] {logging_mixin.py:188} INFO - [2026-01-09T16:14:57.165+0000] {dagbag.py:540} INFO - Filling up the DagBag from /opt/airflow/dags/amazon_sql_scheduler_dag.py
[2026-01-09T16:14:57.275+0000] {processor.py:840} INFO - DAG(s) 'amazon_sql_transformation_scheduler' retrieved from /opt/airflow/dags/amazon_sql_scheduler_dag.py
[2026-01-09T16:14:57.307+0000] {logging_mixin.py:188} INFO - [2026-01-09T16:14:57.306+0000] {dag.py:3047} INFO - Sync 1 DAGs
[2026-01-09T16:14:57.320+0000] {logging_mixin.py:188} INFO - [2026-01-09T16:14:57.320+0000] {dag.py:3834} INFO - Setting next_dagrun for amazon_sql_transformation_scheduler to None, run_after=None
[2026-01-09T16:14:57.337+0000] {processor.py:183} INFO - Processing /opt/airflow/dags/amazon_sql_scheduler_dag.py took 0.177 seconds
[2026-01-09T16:15:28.114+0000] {processor.py:161} INFO - Started process (PID=745) to work on /opt/airflow/dags/amazon_sql_scheduler_dag.py
[2026-01-09T16:15:28.115+0000] {processor.py:830} INFO - Processing file /opt/airflow/dags/amazon_sql_scheduler_dag.py for tasks to queue
[2026-01-09T16:15:28.117+0000] {logging_mixin.py:188} INFO - [2026-01-09T16:15:28.116+0000] {dagbag.py:540} INFO - Filling up the DagBag from /opt/airflow/dags/amazon_sql_scheduler_dag.py
[2026-01-09T16:15:28.234+0000] {processor.py:840} INFO - DAG(s) 'amazon_sql_transformation_scheduler' retrieved from /opt/airflow/dags/amazon_sql_scheduler_dag.py
[2026-01-09T16:15:28.265+0000] {logging_mixin.py:188} INFO - [2026-01-09T16:15:28.264+0000] {dag.py:3047} INFO - Sync 1 DAGs
[2026-01-09T16:15:28.278+0000] {logging_mixin.py:188} INFO - [2026-01-09T16:15:28.278+0000] {dag.py:3834} INFO - Setting next_dagrun for amazon_sql_transformation_scheduler to None, run_after=None
[2026-01-09T16:15:28.300+0000] {processor.py:183} INFO - Processing /opt/airflow/dags/amazon_sql_scheduler_dag.py took 0.192 seconds
[2026-01-09T16:15:58.996+0000] {processor.py:161} INFO - Started process (PID=767) to work on /opt/airflow/dags/amazon_sql_scheduler_dag.py
[2026-01-09T16:15:58.998+0000] {processor.py:830} INFO - Processing file /opt/airflow/dags/amazon_sql_scheduler_dag.py for tasks to queue
[2026-01-09T16:15:58.999+0000] {logging_mixin.py:188} INFO - [2026-01-09T16:15:58.998+0000] {dagbag.py:540} INFO - Filling up the DagBag from /opt/airflow/dags/amazon_sql_scheduler_dag.py
[2026-01-09T16:15:59.104+0000] {processor.py:840} INFO - DAG(s) 'amazon_sql_transformation_scheduler' retrieved from /opt/airflow/dags/amazon_sql_scheduler_dag.py
[2026-01-09T16:15:59.134+0000] {logging_mixin.py:188} INFO - [2026-01-09T16:15:59.134+0000] {dag.py:3047} INFO - Sync 1 DAGs
[2026-01-09T16:15:59.149+0000] {logging_mixin.py:188} INFO - [2026-01-09T16:15:59.149+0000] {dag.py:3834} INFO - Setting next_dagrun for amazon_sql_transformation_scheduler to None, run_after=None
[2026-01-09T16:15:59.171+0000] {processor.py:183} INFO - Processing /opt/airflow/dags/amazon_sql_scheduler_dag.py took 0.178 seconds
[2026-01-09T16:16:29.914+0000] {processor.py:161} INFO - Started process (PID=789) to work on /opt/airflow/dags/amazon_sql_scheduler_dag.py
[2026-01-09T16:16:29.915+0000] {processor.py:830} INFO - Processing file /opt/airflow/dags/amazon_sql_scheduler_dag.py for tasks to queue
[2026-01-09T16:16:29.916+0000] {logging_mixin.py:188} INFO - [2026-01-09T16:16:29.915+0000] {dagbag.py:540} INFO - Filling up the DagBag from /opt/airflow/dags/amazon_sql_scheduler_dag.py
[2026-01-09T16:16:30.024+0000] {processor.py:840} INFO - DAG(s) 'amazon_sql_transformation_scheduler' retrieved from /opt/airflow/dags/amazon_sql_scheduler_dag.py
[2026-01-09T16:16:30.054+0000] {logging_mixin.py:188} INFO - [2026-01-09T16:16:30.054+0000] {dag.py:3047} INFO - Sync 1 DAGs
[2026-01-09T16:16:30.067+0000] {logging_mixin.py:188} INFO - [2026-01-09T16:16:30.067+0000] {dag.py:3834} INFO - Setting next_dagrun for amazon_sql_transformation_scheduler to None, run_after=None
[2026-01-09T16:16:30.106+0000] {processor.py:183} INFO - Processing /opt/airflow/dags/amazon_sql_scheduler_dag.py took 0.195 seconds
[2026-01-09T16:17:00.836+0000] {processor.py:161} INFO - Started process (PID=811) to work on /opt/airflow/dags/amazon_sql_scheduler_dag.py
[2026-01-09T16:17:00.837+0000] {processor.py:830} INFO - Processing file /opt/airflow/dags/amazon_sql_scheduler_dag.py for tasks to queue
[2026-01-09T16:17:00.838+0000] {logging_mixin.py:188} INFO - [2026-01-09T16:17:00.838+0000] {dagbag.py:540} INFO - Filling up the DagBag from /opt/airflow/dags/amazon_sql_scheduler_dag.py
[2026-01-09T16:17:00.963+0000] {processor.py:840} INFO - DAG(s) 'amazon_sql_transformation_scheduler' retrieved from /opt/airflow/dags/amazon_sql_scheduler_dag.py
[2026-01-09T16:17:01.004+0000] {logging_mixin.py:188} INFO - [2026-01-09T16:17:01.003+0000] {dag.py:3047} INFO - Sync 1 DAGs
[2026-01-09T16:17:01.017+0000] {logging_mixin.py:188} INFO - [2026-01-09T16:17:01.017+0000] {dag.py:3834} INFO - Setting next_dagrun for amazon_sql_transformation_scheduler to None, run_after=None
[2026-01-09T16:17:01.044+0000] {processor.py:183} INFO - Processing /opt/airflow/dags/amazon_sql_scheduler_dag.py took 0.212 seconds
[2026-01-09T16:17:31.705+0000] {processor.py:161} INFO - Started process (PID=833) to work on /opt/airflow/dags/amazon_sql_scheduler_dag.py
[2026-01-09T16:17:31.706+0000] {processor.py:830} INFO - Processing file /opt/airflow/dags/amazon_sql_scheduler_dag.py for tasks to queue
[2026-01-09T16:17:31.707+0000] {logging_mixin.py:188} INFO - [2026-01-09T16:17:31.707+0000] {dagbag.py:540} INFO - Filling up the DagBag from /opt/airflow/dags/amazon_sql_scheduler_dag.py
[2026-01-09T16:17:31.808+0000] {processor.py:840} INFO - DAG(s) 'amazon_sql_transformation_scheduler' retrieved from /opt/airflow/dags/amazon_sql_scheduler_dag.py
[2026-01-09T16:17:31.845+0000] {logging_mixin.py:188} INFO - [2026-01-09T16:17:31.845+0000] {dag.py:3047} INFO - Sync 1 DAGs
[2026-01-09T16:17:31.858+0000] {logging_mixin.py:188} INFO - [2026-01-09T16:17:31.857+0000] {dag.py:3834} INFO - Setting next_dagrun for amazon_sql_transformation_scheduler to None, run_after=None
[2026-01-09T16:17:31.875+0000] {processor.py:183} INFO - Processing /opt/airflow/dags/amazon_sql_scheduler_dag.py took 0.174 seconds
[2026-01-09T16:18:02.794+0000] {processor.py:161} INFO - Started process (PID=855) to work on /opt/airflow/dags/amazon_sql_scheduler_dag.py
[2026-01-09T16:18:02.795+0000] {processor.py:830} INFO - Processing file /opt/airflow/dags/amazon_sql_scheduler_dag.py for tasks to queue
[2026-01-09T16:18:02.796+0000] {logging_mixin.py:188} INFO - [2026-01-09T16:18:02.796+0000] {dagbag.py:540} INFO - Filling up the DagBag from /opt/airflow/dags/amazon_sql_scheduler_dag.py
[2026-01-09T16:18:02.909+0000] {processor.py:840} INFO - DAG(s) 'amazon_sql_transformation_scheduler' retrieved from /opt/airflow/dags/amazon_sql_scheduler_dag.py
[2026-01-09T16:18:02.951+0000] {logging_mixin.py:188} INFO - [2026-01-09T16:18:02.951+0000] {dag.py:3047} INFO - Sync 1 DAGs
[2026-01-09T16:18:02.964+0000] {logging_mixin.py:188} INFO - [2026-01-09T16:18:02.964+0000] {dag.py:3834} INFO - Setting next_dagrun for amazon_sql_transformation_scheduler to None, run_after=None
[2026-01-09T16:18:02.981+0000] {processor.py:183} INFO - Processing /opt/airflow/dags/amazon_sql_scheduler_dag.py took 0.190 seconds
[2026-01-09T16:18:33.729+0000] {processor.py:161} INFO - Started process (PID=877) to work on /opt/airflow/dags/amazon_sql_scheduler_dag.py
[2026-01-09T16:18:33.730+0000] {processor.py:830} INFO - Processing file /opt/airflow/dags/amazon_sql_scheduler_dag.py for tasks to queue
[2026-01-09T16:18:33.731+0000] {logging_mixin.py:188} INFO - [2026-01-09T16:18:33.731+0000] {dagbag.py:540} INFO - Filling up the DagBag from /opt/airflow/dags/amazon_sql_scheduler_dag.py
[2026-01-09T16:18:33.860+0000] {processor.py:840} INFO - DAG(s) 'amazon_sql_transformation_scheduler' retrieved from /opt/airflow/dags/amazon_sql_scheduler_dag.py
[2026-01-09T16:18:33.895+0000] {logging_mixin.py:188} INFO - [2026-01-09T16:18:33.894+0000] {dag.py:3047} INFO - Sync 1 DAGs
[2026-01-09T16:18:33.910+0000] {logging_mixin.py:188} INFO - [2026-01-09T16:18:33.910+0000] {dag.py:3834} INFO - Setting next_dagrun for amazon_sql_transformation_scheduler to None, run_after=None
[2026-01-09T16:18:33.931+0000] {processor.py:183} INFO - Processing /opt/airflow/dags/amazon_sql_scheduler_dag.py took 0.206 seconds
[2026-01-09T16:19:04.046+0000] {processor.py:161} INFO - Started process (PID=899) to work on /opt/airflow/dags/amazon_sql_scheduler_dag.py
[2026-01-09T16:19:04.047+0000] {processor.py:830} INFO - Processing file /opt/airflow/dags/amazon_sql_scheduler_dag.py for tasks to queue
[2026-01-09T16:19:04.048+0000] {logging_mixin.py:188} INFO - [2026-01-09T16:19:04.047+0000] {dagbag.py:540} INFO - Filling up the DagBag from /opt/airflow/dags/amazon_sql_scheduler_dag.py
[2026-01-09T16:19:04.155+0000] {processor.py:840} INFO - DAG(s) 'amazon_sql_transformation_scheduler' retrieved from /opt/airflow/dags/amazon_sql_scheduler_dag.py
[2026-01-09T16:19:04.188+0000] {logging_mixin.py:188} INFO - [2026-01-09T16:19:04.187+0000] {dag.py:3047} INFO - Sync 1 DAGs
[2026-01-09T16:19:04.203+0000] {logging_mixin.py:188} INFO - [2026-01-09T16:19:04.202+0000] {dag.py:3834} INFO - Setting next_dagrun for amazon_sql_transformation_scheduler to None, run_after=None
[2026-01-09T16:19:04.222+0000] {processor.py:183} INFO - Processing /opt/airflow/dags/amazon_sql_scheduler_dag.py took 0.180 seconds
[2026-01-09T16:19:34.839+0000] {processor.py:161} INFO - Started process (PID=921) to work on /opt/airflow/dags/amazon_sql_scheduler_dag.py
[2026-01-09T16:19:34.840+0000] {processor.py:830} INFO - Processing file /opt/airflow/dags/amazon_sql_scheduler_dag.py for tasks to queue
[2026-01-09T16:19:34.841+0000] {logging_mixin.py:188} INFO - [2026-01-09T16:19:34.841+0000] {dagbag.py:540} INFO - Filling up the DagBag from /opt/airflow/dags/amazon_sql_scheduler_dag.py
[2026-01-09T16:19:34.945+0000] {processor.py:840} INFO - DAG(s) 'amazon_sql_transformation_scheduler' retrieved from /opt/airflow/dags/amazon_sql_scheduler_dag.py
[2026-01-09T16:19:34.976+0000] {logging_mixin.py:188} INFO - [2026-01-09T16:19:34.976+0000] {dag.py:3047} INFO - Sync 1 DAGs
[2026-01-09T16:19:34.989+0000] {logging_mixin.py:188} INFO - [2026-01-09T16:19:34.989+0000] {dag.py:3834} INFO - Setting next_dagrun for amazon_sql_transformation_scheduler to None, run_after=None
[2026-01-09T16:19:35.011+0000] {processor.py:183} INFO - Processing /opt/airflow/dags/amazon_sql_scheduler_dag.py took 0.175 seconds
[2026-01-09T16:20:05.727+0000] {processor.py:161} INFO - Started process (PID=943) to work on /opt/airflow/dags/amazon_sql_scheduler_dag.py
[2026-01-09T16:20:05.728+0000] {processor.py:830} INFO - Processing file /opt/airflow/dags/amazon_sql_scheduler_dag.py for tasks to queue
[2026-01-09T16:20:05.729+0000] {logging_mixin.py:188} INFO - [2026-01-09T16:20:05.728+0000] {dagbag.py:540} INFO - Filling up the DagBag from /opt/airflow/dags/amazon_sql_scheduler_dag.py
[2026-01-09T16:20:05.840+0000] {processor.py:840} INFO - DAG(s) 'amazon_sql_transformation_scheduler' retrieved from /opt/airflow/dags/amazon_sql_scheduler_dag.py
[2026-01-09T16:20:05.870+0000] {logging_mixin.py:188} INFO - [2026-01-09T16:20:05.870+0000] {dag.py:3047} INFO - Sync 1 DAGs
[2026-01-09T16:20:05.882+0000] {logging_mixin.py:188} INFO - [2026-01-09T16:20:05.881+0000] {dag.py:3834} INFO - Setting next_dagrun for amazon_sql_transformation_scheduler to None, run_after=None
[2026-01-09T16:20:05.902+0000] {processor.py:183} INFO - Processing /opt/airflow/dags/amazon_sql_scheduler_dag.py took 0.178 seconds
[2026-01-09T16:20:36.693+0000] {processor.py:161} INFO - Started process (PID=965) to work on /opt/airflow/dags/amazon_sql_scheduler_dag.py
[2026-01-09T16:20:36.694+0000] {processor.py:830} INFO - Processing file /opt/airflow/dags/amazon_sql_scheduler_dag.py for tasks to queue
[2026-01-09T16:20:36.695+0000] {logging_mixin.py:188} INFO - [2026-01-09T16:20:36.695+0000] {dagbag.py:540} INFO - Filling up the DagBag from /opt/airflow/dags/amazon_sql_scheduler_dag.py
[2026-01-09T16:20:36.792+0000] {processor.py:840} INFO - DAG(s) 'amazon_sql_transformation_scheduler' retrieved from /opt/airflow/dags/amazon_sql_scheduler_dag.py
[2026-01-09T16:20:36.820+0000] {logging_mixin.py:188} INFO - [2026-01-09T16:20:36.820+0000] {dag.py:3047} INFO - Sync 1 DAGs
[2026-01-09T16:20:36.833+0000] {logging_mixin.py:188} INFO - [2026-01-09T16:20:36.833+0000] {dag.py:3834} INFO - Setting next_dagrun for amazon_sql_transformation_scheduler to None, run_after=None
[2026-01-09T16:20:36.852+0000] {processor.py:183} INFO - Processing /opt/airflow/dags/amazon_sql_scheduler_dag.py took 0.162 seconds
[2026-01-09T16:21:07.628+0000] {processor.py:161} INFO - Started process (PID=987) to work on /opt/airflow/dags/amazon_sql_scheduler_dag.py
[2026-01-09T16:21:07.630+0000] {processor.py:830} INFO - Processing file /opt/airflow/dags/amazon_sql_scheduler_dag.py for tasks to queue
[2026-01-09T16:21:07.630+0000] {logging_mixin.py:188} INFO - [2026-01-09T16:21:07.630+0000] {dagbag.py:540} INFO - Filling up the DagBag from /opt/airflow/dags/amazon_sql_scheduler_dag.py
[2026-01-09T16:21:07.739+0000] {processor.py:840} INFO - DAG(s) 'amazon_sql_transformation_scheduler' retrieved from /opt/airflow/dags/amazon_sql_scheduler_dag.py
[2026-01-09T16:21:07.768+0000] {logging_mixin.py:188} INFO - [2026-01-09T16:21:07.768+0000] {dag.py:3047} INFO - Sync 1 DAGs
[2026-01-09T16:21:07.782+0000] {logging_mixin.py:188} INFO - [2026-01-09T16:21:07.781+0000] {dag.py:3834} INFO - Setting next_dagrun for amazon_sql_transformation_scheduler to None, run_after=None
[2026-01-09T16:21:07.802+0000] {processor.py:183} INFO - Processing /opt/airflow/dags/amazon_sql_scheduler_dag.py took 0.177 seconds
[2026-01-09T16:21:38.569+0000] {processor.py:161} INFO - Started process (PID=1009) to work on /opt/airflow/dags/amazon_sql_scheduler_dag.py
[2026-01-09T16:21:38.570+0000] {processor.py:830} INFO - Processing file /opt/airflow/dags/amazon_sql_scheduler_dag.py for tasks to queue
[2026-01-09T16:21:38.571+0000] {logging_mixin.py:188} INFO - [2026-01-09T16:21:38.571+0000] {dagbag.py:540} INFO - Filling up the DagBag from /opt/airflow/dags/amazon_sql_scheduler_dag.py
[2026-01-09T16:21:38.673+0000] {processor.py:840} INFO - DAG(s) 'amazon_sql_transformation_scheduler' retrieved from /opt/airflow/dags/amazon_sql_scheduler_dag.py
[2026-01-09T16:21:38.703+0000] {logging_mixin.py:188} INFO - [2026-01-09T16:21:38.703+0000] {dag.py:3047} INFO - Sync 1 DAGs
[2026-01-09T16:21:38.717+0000] {logging_mixin.py:188} INFO - [2026-01-09T16:21:38.716+0000] {dag.py:3834} INFO - Setting next_dagrun for amazon_sql_transformation_scheduler to None, run_after=None
[2026-01-09T16:21:38.740+0000] {processor.py:183} INFO - Processing /opt/airflow/dags/amazon_sql_scheduler_dag.py took 0.174 seconds
[2026-01-09T16:22:09.510+0000] {processor.py:161} INFO - Started process (PID=1031) to work on /opt/airflow/dags/amazon_sql_scheduler_dag.py
[2026-01-09T16:22:09.511+0000] {processor.py:830} INFO - Processing file /opt/airflow/dags/amazon_sql_scheduler_dag.py for tasks to queue
[2026-01-09T16:22:09.512+0000] {logging_mixin.py:188} INFO - [2026-01-09T16:22:09.512+0000] {dagbag.py:540} INFO - Filling up the DagBag from /opt/airflow/dags/amazon_sql_scheduler_dag.py
[2026-01-09T16:22:09.623+0000] {processor.py:840} INFO - DAG(s) 'amazon_sql_transformation_scheduler' retrieved from /opt/airflow/dags/amazon_sql_scheduler_dag.py
[2026-01-09T16:22:09.652+0000] {logging_mixin.py:188} INFO - [2026-01-09T16:22:09.652+0000] {dag.py:3047} INFO - Sync 1 DAGs
[2026-01-09T16:22:09.665+0000] {logging_mixin.py:188} INFO - [2026-01-09T16:22:09.665+0000] {dag.py:3834} INFO - Setting next_dagrun for amazon_sql_transformation_scheduler to None, run_after=None
[2026-01-09T16:22:09.683+0000] {processor.py:183} INFO - Processing /opt/airflow/dags/amazon_sql_scheduler_dag.py took 0.177 seconds
[2026-01-09T16:22:40.412+0000] {processor.py:161} INFO - Started process (PID=1053) to work on /opt/airflow/dags/amazon_sql_scheduler_dag.py
[2026-01-09T16:22:40.413+0000] {processor.py:830} INFO - Processing file /opt/airflow/dags/amazon_sql_scheduler_dag.py for tasks to queue
[2026-01-09T16:22:40.414+0000] {logging_mixin.py:188} INFO - [2026-01-09T16:22:40.414+0000] {dagbag.py:540} INFO - Filling up the DagBag from /opt/airflow/dags/amazon_sql_scheduler_dag.py
[2026-01-09T16:22:40.537+0000] {processor.py:840} INFO - DAG(s) 'amazon_sql_transformation_scheduler' retrieved from /opt/airflow/dags/amazon_sql_scheduler_dag.py
[2026-01-09T16:22:40.569+0000] {logging_mixin.py:188} INFO - [2026-01-09T16:22:40.568+0000] {dag.py:3047} INFO - Sync 1 DAGs
[2026-01-09T16:22:40.582+0000] {logging_mixin.py:188} INFO - [2026-01-09T16:22:40.582+0000] {dag.py:3834} INFO - Setting next_dagrun for amazon_sql_transformation_scheduler to None, run_after=None
[2026-01-09T16:22:40.605+0000] {processor.py:183} INFO - Processing /opt/airflow/dags/amazon_sql_scheduler_dag.py took 0.196 seconds
[2026-01-09T16:23:11.250+0000] {processor.py:161} INFO - Started process (PID=1075) to work on /opt/airflow/dags/amazon_sql_scheduler_dag.py
[2026-01-09T16:23:11.251+0000] {processor.py:830} INFO - Processing file /opt/airflow/dags/amazon_sql_scheduler_dag.py for tasks to queue
[2026-01-09T16:23:11.253+0000] {logging_mixin.py:188} INFO - [2026-01-09T16:23:11.252+0000] {dagbag.py:540} INFO - Filling up the DagBag from /opt/airflow/dags/amazon_sql_scheduler_dag.py
[2026-01-09T16:23:11.383+0000] {processor.py:840} INFO - DAG(s) 'amazon_sql_transformation_scheduler' retrieved from /opt/airflow/dags/amazon_sql_scheduler_dag.py
[2026-01-09T16:23:11.428+0000] {logging_mixin.py:188} INFO - [2026-01-09T16:23:11.427+0000] {dag.py:3047} INFO - Sync 1 DAGs
[2026-01-09T16:23:11.450+0000] {logging_mixin.py:188} INFO - [2026-01-09T16:23:11.449+0000] {dag.py:3834} INFO - Setting next_dagrun for amazon_sql_transformation_scheduler to None, run_after=None
[2026-01-09T16:23:11.477+0000] {processor.py:183} INFO - Processing /opt/airflow/dags/amazon_sql_scheduler_dag.py took 0.232 seconds
[2026-01-09T16:23:42.213+0000] {processor.py:161} INFO - Started process (PID=1097) to work on /opt/airflow/dags/amazon_sql_scheduler_dag.py
[2026-01-09T16:23:42.214+0000] {processor.py:830} INFO - Processing file /opt/airflow/dags/amazon_sql_scheduler_dag.py for tasks to queue
[2026-01-09T16:23:42.215+0000] {logging_mixin.py:188} INFO - [2026-01-09T16:23:42.215+0000] {dagbag.py:540} INFO - Filling up the DagBag from /opt/airflow/dags/amazon_sql_scheduler_dag.py
[2026-01-09T16:23:42.341+0000] {processor.py:840} INFO - DAG(s) 'amazon_sql_transformation_scheduler' retrieved from /opt/airflow/dags/amazon_sql_scheduler_dag.py
[2026-01-09T16:23:42.377+0000] {logging_mixin.py:188} INFO - [2026-01-09T16:23:42.376+0000] {dag.py:3047} INFO - Sync 1 DAGs
[2026-01-09T16:23:42.393+0000] {logging_mixin.py:188} INFO - [2026-01-09T16:23:42.392+0000] {dag.py:3834} INFO - Setting next_dagrun for amazon_sql_transformation_scheduler to None, run_after=None
[2026-01-09T16:23:42.416+0000] {processor.py:183} INFO - Processing /opt/airflow/dags/amazon_sql_scheduler_dag.py took 0.207 seconds
[2026-01-09T16:24:13.250+0000] {processor.py:161} INFO - Started process (PID=1119) to work on /opt/airflow/dags/amazon_sql_scheduler_dag.py
[2026-01-09T16:24:13.252+0000] {processor.py:830} INFO - Processing file /opt/airflow/dags/amazon_sql_scheduler_dag.py for tasks to queue
[2026-01-09T16:24:13.253+0000] {logging_mixin.py:188} INFO - [2026-01-09T16:24:13.253+0000] {dagbag.py:540} INFO - Filling up the DagBag from /opt/airflow/dags/amazon_sql_scheduler_dag.py
[2026-01-09T16:24:13.384+0000] {processor.py:840} INFO - DAG(s) 'amazon_sql_transformation_scheduler' retrieved from /opt/airflow/dags/amazon_sql_scheduler_dag.py
[2026-01-09T16:24:13.414+0000] {logging_mixin.py:188} INFO - [2026-01-09T16:24:13.413+0000] {dag.py:3047} INFO - Sync 1 DAGs
[2026-01-09T16:24:13.427+0000] {logging_mixin.py:188} INFO - [2026-01-09T16:24:13.426+0000] {dag.py:3834} INFO - Setting next_dagrun for amazon_sql_transformation_scheduler to None, run_after=None
[2026-01-09T16:24:13.445+0000] {processor.py:183} INFO - Processing /opt/airflow/dags/amazon_sql_scheduler_dag.py took 0.202 seconds
[2026-01-09T16:24:44.039+0000] {processor.py:161} INFO - Started process (PID=1141) to work on /opt/airflow/dags/amazon_sql_scheduler_dag.py
[2026-01-09T16:24:44.040+0000] {processor.py:830} INFO - Processing file /opt/airflow/dags/amazon_sql_scheduler_dag.py for tasks to queue
[2026-01-09T16:24:44.041+0000] {logging_mixin.py:188} INFO - [2026-01-09T16:24:44.040+0000] {dagbag.py:540} INFO - Filling up the DagBag from /opt/airflow/dags/amazon_sql_scheduler_dag.py
[2026-01-09T16:24:44.160+0000] {processor.py:840} INFO - DAG(s) 'amazon_sql_transformation_scheduler' retrieved from /opt/airflow/dags/amazon_sql_scheduler_dag.py
[2026-01-09T16:24:44.191+0000] {logging_mixin.py:188} INFO - [2026-01-09T16:24:44.190+0000] {dag.py:3047} INFO - Sync 1 DAGs
[2026-01-09T16:24:44.204+0000] {logging_mixin.py:188} INFO - [2026-01-09T16:24:44.204+0000] {dag.py:3834} INFO - Setting next_dagrun for amazon_sql_transformation_scheduler to None, run_after=None
[2026-01-09T16:24:44.223+0000] {processor.py:183} INFO - Processing /opt/airflow/dags/amazon_sql_scheduler_dag.py took 0.189 seconds
[2026-01-09T16:25:14.905+0000] {processor.py:161} INFO - Started process (PID=1163) to work on /opt/airflow/dags/amazon_sql_scheduler_dag.py
[2026-01-09T16:25:14.907+0000] {processor.py:830} INFO - Processing file /opt/airflow/dags/amazon_sql_scheduler_dag.py for tasks to queue
[2026-01-09T16:25:14.908+0000] {logging_mixin.py:188} INFO - [2026-01-09T16:25:14.908+0000] {dagbag.py:540} INFO - Filling up the DagBag from /opt/airflow/dags/amazon_sql_scheduler_dag.py
[2026-01-09T16:25:15.024+0000] {processor.py:840} INFO - DAG(s) 'amazon_sql_transformation_scheduler' retrieved from /opt/airflow/dags/amazon_sql_scheduler_dag.py
[2026-01-09T16:25:15.054+0000] {logging_mixin.py:188} INFO - [2026-01-09T16:25:15.054+0000] {dag.py:3047} INFO - Sync 1 DAGs
[2026-01-09T16:25:15.067+0000] {logging_mixin.py:188} INFO - [2026-01-09T16:25:15.066+0000] {dag.py:3834} INFO - Setting next_dagrun for amazon_sql_transformation_scheduler to None, run_after=None
[2026-01-09T16:25:15.086+0000] {processor.py:183} INFO - Processing /opt/airflow/dags/amazon_sql_scheduler_dag.py took 0.184 seconds
[2026-01-09T16:25:45.782+0000] {processor.py:161} INFO - Started process (PID=1185) to work on /opt/airflow/dags/amazon_sql_scheduler_dag.py
[2026-01-09T16:25:45.783+0000] {processor.py:830} INFO - Processing file /opt/airflow/dags/amazon_sql_scheduler_dag.py for tasks to queue
[2026-01-09T16:25:45.784+0000] {logging_mixin.py:188} INFO - [2026-01-09T16:25:45.784+0000] {dagbag.py:540} INFO - Filling up the DagBag from /opt/airflow/dags/amazon_sql_scheduler_dag.py
[2026-01-09T16:25:45.891+0000] {processor.py:840} INFO - DAG(s) 'amazon_sql_transformation_scheduler' retrieved from /opt/airflow/dags/amazon_sql_scheduler_dag.py
[2026-01-09T16:25:45.919+0000] {logging_mixin.py:188} INFO - [2026-01-09T16:25:45.918+0000] {dag.py:3047} INFO - Sync 1 DAGs
[2026-01-09T16:25:45.932+0000] {logging_mixin.py:188} INFO - [2026-01-09T16:25:45.931+0000] {dag.py:3834} INFO - Setting next_dagrun for amazon_sql_transformation_scheduler to None, run_after=None
[2026-01-09T16:25:45.952+0000] {processor.py:183} INFO - Processing /opt/airflow/dags/amazon_sql_scheduler_dag.py took 0.174 seconds
[2026-01-09T16:26:16.829+0000] {processor.py:161} INFO - Started process (PID=1207) to work on /opt/airflow/dags/amazon_sql_scheduler_dag.py
[2026-01-09T16:26:16.830+0000] {processor.py:830} INFO - Processing file /opt/airflow/dags/amazon_sql_scheduler_dag.py for tasks to queue
[2026-01-09T16:26:16.831+0000] {logging_mixin.py:188} INFO - [2026-01-09T16:26:16.830+0000] {dagbag.py:540} INFO - Filling up the DagBag from /opt/airflow/dags/amazon_sql_scheduler_dag.py
[2026-01-09T16:26:16.937+0000] {processor.py:840} INFO - DAG(s) 'amazon_sql_transformation_scheduler' retrieved from /opt/airflow/dags/amazon_sql_scheduler_dag.py
[2026-01-09T16:26:16.966+0000] {logging_mixin.py:188} INFO - [2026-01-09T16:26:16.966+0000] {dag.py:3047} INFO - Sync 1 DAGs
[2026-01-09T16:26:16.979+0000] {logging_mixin.py:188} INFO - [2026-01-09T16:26:16.979+0000] {dag.py:3834} INFO - Setting next_dagrun for amazon_sql_transformation_scheduler to None, run_after=None
[2026-01-09T16:26:16.999+0000] {processor.py:183} INFO - Processing /opt/airflow/dags/amazon_sql_scheduler_dag.py took 0.173 seconds
[2026-01-09T16:26:47.827+0000] {processor.py:161} INFO - Started process (PID=1229) to work on /opt/airflow/dags/amazon_sql_scheduler_dag.py
[2026-01-09T16:26:47.829+0000] {processor.py:830} INFO - Processing file /opt/airflow/dags/amazon_sql_scheduler_dag.py for tasks to queue
[2026-01-09T16:26:47.829+0000] {logging_mixin.py:188} INFO - [2026-01-09T16:26:47.829+0000] {dagbag.py:540} INFO - Filling up the DagBag from /opt/airflow/dags/amazon_sql_scheduler_dag.py
[2026-01-09T16:26:47.953+0000] {processor.py:840} INFO - DAG(s) 'amazon_sql_transformation_scheduler' retrieved from /opt/airflow/dags/amazon_sql_scheduler_dag.py
[2026-01-09T16:26:47.985+0000] {logging_mixin.py:188} INFO - [2026-01-09T16:26:47.984+0000] {dag.py:3047} INFO - Sync 1 DAGs
[2026-01-09T16:26:48.000+0000] {logging_mixin.py:188} INFO - [2026-01-09T16:26:48.000+0000] {dag.py:3834} INFO - Setting next_dagrun for amazon_sql_transformation_scheduler to None, run_after=None
[2026-01-09T16:26:48.020+0000] {processor.py:183} INFO - Processing /opt/airflow/dags/amazon_sql_scheduler_dag.py took 0.197 seconds
[2026-01-09T16:27:18.916+0000] {processor.py:161} INFO - Started process (PID=1251) to work on /opt/airflow/dags/amazon_sql_scheduler_dag.py
[2026-01-09T16:27:18.917+0000] {processor.py:830} INFO - Processing file /opt/airflow/dags/amazon_sql_scheduler_dag.py for tasks to queue
[2026-01-09T16:27:18.918+0000] {logging_mixin.py:188} INFO - [2026-01-09T16:27:18.918+0000] {dagbag.py:540} INFO - Filling up the DagBag from /opt/airflow/dags/amazon_sql_scheduler_dag.py
[2026-01-09T16:27:19.023+0000] {processor.py:840} INFO - DAG(s) 'amazon_sql_transformation_scheduler' retrieved from /opt/airflow/dags/amazon_sql_scheduler_dag.py
[2026-01-09T16:27:19.052+0000] {logging_mixin.py:188} INFO - [2026-01-09T16:27:19.051+0000] {dag.py:3047} INFO - Sync 1 DAGs
[2026-01-09T16:27:19.067+0000] {logging_mixin.py:188} INFO - [2026-01-09T16:27:19.066+0000] {dag.py:3834} INFO - Setting next_dagrun for amazon_sql_transformation_scheduler to None, run_after=None
[2026-01-09T16:27:19.085+0000] {processor.py:183} INFO - Processing /opt/airflow/dags/amazon_sql_scheduler_dag.py took 0.172 seconds
[2026-01-09T16:27:50.073+0000] {processor.py:161} INFO - Started process (PID=1273) to work on /opt/airflow/dags/amazon_sql_scheduler_dag.py
[2026-01-09T16:27:50.074+0000] {processor.py:830} INFO - Processing file /opt/airflow/dags/amazon_sql_scheduler_dag.py for tasks to queue
[2026-01-09T16:27:50.075+0000] {logging_mixin.py:188} INFO - [2026-01-09T16:27:50.075+0000] {dagbag.py:540} INFO - Filling up the DagBag from /opt/airflow/dags/amazon_sql_scheduler_dag.py
[2026-01-09T16:27:50.184+0000] {processor.py:840} INFO - DAG(s) 'amazon_sql_transformation_scheduler' retrieved from /opt/airflow/dags/amazon_sql_scheduler_dag.py
[2026-01-09T16:27:50.214+0000] {logging_mixin.py:188} INFO - [2026-01-09T16:27:50.214+0000] {dag.py:3047} INFO - Sync 1 DAGs
[2026-01-09T16:27:50.226+0000] {logging_mixin.py:188} INFO - [2026-01-09T16:27:50.226+0000] {dag.py:3834} INFO - Setting next_dagrun for amazon_sql_transformation_scheduler to None, run_after=None
[2026-01-09T16:27:50.245+0000] {processor.py:183} INFO - Processing /opt/airflow/dags/amazon_sql_scheduler_dag.py took 0.176 seconds
[2026-01-09T16:28:20.922+0000] {processor.py:161} INFO - Started process (PID=1295) to work on /opt/airflow/dags/amazon_sql_scheduler_dag.py
[2026-01-09T16:28:20.923+0000] {processor.py:830} INFO - Processing file /opt/airflow/dags/amazon_sql_scheduler_dag.py for tasks to queue
[2026-01-09T16:28:20.924+0000] {logging_mixin.py:188} INFO - [2026-01-09T16:28:20.924+0000] {dagbag.py:540} INFO - Filling up the DagBag from /opt/airflow/dags/amazon_sql_scheduler_dag.py
[2026-01-09T16:28:21.034+0000] {processor.py:840} INFO - DAG(s) 'amazon_sql_transformation_scheduler' retrieved from /opt/airflow/dags/amazon_sql_scheduler_dag.py
[2026-01-09T16:28:21.062+0000] {logging_mixin.py:188} INFO - [2026-01-09T16:28:21.061+0000] {dag.py:3047} INFO - Sync 1 DAGs
[2026-01-09T16:28:21.073+0000] {logging_mixin.py:188} INFO - [2026-01-09T16:28:21.072+0000] {dag.py:3834} INFO - Setting next_dagrun for amazon_sql_transformation_scheduler to None, run_after=None
[2026-01-09T16:28:21.091+0000] {processor.py:183} INFO - Processing /opt/airflow/dags/amazon_sql_scheduler_dag.py took 0.173 seconds
[2026-01-09T16:28:51.919+0000] {processor.py:161} INFO - Started process (PID=1317) to work on /opt/airflow/dags/amazon_sql_scheduler_dag.py
[2026-01-09T16:28:51.921+0000] {processor.py:830} INFO - Processing file /opt/airflow/dags/amazon_sql_scheduler_dag.py for tasks to queue
[2026-01-09T16:28:51.922+0000] {logging_mixin.py:188} INFO - [2026-01-09T16:28:51.921+0000] {dagbag.py:540} INFO - Filling up the DagBag from /opt/airflow/dags/amazon_sql_scheduler_dag.py
[2026-01-09T16:28:52.026+0000] {processor.py:840} INFO - DAG(s) 'amazon_sql_transformation_scheduler' retrieved from /opt/airflow/dags/amazon_sql_scheduler_dag.py
[2026-01-09T16:28:52.054+0000] {logging_mixin.py:188} INFO - [2026-01-09T16:28:52.054+0000] {dag.py:3047} INFO - Sync 1 DAGs
[2026-01-09T16:28:52.066+0000] {logging_mixin.py:188} INFO - [2026-01-09T16:28:52.066+0000] {dag.py:3834} INFO - Setting next_dagrun for amazon_sql_transformation_scheduler to None, run_after=None
[2026-01-09T16:28:52.085+0000] {processor.py:183} INFO - Processing /opt/airflow/dags/amazon_sql_scheduler_dag.py took 0.169 seconds
[2026-01-09T16:29:22.970+0000] {processor.py:161} INFO - Started process (PID=1339) to work on /opt/airflow/dags/amazon_sql_scheduler_dag.py
[2026-01-09T16:29:22.972+0000] {processor.py:830} INFO - Processing file /opt/airflow/dags/amazon_sql_scheduler_dag.py for tasks to queue
[2026-01-09T16:29:22.973+0000] {logging_mixin.py:188} INFO - [2026-01-09T16:29:22.973+0000] {dagbag.py:540} INFO - Filling up the DagBag from /opt/airflow/dags/amazon_sql_scheduler_dag.py
[2026-01-09T16:29:23.087+0000] {processor.py:840} INFO - DAG(s) 'amazon_sql_transformation_scheduler' retrieved from /opt/airflow/dags/amazon_sql_scheduler_dag.py
[2026-01-09T16:29:23.118+0000] {logging_mixin.py:188} INFO - [2026-01-09T16:29:23.117+0000] {dag.py:3047} INFO - Sync 1 DAGs
[2026-01-09T16:29:23.131+0000] {logging_mixin.py:188} INFO - [2026-01-09T16:29:23.131+0000] {dag.py:3834} INFO - Setting next_dagrun for amazon_sql_transformation_scheduler to None, run_after=None
[2026-01-09T16:29:23.151+0000] {processor.py:183} INFO - Processing /opt/airflow/dags/amazon_sql_scheduler_dag.py took 0.185 seconds
[2026-01-09T16:29:53.918+0000] {processor.py:161} INFO - Started process (PID=1361) to work on /opt/airflow/dags/amazon_sql_scheduler_dag.py
[2026-01-09T16:29:53.919+0000] {processor.py:830} INFO - Processing file /opt/airflow/dags/amazon_sql_scheduler_dag.py for tasks to queue
[2026-01-09T16:29:53.920+0000] {logging_mixin.py:188} INFO - [2026-01-09T16:29:53.920+0000] {dagbag.py:540} INFO - Filling up the DagBag from /opt/airflow/dags/amazon_sql_scheduler_dag.py
[2026-01-09T16:29:54.029+0000] {processor.py:840} INFO - DAG(s) 'amazon_sql_transformation_scheduler' retrieved from /opt/airflow/dags/amazon_sql_scheduler_dag.py
[2026-01-09T16:29:54.058+0000] {logging_mixin.py:188} INFO - [2026-01-09T16:29:54.058+0000] {dag.py:3047} INFO - Sync 1 DAGs
[2026-01-09T16:29:54.072+0000] {logging_mixin.py:188} INFO - [2026-01-09T16:29:54.072+0000] {dag.py:3834} INFO - Setting next_dagrun for amazon_sql_transformation_scheduler to None, run_after=None
[2026-01-09T16:29:54.110+0000] {processor.py:183} INFO - Processing /opt/airflow/dags/amazon_sql_scheduler_dag.py took 0.196 seconds
[2026-01-09T16:30:24.885+0000] {processor.py:161} INFO - Started process (PID=1383) to work on /opt/airflow/dags/amazon_sql_scheduler_dag.py
[2026-01-09T16:30:24.886+0000] {processor.py:830} INFO - Processing file /opt/airflow/dags/amazon_sql_scheduler_dag.py for tasks to queue
[2026-01-09T16:30:24.887+0000] {logging_mixin.py:188} INFO - [2026-01-09T16:30:24.887+0000] {dagbag.py:540} INFO - Filling up the DagBag from /opt/airflow/dags/amazon_sql_scheduler_dag.py
[2026-01-09T16:30:25.008+0000] {processor.py:840} INFO - DAG(s) 'amazon_sql_transformation_scheduler' retrieved from /opt/airflow/dags/amazon_sql_scheduler_dag.py
[2026-01-09T16:30:25.037+0000] {logging_mixin.py:188} INFO - [2026-01-09T16:30:25.037+0000] {dag.py:3047} INFO - Sync 1 DAGs
[2026-01-09T16:30:25.050+0000] {logging_mixin.py:188} INFO - [2026-01-09T16:30:25.049+0000] {dag.py:3834} INFO - Setting next_dagrun for amazon_sql_transformation_scheduler to None, run_after=None
[2026-01-09T16:30:25.068+0000] {processor.py:183} INFO - Processing /opt/airflow/dags/amazon_sql_scheduler_dag.py took 0.188 seconds
[2026-01-09T16:30:55.797+0000] {processor.py:161} INFO - Started process (PID=1405) to work on /opt/airflow/dags/amazon_sql_scheduler_dag.py
[2026-01-09T16:30:55.799+0000] {processor.py:830} INFO - Processing file /opt/airflow/dags/amazon_sql_scheduler_dag.py for tasks to queue
[2026-01-09T16:30:55.800+0000] {logging_mixin.py:188} INFO - [2026-01-09T16:30:55.800+0000] {dagbag.py:540} INFO - Filling up the DagBag from /opt/airflow/dags/amazon_sql_scheduler_dag.py
[2026-01-09T16:30:55.906+0000] {processor.py:840} INFO - DAG(s) 'amazon_sql_transformation_scheduler' retrieved from /opt/airflow/dags/amazon_sql_scheduler_dag.py
[2026-01-09T16:30:55.935+0000] {logging_mixin.py:188} INFO - [2026-01-09T16:30:55.935+0000] {dag.py:3047} INFO - Sync 1 DAGs
[2026-01-09T16:30:55.948+0000] {logging_mixin.py:188} INFO - [2026-01-09T16:30:55.948+0000] {dag.py:3834} INFO - Setting next_dagrun for amazon_sql_transformation_scheduler to None, run_after=None
[2026-01-09T16:30:55.965+0000] {processor.py:183} INFO - Processing /opt/airflow/dags/amazon_sql_scheduler_dag.py took 0.172 seconds
[2026-01-09T16:31:26.712+0000] {processor.py:161} INFO - Started process (PID=1427) to work on /opt/airflow/dags/amazon_sql_scheduler_dag.py
[2026-01-09T16:31:26.713+0000] {processor.py:830} INFO - Processing file /opt/airflow/dags/amazon_sql_scheduler_dag.py for tasks to queue
[2026-01-09T16:31:26.714+0000] {logging_mixin.py:188} INFO - [2026-01-09T16:31:26.714+0000] {dagbag.py:540} INFO - Filling up the DagBag from /opt/airflow/dags/amazon_sql_scheduler_dag.py
[2026-01-09T16:31:26.807+0000] {processor.py:840} INFO - DAG(s) 'amazon_sql_transformation_scheduler' retrieved from /opt/airflow/dags/amazon_sql_scheduler_dag.py
[2026-01-09T16:31:26.835+0000] {logging_mixin.py:188} INFO - [2026-01-09T16:31:26.835+0000] {dag.py:3047} INFO - Sync 1 DAGs
[2026-01-09T16:31:26.848+0000] {logging_mixin.py:188} INFO - [2026-01-09T16:31:26.847+0000] {dag.py:3834} INFO - Setting next_dagrun for amazon_sql_transformation_scheduler to None, run_after=None
[2026-01-09T16:31:26.865+0000] {processor.py:183} INFO - Processing /opt/airflow/dags/amazon_sql_scheduler_dag.py took 0.156 seconds
[2026-01-09T16:31:57.842+0000] {processor.py:161} INFO - Started process (PID=1449) to work on /opt/airflow/dags/amazon_sql_scheduler_dag.py
[2026-01-09T16:31:57.843+0000] {processor.py:830} INFO - Processing file /opt/airflow/dags/amazon_sql_scheduler_dag.py for tasks to queue
[2026-01-09T16:31:57.844+0000] {logging_mixin.py:188} INFO - [2026-01-09T16:31:57.844+0000] {dagbag.py:540} INFO - Filling up the DagBag from /opt/airflow/dags/amazon_sql_scheduler_dag.py
[2026-01-09T16:31:57.941+0000] {processor.py:840} INFO - DAG(s) 'amazon_sql_transformation_scheduler' retrieved from /opt/airflow/dags/amazon_sql_scheduler_dag.py
[2026-01-09T16:31:57.970+0000] {logging_mixin.py:188} INFO - [2026-01-09T16:31:57.969+0000] {dag.py:3047} INFO - Sync 1 DAGs
[2026-01-09T16:31:57.981+0000] {logging_mixin.py:188} INFO - [2026-01-09T16:31:57.981+0000] {dag.py:3834} INFO - Setting next_dagrun for amazon_sql_transformation_scheduler to None, run_after=None
[2026-01-09T16:31:58.021+0000] {processor.py:183} INFO - Processing /opt/airflow/dags/amazon_sql_scheduler_dag.py took 0.183 seconds
[2026-01-09T16:32:28.891+0000] {processor.py:161} INFO - Started process (PID=1471) to work on /opt/airflow/dags/amazon_sql_scheduler_dag.py
[2026-01-09T16:32:28.892+0000] {processor.py:830} INFO - Processing file /opt/airflow/dags/amazon_sql_scheduler_dag.py for tasks to queue
[2026-01-09T16:32:28.893+0000] {logging_mixin.py:188} INFO - [2026-01-09T16:32:28.893+0000] {dagbag.py:540} INFO - Filling up the DagBag from /opt/airflow/dags/amazon_sql_scheduler_dag.py
[2026-01-09T16:32:29.004+0000] {processor.py:840} INFO - DAG(s) 'amazon_sql_transformation_scheduler' retrieved from /opt/airflow/dags/amazon_sql_scheduler_dag.py
[2026-01-09T16:32:29.036+0000] {logging_mixin.py:188} INFO - [2026-01-09T16:32:29.036+0000] {dag.py:3047} INFO - Sync 1 DAGs
[2026-01-09T16:32:29.050+0000] {logging_mixin.py:188} INFO - [2026-01-09T16:32:29.050+0000] {dag.py:3834} INFO - Setting next_dagrun for amazon_sql_transformation_scheduler to None, run_after=None
[2026-01-09T16:32:29.069+0000] {processor.py:183} INFO - Processing /opt/airflow/dags/amazon_sql_scheduler_dag.py took 0.182 seconds
[2026-01-09T16:32:59.851+0000] {processor.py:161} INFO - Started process (PID=1493) to work on /opt/airflow/dags/amazon_sql_scheduler_dag.py
[2026-01-09T16:32:59.852+0000] {processor.py:830} INFO - Processing file /opt/airflow/dags/amazon_sql_scheduler_dag.py for tasks to queue
[2026-01-09T16:32:59.853+0000] {logging_mixin.py:188} INFO - [2026-01-09T16:32:59.853+0000] {dagbag.py:540} INFO - Filling up the DagBag from /opt/airflow/dags/amazon_sql_scheduler_dag.py
[2026-01-09T16:32:59.966+0000] {processor.py:840} INFO - DAG(s) 'amazon_sql_transformation_scheduler' retrieved from /opt/airflow/dags/amazon_sql_scheduler_dag.py
[2026-01-09T16:33:00.000+0000] {logging_mixin.py:188} INFO - [2026-01-09T16:33:00.000+0000] {dag.py:3047} INFO - Sync 1 DAGs
[2026-01-09T16:33:00.014+0000] {logging_mixin.py:188} INFO - [2026-01-09T16:33:00.014+0000] {dag.py:3834} INFO - Setting next_dagrun for amazon_sql_transformation_scheduler to None, run_after=None
[2026-01-09T16:33:00.034+0000] {processor.py:183} INFO - Processing /opt/airflow/dags/amazon_sql_scheduler_dag.py took 0.187 seconds
[2026-01-09T16:33:30.689+0000] {processor.py:161} INFO - Started process (PID=1515) to work on /opt/airflow/dags/amazon_sql_scheduler_dag.py
[2026-01-09T16:33:30.691+0000] {processor.py:830} INFO - Processing file /opt/airflow/dags/amazon_sql_scheduler_dag.py for tasks to queue
[2026-01-09T16:33:30.691+0000] {logging_mixin.py:188} INFO - [2026-01-09T16:33:30.691+0000] {dagbag.py:540} INFO - Filling up the DagBag from /opt/airflow/dags/amazon_sql_scheduler_dag.py
[2026-01-09T16:33:30.805+0000] {processor.py:840} INFO - DAG(s) 'amazon_sql_transformation_scheduler' retrieved from /opt/airflow/dags/amazon_sql_scheduler_dag.py
[2026-01-09T16:33:30.836+0000] {logging_mixin.py:188} INFO - [2026-01-09T16:33:30.836+0000] {dag.py:3047} INFO - Sync 1 DAGs
[2026-01-09T16:33:30.848+0000] {logging_mixin.py:188} INFO - [2026-01-09T16:33:30.848+0000] {dag.py:3834} INFO - Setting next_dagrun for amazon_sql_transformation_scheduler to None, run_after=None
[2026-01-09T16:33:30.866+0000] {processor.py:183} INFO - Processing /opt/airflow/dags/amazon_sql_scheduler_dag.py took 0.180 seconds
[2026-01-09T16:34:01.577+0000] {processor.py:161} INFO - Started process (PID=1537) to work on /opt/airflow/dags/amazon_sql_scheduler_dag.py
[2026-01-09T16:34:01.578+0000] {processor.py:830} INFO - Processing file /opt/airflow/dags/amazon_sql_scheduler_dag.py for tasks to queue
[2026-01-09T16:34:01.579+0000] {logging_mixin.py:188} INFO - [2026-01-09T16:34:01.579+0000] {dagbag.py:540} INFO - Filling up the DagBag from /opt/airflow/dags/amazon_sql_scheduler_dag.py
[2026-01-09T16:34:01.700+0000] {processor.py:840} INFO - DAG(s) 'amazon_sql_transformation_scheduler' retrieved from /opt/airflow/dags/amazon_sql_scheduler_dag.py
[2026-01-09T16:34:01.733+0000] {logging_mixin.py:188} INFO - [2026-01-09T16:34:01.732+0000] {dag.py:3047} INFO - Sync 1 DAGs
[2026-01-09T16:34:01.746+0000] {logging_mixin.py:188} INFO - [2026-01-09T16:34:01.746+0000] {dag.py:3834} INFO - Setting next_dagrun for amazon_sql_transformation_scheduler to None, run_after=None
[2026-01-09T16:34:01.770+0000] {processor.py:183} INFO - Processing /opt/airflow/dags/amazon_sql_scheduler_dag.py took 0.197 seconds
[2026-01-09T16:34:32.590+0000] {processor.py:161} INFO - Started process (PID=1559) to work on /opt/airflow/dags/amazon_sql_scheduler_dag.py
[2026-01-09T16:34:32.591+0000] {processor.py:830} INFO - Processing file /opt/airflow/dags/amazon_sql_scheduler_dag.py for tasks to queue
[2026-01-09T16:34:32.592+0000] {logging_mixin.py:188} INFO - [2026-01-09T16:34:32.592+0000] {dagbag.py:540} INFO - Filling up the DagBag from /opt/airflow/dags/amazon_sql_scheduler_dag.py
[2026-01-09T16:34:32.715+0000] {processor.py:840} INFO - DAG(s) 'amazon_sql_transformation_scheduler' retrieved from /opt/airflow/dags/amazon_sql_scheduler_dag.py
[2026-01-09T16:34:32.745+0000] {logging_mixin.py:188} INFO - [2026-01-09T16:34:32.745+0000] {dag.py:3047} INFO - Sync 1 DAGs
[2026-01-09T16:34:32.758+0000] {logging_mixin.py:188} INFO - [2026-01-09T16:34:32.757+0000] {dag.py:3834} INFO - Setting next_dagrun for amazon_sql_transformation_scheduler to None, run_after=None
[2026-01-09T16:34:32.778+0000] {processor.py:183} INFO - Processing /opt/airflow/dags/amazon_sql_scheduler_dag.py took 0.192 seconds
[2026-01-09T16:35:03.685+0000] {processor.py:161} INFO - Started process (PID=1581) to work on /opt/airflow/dags/amazon_sql_scheduler_dag.py
[2026-01-09T16:35:03.686+0000] {processor.py:830} INFO - Processing file /opt/airflow/dags/amazon_sql_scheduler_dag.py for tasks to queue
[2026-01-09T16:35:03.688+0000] {logging_mixin.py:188} INFO - [2026-01-09T16:35:03.687+0000] {dagbag.py:540} INFO - Filling up the DagBag from /opt/airflow/dags/amazon_sql_scheduler_dag.py
[2026-01-09T16:35:03.817+0000] {processor.py:840} INFO - DAG(s) 'amazon_sql_transformation_scheduler' retrieved from /opt/airflow/dags/amazon_sql_scheduler_dag.py
[2026-01-09T16:35:03.850+0000] {logging_mixin.py:188} INFO - [2026-01-09T16:35:03.849+0000] {dag.py:3047} INFO - Sync 1 DAGs
[2026-01-09T16:35:03.864+0000] {logging_mixin.py:188} INFO - [2026-01-09T16:35:03.864+0000] {dag.py:3834} INFO - Setting next_dagrun for amazon_sql_transformation_scheduler to None, run_after=None
[2026-01-09T16:35:03.883+0000] {processor.py:183} INFO - Processing /opt/airflow/dags/amazon_sql_scheduler_dag.py took 0.201 seconds
[2026-01-09T16:35:34.610+0000] {processor.py:161} INFO - Started process (PID=1603) to work on /opt/airflow/dags/amazon_sql_scheduler_dag.py
[2026-01-09T16:35:34.612+0000] {processor.py:830} INFO - Processing file /opt/airflow/dags/amazon_sql_scheduler_dag.py for tasks to queue
[2026-01-09T16:35:34.613+0000] {logging_mixin.py:188} INFO - [2026-01-09T16:35:34.613+0000] {dagbag.py:540} INFO - Filling up the DagBag from /opt/airflow/dags/amazon_sql_scheduler_dag.py
[2026-01-09T16:35:34.716+0000] {processor.py:840} INFO - DAG(s) 'amazon_sql_transformation_scheduler' retrieved from /opt/airflow/dags/amazon_sql_scheduler_dag.py
[2026-01-09T16:35:34.747+0000] {logging_mixin.py:188} INFO - [2026-01-09T16:35:34.746+0000] {dag.py:3047} INFO - Sync 1 DAGs
[2026-01-09T16:35:34.761+0000] {logging_mixin.py:188} INFO - [2026-01-09T16:35:34.761+0000] {dag.py:3834} INFO - Setting next_dagrun for amazon_sql_transformation_scheduler to None, run_after=None
[2026-01-09T16:35:34.781+0000] {processor.py:183} INFO - Processing /opt/airflow/dags/amazon_sql_scheduler_dag.py took 0.174 seconds
[2026-01-09T16:36:05.601+0000] {processor.py:161} INFO - Started process (PID=1625) to work on /opt/airflow/dags/amazon_sql_scheduler_dag.py
[2026-01-09T16:36:05.602+0000] {processor.py:830} INFO - Processing file /opt/airflow/dags/amazon_sql_scheduler_dag.py for tasks to queue
[2026-01-09T16:36:05.603+0000] {logging_mixin.py:188} INFO - [2026-01-09T16:36:05.603+0000] {dagbag.py:540} INFO - Filling up the DagBag from /opt/airflow/dags/amazon_sql_scheduler_dag.py
[2026-01-09T16:36:05.704+0000] {processor.py:840} INFO - DAG(s) 'amazon_sql_transformation_scheduler' retrieved from /opt/airflow/dags/amazon_sql_scheduler_dag.py
[2026-01-09T16:36:05.735+0000] {logging_mixin.py:188} INFO - [2026-01-09T16:36:05.734+0000] {dag.py:3047} INFO - Sync 1 DAGs
[2026-01-09T16:36:05.746+0000] {logging_mixin.py:188} INFO - [2026-01-09T16:36:05.746+0000] {dag.py:3834} INFO - Setting next_dagrun for amazon_sql_transformation_scheduler to None, run_after=None
[2026-01-09T16:36:05.786+0000] {processor.py:183} INFO - Processing /opt/airflow/dags/amazon_sql_scheduler_dag.py took 0.188 seconds
[2026-01-09T16:36:36.468+0000] {processor.py:161} INFO - Started process (PID=1647) to work on /opt/airflow/dags/amazon_sql_scheduler_dag.py
[2026-01-09T16:36:36.469+0000] {processor.py:830} INFO - Processing file /opt/airflow/dags/amazon_sql_scheduler_dag.py for tasks to queue
[2026-01-09T16:36:36.470+0000] {logging_mixin.py:188} INFO - [2026-01-09T16:36:36.470+0000] {dagbag.py:540} INFO - Filling up the DagBag from /opt/airflow/dags/amazon_sql_scheduler_dag.py
[2026-01-09T16:36:36.570+0000] {processor.py:840} INFO - DAG(s) 'amazon_sql_transformation_scheduler' retrieved from /opt/airflow/dags/amazon_sql_scheduler_dag.py
[2026-01-09T16:36:36.598+0000] {logging_mixin.py:188} INFO - [2026-01-09T16:36:36.598+0000] {dag.py:3047} INFO - Sync 1 DAGs
[2026-01-09T16:36:36.612+0000] {logging_mixin.py:188} INFO - [2026-01-09T16:36:36.611+0000] {dag.py:3834} INFO - Setting next_dagrun for amazon_sql_transformation_scheduler to None, run_after=None
[2026-01-09T16:36:36.628+0000] {processor.py:183} INFO - Processing /opt/airflow/dags/amazon_sql_scheduler_dag.py took 0.163 seconds
[2026-01-09T16:37:07.513+0000] {processor.py:161} INFO - Started process (PID=1669) to work on /opt/airflow/dags/amazon_sql_scheduler_dag.py
[2026-01-09T16:37:07.515+0000] {processor.py:830} INFO - Processing file /opt/airflow/dags/amazon_sql_scheduler_dag.py for tasks to queue
[2026-01-09T16:37:07.515+0000] {logging_mixin.py:188} INFO - [2026-01-09T16:37:07.515+0000] {dagbag.py:540} INFO - Filling up the DagBag from /opt/airflow/dags/amazon_sql_scheduler_dag.py
[2026-01-09T16:37:07.624+0000] {processor.py:840} INFO - DAG(s) 'amazon_sql_transformation_scheduler' retrieved from /opt/airflow/dags/amazon_sql_scheduler_dag.py
[2026-01-09T16:37:07.652+0000] {logging_mixin.py:188} INFO - [2026-01-09T16:37:07.652+0000] {dag.py:3047} INFO - Sync 1 DAGs
[2026-01-09T16:37:07.665+0000] {logging_mixin.py:188} INFO - [2026-01-09T16:37:07.665+0000] {dag.py:3834} INFO - Setting next_dagrun for amazon_sql_transformation_scheduler to None, run_after=None
[2026-01-09T16:37:07.702+0000] {processor.py:183} INFO - Processing /opt/airflow/dags/amazon_sql_scheduler_dag.py took 0.192 seconds
[2026-01-09T16:37:38.504+0000] {processor.py:161} INFO - Started process (PID=1691) to work on /opt/airflow/dags/amazon_sql_scheduler_dag.py
[2026-01-09T16:37:38.505+0000] {processor.py:830} INFO - Processing file /opt/airflow/dags/amazon_sql_scheduler_dag.py for tasks to queue
[2026-01-09T16:37:38.507+0000] {logging_mixin.py:188} INFO - [2026-01-09T16:37:38.506+0000] {dagbag.py:540} INFO - Filling up the DagBag from /opt/airflow/dags/amazon_sql_scheduler_dag.py
[2026-01-09T16:37:38.608+0000] {processor.py:840} INFO - DAG(s) 'amazon_sql_transformation_scheduler' retrieved from /opt/airflow/dags/amazon_sql_scheduler_dag.py
[2026-01-09T16:37:38.636+0000] {logging_mixin.py:188} INFO - [2026-01-09T16:37:38.635+0000] {dag.py:3047} INFO - Sync 1 DAGs
[2026-01-09T16:37:38.649+0000] {logging_mixin.py:188} INFO - [2026-01-09T16:37:38.649+0000] {dag.py:3834} INFO - Setting next_dagrun for amazon_sql_transformation_scheduler to None, run_after=None
[2026-01-09T16:37:38.670+0000] {processor.py:183} INFO - Processing /opt/airflow/dags/amazon_sql_scheduler_dag.py took 0.168 seconds
[2026-01-09T16:38:08.774+0000] {processor.py:161} INFO - Started process (PID=1713) to work on /opt/airflow/dags/amazon_sql_scheduler_dag.py
[2026-01-09T16:38:08.775+0000] {processor.py:830} INFO - Processing file /opt/airflow/dags/amazon_sql_scheduler_dag.py for tasks to queue
[2026-01-09T16:38:08.776+0000] {logging_mixin.py:188} INFO - [2026-01-09T16:38:08.776+0000] {dagbag.py:540} INFO - Filling up the DagBag from /opt/airflow/dags/amazon_sql_scheduler_dag.py
[2026-01-09T16:38:08.886+0000] {processor.py:840} INFO - DAG(s) 'amazon_sql_transformation_scheduler' retrieved from /opt/airflow/dags/amazon_sql_scheduler_dag.py
[2026-01-09T16:38:08.915+0000] {logging_mixin.py:188} INFO - [2026-01-09T16:38:08.915+0000] {dag.py:3047} INFO - Sync 1 DAGs
[2026-01-09T16:38:08.928+0000] {logging_mixin.py:188} INFO - [2026-01-09T16:38:08.928+0000] {dag.py:3834} INFO - Setting next_dagrun for amazon_sql_transformation_scheduler to None, run_after=None
[2026-01-09T16:38:08.946+0000] {processor.py:183} INFO - Processing /opt/airflow/dags/amazon_sql_scheduler_dag.py took 0.175 seconds
[2026-01-09T16:38:39.582+0000] {processor.py:161} INFO - Started process (PID=1735) to work on /opt/airflow/dags/amazon_sql_scheduler_dag.py
[2026-01-09T16:38:39.583+0000] {processor.py:830} INFO - Processing file /opt/airflow/dags/amazon_sql_scheduler_dag.py for tasks to queue
[2026-01-09T16:38:39.584+0000] {logging_mixin.py:188} INFO - [2026-01-09T16:38:39.584+0000] {dagbag.py:540} INFO - Filling up the DagBag from /opt/airflow/dags/amazon_sql_scheduler_dag.py
[2026-01-09T16:38:39.690+0000] {processor.py:840} INFO - DAG(s) 'amazon_sql_transformation_scheduler' retrieved from /opt/airflow/dags/amazon_sql_scheduler_dag.py
[2026-01-09T16:38:39.722+0000] {logging_mixin.py:188} INFO - [2026-01-09T16:38:39.722+0000] {dag.py:3047} INFO - Sync 1 DAGs
[2026-01-09T16:38:39.736+0000] {logging_mixin.py:188} INFO - [2026-01-09T16:38:39.736+0000] {dag.py:3834} INFO - Setting next_dagrun for amazon_sql_transformation_scheduler to None, run_after=None
[2026-01-09T16:38:39.759+0000] {processor.py:183} INFO - Processing /opt/airflow/dags/amazon_sql_scheduler_dag.py took 0.180 seconds
[2026-01-09T16:39:10.461+0000] {processor.py:161} INFO - Started process (PID=1757) to work on /opt/airflow/dags/amazon_sql_scheduler_dag.py
[2026-01-09T16:39:10.462+0000] {processor.py:830} INFO - Processing file /opt/airflow/dags/amazon_sql_scheduler_dag.py for tasks to queue
[2026-01-09T16:39:10.463+0000] {logging_mixin.py:188} INFO - [2026-01-09T16:39:10.462+0000] {dagbag.py:540} INFO - Filling up the DagBag from /opt/airflow/dags/amazon_sql_scheduler_dag.py
[2026-01-09T16:39:10.575+0000] {processor.py:840} INFO - DAG(s) 'amazon_sql_transformation_scheduler' retrieved from /opt/airflow/dags/amazon_sql_scheduler_dag.py
[2026-01-09T16:39:10.604+0000] {logging_mixin.py:188} INFO - [2026-01-09T16:39:10.603+0000] {dag.py:3047} INFO - Sync 1 DAGs
[2026-01-09T16:39:10.617+0000] {logging_mixin.py:188} INFO - [2026-01-09T16:39:10.617+0000] {dag.py:3834} INFO - Setting next_dagrun for amazon_sql_transformation_scheduler to None, run_after=None
[2026-01-09T16:39:10.639+0000] {processor.py:183} INFO - Processing /opt/airflow/dags/amazon_sql_scheduler_dag.py took 0.182 seconds
[2026-01-09T16:39:41.372+0000] {processor.py:161} INFO - Started process (PID=1779) to work on /opt/airflow/dags/amazon_sql_scheduler_dag.py
[2026-01-09T16:39:41.374+0000] {processor.py:830} INFO - Processing file /opt/airflow/dags/amazon_sql_scheduler_dag.py for tasks to queue
[2026-01-09T16:39:41.375+0000] {logging_mixin.py:188} INFO - [2026-01-09T16:39:41.374+0000] {dagbag.py:540} INFO - Filling up the DagBag from /opt/airflow/dags/amazon_sql_scheduler_dag.py
[2026-01-09T16:39:41.502+0000] {processor.py:840} INFO - DAG(s) 'amazon_sql_transformation_scheduler' retrieved from /opt/airflow/dags/amazon_sql_scheduler_dag.py
[2026-01-09T16:39:41.533+0000] {logging_mixin.py:188} INFO - [2026-01-09T16:39:41.532+0000] {dag.py:3047} INFO - Sync 1 DAGs
[2026-01-09T16:39:41.545+0000] {logging_mixin.py:188} INFO - [2026-01-09T16:39:41.545+0000] {dag.py:3834} INFO - Setting next_dagrun for amazon_sql_transformation_scheduler to None, run_after=None
[2026-01-09T16:39:41.582+0000] {processor.py:183} INFO - Processing /opt/airflow/dags/amazon_sql_scheduler_dag.py took 0.213 seconds
[2026-01-09T16:40:12.373+0000] {processor.py:161} INFO - Started process (PID=1801) to work on /opt/airflow/dags/amazon_sql_scheduler_dag.py
[2026-01-09T16:40:12.375+0000] {processor.py:830} INFO - Processing file /opt/airflow/dags/amazon_sql_scheduler_dag.py for tasks to queue
[2026-01-09T16:40:12.375+0000] {logging_mixin.py:188} INFO - [2026-01-09T16:40:12.375+0000] {dagbag.py:540} INFO - Filling up the DagBag from /opt/airflow/dags/amazon_sql_scheduler_dag.py
[2026-01-09T16:40:12.484+0000] {processor.py:840} INFO - DAG(s) 'amazon_sql_transformation_scheduler' retrieved from /opt/airflow/dags/amazon_sql_scheduler_dag.py
[2026-01-09T16:40:12.514+0000] {logging_mixin.py:188} INFO - [2026-01-09T16:40:12.514+0000] {dag.py:3047} INFO - Sync 1 DAGs
[2026-01-09T16:40:12.528+0000] {logging_mixin.py:188} INFO - [2026-01-09T16:40:12.527+0000] {dag.py:3834} INFO - Setting next_dagrun for amazon_sql_transformation_scheduler to None, run_after=None
[2026-01-09T16:40:12.551+0000] {processor.py:183} INFO - Processing /opt/airflow/dags/amazon_sql_scheduler_dag.py took 0.181 seconds
[2026-01-09T16:40:43.423+0000] {processor.py:161} INFO - Started process (PID=1823) to work on /opt/airflow/dags/amazon_sql_scheduler_dag.py
[2026-01-09T16:40:43.424+0000] {processor.py:830} INFO - Processing file /opt/airflow/dags/amazon_sql_scheduler_dag.py for tasks to queue
[2026-01-09T16:40:43.425+0000] {logging_mixin.py:188} INFO - [2026-01-09T16:40:43.424+0000] {dagbag.py:540} INFO - Filling up the DagBag from /opt/airflow/dags/amazon_sql_scheduler_dag.py
[2026-01-09T16:40:43.536+0000] {processor.py:840} INFO - DAG(s) 'amazon_sql_transformation_scheduler' retrieved from /opt/airflow/dags/amazon_sql_scheduler_dag.py
[2026-01-09T16:40:43.566+0000] {logging_mixin.py:188} INFO - [2026-01-09T16:40:43.566+0000] {dag.py:3047} INFO - Sync 1 DAGs
[2026-01-09T16:40:43.580+0000] {logging_mixin.py:188} INFO - [2026-01-09T16:40:43.580+0000] {dag.py:3834} INFO - Setting next_dagrun for amazon_sql_transformation_scheduler to None, run_after=None
[2026-01-09T16:40:43.619+0000] {processor.py:183} INFO - Processing /opt/airflow/dags/amazon_sql_scheduler_dag.py took 0.200 seconds
[2026-01-09T16:41:14.318+0000] {processor.py:161} INFO - Started process (PID=1845) to work on /opt/airflow/dags/amazon_sql_scheduler_dag.py
[2026-01-09T16:41:14.320+0000] {processor.py:830} INFO - Processing file /opt/airflow/dags/amazon_sql_scheduler_dag.py for tasks to queue
[2026-01-09T16:41:14.320+0000] {logging_mixin.py:188} INFO - [2026-01-09T16:41:14.320+0000] {dagbag.py:540} INFO - Filling up the DagBag from /opt/airflow/dags/amazon_sql_scheduler_dag.py
[2026-01-09T16:41:14.439+0000] {processor.py:840} INFO - DAG(s) 'amazon_sql_transformation_scheduler' retrieved from /opt/airflow/dags/amazon_sql_scheduler_dag.py
[2026-01-09T16:41:14.471+0000] {logging_mixin.py:188} INFO - [2026-01-09T16:41:14.471+0000] {dag.py:3047} INFO - Sync 1 DAGs
[2026-01-09T16:41:14.485+0000] {logging_mixin.py:188} INFO - [2026-01-09T16:41:14.484+0000] {dag.py:3834} INFO - Setting next_dagrun for amazon_sql_transformation_scheduler to None, run_after=None
[2026-01-09T16:41:14.503+0000] {processor.py:183} INFO - Processing /opt/airflow/dags/amazon_sql_scheduler_dag.py took 0.189 seconds
[2026-01-09T16:41:45.195+0000] {processor.py:161} INFO - Started process (PID=1867) to work on /opt/airflow/dags/amazon_sql_scheduler_dag.py
[2026-01-09T16:41:45.197+0000] {processor.py:830} INFO - Processing file /opt/airflow/dags/amazon_sql_scheduler_dag.py for tasks to queue
[2026-01-09T16:41:45.198+0000] {logging_mixin.py:188} INFO - [2026-01-09T16:41:45.198+0000] {dagbag.py:540} INFO - Filling up the DagBag from /opt/airflow/dags/amazon_sql_scheduler_dag.py
[2026-01-09T16:41:45.318+0000] {processor.py:840} INFO - DAG(s) 'amazon_sql_transformation_scheduler' retrieved from /opt/airflow/dags/amazon_sql_scheduler_dag.py
[2026-01-09T16:41:45.351+0000] {logging_mixin.py:188} INFO - [2026-01-09T16:41:45.351+0000] {dag.py:3047} INFO - Sync 1 DAGs
[2026-01-09T16:41:45.366+0000] {logging_mixin.py:188} INFO - [2026-01-09T16:41:45.365+0000] {dag.py:3834} INFO - Setting next_dagrun for amazon_sql_transformation_scheduler to None, run_after=None
[2026-01-09T16:41:45.387+0000] {processor.py:183} INFO - Processing /opt/airflow/dags/amazon_sql_scheduler_dag.py took 0.196 seconds
[2026-01-09T16:42:16.180+0000] {processor.py:161} INFO - Started process (PID=1889) to work on /opt/airflow/dags/amazon_sql_scheduler_dag.py
[2026-01-09T16:42:16.181+0000] {processor.py:830} INFO - Processing file /opt/airflow/dags/amazon_sql_scheduler_dag.py for tasks to queue
[2026-01-09T16:42:16.182+0000] {logging_mixin.py:188} INFO - [2026-01-09T16:42:16.182+0000] {dagbag.py:540} INFO - Filling up the DagBag from /opt/airflow/dags/amazon_sql_scheduler_dag.py
[2026-01-09T16:42:16.286+0000] {processor.py:840} INFO - DAG(s) 'amazon_sql_transformation_scheduler' retrieved from /opt/airflow/dags/amazon_sql_scheduler_dag.py
[2026-01-09T16:42:16.316+0000] {logging_mixin.py:188} INFO - [2026-01-09T16:42:16.315+0000] {dag.py:3047} INFO - Sync 1 DAGs
[2026-01-09T16:42:16.326+0000] {logging_mixin.py:188} INFO - [2026-01-09T16:42:16.326+0000] {dag.py:3834} INFO - Setting next_dagrun for amazon_sql_transformation_scheduler to None, run_after=None
[2026-01-09T16:42:16.343+0000] {processor.py:183} INFO - Processing /opt/airflow/dags/amazon_sql_scheduler_dag.py took 0.168 seconds
[2026-01-09T16:42:47.260+0000] {processor.py:161} INFO - Started process (PID=1911) to work on /opt/airflow/dags/amazon_sql_scheduler_dag.py
[2026-01-09T16:42:47.261+0000] {processor.py:830} INFO - Processing file /opt/airflow/dags/amazon_sql_scheduler_dag.py for tasks to queue
[2026-01-09T16:42:47.262+0000] {logging_mixin.py:188} INFO - [2026-01-09T16:42:47.262+0000] {dagbag.py:540} INFO - Filling up the DagBag from /opt/airflow/dags/amazon_sql_scheduler_dag.py
[2026-01-09T16:42:47.367+0000] {processor.py:840} INFO - DAG(s) 'amazon_sql_transformation_scheduler' retrieved from /opt/airflow/dags/amazon_sql_scheduler_dag.py
[2026-01-09T16:42:47.399+0000] {logging_mixin.py:188} INFO - [2026-01-09T16:42:47.398+0000] {dag.py:3047} INFO - Sync 1 DAGs
[2026-01-09T16:42:47.412+0000] {logging_mixin.py:188} INFO - [2026-01-09T16:42:47.412+0000] {dag.py:3834} INFO - Setting next_dagrun for amazon_sql_transformation_scheduler to None, run_after=None
[2026-01-09T16:42:47.432+0000] {processor.py:183} INFO - Processing /opt/airflow/dags/amazon_sql_scheduler_dag.py took 0.176 seconds
[2026-01-09T16:43:18.315+0000] {processor.py:161} INFO - Started process (PID=1933) to work on /opt/airflow/dags/amazon_sql_scheduler_dag.py
[2026-01-09T16:43:18.316+0000] {processor.py:830} INFO - Processing file /opt/airflow/dags/amazon_sql_scheduler_dag.py for tasks to queue
[2026-01-09T16:43:18.317+0000] {logging_mixin.py:188} INFO - [2026-01-09T16:43:18.317+0000] {dagbag.py:540} INFO - Filling up the DagBag from /opt/airflow/dags/amazon_sql_scheduler_dag.py
[2026-01-09T16:43:18.444+0000] {processor.py:840} INFO - DAG(s) 'amazon_sql_transformation_scheduler' retrieved from /opt/airflow/dags/amazon_sql_scheduler_dag.py
[2026-01-09T16:43:18.472+0000] {logging_mixin.py:188} INFO - [2026-01-09T16:43:18.471+0000] {dag.py:3047} INFO - Sync 1 DAGs
[2026-01-09T16:43:18.486+0000] {logging_mixin.py:188} INFO - [2026-01-09T16:43:18.486+0000] {dag.py:3834} INFO - Setting next_dagrun for amazon_sql_transformation_scheduler to None, run_after=None
[2026-01-09T16:43:18.508+0000] {processor.py:183} INFO - Processing /opt/airflow/dags/amazon_sql_scheduler_dag.py took 0.197 seconds
[2026-01-09T16:43:49.238+0000] {processor.py:161} INFO - Started process (PID=1955) to work on /opt/airflow/dags/amazon_sql_scheduler_dag.py
[2026-01-09T16:43:49.239+0000] {processor.py:830} INFO - Processing file /opt/airflow/dags/amazon_sql_scheduler_dag.py for tasks to queue
[2026-01-09T16:43:49.240+0000] {logging_mixin.py:188} INFO - [2026-01-09T16:43:49.240+0000] {dagbag.py:540} INFO - Filling up the DagBag from /opt/airflow/dags/amazon_sql_scheduler_dag.py
[2026-01-09T16:43:49.340+0000] {processor.py:840} INFO - DAG(s) 'amazon_sql_transformation_scheduler' retrieved from /opt/airflow/dags/amazon_sql_scheduler_dag.py
[2026-01-09T16:43:49.369+0000] {logging_mixin.py:188} INFO - [2026-01-09T16:43:49.368+0000] {dag.py:3047} INFO - Sync 1 DAGs
[2026-01-09T16:43:49.381+0000] {logging_mixin.py:188} INFO - [2026-01-09T16:43:49.381+0000] {dag.py:3834} INFO - Setting next_dagrun for amazon_sql_transformation_scheduler to None, run_after=None
[2026-01-09T16:43:49.400+0000] {processor.py:183} INFO - Processing /opt/airflow/dags/amazon_sql_scheduler_dag.py took 0.165 seconds
[2026-01-09T16:44:20.194+0000] {processor.py:161} INFO - Started process (PID=1977) to work on /opt/airflow/dags/amazon_sql_scheduler_dag.py
[2026-01-09T16:44:20.195+0000] {processor.py:830} INFO - Processing file /opt/airflow/dags/amazon_sql_scheduler_dag.py for tasks to queue
[2026-01-09T16:44:20.196+0000] {logging_mixin.py:188} INFO - [2026-01-09T16:44:20.196+0000] {dagbag.py:540} INFO - Filling up the DagBag from /opt/airflow/dags/amazon_sql_scheduler_dag.py
[2026-01-09T16:44:20.301+0000] {processor.py:840} INFO - DAG(s) 'amazon_sql_transformation_scheduler' retrieved from /opt/airflow/dags/amazon_sql_scheduler_dag.py
[2026-01-09T16:44:20.327+0000] {logging_mixin.py:188} INFO - [2026-01-09T16:44:20.327+0000] {dag.py:3047} INFO - Sync 1 DAGs
[2026-01-09T16:44:20.340+0000] {logging_mixin.py:188} INFO - [2026-01-09T16:44:20.339+0000] {dag.py:3834} INFO - Setting next_dagrun for amazon_sql_transformation_scheduler to None, run_after=None
[2026-01-09T16:44:20.358+0000] {processor.py:183} INFO - Processing /opt/airflow/dags/amazon_sql_scheduler_dag.py took 0.168 seconds
