[2026-01-09T16:02:35.596+0000] {processor.py:161} INFO - Started process (PID=195) to work on /opt/airflow/dags/api_pipeline_dag.py
[2026-01-09T16:02:35.599+0000] {processor.py:830} INFO - Processing file /opt/airflow/dags/api_pipeline_dag.py for tasks to queue
[2026-01-09T16:02:35.601+0000] {logging_mixin.py:188} INFO - [2026-01-09T16:02:35.600+0000] {dagbag.py:540} INFO - Filling up the DagBag from /opt/airflow/dags/api_pipeline_dag.py
[2026-01-09T16:02:37.192+0000] {processor.py:840} INFO - DAG(s) 'api_data_pipeline' retrieved from /opt/airflow/dags/api_pipeline_dag.py
[2026-01-09T16:02:37.244+0000] {logging_mixin.py:188} INFO - [2026-01-09T16:02:37.244+0000] {dag.py:3047} INFO - Sync 1 DAGs
[2026-01-09T16:02:37.266+0000] {logging_mixin.py:188} INFO - [2026-01-09T16:02:37.266+0000] {dag.py:3834} INFO - Setting next_dagrun for api_data_pipeline to None, run_after=None
[2026-01-09T16:02:37.294+0000] {processor.py:183} INFO - Processing /opt/airflow/dags/api_pipeline_dag.py took 1.704 seconds
[2026-01-09T16:03:07.813+0000] {processor.py:161} INFO - Started process (PID=222) to work on /opt/airflow/dags/api_pipeline_dag.py
[2026-01-09T16:03:07.815+0000] {processor.py:830} INFO - Processing file /opt/airflow/dags/api_pipeline_dag.py for tasks to queue
[2026-01-09T16:03:07.817+0000] {logging_mixin.py:188} INFO - [2026-01-09T16:03:07.816+0000] {dagbag.py:540} INFO - Filling up the DagBag from /opt/airflow/dags/api_pipeline_dag.py
[2026-01-09T16:03:08.310+0000] {processor.py:840} INFO - DAG(s) 'api_data_pipeline' retrieved from /opt/airflow/dags/api_pipeline_dag.py
[2026-01-09T16:03:08.356+0000] {logging_mixin.py:188} INFO - [2026-01-09T16:03:08.354+0000] {dag.py:3047} INFO - Sync 1 DAGs
[2026-01-09T16:03:08.381+0000] {logging_mixin.py:188} INFO - [2026-01-09T16:03:08.381+0000] {dag.py:3834} INFO - Setting next_dagrun for api_data_pipeline to None, run_after=None
[2026-01-09T16:03:08.409+0000] {processor.py:183} INFO - Processing /opt/airflow/dags/api_pipeline_dag.py took 0.601 seconds
[2026-01-09T16:03:38.934+0000] {processor.py:161} INFO - Started process (PID=244) to work on /opt/airflow/dags/api_pipeline_dag.py
[2026-01-09T16:03:38.935+0000] {processor.py:830} INFO - Processing file /opt/airflow/dags/api_pipeline_dag.py for tasks to queue
[2026-01-09T16:03:38.936+0000] {logging_mixin.py:188} INFO - [2026-01-09T16:03:38.936+0000] {dagbag.py:540} INFO - Filling up the DagBag from /opt/airflow/dags/api_pipeline_dag.py
[2026-01-09T16:03:39.355+0000] {processor.py:840} INFO - DAG(s) 'api_data_pipeline' retrieved from /opt/airflow/dags/api_pipeline_dag.py
[2026-01-09T16:03:39.390+0000] {logging_mixin.py:188} INFO - [2026-01-09T16:03:39.390+0000] {dag.py:3047} INFO - Sync 1 DAGs
[2026-01-09T16:03:39.405+0000] {logging_mixin.py:188} INFO - [2026-01-09T16:03:39.405+0000] {dag.py:3834} INFO - Setting next_dagrun for api_data_pipeline to None, run_after=None
[2026-01-09T16:03:39.427+0000] {processor.py:183} INFO - Processing /opt/airflow/dags/api_pipeline_dag.py took 0.497 seconds
[2026-01-09T16:04:09.837+0000] {processor.py:161} INFO - Started process (PID=266) to work on /opt/airflow/dags/api_pipeline_dag.py
[2026-01-09T16:04:09.838+0000] {processor.py:830} INFO - Processing file /opt/airflow/dags/api_pipeline_dag.py for tasks to queue
[2026-01-09T16:04:09.839+0000] {logging_mixin.py:188} INFO - [2026-01-09T16:04:09.838+0000] {dagbag.py:540} INFO - Filling up the DagBag from /opt/airflow/dags/api_pipeline_dag.py
[2026-01-09T16:04:10.211+0000] {processor.py:840} INFO - DAG(s) 'api_data_pipeline' retrieved from /opt/airflow/dags/api_pipeline_dag.py
[2026-01-09T16:04:10.242+0000] {logging_mixin.py:188} INFO - [2026-01-09T16:04:10.242+0000] {dag.py:3047} INFO - Sync 1 DAGs
[2026-01-09T16:04:10.256+0000] {logging_mixin.py:188} INFO - [2026-01-09T16:04:10.256+0000] {dag.py:3834} INFO - Setting next_dagrun for api_data_pipeline to None, run_after=None
[2026-01-09T16:04:10.275+0000] {processor.py:183} INFO - Processing /opt/airflow/dags/api_pipeline_dag.py took 0.442 seconds
[2026-01-09T16:04:40.662+0000] {processor.py:161} INFO - Started process (PID=288) to work on /opt/airflow/dags/api_pipeline_dag.py
[2026-01-09T16:04:40.663+0000] {processor.py:830} INFO - Processing file /opt/airflow/dags/api_pipeline_dag.py for tasks to queue
[2026-01-09T16:04:40.664+0000] {logging_mixin.py:188} INFO - [2026-01-09T16:04:40.664+0000] {dagbag.py:540} INFO - Filling up the DagBag from /opt/airflow/dags/api_pipeline_dag.py
[2026-01-09T16:04:41.077+0000] {processor.py:840} INFO - DAG(s) 'api_data_pipeline' retrieved from /opt/airflow/dags/api_pipeline_dag.py
[2026-01-09T16:04:41.111+0000] {logging_mixin.py:188} INFO - [2026-01-09T16:04:41.110+0000] {dag.py:3047} INFO - Sync 1 DAGs
[2026-01-09T16:04:41.125+0000] {logging_mixin.py:188} INFO - [2026-01-09T16:04:41.125+0000] {dag.py:3834} INFO - Setting next_dagrun for api_data_pipeline to None, run_after=None
[2026-01-09T16:04:41.145+0000] {processor.py:183} INFO - Processing /opt/airflow/dags/api_pipeline_dag.py took 0.486 seconds
[2026-01-09T16:05:11.544+0000] {processor.py:161} INFO - Started process (PID=310) to work on /opt/airflow/dags/api_pipeline_dag.py
[2026-01-09T16:05:11.545+0000] {processor.py:830} INFO - Processing file /opt/airflow/dags/api_pipeline_dag.py for tasks to queue
[2026-01-09T16:05:11.546+0000] {logging_mixin.py:188} INFO - [2026-01-09T16:05:11.546+0000] {dagbag.py:540} INFO - Filling up the DagBag from /opt/airflow/dags/api_pipeline_dag.py
[2026-01-09T16:05:11.960+0000] {processor.py:840} INFO - DAG(s) 'api_data_pipeline' retrieved from /opt/airflow/dags/api_pipeline_dag.py
[2026-01-09T16:05:11.992+0000] {logging_mixin.py:188} INFO - [2026-01-09T16:05:11.991+0000] {dag.py:3047} INFO - Sync 1 DAGs
[2026-01-09T16:05:12.006+0000] {logging_mixin.py:188} INFO - [2026-01-09T16:05:12.006+0000] {dag.py:3834} INFO - Setting next_dagrun for api_data_pipeline to None, run_after=None
[2026-01-09T16:05:12.028+0000] {processor.py:183} INFO - Processing /opt/airflow/dags/api_pipeline_dag.py took 0.488 seconds
[2026-01-09T16:05:42.442+0000] {processor.py:161} INFO - Started process (PID=332) to work on /opt/airflow/dags/api_pipeline_dag.py
[2026-01-09T16:05:42.443+0000] {processor.py:830} INFO - Processing file /opt/airflow/dags/api_pipeline_dag.py for tasks to queue
[2026-01-09T16:05:42.444+0000] {logging_mixin.py:188} INFO - [2026-01-09T16:05:42.444+0000] {dagbag.py:540} INFO - Filling up the DagBag from /opt/airflow/dags/api_pipeline_dag.py
[2026-01-09T16:05:42.836+0000] {processor.py:840} INFO - DAG(s) 'api_data_pipeline' retrieved from /opt/airflow/dags/api_pipeline_dag.py
[2026-01-09T16:05:42.871+0000] {logging_mixin.py:188} INFO - [2026-01-09T16:05:42.870+0000] {dag.py:3047} INFO - Sync 1 DAGs
[2026-01-09T16:05:42.885+0000] {logging_mixin.py:188} INFO - [2026-01-09T16:05:42.885+0000] {dag.py:3834} INFO - Setting next_dagrun for api_data_pipeline to None, run_after=None
[2026-01-09T16:05:42.903+0000] {processor.py:183} INFO - Processing /opt/airflow/dags/api_pipeline_dag.py took 0.465 seconds
[2026-01-09T16:06:13.301+0000] {processor.py:161} INFO - Started process (PID=354) to work on /opt/airflow/dags/api_pipeline_dag.py
[2026-01-09T16:06:13.302+0000] {processor.py:830} INFO - Processing file /opt/airflow/dags/api_pipeline_dag.py for tasks to queue
[2026-01-09T16:06:13.303+0000] {logging_mixin.py:188} INFO - [2026-01-09T16:06:13.302+0000] {dagbag.py:540} INFO - Filling up the DagBag from /opt/airflow/dags/api_pipeline_dag.py
[2026-01-09T16:06:13.689+0000] {processor.py:840} INFO - DAG(s) 'api_data_pipeline' retrieved from /opt/airflow/dags/api_pipeline_dag.py
[2026-01-09T16:06:13.721+0000] {logging_mixin.py:188} INFO - [2026-01-09T16:06:13.721+0000] {dag.py:3047} INFO - Sync 1 DAGs
[2026-01-09T16:06:13.735+0000] {logging_mixin.py:188} INFO - [2026-01-09T16:06:13.734+0000] {dag.py:3834} INFO - Setting next_dagrun for api_data_pipeline to None, run_after=None
[2026-01-09T16:06:13.755+0000] {processor.py:183} INFO - Processing /opt/airflow/dags/api_pipeline_dag.py took 0.458 seconds
[2026-01-09T16:06:44.149+0000] {processor.py:161} INFO - Started process (PID=376) to work on /opt/airflow/dags/api_pipeline_dag.py
[2026-01-09T16:06:44.151+0000] {processor.py:830} INFO - Processing file /opt/airflow/dags/api_pipeline_dag.py for tasks to queue
[2026-01-09T16:06:44.152+0000] {logging_mixin.py:188} INFO - [2026-01-09T16:06:44.151+0000] {dagbag.py:540} INFO - Filling up the DagBag from /opt/airflow/dags/api_pipeline_dag.py
[2026-01-09T16:06:44.562+0000] {processor.py:840} INFO - DAG(s) 'api_data_pipeline' retrieved from /opt/airflow/dags/api_pipeline_dag.py
[2026-01-09T16:06:44.596+0000] {logging_mixin.py:188} INFO - [2026-01-09T16:06:44.595+0000] {dag.py:3047} INFO - Sync 1 DAGs
[2026-01-09T16:06:44.609+0000] {logging_mixin.py:188} INFO - [2026-01-09T16:06:44.609+0000] {dag.py:3834} INFO - Setting next_dagrun for api_data_pipeline to None, run_after=None
[2026-01-09T16:06:44.632+0000] {processor.py:183} INFO - Processing /opt/airflow/dags/api_pipeline_dag.py took 0.486 seconds
[2026-01-09T16:07:15.027+0000] {processor.py:161} INFO - Started process (PID=398) to work on /opt/airflow/dags/api_pipeline_dag.py
[2026-01-09T16:07:15.028+0000] {processor.py:830} INFO - Processing file /opt/airflow/dags/api_pipeline_dag.py for tasks to queue
[2026-01-09T16:07:15.029+0000] {logging_mixin.py:188} INFO - [2026-01-09T16:07:15.029+0000] {dagbag.py:540} INFO - Filling up the DagBag from /opt/airflow/dags/api_pipeline_dag.py
[2026-01-09T16:07:15.418+0000] {processor.py:840} INFO - DAG(s) 'api_data_pipeline' retrieved from /opt/airflow/dags/api_pipeline_dag.py
[2026-01-09T16:07:15.451+0000] {logging_mixin.py:188} INFO - [2026-01-09T16:07:15.450+0000] {dag.py:3047} INFO - Sync 1 DAGs
[2026-01-09T16:07:15.469+0000] {logging_mixin.py:188} INFO - [2026-01-09T16:07:15.469+0000] {dag.py:3834} INFO - Setting next_dagrun for api_data_pipeline to None, run_after=None
[2026-01-09T16:07:15.508+0000] {processor.py:183} INFO - Processing /opt/airflow/dags/api_pipeline_dag.py took 0.484 seconds
[2026-01-09T16:07:45.898+0000] {processor.py:161} INFO - Started process (PID=420) to work on /opt/airflow/dags/api_pipeline_dag.py
[2026-01-09T16:07:45.899+0000] {processor.py:830} INFO - Processing file /opt/airflow/dags/api_pipeline_dag.py for tasks to queue
[2026-01-09T16:07:45.900+0000] {logging_mixin.py:188} INFO - [2026-01-09T16:07:45.900+0000] {dagbag.py:540} INFO - Filling up the DagBag from /opt/airflow/dags/api_pipeline_dag.py
[2026-01-09T16:07:46.288+0000] {processor.py:840} INFO - DAG(s) 'api_data_pipeline' retrieved from /opt/airflow/dags/api_pipeline_dag.py
[2026-01-09T16:07:46.322+0000] {logging_mixin.py:188} INFO - [2026-01-09T16:07:46.321+0000] {dag.py:3047} INFO - Sync 1 DAGs
[2026-01-09T16:07:46.336+0000] {logging_mixin.py:188} INFO - [2026-01-09T16:07:46.335+0000] {dag.py:3834} INFO - Setting next_dagrun for api_data_pipeline to None, run_after=None
[2026-01-09T16:07:46.358+0000] {processor.py:183} INFO - Processing /opt/airflow/dags/api_pipeline_dag.py took 0.464 seconds
[2026-01-09T16:08:16.745+0000] {processor.py:161} INFO - Started process (PID=442) to work on /opt/airflow/dags/api_pipeline_dag.py
[2026-01-09T16:08:16.746+0000] {processor.py:830} INFO - Processing file /opt/airflow/dags/api_pipeline_dag.py for tasks to queue
[2026-01-09T16:08:16.747+0000] {logging_mixin.py:188} INFO - [2026-01-09T16:08:16.747+0000] {dagbag.py:540} INFO - Filling up the DagBag from /opt/airflow/dags/api_pipeline_dag.py
[2026-01-09T16:08:17.161+0000] {processor.py:840} INFO - DAG(s) 'api_data_pipeline' retrieved from /opt/airflow/dags/api_pipeline_dag.py
[2026-01-09T16:08:17.197+0000] {logging_mixin.py:188} INFO - [2026-01-09T16:08:17.196+0000] {dag.py:3047} INFO - Sync 1 DAGs
[2026-01-09T16:08:17.211+0000] {logging_mixin.py:188} INFO - [2026-01-09T16:08:17.211+0000] {dag.py:3834} INFO - Setting next_dagrun for api_data_pipeline to None, run_after=None
[2026-01-09T16:08:17.231+0000] {processor.py:183} INFO - Processing /opt/airflow/dags/api_pipeline_dag.py took 0.491 seconds
[2026-01-09T16:08:47.650+0000] {processor.py:161} INFO - Started process (PID=464) to work on /opt/airflow/dags/api_pipeline_dag.py
[2026-01-09T16:08:47.651+0000] {processor.py:830} INFO - Processing file /opt/airflow/dags/api_pipeline_dag.py for tasks to queue
[2026-01-09T16:08:47.652+0000] {logging_mixin.py:188} INFO - [2026-01-09T16:08:47.652+0000] {dagbag.py:540} INFO - Filling up the DagBag from /opt/airflow/dags/api_pipeline_dag.py
[2026-01-09T16:08:48.049+0000] {processor.py:840} INFO - DAG(s) 'api_data_pipeline' retrieved from /opt/airflow/dags/api_pipeline_dag.py
[2026-01-09T16:08:48.083+0000] {logging_mixin.py:188} INFO - [2026-01-09T16:08:48.082+0000] {dag.py:3047} INFO - Sync 1 DAGs
[2026-01-09T16:08:48.097+0000] {logging_mixin.py:188} INFO - [2026-01-09T16:08:48.097+0000] {dag.py:3834} INFO - Setting next_dagrun for api_data_pipeline to None, run_after=None
[2026-01-09T16:08:48.136+0000] {processor.py:183} INFO - Processing /opt/airflow/dags/api_pipeline_dag.py took 0.489 seconds
[2026-01-09T16:09:18.611+0000] {processor.py:161} INFO - Started process (PID=486) to work on /opt/airflow/dags/api_pipeline_dag.py
[2026-01-09T16:09:18.612+0000] {processor.py:830} INFO - Processing file /opt/airflow/dags/api_pipeline_dag.py for tasks to queue
[2026-01-09T16:09:18.613+0000] {logging_mixin.py:188} INFO - [2026-01-09T16:09:18.613+0000] {dagbag.py:540} INFO - Filling up the DagBag from /opt/airflow/dags/api_pipeline_dag.py
[2026-01-09T16:09:19.009+0000] {processor.py:840} INFO - DAG(s) 'api_data_pipeline' retrieved from /opt/airflow/dags/api_pipeline_dag.py
[2026-01-09T16:09:19.044+0000] {logging_mixin.py:188} INFO - [2026-01-09T16:09:19.043+0000] {dag.py:3047} INFO - Sync 1 DAGs
[2026-01-09T16:09:19.058+0000] {logging_mixin.py:188} INFO - [2026-01-09T16:09:19.057+0000] {dag.py:3834} INFO - Setting next_dagrun for api_data_pipeline to None, run_after=None
[2026-01-09T16:09:19.081+0000] {processor.py:183} INFO - Processing /opt/airflow/dags/api_pipeline_dag.py took 0.474 seconds
[2026-01-09T16:09:49.492+0000] {processor.py:161} INFO - Started process (PID=508) to work on /opt/airflow/dags/api_pipeline_dag.py
[2026-01-09T16:09:49.493+0000] {processor.py:830} INFO - Processing file /opt/airflow/dags/api_pipeline_dag.py for tasks to queue
[2026-01-09T16:09:49.494+0000] {logging_mixin.py:188} INFO - [2026-01-09T16:09:49.494+0000] {dagbag.py:540} INFO - Filling up the DagBag from /opt/airflow/dags/api_pipeline_dag.py
[2026-01-09T16:09:49.963+0000] {processor.py:840} INFO - DAG(s) 'api_data_pipeline' retrieved from /opt/airflow/dags/api_pipeline_dag.py
[2026-01-09T16:09:50.003+0000] {logging_mixin.py:188} INFO - [2026-01-09T16:09:50.002+0000] {dag.py:3047} INFO - Sync 1 DAGs
[2026-01-09T16:09:50.022+0000] {logging_mixin.py:188} INFO - [2026-01-09T16:09:50.022+0000] {dag.py:3834} INFO - Setting next_dagrun for api_data_pipeline to None, run_after=None
[2026-01-09T16:09:50.047+0000] {processor.py:183} INFO - Processing /opt/airflow/dags/api_pipeline_dag.py took 0.559 seconds
[2026-01-09T16:10:20.483+0000] {processor.py:161} INFO - Started process (PID=530) to work on /opt/airflow/dags/api_pipeline_dag.py
[2026-01-09T16:10:20.484+0000] {processor.py:830} INFO - Processing file /opt/airflow/dags/api_pipeline_dag.py for tasks to queue
[2026-01-09T16:10:20.485+0000] {logging_mixin.py:188} INFO - [2026-01-09T16:10:20.485+0000] {dagbag.py:540} INFO - Filling up the DagBag from /opt/airflow/dags/api_pipeline_dag.py
[2026-01-09T16:10:21.156+0000] {processor.py:840} INFO - DAG(s) 'api_data_pipeline' retrieved from /opt/airflow/dags/api_pipeline_dag.py
[2026-01-09T16:10:21.212+0000] {logging_mixin.py:188} INFO - [2026-01-09T16:10:21.209+0000] {dag.py:3047} INFO - Sync 1 DAGs
[2026-01-09T16:10:21.233+0000] {logging_mixin.py:188} INFO - [2026-01-09T16:10:21.233+0000] {dag.py:3834} INFO - Setting next_dagrun for api_data_pipeline to None, run_after=None
[2026-01-09T16:10:21.268+0000] {processor.py:183} INFO - Processing /opt/airflow/dags/api_pipeline_dag.py took 0.789 seconds
[2026-01-09T16:10:51.769+0000] {processor.py:161} INFO - Started process (PID=552) to work on /opt/airflow/dags/api_pipeline_dag.py
[2026-01-09T16:10:51.771+0000] {processor.py:830} INFO - Processing file /opt/airflow/dags/api_pipeline_dag.py for tasks to queue
[2026-01-09T16:10:51.772+0000] {logging_mixin.py:188} INFO - [2026-01-09T16:10:51.771+0000] {dagbag.py:540} INFO - Filling up the DagBag from /opt/airflow/dags/api_pipeline_dag.py
[2026-01-09T16:10:52.202+0000] {processor.py:840} INFO - DAG(s) 'api_data_pipeline' retrieved from /opt/airflow/dags/api_pipeline_dag.py
[2026-01-09T16:10:52.238+0000] {logging_mixin.py:188} INFO - [2026-01-09T16:10:52.238+0000] {dag.py:3047} INFO - Sync 1 DAGs
[2026-01-09T16:10:52.252+0000] {logging_mixin.py:188} INFO - [2026-01-09T16:10:52.252+0000] {dag.py:3834} INFO - Setting next_dagrun for api_data_pipeline to None, run_after=None
[2026-01-09T16:10:52.274+0000] {processor.py:183} INFO - Processing /opt/airflow/dags/api_pipeline_dag.py took 0.508 seconds
[2026-01-09T16:11:22.733+0000] {processor.py:161} INFO - Started process (PID=574) to work on /opt/airflow/dags/api_pipeline_dag.py
[2026-01-09T16:11:22.734+0000] {processor.py:830} INFO - Processing file /opt/airflow/dags/api_pipeline_dag.py for tasks to queue
[2026-01-09T16:11:22.735+0000] {logging_mixin.py:188} INFO - [2026-01-09T16:11:22.734+0000] {dagbag.py:540} INFO - Filling up the DagBag from /opt/airflow/dags/api_pipeline_dag.py
[2026-01-09T16:11:23.123+0000] {processor.py:840} INFO - DAG(s) 'api_data_pipeline' retrieved from /opt/airflow/dags/api_pipeline_dag.py
[2026-01-09T16:11:23.158+0000] {logging_mixin.py:188} INFO - [2026-01-09T16:11:23.157+0000] {dag.py:3047} INFO - Sync 1 DAGs
[2026-01-09T16:11:23.171+0000] {logging_mixin.py:188} INFO - [2026-01-09T16:11:23.171+0000] {dag.py:3834} INFO - Setting next_dagrun for api_data_pipeline to None, run_after=None
[2026-01-09T16:11:23.206+0000] {processor.py:183} INFO - Processing /opt/airflow/dags/api_pipeline_dag.py took 0.477 seconds
[2026-01-09T16:11:53.613+0000] {processor.py:161} INFO - Started process (PID=596) to work on /opt/airflow/dags/api_pipeline_dag.py
[2026-01-09T16:11:53.615+0000] {processor.py:830} INFO - Processing file /opt/airflow/dags/api_pipeline_dag.py for tasks to queue
[2026-01-09T16:11:53.616+0000] {logging_mixin.py:188} INFO - [2026-01-09T16:11:53.616+0000] {dagbag.py:540} INFO - Filling up the DagBag from /opt/airflow/dags/api_pipeline_dag.py
[2026-01-09T16:11:54.008+0000] {processor.py:840} INFO - DAG(s) 'api_data_pipeline' retrieved from /opt/airflow/dags/api_pipeline_dag.py
[2026-01-09T16:11:54.042+0000] {logging_mixin.py:188} INFO - [2026-01-09T16:11:54.042+0000] {dag.py:3047} INFO - Sync 1 DAGs
[2026-01-09T16:11:54.056+0000] {logging_mixin.py:188} INFO - [2026-01-09T16:11:54.056+0000] {dag.py:3834} INFO - Setting next_dagrun for api_data_pipeline to None, run_after=None
[2026-01-09T16:11:54.078+0000] {processor.py:183} INFO - Processing /opt/airflow/dags/api_pipeline_dag.py took 0.469 seconds
[2026-01-09T16:12:24.556+0000] {processor.py:161} INFO - Started process (PID=618) to work on /opt/airflow/dags/api_pipeline_dag.py
[2026-01-09T16:12:24.557+0000] {processor.py:830} INFO - Processing file /opt/airflow/dags/api_pipeline_dag.py for tasks to queue
[2026-01-09T16:12:24.558+0000] {logging_mixin.py:188} INFO - [2026-01-09T16:12:24.557+0000] {dagbag.py:540} INFO - Filling up the DagBag from /opt/airflow/dags/api_pipeline_dag.py
[2026-01-09T16:12:24.991+0000] {processor.py:840} INFO - DAG(s) 'api_data_pipeline' retrieved from /opt/airflow/dags/api_pipeline_dag.py
[2026-01-09T16:12:25.028+0000] {logging_mixin.py:188} INFO - [2026-01-09T16:12:25.027+0000] {dag.py:3047} INFO - Sync 1 DAGs
[2026-01-09T16:12:25.042+0000] {logging_mixin.py:188} INFO - [2026-01-09T16:12:25.042+0000] {dag.py:3834} INFO - Setting next_dagrun for api_data_pipeline to None, run_after=None
[2026-01-09T16:12:25.070+0000] {processor.py:183} INFO - Processing /opt/airflow/dags/api_pipeline_dag.py took 0.518 seconds
[2026-01-09T16:12:55.479+0000] {processor.py:161} INFO - Started process (PID=640) to work on /opt/airflow/dags/api_pipeline_dag.py
[2026-01-09T16:12:55.481+0000] {processor.py:830} INFO - Processing file /opt/airflow/dags/api_pipeline_dag.py for tasks to queue
[2026-01-09T16:12:55.483+0000] {logging_mixin.py:188} INFO - [2026-01-09T16:12:55.482+0000] {dagbag.py:540} INFO - Filling up the DagBag from /opt/airflow/dags/api_pipeline_dag.py
[2026-01-09T16:12:55.882+0000] {processor.py:840} INFO - DAG(s) 'api_data_pipeline' retrieved from /opt/airflow/dags/api_pipeline_dag.py
[2026-01-09T16:12:55.916+0000] {logging_mixin.py:188} INFO - [2026-01-09T16:12:55.915+0000] {dag.py:3047} INFO - Sync 1 DAGs
[2026-01-09T16:12:55.930+0000] {logging_mixin.py:188} INFO - [2026-01-09T16:12:55.929+0000] {dag.py:3834} INFO - Setting next_dagrun for api_data_pipeline to None, run_after=None
[2026-01-09T16:12:55.950+0000] {processor.py:183} INFO - Processing /opt/airflow/dags/api_pipeline_dag.py took 0.474 seconds
[2026-01-09T16:13:26.409+0000] {processor.py:161} INFO - Started process (PID=662) to work on /opt/airflow/dags/api_pipeline_dag.py
[2026-01-09T16:13:26.410+0000] {processor.py:830} INFO - Processing file /opt/airflow/dags/api_pipeline_dag.py for tasks to queue
[2026-01-09T16:13:26.411+0000] {logging_mixin.py:188} INFO - [2026-01-09T16:13:26.410+0000] {dagbag.py:540} INFO - Filling up the DagBag from /opt/airflow/dags/api_pipeline_dag.py
[2026-01-09T16:13:26.820+0000] {processor.py:840} INFO - DAG(s) 'api_data_pipeline' retrieved from /opt/airflow/dags/api_pipeline_dag.py
[2026-01-09T16:13:26.874+0000] {logging_mixin.py:188} INFO - [2026-01-09T16:13:26.873+0000] {dag.py:3047} INFO - Sync 1 DAGs
[2026-01-09T16:13:26.889+0000] {logging_mixin.py:188} INFO - [2026-01-09T16:13:26.888+0000] {dag.py:3834} INFO - Setting next_dagrun for api_data_pipeline to None, run_after=None
[2026-01-09T16:13:26.917+0000] {processor.py:183} INFO - Processing /opt/airflow/dags/api_pipeline_dag.py took 0.512 seconds
[2026-01-09T16:13:57.349+0000] {processor.py:161} INFO - Started process (PID=684) to work on /opt/airflow/dags/api_pipeline_dag.py
[2026-01-09T16:13:57.351+0000] {processor.py:830} INFO - Processing file /opt/airflow/dags/api_pipeline_dag.py for tasks to queue
[2026-01-09T16:13:57.352+0000] {logging_mixin.py:188} INFO - [2026-01-09T16:13:57.352+0000] {dagbag.py:540} INFO - Filling up the DagBag from /opt/airflow/dags/api_pipeline_dag.py
[2026-01-09T16:13:57.738+0000] {processor.py:840} INFO - DAG(s) 'api_data_pipeline' retrieved from /opt/airflow/dags/api_pipeline_dag.py
[2026-01-09T16:13:57.772+0000] {logging_mixin.py:188} INFO - [2026-01-09T16:13:57.771+0000] {dag.py:3047} INFO - Sync 1 DAGs
[2026-01-09T16:13:57.787+0000] {logging_mixin.py:188} INFO - [2026-01-09T16:13:57.786+0000] {dag.py:3834} INFO - Setting next_dagrun for api_data_pipeline to None, run_after=None
[2026-01-09T16:13:57.808+0000] {processor.py:183} INFO - Processing /opt/airflow/dags/api_pipeline_dag.py took 0.463 seconds
[2026-01-09T16:14:28.205+0000] {processor.py:161} INFO - Started process (PID=706) to work on /opt/airflow/dags/api_pipeline_dag.py
[2026-01-09T16:14:28.206+0000] {processor.py:830} INFO - Processing file /opt/airflow/dags/api_pipeline_dag.py for tasks to queue
[2026-01-09T16:14:28.207+0000] {logging_mixin.py:188} INFO - [2026-01-09T16:14:28.207+0000] {dagbag.py:540} INFO - Filling up the DagBag from /opt/airflow/dags/api_pipeline_dag.py
[2026-01-09T16:14:28.610+0000] {processor.py:840} INFO - DAG(s) 'api_data_pipeline' retrieved from /opt/airflow/dags/api_pipeline_dag.py
[2026-01-09T16:14:28.651+0000] {logging_mixin.py:188} INFO - [2026-01-09T16:14:28.651+0000] {dag.py:3047} INFO - Sync 1 DAGs
[2026-01-09T16:14:28.672+0000] {logging_mixin.py:188} INFO - [2026-01-09T16:14:28.672+0000] {dag.py:3834} INFO - Setting next_dagrun for api_data_pipeline to None, run_after=None
[2026-01-09T16:14:28.709+0000] {processor.py:183} INFO - Processing /opt/airflow/dags/api_pipeline_dag.py took 0.508 seconds
[2026-01-09T16:14:59.212+0000] {processor.py:161} INFO - Started process (PID=728) to work on /opt/airflow/dags/api_pipeline_dag.py
[2026-01-09T16:14:59.213+0000] {processor.py:830} INFO - Processing file /opt/airflow/dags/api_pipeline_dag.py for tasks to queue
[2026-01-09T16:14:59.214+0000] {logging_mixin.py:188} INFO - [2026-01-09T16:14:59.214+0000] {dagbag.py:540} INFO - Filling up the DagBag from /opt/airflow/dags/api_pipeline_dag.py
[2026-01-09T16:14:59.618+0000] {processor.py:840} INFO - DAG(s) 'api_data_pipeline' retrieved from /opt/airflow/dags/api_pipeline_dag.py
[2026-01-09T16:14:59.654+0000] {logging_mixin.py:188} INFO - [2026-01-09T16:14:59.653+0000] {dag.py:3047} INFO - Sync 1 DAGs
[2026-01-09T16:14:59.668+0000] {logging_mixin.py:188} INFO - [2026-01-09T16:14:59.668+0000] {dag.py:3834} INFO - Setting next_dagrun for api_data_pipeline to None, run_after=None
[2026-01-09T16:14:59.693+0000] {processor.py:183} INFO - Processing /opt/airflow/dags/api_pipeline_dag.py took 0.484 seconds
[2026-01-09T16:15:30.166+0000] {processor.py:161} INFO - Started process (PID=750) to work on /opt/airflow/dags/api_pipeline_dag.py
[2026-01-09T16:15:30.168+0000] {processor.py:830} INFO - Processing file /opt/airflow/dags/api_pipeline_dag.py for tasks to queue
[2026-01-09T16:15:30.169+0000] {logging_mixin.py:188} INFO - [2026-01-09T16:15:30.169+0000] {dagbag.py:540} INFO - Filling up the DagBag from /opt/airflow/dags/api_pipeline_dag.py
[2026-01-09T16:15:30.612+0000] {processor.py:840} INFO - DAG(s) 'api_data_pipeline' retrieved from /opt/airflow/dags/api_pipeline_dag.py
[2026-01-09T16:15:30.645+0000] {logging_mixin.py:188} INFO - [2026-01-09T16:15:30.645+0000] {dag.py:3047} INFO - Sync 1 DAGs
[2026-01-09T16:15:30.660+0000] {logging_mixin.py:188} INFO - [2026-01-09T16:15:30.660+0000] {dag.py:3834} INFO - Setting next_dagrun for api_data_pipeline to None, run_after=None
[2026-01-09T16:15:30.682+0000] {processor.py:183} INFO - Processing /opt/airflow/dags/api_pipeline_dag.py took 0.520 seconds
[2026-01-09T16:16:01.118+0000] {processor.py:161} INFO - Started process (PID=772) to work on /opt/airflow/dags/api_pipeline_dag.py
[2026-01-09T16:16:01.120+0000] {processor.py:830} INFO - Processing file /opt/airflow/dags/api_pipeline_dag.py for tasks to queue
[2026-01-09T16:16:01.121+0000] {logging_mixin.py:188} INFO - [2026-01-09T16:16:01.121+0000] {dagbag.py:540} INFO - Filling up the DagBag from /opt/airflow/dags/api_pipeline_dag.py
[2026-01-09T16:16:01.536+0000] {processor.py:840} INFO - DAG(s) 'api_data_pipeline' retrieved from /opt/airflow/dags/api_pipeline_dag.py
[2026-01-09T16:16:01.571+0000] {logging_mixin.py:188} INFO - [2026-01-09T16:16:01.569+0000] {dag.py:3047} INFO - Sync 1 DAGs
[2026-01-09T16:16:01.585+0000] {logging_mixin.py:188} INFO - [2026-01-09T16:16:01.585+0000] {dag.py:3834} INFO - Setting next_dagrun for api_data_pipeline to None, run_after=None
[2026-01-09T16:16:01.607+0000] {processor.py:183} INFO - Processing /opt/airflow/dags/api_pipeline_dag.py took 0.493 seconds
[2026-01-09T16:16:32.023+0000] {processor.py:161} INFO - Started process (PID=794) to work on /opt/airflow/dags/api_pipeline_dag.py
[2026-01-09T16:16:32.024+0000] {processor.py:830} INFO - Processing file /opt/airflow/dags/api_pipeline_dag.py for tasks to queue
[2026-01-09T16:16:32.025+0000] {logging_mixin.py:188} INFO - [2026-01-09T16:16:32.025+0000] {dagbag.py:540} INFO - Filling up the DagBag from /opt/airflow/dags/api_pipeline_dag.py
[2026-01-09T16:16:32.431+0000] {processor.py:840} INFO - DAG(s) 'api_data_pipeline' retrieved from /opt/airflow/dags/api_pipeline_dag.py
[2026-01-09T16:16:32.468+0000] {logging_mixin.py:188} INFO - [2026-01-09T16:16:32.468+0000] {dag.py:3047} INFO - Sync 1 DAGs
[2026-01-09T16:16:32.485+0000] {logging_mixin.py:188} INFO - [2026-01-09T16:16:32.485+0000] {dag.py:3834} INFO - Setting next_dagrun for api_data_pipeline to None, run_after=None
[2026-01-09T16:16:32.532+0000] {processor.py:183} INFO - Processing /opt/airflow/dags/api_pipeline_dag.py took 0.514 seconds
[2026-01-09T16:17:02.956+0000] {processor.py:161} INFO - Started process (PID=816) to work on /opt/airflow/dags/api_pipeline_dag.py
[2026-01-09T16:17:02.957+0000] {processor.py:830} INFO - Processing file /opt/airflow/dags/api_pipeline_dag.py for tasks to queue
[2026-01-09T16:17:02.958+0000] {logging_mixin.py:188} INFO - [2026-01-09T16:17:02.958+0000] {dagbag.py:540} INFO - Filling up the DagBag from /opt/airflow/dags/api_pipeline_dag.py
[2026-01-09T16:17:03.341+0000] {processor.py:840} INFO - DAG(s) 'api_data_pipeline' retrieved from /opt/airflow/dags/api_pipeline_dag.py
[2026-01-09T16:17:03.374+0000] {logging_mixin.py:188} INFO - [2026-01-09T16:17:03.374+0000] {dag.py:3047} INFO - Sync 1 DAGs
[2026-01-09T16:17:03.388+0000] {logging_mixin.py:188} INFO - [2026-01-09T16:17:03.388+0000] {dag.py:3834} INFO - Setting next_dagrun for api_data_pipeline to None, run_after=None
[2026-01-09T16:17:03.428+0000] {processor.py:183} INFO - Processing /opt/airflow/dags/api_pipeline_dag.py took 0.476 seconds
[2026-01-09T16:17:33.843+0000] {processor.py:161} INFO - Started process (PID=838) to work on /opt/airflow/dags/api_pipeline_dag.py
[2026-01-09T16:17:33.845+0000] {processor.py:830} INFO - Processing file /opt/airflow/dags/api_pipeline_dag.py for tasks to queue
[2026-01-09T16:17:33.846+0000] {logging_mixin.py:188} INFO - [2026-01-09T16:17:33.845+0000] {dagbag.py:540} INFO - Filling up the DagBag from /opt/airflow/dags/api_pipeline_dag.py
[2026-01-09T16:17:34.243+0000] {processor.py:840} INFO - DAG(s) 'api_data_pipeline' retrieved from /opt/airflow/dags/api_pipeline_dag.py
[2026-01-09T16:17:34.276+0000] {logging_mixin.py:188} INFO - [2026-01-09T16:17:34.276+0000] {dag.py:3047} INFO - Sync 1 DAGs
[2026-01-09T16:17:34.290+0000] {logging_mixin.py:188} INFO - [2026-01-09T16:17:34.289+0000] {dag.py:3834} INFO - Setting next_dagrun for api_data_pipeline to None, run_after=None
[2026-01-09T16:17:34.310+0000] {processor.py:183} INFO - Processing /opt/airflow/dags/api_pipeline_dag.py took 0.471 seconds
[2026-01-09T16:18:04.827+0000] {processor.py:161} INFO - Started process (PID=860) to work on /opt/airflow/dags/api_pipeline_dag.py
[2026-01-09T16:18:04.829+0000] {processor.py:830} INFO - Processing file /opt/airflow/dags/api_pipeline_dag.py for tasks to queue
[2026-01-09T16:18:04.829+0000] {logging_mixin.py:188} INFO - [2026-01-09T16:18:04.829+0000] {dagbag.py:540} INFO - Filling up the DagBag from /opt/airflow/dags/api_pipeline_dag.py
[2026-01-09T16:18:05.219+0000] {processor.py:840} INFO - DAG(s) 'api_data_pipeline' retrieved from /opt/airflow/dags/api_pipeline_dag.py
[2026-01-09T16:18:05.253+0000] {logging_mixin.py:188} INFO - [2026-01-09T16:18:05.252+0000] {dag.py:3047} INFO - Sync 1 DAGs
[2026-01-09T16:18:05.268+0000] {logging_mixin.py:188} INFO - [2026-01-09T16:18:05.268+0000] {dag.py:3834} INFO - Setting next_dagrun for api_data_pipeline to None, run_after=None
[2026-01-09T16:18:05.290+0000] {processor.py:183} INFO - Processing /opt/airflow/dags/api_pipeline_dag.py took 0.466 seconds
[2026-01-09T16:18:35.803+0000] {processor.py:161} INFO - Started process (PID=882) to work on /opt/airflow/dags/api_pipeline_dag.py
[2026-01-09T16:18:35.805+0000] {processor.py:830} INFO - Processing file /opt/airflow/dags/api_pipeline_dag.py for tasks to queue
[2026-01-09T16:18:35.806+0000] {logging_mixin.py:188} INFO - [2026-01-09T16:18:35.806+0000] {dagbag.py:540} INFO - Filling up the DagBag from /opt/airflow/dags/api_pipeline_dag.py
[2026-01-09T16:18:36.387+0000] {processor.py:840} INFO - DAG(s) 'api_data_pipeline' retrieved from /opt/airflow/dags/api_pipeline_dag.py
[2026-01-09T16:18:36.488+0000] {logging_mixin.py:188} INFO - [2026-01-09T16:18:36.487+0000] {dag.py:3047} INFO - Sync 1 DAGs
[2026-01-09T16:18:36.514+0000] {logging_mixin.py:188} INFO - [2026-01-09T16:18:36.514+0000] {dag.py:3834} INFO - Setting next_dagrun for api_data_pipeline to None, run_after=None
[2026-01-09T16:18:36.550+0000] {processor.py:183} INFO - Processing /opt/airflow/dags/api_pipeline_dag.py took 0.751 seconds
[2026-01-09T16:19:07.084+0000] {processor.py:161} INFO - Started process (PID=904) to work on /opt/airflow/dags/api_pipeline_dag.py
[2026-01-09T16:19:07.085+0000] {processor.py:830} INFO - Processing file /opt/airflow/dags/api_pipeline_dag.py for tasks to queue
[2026-01-09T16:19:07.086+0000] {logging_mixin.py:188} INFO - [2026-01-09T16:19:07.085+0000] {dagbag.py:540} INFO - Filling up the DagBag from /opt/airflow/dags/api_pipeline_dag.py
[2026-01-09T16:19:07.484+0000] {processor.py:840} INFO - DAG(s) 'api_data_pipeline' retrieved from /opt/airflow/dags/api_pipeline_dag.py
[2026-01-09T16:19:07.516+0000] {logging_mixin.py:188} INFO - [2026-01-09T16:19:07.515+0000] {dag.py:3047} INFO - Sync 1 DAGs
[2026-01-09T16:19:07.529+0000] {logging_mixin.py:188} INFO - [2026-01-09T16:19:07.529+0000] {dag.py:3834} INFO - Setting next_dagrun for api_data_pipeline to None, run_after=None
[2026-01-09T16:19:07.549+0000] {processor.py:183} INFO - Processing /opt/airflow/dags/api_pipeline_dag.py took 0.470 seconds
[2026-01-09T16:19:37.962+0000] {processor.py:161} INFO - Started process (PID=926) to work on /opt/airflow/dags/api_pipeline_dag.py
[2026-01-09T16:19:37.963+0000] {processor.py:830} INFO - Processing file /opt/airflow/dags/api_pipeline_dag.py for tasks to queue
[2026-01-09T16:19:37.965+0000] {logging_mixin.py:188} INFO - [2026-01-09T16:19:37.964+0000] {dagbag.py:540} INFO - Filling up the DagBag from /opt/airflow/dags/api_pipeline_dag.py
[2026-01-09T16:19:38.356+0000] {processor.py:840} INFO - DAG(s) 'api_data_pipeline' retrieved from /opt/airflow/dags/api_pipeline_dag.py
[2026-01-09T16:19:38.389+0000] {logging_mixin.py:188} INFO - [2026-01-09T16:19:38.389+0000] {dag.py:3047} INFO - Sync 1 DAGs
[2026-01-09T16:19:38.404+0000] {logging_mixin.py:188} INFO - [2026-01-09T16:19:38.404+0000] {dag.py:3834} INFO - Setting next_dagrun for api_data_pipeline to None, run_after=None
[2026-01-09T16:19:38.425+0000] {processor.py:183} INFO - Processing /opt/airflow/dags/api_pipeline_dag.py took 0.467 seconds
[2026-01-09T16:20:08.821+0000] {processor.py:161} INFO - Started process (PID=948) to work on /opt/airflow/dags/api_pipeline_dag.py
[2026-01-09T16:20:08.823+0000] {processor.py:830} INFO - Processing file /opt/airflow/dags/api_pipeline_dag.py for tasks to queue
[2026-01-09T16:20:08.824+0000] {logging_mixin.py:188} INFO - [2026-01-09T16:20:08.823+0000] {dagbag.py:540} INFO - Filling up the DagBag from /opt/airflow/dags/api_pipeline_dag.py
[2026-01-09T16:20:09.281+0000] {processor.py:840} INFO - DAG(s) 'api_data_pipeline' retrieved from /opt/airflow/dags/api_pipeline_dag.py
[2026-01-09T16:20:09.320+0000] {logging_mixin.py:188} INFO - [2026-01-09T16:20:09.319+0000] {dag.py:3047} INFO - Sync 1 DAGs
[2026-01-09T16:20:09.334+0000] {logging_mixin.py:188} INFO - [2026-01-09T16:20:09.334+0000] {dag.py:3834} INFO - Setting next_dagrun for api_data_pipeline to None, run_after=None
[2026-01-09T16:20:09.358+0000] {processor.py:183} INFO - Processing /opt/airflow/dags/api_pipeline_dag.py took 0.540 seconds
[2026-01-09T16:20:39.770+0000] {processor.py:161} INFO - Started process (PID=970) to work on /opt/airflow/dags/api_pipeline_dag.py
[2026-01-09T16:20:39.771+0000] {processor.py:830} INFO - Processing file /opt/airflow/dags/api_pipeline_dag.py for tasks to queue
[2026-01-09T16:20:39.772+0000] {logging_mixin.py:188} INFO - [2026-01-09T16:20:39.772+0000] {dagbag.py:540} INFO - Filling up the DagBag from /opt/airflow/dags/api_pipeline_dag.py
[2026-01-09T16:20:40.150+0000] {processor.py:840} INFO - DAG(s) 'api_data_pipeline' retrieved from /opt/airflow/dags/api_pipeline_dag.py
[2026-01-09T16:20:40.183+0000] {logging_mixin.py:188} INFO - [2026-01-09T16:20:40.182+0000] {dag.py:3047} INFO - Sync 1 DAGs
[2026-01-09T16:20:40.196+0000] {logging_mixin.py:188} INFO - [2026-01-09T16:20:40.196+0000] {dag.py:3834} INFO - Setting next_dagrun for api_data_pipeline to None, run_after=None
[2026-01-09T16:20:40.218+0000] {processor.py:183} INFO - Processing /opt/airflow/dags/api_pipeline_dag.py took 0.451 seconds
[2026-01-09T16:21:10.697+0000] {processor.py:161} INFO - Started process (PID=992) to work on /opt/airflow/dags/api_pipeline_dag.py
[2026-01-09T16:21:10.698+0000] {processor.py:830} INFO - Processing file /opt/airflow/dags/api_pipeline_dag.py for tasks to queue
[2026-01-09T16:21:10.699+0000] {logging_mixin.py:188} INFO - [2026-01-09T16:21:10.699+0000] {dagbag.py:540} INFO - Filling up the DagBag from /opt/airflow/dags/api_pipeline_dag.py
[2026-01-09T16:21:11.127+0000] {processor.py:840} INFO - DAG(s) 'api_data_pipeline' retrieved from /opt/airflow/dags/api_pipeline_dag.py
[2026-01-09T16:21:11.168+0000] {logging_mixin.py:188} INFO - [2026-01-09T16:21:11.168+0000] {dag.py:3047} INFO - Sync 1 DAGs
[2026-01-09T16:21:11.191+0000] {logging_mixin.py:188} INFO - [2026-01-09T16:21:11.191+0000] {dag.py:3834} INFO - Setting next_dagrun for api_data_pipeline to None, run_after=None
[2026-01-09T16:21:11.222+0000] {processor.py:183} INFO - Processing /opt/airflow/dags/api_pipeline_dag.py took 0.528 seconds
[2026-01-09T16:21:41.704+0000] {processor.py:161} INFO - Started process (PID=1014) to work on /opt/airflow/dags/api_pipeline_dag.py
[2026-01-09T16:21:41.705+0000] {processor.py:830} INFO - Processing file /opt/airflow/dags/api_pipeline_dag.py for tasks to queue
[2026-01-09T16:21:41.706+0000] {logging_mixin.py:188} INFO - [2026-01-09T16:21:41.706+0000] {dagbag.py:540} INFO - Filling up the DagBag from /opt/airflow/dags/api_pipeline_dag.py
[2026-01-09T16:21:42.125+0000] {processor.py:840} INFO - DAG(s) 'api_data_pipeline' retrieved from /opt/airflow/dags/api_pipeline_dag.py
[2026-01-09T16:21:42.160+0000] {logging_mixin.py:188} INFO - [2026-01-09T16:21:42.160+0000] {dag.py:3047} INFO - Sync 1 DAGs
[2026-01-09T16:21:42.174+0000] {logging_mixin.py:188} INFO - [2026-01-09T16:21:42.174+0000] {dag.py:3834} INFO - Setting next_dagrun for api_data_pipeline to None, run_after=None
[2026-01-09T16:21:42.193+0000] {processor.py:183} INFO - Processing /opt/airflow/dags/api_pipeline_dag.py took 0.493 seconds
[2026-01-09T16:22:12.596+0000] {processor.py:161} INFO - Started process (PID=1036) to work on /opt/airflow/dags/api_pipeline_dag.py
[2026-01-09T16:22:12.597+0000] {processor.py:830} INFO - Processing file /opt/airflow/dags/api_pipeline_dag.py for tasks to queue
[2026-01-09T16:22:12.598+0000] {logging_mixin.py:188} INFO - [2026-01-09T16:22:12.598+0000] {dagbag.py:540} INFO - Filling up the DagBag from /opt/airflow/dags/api_pipeline_dag.py
[2026-01-09T16:22:12.989+0000] {processor.py:840} INFO - DAG(s) 'api_data_pipeline' retrieved from /opt/airflow/dags/api_pipeline_dag.py
[2026-01-09T16:22:13.022+0000] {logging_mixin.py:188} INFO - [2026-01-09T16:22:13.021+0000] {dag.py:3047} INFO - Sync 1 DAGs
[2026-01-09T16:22:13.036+0000] {logging_mixin.py:188} INFO - [2026-01-09T16:22:13.036+0000] {dag.py:3834} INFO - Setting next_dagrun for api_data_pipeline to None, run_after=None
[2026-01-09T16:22:13.057+0000] {processor.py:183} INFO - Processing /opt/airflow/dags/api_pipeline_dag.py took 0.465 seconds
[2026-01-09T16:22:43.475+0000] {processor.py:161} INFO - Started process (PID=1058) to work on /opt/airflow/dags/api_pipeline_dag.py
[2026-01-09T16:22:43.476+0000] {processor.py:830} INFO - Processing file /opt/airflow/dags/api_pipeline_dag.py for tasks to queue
[2026-01-09T16:22:43.477+0000] {logging_mixin.py:188} INFO - [2026-01-09T16:22:43.477+0000] {dagbag.py:540} INFO - Filling up the DagBag from /opt/airflow/dags/api_pipeline_dag.py
[2026-01-09T16:22:43.868+0000] {processor.py:840} INFO - DAG(s) 'api_data_pipeline' retrieved from /opt/airflow/dags/api_pipeline_dag.py
[2026-01-09T16:22:43.900+0000] {logging_mixin.py:188} INFO - [2026-01-09T16:22:43.900+0000] {dag.py:3047} INFO - Sync 1 DAGs
[2026-01-09T16:22:43.914+0000] {logging_mixin.py:188} INFO - [2026-01-09T16:22:43.914+0000] {dag.py:3834} INFO - Setting next_dagrun for api_data_pipeline to None, run_after=None
[2026-01-09T16:22:43.935+0000] {processor.py:183} INFO - Processing /opt/airflow/dags/api_pipeline_dag.py took 0.463 seconds
[2026-01-09T16:23:14.338+0000] {processor.py:161} INFO - Started process (PID=1080) to work on /opt/airflow/dags/api_pipeline_dag.py
[2026-01-09T16:23:14.339+0000] {processor.py:830} INFO - Processing file /opt/airflow/dags/api_pipeline_dag.py for tasks to queue
[2026-01-09T16:23:14.340+0000] {logging_mixin.py:188} INFO - [2026-01-09T16:23:14.339+0000] {dagbag.py:540} INFO - Filling up the DagBag from /opt/airflow/dags/api_pipeline_dag.py
[2026-01-09T16:23:14.717+0000] {processor.py:840} INFO - DAG(s) 'api_data_pipeline' retrieved from /opt/airflow/dags/api_pipeline_dag.py
[2026-01-09T16:23:14.751+0000] {logging_mixin.py:188} INFO - [2026-01-09T16:23:14.751+0000] {dag.py:3047} INFO - Sync 1 DAGs
[2026-01-09T16:23:14.767+0000] {logging_mixin.py:188} INFO - [2026-01-09T16:23:14.767+0000] {dag.py:3834} INFO - Setting next_dagrun for api_data_pipeline to None, run_after=None
[2026-01-09T16:23:14.791+0000] {processor.py:183} INFO - Processing /opt/airflow/dags/api_pipeline_dag.py took 0.458 seconds
[2026-01-09T16:23:45.263+0000] {processor.py:161} INFO - Started process (PID=1102) to work on /opt/airflow/dags/api_pipeline_dag.py
[2026-01-09T16:23:45.264+0000] {processor.py:830} INFO - Processing file /opt/airflow/dags/api_pipeline_dag.py for tasks to queue
[2026-01-09T16:23:45.266+0000] {logging_mixin.py:188} INFO - [2026-01-09T16:23:45.265+0000] {dagbag.py:540} INFO - Filling up the DagBag from /opt/airflow/dags/api_pipeline_dag.py
[2026-01-09T16:23:45.672+0000] {processor.py:840} INFO - DAG(s) 'api_data_pipeline' retrieved from /opt/airflow/dags/api_pipeline_dag.py
[2026-01-09T16:23:45.710+0000] {logging_mixin.py:188} INFO - [2026-01-09T16:23:45.709+0000] {dag.py:3047} INFO - Sync 1 DAGs
[2026-01-09T16:23:45.724+0000] {logging_mixin.py:188} INFO - [2026-01-09T16:23:45.724+0000] {dag.py:3834} INFO - Setting next_dagrun for api_data_pipeline to None, run_after=None
[2026-01-09T16:23:45.921+0000] {processor.py:183} INFO - Processing /opt/airflow/dags/api_pipeline_dag.py took 0.663 seconds
[2026-01-09T16:24:16.285+0000] {processor.py:161} INFO - Started process (PID=1124) to work on /opt/airflow/dags/api_pipeline_dag.py
[2026-01-09T16:24:16.286+0000] {processor.py:830} INFO - Processing file /opt/airflow/dags/api_pipeline_dag.py for tasks to queue
[2026-01-09T16:24:16.287+0000] {logging_mixin.py:188} INFO - [2026-01-09T16:24:16.286+0000] {dagbag.py:540} INFO - Filling up the DagBag from /opt/airflow/dags/api_pipeline_dag.py
[2026-01-09T16:24:16.653+0000] {processor.py:840} INFO - DAG(s) 'api_data_pipeline' retrieved from /opt/airflow/dags/api_pipeline_dag.py
[2026-01-09T16:24:16.685+0000] {logging_mixin.py:188} INFO - [2026-01-09T16:24:16.685+0000] {dag.py:3047} INFO - Sync 1 DAGs
[2026-01-09T16:24:16.700+0000] {logging_mixin.py:188} INFO - [2026-01-09T16:24:16.700+0000] {dag.py:3834} INFO - Setting next_dagrun for api_data_pipeline to None, run_after=None
[2026-01-09T16:24:16.722+0000] {processor.py:183} INFO - Processing /opt/airflow/dags/api_pipeline_dag.py took 0.441 seconds
[2026-01-09T16:24:47.107+0000] {processor.py:161} INFO - Started process (PID=1146) to work on /opt/airflow/dags/api_pipeline_dag.py
[2026-01-09T16:24:47.108+0000] {processor.py:830} INFO - Processing file /opt/airflow/dags/api_pipeline_dag.py for tasks to queue
[2026-01-09T16:24:47.109+0000] {logging_mixin.py:188} INFO - [2026-01-09T16:24:47.109+0000] {dagbag.py:540} INFO - Filling up the DagBag from /opt/airflow/dags/api_pipeline_dag.py
[2026-01-09T16:24:47.518+0000] {processor.py:840} INFO - DAG(s) 'api_data_pipeline' retrieved from /opt/airflow/dags/api_pipeline_dag.py
[2026-01-09T16:24:47.555+0000] {logging_mixin.py:188} INFO - [2026-01-09T16:24:47.555+0000] {dag.py:3047} INFO - Sync 1 DAGs
[2026-01-09T16:24:47.569+0000] {logging_mixin.py:188} INFO - [2026-01-09T16:24:47.569+0000] {dag.py:3834} INFO - Setting next_dagrun for api_data_pipeline to None, run_after=None
[2026-01-09T16:24:47.590+0000] {processor.py:183} INFO - Processing /opt/airflow/dags/api_pipeline_dag.py took 0.487 seconds
[2026-01-09T16:25:17.996+0000] {processor.py:161} INFO - Started process (PID=1168) to work on /opt/airflow/dags/api_pipeline_dag.py
[2026-01-09T16:25:17.997+0000] {processor.py:830} INFO - Processing file /opt/airflow/dags/api_pipeline_dag.py for tasks to queue
[2026-01-09T16:25:17.998+0000] {logging_mixin.py:188} INFO - [2026-01-09T16:25:17.998+0000] {dagbag.py:540} INFO - Filling up the DagBag from /opt/airflow/dags/api_pipeline_dag.py
[2026-01-09T16:25:18.424+0000] {processor.py:840} INFO - DAG(s) 'api_data_pipeline' retrieved from /opt/airflow/dags/api_pipeline_dag.py
[2026-01-09T16:25:18.460+0000] {logging_mixin.py:188} INFO - [2026-01-09T16:25:18.460+0000] {dag.py:3047} INFO - Sync 1 DAGs
[2026-01-09T16:25:18.474+0000] {logging_mixin.py:188} INFO - [2026-01-09T16:25:18.474+0000] {dag.py:3834} INFO - Setting next_dagrun for api_data_pipeline to None, run_after=None
[2026-01-09T16:25:18.495+0000] {processor.py:183} INFO - Processing /opt/airflow/dags/api_pipeline_dag.py took 0.503 seconds
[2026-01-09T16:25:48.894+0000] {processor.py:161} INFO - Started process (PID=1190) to work on /opt/airflow/dags/api_pipeline_dag.py
[2026-01-09T16:25:48.895+0000] {processor.py:830} INFO - Processing file /opt/airflow/dags/api_pipeline_dag.py for tasks to queue
[2026-01-09T16:25:48.896+0000] {logging_mixin.py:188} INFO - [2026-01-09T16:25:48.896+0000] {dagbag.py:540} INFO - Filling up the DagBag from /opt/airflow/dags/api_pipeline_dag.py
[2026-01-09T16:25:49.335+0000] {processor.py:840} INFO - DAG(s) 'api_data_pipeline' retrieved from /opt/airflow/dags/api_pipeline_dag.py
[2026-01-09T16:25:49.373+0000] {logging_mixin.py:188} INFO - [2026-01-09T16:25:49.372+0000] {dag.py:3047} INFO - Sync 1 DAGs
[2026-01-09T16:25:49.388+0000] {logging_mixin.py:188} INFO - [2026-01-09T16:25:49.388+0000] {dag.py:3834} INFO - Setting next_dagrun for api_data_pipeline to None, run_after=None
[2026-01-09T16:25:49.409+0000] {processor.py:183} INFO - Processing /opt/airflow/dags/api_pipeline_dag.py took 0.518 seconds
[2026-01-09T16:26:19.876+0000] {processor.py:161} INFO - Started process (PID=1212) to work on /opt/airflow/dags/api_pipeline_dag.py
[2026-01-09T16:26:19.878+0000] {processor.py:830} INFO - Processing file /opt/airflow/dags/api_pipeline_dag.py for tasks to queue
[2026-01-09T16:26:19.879+0000] {logging_mixin.py:188} INFO - [2026-01-09T16:26:19.879+0000] {dagbag.py:540} INFO - Filling up the DagBag from /opt/airflow/dags/api_pipeline_dag.py
[2026-01-09T16:26:20.300+0000] {processor.py:840} INFO - DAG(s) 'api_data_pipeline' retrieved from /opt/airflow/dags/api_pipeline_dag.py
[2026-01-09T16:26:20.342+0000] {logging_mixin.py:188} INFO - [2026-01-09T16:26:20.341+0000] {dag.py:3047} INFO - Sync 1 DAGs
[2026-01-09T16:26:20.356+0000] {logging_mixin.py:188} INFO - [2026-01-09T16:26:20.356+0000] {dag.py:3834} INFO - Setting next_dagrun for api_data_pipeline to None, run_after=None
[2026-01-09T16:26:20.401+0000] {processor.py:183} INFO - Processing /opt/airflow/dags/api_pipeline_dag.py took 0.529 seconds
[2026-01-09T16:26:50.873+0000] {processor.py:161} INFO - Started process (PID=1234) to work on /opt/airflow/dags/api_pipeline_dag.py
[2026-01-09T16:26:50.875+0000] {processor.py:830} INFO - Processing file /opt/airflow/dags/api_pipeline_dag.py for tasks to queue
[2026-01-09T16:26:50.876+0000] {logging_mixin.py:188} INFO - [2026-01-09T16:26:50.875+0000] {dagbag.py:540} INFO - Filling up the DagBag from /opt/airflow/dags/api_pipeline_dag.py
[2026-01-09T16:26:51.307+0000] {processor.py:840} INFO - DAG(s) 'api_data_pipeline' retrieved from /opt/airflow/dags/api_pipeline_dag.py
[2026-01-09T16:26:51.355+0000] {logging_mixin.py:188} INFO - [2026-01-09T16:26:51.354+0000] {dag.py:3047} INFO - Sync 1 DAGs
[2026-01-09T16:26:51.377+0000] {logging_mixin.py:188} INFO - [2026-01-09T16:26:51.376+0000] {dag.py:3834} INFO - Setting next_dagrun for api_data_pipeline to None, run_after=None
[2026-01-09T16:26:51.621+0000] {processor.py:183} INFO - Processing /opt/airflow/dags/api_pipeline_dag.py took 0.752 seconds
[2026-01-09T16:27:21.964+0000] {processor.py:161} INFO - Started process (PID=1256) to work on /opt/airflow/dags/api_pipeline_dag.py
[2026-01-09T16:27:21.965+0000] {processor.py:830} INFO - Processing file /opt/airflow/dags/api_pipeline_dag.py for tasks to queue
[2026-01-09T16:27:21.967+0000] {logging_mixin.py:188} INFO - [2026-01-09T16:27:21.966+0000] {dagbag.py:540} INFO - Filling up the DagBag from /opt/airflow/dags/api_pipeline_dag.py
[2026-01-09T16:27:22.627+0000] {processor.py:840} INFO - DAG(s) 'api_data_pipeline' retrieved from /opt/airflow/dags/api_pipeline_dag.py
[2026-01-09T16:27:22.667+0000] {logging_mixin.py:188} INFO - [2026-01-09T16:27:22.666+0000] {dag.py:3047} INFO - Sync 1 DAGs
[2026-01-09T16:27:22.681+0000] {logging_mixin.py:188} INFO - [2026-01-09T16:27:22.681+0000] {dag.py:3834} INFO - Setting next_dagrun for api_data_pipeline to None, run_after=None
[2026-01-09T16:27:22.703+0000] {processor.py:183} INFO - Processing /opt/airflow/dags/api_pipeline_dag.py took 0.743 seconds
[2026-01-09T16:27:53.121+0000] {processor.py:161} INFO - Started process (PID=1278) to work on /opt/airflow/dags/api_pipeline_dag.py
[2026-01-09T16:27:53.122+0000] {processor.py:830} INFO - Processing file /opt/airflow/dags/api_pipeline_dag.py for tasks to queue
[2026-01-09T16:27:53.124+0000] {logging_mixin.py:188} INFO - [2026-01-09T16:27:53.123+0000] {dagbag.py:540} INFO - Filling up the DagBag from /opt/airflow/dags/api_pipeline_dag.py
[2026-01-09T16:27:53.542+0000] {processor.py:840} INFO - DAG(s) 'api_data_pipeline' retrieved from /opt/airflow/dags/api_pipeline_dag.py
[2026-01-09T16:27:53.575+0000] {logging_mixin.py:188} INFO - [2026-01-09T16:27:53.574+0000] {dag.py:3047} INFO - Sync 1 DAGs
[2026-01-09T16:27:53.589+0000] {logging_mixin.py:188} INFO - [2026-01-09T16:27:53.589+0000] {dag.py:3834} INFO - Setting next_dagrun for api_data_pipeline to None, run_after=None
[2026-01-09T16:27:53.611+0000] {processor.py:183} INFO - Processing /opt/airflow/dags/api_pipeline_dag.py took 0.495 seconds
[2026-01-09T16:28:24.026+0000] {processor.py:161} INFO - Started process (PID=1300) to work on /opt/airflow/dags/api_pipeline_dag.py
[2026-01-09T16:28:24.028+0000] {processor.py:830} INFO - Processing file /opt/airflow/dags/api_pipeline_dag.py for tasks to queue
[2026-01-09T16:28:24.029+0000] {logging_mixin.py:188} INFO - [2026-01-09T16:28:24.029+0000] {dagbag.py:540} INFO - Filling up the DagBag from /opt/airflow/dags/api_pipeline_dag.py
[2026-01-09T16:28:24.423+0000] {processor.py:840} INFO - DAG(s) 'api_data_pipeline' retrieved from /opt/airflow/dags/api_pipeline_dag.py
[2026-01-09T16:28:24.458+0000] {logging_mixin.py:188} INFO - [2026-01-09T16:28:24.458+0000] {dag.py:3047} INFO - Sync 1 DAGs
[2026-01-09T16:28:24.472+0000] {logging_mixin.py:188} INFO - [2026-01-09T16:28:24.472+0000] {dag.py:3834} INFO - Setting next_dagrun for api_data_pipeline to None, run_after=None
[2026-01-09T16:28:24.492+0000] {processor.py:183} INFO - Processing /opt/airflow/dags/api_pipeline_dag.py took 0.470 seconds
[2026-01-09T16:28:54.990+0000] {processor.py:161} INFO - Started process (PID=1322) to work on /opt/airflow/dags/api_pipeline_dag.py
[2026-01-09T16:28:54.991+0000] {processor.py:830} INFO - Processing file /opt/airflow/dags/api_pipeline_dag.py for tasks to queue
[2026-01-09T16:28:54.992+0000] {logging_mixin.py:188} INFO - [2026-01-09T16:28:54.992+0000] {dagbag.py:540} INFO - Filling up the DagBag from /opt/airflow/dags/api_pipeline_dag.py
[2026-01-09T16:28:55.380+0000] {processor.py:840} INFO - DAG(s) 'api_data_pipeline' retrieved from /opt/airflow/dags/api_pipeline_dag.py
[2026-01-09T16:28:55.412+0000] {logging_mixin.py:188} INFO - [2026-01-09T16:28:55.412+0000] {dag.py:3047} INFO - Sync 1 DAGs
[2026-01-09T16:28:55.428+0000] {logging_mixin.py:188} INFO - [2026-01-09T16:28:55.428+0000] {dag.py:3834} INFO - Setting next_dagrun for api_data_pipeline to None, run_after=None
[2026-01-09T16:28:55.646+0000] {processor.py:183} INFO - Processing /opt/airflow/dags/api_pipeline_dag.py took 0.660 seconds
[2026-01-09T16:29:26.062+0000] {processor.py:161} INFO - Started process (PID=1344) to work on /opt/airflow/dags/api_pipeline_dag.py
[2026-01-09T16:29:26.063+0000] {processor.py:830} INFO - Processing file /opt/airflow/dags/api_pipeline_dag.py for tasks to queue
[2026-01-09T16:29:26.064+0000] {logging_mixin.py:188} INFO - [2026-01-09T16:29:26.064+0000] {dagbag.py:540} INFO - Filling up the DagBag from /opt/airflow/dags/api_pipeline_dag.py
[2026-01-09T16:29:26.499+0000] {processor.py:840} INFO - DAG(s) 'api_data_pipeline' retrieved from /opt/airflow/dags/api_pipeline_dag.py
[2026-01-09T16:29:26.536+0000] {logging_mixin.py:188} INFO - [2026-01-09T16:29:26.536+0000] {dag.py:3047} INFO - Sync 1 DAGs
[2026-01-09T16:29:26.556+0000] {logging_mixin.py:188} INFO - [2026-01-09T16:29:26.555+0000] {dag.py:3834} INFO - Setting next_dagrun for api_data_pipeline to None, run_after=None
[2026-01-09T16:29:26.801+0000] {processor.py:183} INFO - Processing /opt/airflow/dags/api_pipeline_dag.py took 0.743 seconds
[2026-01-09T16:29:57.085+0000] {processor.py:161} INFO - Started process (PID=1366) to work on /opt/airflow/dags/api_pipeline_dag.py
[2026-01-09T16:29:57.086+0000] {processor.py:830} INFO - Processing file /opt/airflow/dags/api_pipeline_dag.py for tasks to queue
[2026-01-09T16:29:57.087+0000] {logging_mixin.py:188} INFO - [2026-01-09T16:29:57.087+0000] {dagbag.py:540} INFO - Filling up the DagBag from /opt/airflow/dags/api_pipeline_dag.py
[2026-01-09T16:29:57.489+0000] {processor.py:840} INFO - DAG(s) 'api_data_pipeline' retrieved from /opt/airflow/dags/api_pipeline_dag.py
[2026-01-09T16:29:57.524+0000] {logging_mixin.py:188} INFO - [2026-01-09T16:29:57.523+0000] {dag.py:3047} INFO - Sync 1 DAGs
[2026-01-09T16:29:57.538+0000] {logging_mixin.py:188} INFO - [2026-01-09T16:29:57.538+0000] {dag.py:3834} INFO - Setting next_dagrun for api_data_pipeline to None, run_after=None
[2026-01-09T16:29:57.569+0000] {processor.py:183} INFO - Processing /opt/airflow/dags/api_pipeline_dag.py took 0.488 seconds
[2026-01-09T16:30:27.994+0000] {processor.py:161} INFO - Started process (PID=1388) to work on /opt/airflow/dags/api_pipeline_dag.py
[2026-01-09T16:30:27.995+0000] {processor.py:830} INFO - Processing file /opt/airflow/dags/api_pipeline_dag.py for tasks to queue
[2026-01-09T16:30:27.997+0000] {logging_mixin.py:188} INFO - [2026-01-09T16:30:27.996+0000] {dagbag.py:540} INFO - Filling up the DagBag from /opt/airflow/dags/api_pipeline_dag.py
[2026-01-09T16:30:28.417+0000] {processor.py:840} INFO - DAG(s) 'api_data_pipeline' retrieved from /opt/airflow/dags/api_pipeline_dag.py
[2026-01-09T16:30:28.453+0000] {logging_mixin.py:188} INFO - [2026-01-09T16:30:28.452+0000] {dag.py:3047} INFO - Sync 1 DAGs
[2026-01-09T16:30:28.467+0000] {logging_mixin.py:188} INFO - [2026-01-09T16:30:28.466+0000] {dag.py:3834} INFO - Setting next_dagrun for api_data_pipeline to None, run_after=None
[2026-01-09T16:30:28.487+0000] {processor.py:183} INFO - Processing /opt/airflow/dags/api_pipeline_dag.py took 0.498 seconds
[2026-01-09T16:30:58.905+0000] {processor.py:161} INFO - Started process (PID=1410) to work on /opt/airflow/dags/api_pipeline_dag.py
[2026-01-09T16:30:58.906+0000] {processor.py:830} INFO - Processing file /opt/airflow/dags/api_pipeline_dag.py for tasks to queue
[2026-01-09T16:30:58.907+0000] {logging_mixin.py:188} INFO - [2026-01-09T16:30:58.907+0000] {dagbag.py:540} INFO - Filling up the DagBag from /opt/airflow/dags/api_pipeline_dag.py
[2026-01-09T16:30:59.307+0000] {processor.py:840} INFO - DAG(s) 'api_data_pipeline' retrieved from /opt/airflow/dags/api_pipeline_dag.py
[2026-01-09T16:30:59.342+0000] {logging_mixin.py:188} INFO - [2026-01-09T16:30:59.341+0000] {dag.py:3047} INFO - Sync 1 DAGs
[2026-01-09T16:30:59.358+0000] {logging_mixin.py:188} INFO - [2026-01-09T16:30:59.357+0000] {dag.py:3834} INFO - Setting next_dagrun for api_data_pipeline to None, run_after=None
[2026-01-09T16:30:59.383+0000] {processor.py:183} INFO - Processing /opt/airflow/dags/api_pipeline_dag.py took 0.482 seconds
[2026-01-09T16:31:29.848+0000] {processor.py:161} INFO - Started process (PID=1432) to work on /opt/airflow/dags/api_pipeline_dag.py
[2026-01-09T16:31:29.850+0000] {processor.py:830} INFO - Processing file /opt/airflow/dags/api_pipeline_dag.py for tasks to queue
[2026-01-09T16:31:29.851+0000] {logging_mixin.py:188} INFO - [2026-01-09T16:31:29.850+0000] {dagbag.py:540} INFO - Filling up the DagBag from /opt/airflow/dags/api_pipeline_dag.py
[2026-01-09T16:31:30.338+0000] {processor.py:840} INFO - DAG(s) 'api_data_pipeline' retrieved from /opt/airflow/dags/api_pipeline_dag.py
[2026-01-09T16:31:30.374+0000] {logging_mixin.py:188} INFO - [2026-01-09T16:31:30.373+0000] {dag.py:3047} INFO - Sync 1 DAGs
[2026-01-09T16:31:30.390+0000] {logging_mixin.py:188} INFO - [2026-01-09T16:31:30.390+0000] {dag.py:3834} INFO - Setting next_dagrun for api_data_pipeline to None, run_after=None
[2026-01-09T16:31:30.413+0000] {processor.py:183} INFO - Processing /opt/airflow/dags/api_pipeline_dag.py took 0.568 seconds
[2026-01-09T16:32:00.904+0000] {processor.py:161} INFO - Started process (PID=1454) to work on /opt/airflow/dags/api_pipeline_dag.py
[2026-01-09T16:32:00.905+0000] {processor.py:830} INFO - Processing file /opt/airflow/dags/api_pipeline_dag.py for tasks to queue
[2026-01-09T16:32:00.906+0000] {logging_mixin.py:188} INFO - [2026-01-09T16:32:00.906+0000] {dagbag.py:540} INFO - Filling up the DagBag from /opt/airflow/dags/api_pipeline_dag.py
[2026-01-09T16:32:01.301+0000] {processor.py:840} INFO - DAG(s) 'api_data_pipeline' retrieved from /opt/airflow/dags/api_pipeline_dag.py
[2026-01-09T16:32:01.334+0000] {logging_mixin.py:188} INFO - [2026-01-09T16:32:01.333+0000] {dag.py:3047} INFO - Sync 1 DAGs
[2026-01-09T16:32:01.347+0000] {logging_mixin.py:188} INFO - [2026-01-09T16:32:01.347+0000] {dag.py:3834} INFO - Setting next_dagrun for api_data_pipeline to None, run_after=None
[2026-01-09T16:32:01.549+0000] {processor.py:183} INFO - Processing /opt/airflow/dags/api_pipeline_dag.py took 0.649 seconds
[2026-01-09T16:32:31.989+0000] {processor.py:161} INFO - Started process (PID=1476) to work on /opt/airflow/dags/api_pipeline_dag.py
[2026-01-09T16:32:31.991+0000] {processor.py:830} INFO - Processing file /opt/airflow/dags/api_pipeline_dag.py for tasks to queue
[2026-01-09T16:32:31.992+0000] {logging_mixin.py:188} INFO - [2026-01-09T16:32:31.991+0000] {dagbag.py:540} INFO - Filling up the DagBag from /opt/airflow/dags/api_pipeline_dag.py
[2026-01-09T16:32:32.400+0000] {processor.py:840} INFO - DAG(s) 'api_data_pipeline' retrieved from /opt/airflow/dags/api_pipeline_dag.py
[2026-01-09T16:32:32.435+0000] {logging_mixin.py:188} INFO - [2026-01-09T16:32:32.435+0000] {dag.py:3047} INFO - Sync 1 DAGs
[2026-01-09T16:32:32.449+0000] {logging_mixin.py:188} INFO - [2026-01-09T16:32:32.449+0000] {dag.py:3834} INFO - Setting next_dagrun for api_data_pipeline to None, run_after=None
[2026-01-09T16:32:32.469+0000] {processor.py:183} INFO - Processing /opt/airflow/dags/api_pipeline_dag.py took 0.484 seconds
[2026-01-09T16:33:02.895+0000] {processor.py:161} INFO - Started process (PID=1498) to work on /opt/airflow/dags/api_pipeline_dag.py
[2026-01-09T16:33:02.896+0000] {processor.py:830} INFO - Processing file /opt/airflow/dags/api_pipeline_dag.py for tasks to queue
[2026-01-09T16:33:02.897+0000] {logging_mixin.py:188} INFO - [2026-01-09T16:33:02.897+0000] {dagbag.py:540} INFO - Filling up the DagBag from /opt/airflow/dags/api_pipeline_dag.py
[2026-01-09T16:33:03.292+0000] {processor.py:840} INFO - DAG(s) 'api_data_pipeline' retrieved from /opt/airflow/dags/api_pipeline_dag.py
[2026-01-09T16:33:03.329+0000] {logging_mixin.py:188} INFO - [2026-01-09T16:33:03.328+0000] {dag.py:3047} INFO - Sync 1 DAGs
[2026-01-09T16:33:03.346+0000] {logging_mixin.py:188} INFO - [2026-01-09T16:33:03.345+0000] {dag.py:3834} INFO - Setting next_dagrun for api_data_pipeline to None, run_after=None
[2026-01-09T16:33:03.369+0000] {processor.py:183} INFO - Processing /opt/airflow/dags/api_pipeline_dag.py took 0.478 seconds
[2026-01-09T16:33:33.799+0000] {processor.py:161} INFO - Started process (PID=1520) to work on /opt/airflow/dags/api_pipeline_dag.py
[2026-01-09T16:33:33.800+0000] {processor.py:830} INFO - Processing file /opt/airflow/dags/api_pipeline_dag.py for tasks to queue
[2026-01-09T16:33:33.801+0000] {logging_mixin.py:188} INFO - [2026-01-09T16:33:33.801+0000] {dagbag.py:540} INFO - Filling up the DagBag from /opt/airflow/dags/api_pipeline_dag.py
[2026-01-09T16:33:34.207+0000] {processor.py:840} INFO - DAG(s) 'api_data_pipeline' retrieved from /opt/airflow/dags/api_pipeline_dag.py
[2026-01-09T16:33:34.241+0000] {logging_mixin.py:188} INFO - [2026-01-09T16:33:34.240+0000] {dag.py:3047} INFO - Sync 1 DAGs
[2026-01-09T16:33:34.256+0000] {logging_mixin.py:188} INFO - [2026-01-09T16:33:34.256+0000] {dag.py:3834} INFO - Setting next_dagrun for api_data_pipeline to None, run_after=None
[2026-01-09T16:33:34.277+0000] {processor.py:183} INFO - Processing /opt/airflow/dags/api_pipeline_dag.py took 0.482 seconds
[2026-01-09T16:34:04.696+0000] {processor.py:161} INFO - Started process (PID=1542) to work on /opt/airflow/dags/api_pipeline_dag.py
[2026-01-09T16:34:04.697+0000] {processor.py:830} INFO - Processing file /opt/airflow/dags/api_pipeline_dag.py for tasks to queue
[2026-01-09T16:34:04.698+0000] {logging_mixin.py:188} INFO - [2026-01-09T16:34:04.698+0000] {dagbag.py:540} INFO - Filling up the DagBag from /opt/airflow/dags/api_pipeline_dag.py
[2026-01-09T16:34:05.084+0000] {processor.py:840} INFO - DAG(s) 'api_data_pipeline' retrieved from /opt/airflow/dags/api_pipeline_dag.py
[2026-01-09T16:34:05.116+0000] {logging_mixin.py:188} INFO - [2026-01-09T16:34:05.116+0000] {dag.py:3047} INFO - Sync 1 DAGs
[2026-01-09T16:34:05.129+0000] {logging_mixin.py:188} INFO - [2026-01-09T16:34:05.129+0000] {dag.py:3834} INFO - Setting next_dagrun for api_data_pipeline to None, run_after=None
[2026-01-09T16:34:05.172+0000] {processor.py:183} INFO - Processing /opt/airflow/dags/api_pipeline_dag.py took 0.479 seconds
[2026-01-09T16:34:35.635+0000] {processor.py:161} INFO - Started process (PID=1564) to work on /opt/airflow/dags/api_pipeline_dag.py
[2026-01-09T16:34:35.637+0000] {processor.py:830} INFO - Processing file /opt/airflow/dags/api_pipeline_dag.py for tasks to queue
[2026-01-09T16:34:35.638+0000] {logging_mixin.py:188} INFO - [2026-01-09T16:34:35.638+0000] {dagbag.py:540} INFO - Filling up the DagBag from /opt/airflow/dags/api_pipeline_dag.py
[2026-01-09T16:34:36.041+0000] {processor.py:840} INFO - DAG(s) 'api_data_pipeline' retrieved from /opt/airflow/dags/api_pipeline_dag.py
[2026-01-09T16:34:36.076+0000] {logging_mixin.py:188} INFO - [2026-01-09T16:34:36.076+0000] {dag.py:3047} INFO - Sync 1 DAGs
[2026-01-09T16:34:36.091+0000] {logging_mixin.py:188} INFO - [2026-01-09T16:34:36.091+0000] {dag.py:3834} INFO - Setting next_dagrun for api_data_pipeline to None, run_after=None
[2026-01-09T16:34:36.349+0000] {processor.py:183} INFO - Processing /opt/airflow/dags/api_pipeline_dag.py took 0.718 seconds
[2026-01-09T16:35:06.787+0000] {processor.py:161} INFO - Started process (PID=1586) to work on /opt/airflow/dags/api_pipeline_dag.py
[2026-01-09T16:35:06.788+0000] {processor.py:830} INFO - Processing file /opt/airflow/dags/api_pipeline_dag.py for tasks to queue
[2026-01-09T16:35:06.789+0000] {logging_mixin.py:188} INFO - [2026-01-09T16:35:06.789+0000] {dagbag.py:540} INFO - Filling up the DagBag from /opt/airflow/dags/api_pipeline_dag.py
[2026-01-09T16:35:07.210+0000] {processor.py:840} INFO - DAG(s) 'api_data_pipeline' retrieved from /opt/airflow/dags/api_pipeline_dag.py
[2026-01-09T16:35:07.248+0000] {logging_mixin.py:188} INFO - [2026-01-09T16:35:07.248+0000] {dag.py:3047} INFO - Sync 1 DAGs
[2026-01-09T16:35:07.479+0000] {logging_mixin.py:188} INFO - [2026-01-09T16:35:07.479+0000] {dag.py:3834} INFO - Setting next_dagrun for api_data_pipeline to None, run_after=None
[2026-01-09T16:35:07.502+0000] {processor.py:183} INFO - Processing /opt/airflow/dags/api_pipeline_dag.py took 0.719 seconds
[2026-01-09T16:35:37.793+0000] {processor.py:161} INFO - Started process (PID=1608) to work on /opt/airflow/dags/api_pipeline_dag.py
[2026-01-09T16:35:37.794+0000] {processor.py:830} INFO - Processing file /opt/airflow/dags/api_pipeline_dag.py for tasks to queue
[2026-01-09T16:35:37.796+0000] {logging_mixin.py:188} INFO - [2026-01-09T16:35:37.795+0000] {dagbag.py:540} INFO - Filling up the DagBag from /opt/airflow/dags/api_pipeline_dag.py
[2026-01-09T16:35:38.224+0000] {processor.py:840} INFO - DAG(s) 'api_data_pipeline' retrieved from /opt/airflow/dags/api_pipeline_dag.py
[2026-01-09T16:35:38.260+0000] {logging_mixin.py:188} INFO - [2026-01-09T16:35:38.259+0000] {dag.py:3047} INFO - Sync 1 DAGs
[2026-01-09T16:35:38.274+0000] {logging_mixin.py:188} INFO - [2026-01-09T16:35:38.273+0000] {dag.py:3834} INFO - Setting next_dagrun for api_data_pipeline to None, run_after=None
[2026-01-09T16:35:38.297+0000] {processor.py:183} INFO - Processing /opt/airflow/dags/api_pipeline_dag.py took 0.508 seconds
[2026-01-09T16:36:08.702+0000] {processor.py:161} INFO - Started process (PID=1630) to work on /opt/airflow/dags/api_pipeline_dag.py
[2026-01-09T16:36:08.703+0000] {processor.py:830} INFO - Processing file /opt/airflow/dags/api_pipeline_dag.py for tasks to queue
[2026-01-09T16:36:08.705+0000] {logging_mixin.py:188} INFO - [2026-01-09T16:36:08.704+0000] {dagbag.py:540} INFO - Filling up the DagBag from /opt/airflow/dags/api_pipeline_dag.py
[2026-01-09T16:36:09.099+0000] {processor.py:840} INFO - DAG(s) 'api_data_pipeline' retrieved from /opt/airflow/dags/api_pipeline_dag.py
[2026-01-09T16:36:09.131+0000] {logging_mixin.py:188} INFO - [2026-01-09T16:36:09.131+0000] {dag.py:3047} INFO - Sync 1 DAGs
[2026-01-09T16:36:09.145+0000] {logging_mixin.py:188} INFO - [2026-01-09T16:36:09.145+0000] {dag.py:3834} INFO - Setting next_dagrun for api_data_pipeline to None, run_after=None
[2026-01-09T16:36:09.165+0000] {processor.py:183} INFO - Processing /opt/airflow/dags/api_pipeline_dag.py took 0.467 seconds
[2026-01-09T16:36:39.587+0000] {processor.py:161} INFO - Started process (PID=1652) to work on /opt/airflow/dags/api_pipeline_dag.py
[2026-01-09T16:36:39.588+0000] {processor.py:830} INFO - Processing file /opt/airflow/dags/api_pipeline_dag.py for tasks to queue
[2026-01-09T16:36:39.589+0000] {logging_mixin.py:188} INFO - [2026-01-09T16:36:39.589+0000] {dagbag.py:540} INFO - Filling up the DagBag from /opt/airflow/dags/api_pipeline_dag.py
[2026-01-09T16:36:40.040+0000] {processor.py:840} INFO - DAG(s) 'api_data_pipeline' retrieved from /opt/airflow/dags/api_pipeline_dag.py
[2026-01-09T16:36:40.073+0000] {logging_mixin.py:188} INFO - [2026-01-09T16:36:40.073+0000] {dag.py:3047} INFO - Sync 1 DAGs
[2026-01-09T16:36:40.087+0000] {logging_mixin.py:188} INFO - [2026-01-09T16:36:40.087+0000] {dag.py:3834} INFO - Setting next_dagrun for api_data_pipeline to None, run_after=None
[2026-01-09T16:36:40.108+0000] {processor.py:183} INFO - Processing /opt/airflow/dags/api_pipeline_dag.py took 0.524 seconds
[2026-01-09T16:37:10.580+0000] {processor.py:161} INFO - Started process (PID=1674) to work on /opt/airflow/dags/api_pipeline_dag.py
[2026-01-09T16:37:10.581+0000] {processor.py:830} INFO - Processing file /opt/airflow/dags/api_pipeline_dag.py for tasks to queue
[2026-01-09T16:37:10.582+0000] {logging_mixin.py:188} INFO - [2026-01-09T16:37:10.582+0000] {dagbag.py:540} INFO - Filling up the DagBag from /opt/airflow/dags/api_pipeline_dag.py
[2026-01-09T16:37:11.034+0000] {processor.py:840} INFO - DAG(s) 'api_data_pipeline' retrieved from /opt/airflow/dags/api_pipeline_dag.py
[2026-01-09T16:37:11.067+0000] {logging_mixin.py:188} INFO - [2026-01-09T16:37:11.066+0000] {dag.py:3047} INFO - Sync 1 DAGs
[2026-01-09T16:37:11.080+0000] {logging_mixin.py:188} INFO - [2026-01-09T16:37:11.080+0000] {dag.py:3834} INFO - Setting next_dagrun for api_data_pipeline to None, run_after=None
[2026-01-09T16:37:11.101+0000] {processor.py:183} INFO - Processing /opt/airflow/dags/api_pipeline_dag.py took 0.524 seconds
[2026-01-09T16:37:41.550+0000] {processor.py:161} INFO - Started process (PID=1696) to work on /opt/airflow/dags/api_pipeline_dag.py
[2026-01-09T16:37:41.551+0000] {processor.py:830} INFO - Processing file /opt/airflow/dags/api_pipeline_dag.py for tasks to queue
[2026-01-09T16:37:41.552+0000] {logging_mixin.py:188} INFO - [2026-01-09T16:37:41.552+0000] {dagbag.py:540} INFO - Filling up the DagBag from /opt/airflow/dags/api_pipeline_dag.py
[2026-01-09T16:37:41.979+0000] {processor.py:840} INFO - DAG(s) 'api_data_pipeline' retrieved from /opt/airflow/dags/api_pipeline_dag.py
[2026-01-09T16:37:42.018+0000] {logging_mixin.py:188} INFO - [2026-01-09T16:37:42.018+0000] {dag.py:3047} INFO - Sync 1 DAGs
[2026-01-09T16:37:42.038+0000] {logging_mixin.py:188} INFO - [2026-01-09T16:37:42.038+0000] {dag.py:3834} INFO - Setting next_dagrun for api_data_pipeline to None, run_after=None
[2026-01-09T16:37:42.375+0000] {processor.py:183} INFO - Processing /opt/airflow/dags/api_pipeline_dag.py took 0.829 seconds
[2026-01-09T16:38:12.821+0000] {processor.py:161} INFO - Started process (PID=1718) to work on /opt/airflow/dags/api_pipeline_dag.py
[2026-01-09T16:38:12.822+0000] {processor.py:830} INFO - Processing file /opt/airflow/dags/api_pipeline_dag.py for tasks to queue
[2026-01-09T16:38:12.823+0000] {logging_mixin.py:188} INFO - [2026-01-09T16:38:12.823+0000] {dagbag.py:540} INFO - Filling up the DagBag from /opt/airflow/dags/api_pipeline_dag.py
[2026-01-09T16:38:13.219+0000] {processor.py:840} INFO - DAG(s) 'api_data_pipeline' retrieved from /opt/airflow/dags/api_pipeline_dag.py
[2026-01-09T16:38:13.256+0000] {logging_mixin.py:188} INFO - [2026-01-09T16:38:13.255+0000] {dag.py:3047} INFO - Sync 1 DAGs
[2026-01-09T16:38:13.271+0000] {logging_mixin.py:188} INFO - [2026-01-09T16:38:13.271+0000] {dag.py:3834} INFO - Setting next_dagrun for api_data_pipeline to None, run_after=None
[2026-01-09T16:38:13.294+0000] {processor.py:183} INFO - Processing /opt/airflow/dags/api_pipeline_dag.py took 0.476 seconds
[2026-01-09T16:38:43.688+0000] {processor.py:161} INFO - Started process (PID=1740) to work on /opt/airflow/dags/api_pipeline_dag.py
[2026-01-09T16:38:43.689+0000] {processor.py:830} INFO - Processing file /opt/airflow/dags/api_pipeline_dag.py for tasks to queue
[2026-01-09T16:38:43.689+0000] {logging_mixin.py:188} INFO - [2026-01-09T16:38:43.689+0000] {dagbag.py:540} INFO - Filling up the DagBag from /opt/airflow/dags/api_pipeline_dag.py
[2026-01-09T16:38:44.089+0000] {processor.py:840} INFO - DAG(s) 'api_data_pipeline' retrieved from /opt/airflow/dags/api_pipeline_dag.py
[2026-01-09T16:38:44.123+0000] {logging_mixin.py:188} INFO - [2026-01-09T16:38:44.123+0000] {dag.py:3047} INFO - Sync 1 DAGs
[2026-01-09T16:38:44.140+0000] {logging_mixin.py:188} INFO - [2026-01-09T16:38:44.139+0000] {dag.py:3834} INFO - Setting next_dagrun for api_data_pipeline to None, run_after=None
[2026-01-09T16:38:44.163+0000] {processor.py:183} INFO - Processing /opt/airflow/dags/api_pipeline_dag.py took 0.479 seconds
[2026-01-09T16:39:14.590+0000] {processor.py:161} INFO - Started process (PID=1762) to work on /opt/airflow/dags/api_pipeline_dag.py
[2026-01-09T16:39:14.591+0000] {processor.py:830} INFO - Processing file /opt/airflow/dags/api_pipeline_dag.py for tasks to queue
[2026-01-09T16:39:14.592+0000] {logging_mixin.py:188} INFO - [2026-01-09T16:39:14.592+0000] {dagbag.py:540} INFO - Filling up the DagBag from /opt/airflow/dags/api_pipeline_dag.py
[2026-01-09T16:39:14.991+0000] {processor.py:840} INFO - DAG(s) 'api_data_pipeline' retrieved from /opt/airflow/dags/api_pipeline_dag.py
[2026-01-09T16:39:15.025+0000] {logging_mixin.py:188} INFO - [2026-01-09T16:39:15.024+0000] {dag.py:3047} INFO - Sync 1 DAGs
[2026-01-09T16:39:15.039+0000] {logging_mixin.py:188} INFO - [2026-01-09T16:39:15.039+0000] {dag.py:3834} INFO - Setting next_dagrun for api_data_pipeline to None, run_after=None
[2026-01-09T16:39:15.077+0000] {processor.py:183} INFO - Processing /opt/airflow/dags/api_pipeline_dag.py took 0.491 seconds
[2026-01-09T16:39:45.485+0000] {processor.py:161} INFO - Started process (PID=1784) to work on /opt/airflow/dags/api_pipeline_dag.py
[2026-01-09T16:39:45.486+0000] {processor.py:830} INFO - Processing file /opt/airflow/dags/api_pipeline_dag.py for tasks to queue
[2026-01-09T16:39:45.487+0000] {logging_mixin.py:188} INFO - [2026-01-09T16:39:45.487+0000] {dagbag.py:540} INFO - Filling up the DagBag from /opt/airflow/dags/api_pipeline_dag.py
[2026-01-09T16:39:45.881+0000] {processor.py:840} INFO - DAG(s) 'api_data_pipeline' retrieved from /opt/airflow/dags/api_pipeline_dag.py
[2026-01-09T16:39:45.918+0000] {logging_mixin.py:188} INFO - [2026-01-09T16:39:45.917+0000] {dag.py:3047} INFO - Sync 1 DAGs
[2026-01-09T16:39:45.933+0000] {logging_mixin.py:188} INFO - [2026-01-09T16:39:45.933+0000] {dag.py:3834} INFO - Setting next_dagrun for api_data_pipeline to None, run_after=None
[2026-01-09T16:39:45.958+0000] {processor.py:183} INFO - Processing /opt/airflow/dags/api_pipeline_dag.py took 0.477 seconds
[2026-01-09T16:40:16.436+0000] {processor.py:161} INFO - Started process (PID=1806) to work on /opt/airflow/dags/api_pipeline_dag.py
[2026-01-09T16:40:16.437+0000] {processor.py:830} INFO - Processing file /opt/airflow/dags/api_pipeline_dag.py for tasks to queue
[2026-01-09T16:40:16.438+0000] {logging_mixin.py:188} INFO - [2026-01-09T16:40:16.437+0000] {dagbag.py:540} INFO - Filling up the DagBag from /opt/airflow/dags/api_pipeline_dag.py
[2026-01-09T16:40:16.848+0000] {processor.py:840} INFO - DAG(s) 'api_data_pipeline' retrieved from /opt/airflow/dags/api_pipeline_dag.py
[2026-01-09T16:40:16.881+0000] {logging_mixin.py:188} INFO - [2026-01-09T16:40:16.880+0000] {dag.py:3047} INFO - Sync 1 DAGs
[2026-01-09T16:40:16.897+0000] {logging_mixin.py:188} INFO - [2026-01-09T16:40:16.897+0000] {dag.py:3834} INFO - Setting next_dagrun for api_data_pipeline to None, run_after=None
[2026-01-09T16:40:17.107+0000] {processor.py:183} INFO - Processing /opt/airflow/dags/api_pipeline_dag.py took 0.674 seconds
[2026-01-09T16:40:47.527+0000] {processor.py:161} INFO - Started process (PID=1828) to work on /opt/airflow/dags/api_pipeline_dag.py
[2026-01-09T16:40:47.529+0000] {processor.py:830} INFO - Processing file /opt/airflow/dags/api_pipeline_dag.py for tasks to queue
[2026-01-09T16:40:47.530+0000] {logging_mixin.py:188} INFO - [2026-01-09T16:40:47.530+0000] {dagbag.py:540} INFO - Filling up the DagBag from /opt/airflow/dags/api_pipeline_dag.py
[2026-01-09T16:40:47.943+0000] {processor.py:840} INFO - DAG(s) 'api_data_pipeline' retrieved from /opt/airflow/dags/api_pipeline_dag.py
[2026-01-09T16:40:47.976+0000] {logging_mixin.py:188} INFO - [2026-01-09T16:40:47.975+0000] {dag.py:3047} INFO - Sync 1 DAGs
[2026-01-09T16:40:47.989+0000] {logging_mixin.py:188} INFO - [2026-01-09T16:40:47.989+0000] {dag.py:3834} INFO - Setting next_dagrun for api_data_pipeline to None, run_after=None
[2026-01-09T16:40:48.009+0000] {processor.py:183} INFO - Processing /opt/airflow/dags/api_pipeline_dag.py took 0.486 seconds
[2026-01-09T16:41:18.431+0000] {processor.py:161} INFO - Started process (PID=1850) to work on /opt/airflow/dags/api_pipeline_dag.py
[2026-01-09T16:41:18.433+0000] {processor.py:830} INFO - Processing file /opt/airflow/dags/api_pipeline_dag.py for tasks to queue
[2026-01-09T16:41:18.434+0000] {logging_mixin.py:188} INFO - [2026-01-09T16:41:18.434+0000] {dagbag.py:540} INFO - Filling up the DagBag from /opt/airflow/dags/api_pipeline_dag.py
[2026-01-09T16:41:18.831+0000] {processor.py:840} INFO - DAG(s) 'api_data_pipeline' retrieved from /opt/airflow/dags/api_pipeline_dag.py
[2026-01-09T16:41:18.869+0000] {logging_mixin.py:188} INFO - [2026-01-09T16:41:18.868+0000] {dag.py:3047} INFO - Sync 1 DAGs
[2026-01-09T16:41:18.885+0000] {logging_mixin.py:188} INFO - [2026-01-09T16:41:18.884+0000] {dag.py:3834} INFO - Setting next_dagrun for api_data_pipeline to None, run_after=None
[2026-01-09T16:41:18.909+0000] {processor.py:183} INFO - Processing /opt/airflow/dags/api_pipeline_dag.py took 0.482 seconds
[2026-01-09T16:41:49.306+0000] {processor.py:161} INFO - Started process (PID=1872) to work on /opt/airflow/dags/api_pipeline_dag.py
[2026-01-09T16:41:49.308+0000] {processor.py:830} INFO - Processing file /opt/airflow/dags/api_pipeline_dag.py for tasks to queue
[2026-01-09T16:41:49.309+0000] {logging_mixin.py:188} INFO - [2026-01-09T16:41:49.308+0000] {dagbag.py:540} INFO - Filling up the DagBag from /opt/airflow/dags/api_pipeline_dag.py
[2026-01-09T16:41:49.760+0000] {processor.py:840} INFO - DAG(s) 'api_data_pipeline' retrieved from /opt/airflow/dags/api_pipeline_dag.py
[2026-01-09T16:41:49.796+0000] {logging_mixin.py:188} INFO - [2026-01-09T16:41:49.796+0000] {dag.py:3047} INFO - Sync 1 DAGs
[2026-01-09T16:41:49.811+0000] {logging_mixin.py:188} INFO - [2026-01-09T16:41:49.811+0000] {dag.py:3834} INFO - Setting next_dagrun for api_data_pipeline to None, run_after=None
[2026-01-09T16:41:49.834+0000] {processor.py:183} INFO - Processing /opt/airflow/dags/api_pipeline_dag.py took 0.533 seconds
[2026-01-09T16:42:20.341+0000] {processor.py:161} INFO - Started process (PID=1894) to work on /opt/airflow/dags/api_pipeline_dag.py
[2026-01-09T16:42:20.343+0000] {processor.py:830} INFO - Processing file /opt/airflow/dags/api_pipeline_dag.py for tasks to queue
[2026-01-09T16:42:20.344+0000] {logging_mixin.py:188} INFO - [2026-01-09T16:42:20.343+0000] {dagbag.py:540} INFO - Filling up the DagBag from /opt/airflow/dags/api_pipeline_dag.py
[2026-01-09T16:42:20.739+0000] {processor.py:840} INFO - DAG(s) 'api_data_pipeline' retrieved from /opt/airflow/dags/api_pipeline_dag.py
[2026-01-09T16:42:20.774+0000] {logging_mixin.py:188} INFO - [2026-01-09T16:42:20.774+0000] {dag.py:3047} INFO - Sync 1 DAGs
[2026-01-09T16:42:20.788+0000] {logging_mixin.py:188} INFO - [2026-01-09T16:42:20.788+0000] {dag.py:3834} INFO - Setting next_dagrun for api_data_pipeline to None, run_after=None
[2026-01-09T16:42:20.809+0000] {processor.py:183} INFO - Processing /opt/airflow/dags/api_pipeline_dag.py took 0.471 seconds
[2026-01-09T16:42:51.313+0000] {processor.py:161} INFO - Started process (PID=1916) to work on /opt/airflow/dags/api_pipeline_dag.py
[2026-01-09T16:42:51.315+0000] {processor.py:830} INFO - Processing file /opt/airflow/dags/api_pipeline_dag.py for tasks to queue
[2026-01-09T16:42:51.316+0000] {logging_mixin.py:188} INFO - [2026-01-09T16:42:51.315+0000] {dagbag.py:540} INFO - Filling up the DagBag from /opt/airflow/dags/api_pipeline_dag.py
[2026-01-09T16:42:51.726+0000] {processor.py:840} INFO - DAG(s) 'api_data_pipeline' retrieved from /opt/airflow/dags/api_pipeline_dag.py
[2026-01-09T16:42:51.762+0000] {logging_mixin.py:188} INFO - [2026-01-09T16:42:51.761+0000] {dag.py:3047} INFO - Sync 1 DAGs
[2026-01-09T16:42:51.776+0000] {logging_mixin.py:188} INFO - [2026-01-09T16:42:51.776+0000] {dag.py:3834} INFO - Setting next_dagrun for api_data_pipeline to None, run_after=None
[2026-01-09T16:42:52.006+0000] {processor.py:183} INFO - Processing /opt/airflow/dags/api_pipeline_dag.py took 0.697 seconds
[2026-01-09T16:43:22.467+0000] {processor.py:161} INFO - Started process (PID=1938) to work on /opt/airflow/dags/api_pipeline_dag.py
[2026-01-09T16:43:22.469+0000] {processor.py:830} INFO - Processing file /opt/airflow/dags/api_pipeline_dag.py for tasks to queue
[2026-01-09T16:43:22.471+0000] {logging_mixin.py:188} INFO - [2026-01-09T16:43:22.470+0000] {dagbag.py:540} INFO - Filling up the DagBag from /opt/airflow/dags/api_pipeline_dag.py
[2026-01-09T16:43:22.854+0000] {processor.py:840} INFO - DAG(s) 'api_data_pipeline' retrieved from /opt/airflow/dags/api_pipeline_dag.py
[2026-01-09T16:43:22.890+0000] {logging_mixin.py:188} INFO - [2026-01-09T16:43:22.889+0000] {dag.py:3047} INFO - Sync 1 DAGs
[2026-01-09T16:43:22.903+0000] {logging_mixin.py:188} INFO - [2026-01-09T16:43:22.903+0000] {dag.py:3834} INFO - Setting next_dagrun for api_data_pipeline to None, run_after=None
[2026-01-09T16:43:22.927+0000] {processor.py:183} INFO - Processing /opt/airflow/dags/api_pipeline_dag.py took 0.466 seconds
[2026-01-09T16:43:53.363+0000] {processor.py:161} INFO - Started process (PID=1960) to work on /opt/airflow/dags/api_pipeline_dag.py
[2026-01-09T16:43:53.364+0000] {processor.py:830} INFO - Processing file /opt/airflow/dags/api_pipeline_dag.py for tasks to queue
[2026-01-09T16:43:53.366+0000] {logging_mixin.py:188} INFO - [2026-01-09T16:43:53.366+0000] {dagbag.py:540} INFO - Filling up the DagBag from /opt/airflow/dags/api_pipeline_dag.py
[2026-01-09T16:43:53.797+0000] {processor.py:840} INFO - DAG(s) 'api_data_pipeline' retrieved from /opt/airflow/dags/api_pipeline_dag.py
[2026-01-09T16:43:53.843+0000] {logging_mixin.py:188} INFO - [2026-01-09T16:43:53.843+0000] {dag.py:3047} INFO - Sync 1 DAGs
[2026-01-09T16:43:53.861+0000] {logging_mixin.py:188} INFO - [2026-01-09T16:43:53.861+0000] {dag.py:3834} INFO - Setting next_dagrun for api_data_pipeline to None, run_after=None
[2026-01-09T16:43:53.888+0000] {processor.py:183} INFO - Processing /opt/airflow/dags/api_pipeline_dag.py took 0.528 seconds
[2026-01-09T16:44:24.306+0000] {processor.py:161} INFO - Started process (PID=1982) to work on /opt/airflow/dags/api_pipeline_dag.py
[2026-01-09T16:44:24.308+0000] {processor.py:830} INFO - Processing file /opt/airflow/dags/api_pipeline_dag.py for tasks to queue
[2026-01-09T16:44:24.309+0000] {logging_mixin.py:188} INFO - [2026-01-09T16:44:24.308+0000] {dagbag.py:540} INFO - Filling up the DagBag from /opt/airflow/dags/api_pipeline_dag.py
[2026-01-09T16:44:24.686+0000] {processor.py:840} INFO - DAG(s) 'api_data_pipeline' retrieved from /opt/airflow/dags/api_pipeline_dag.py
[2026-01-09T16:44:24.716+0000] {logging_mixin.py:188} INFO - [2026-01-09T16:44:24.716+0000] {dag.py:3047} INFO - Sync 1 DAGs
[2026-01-09T16:44:24.729+0000] {logging_mixin.py:188} INFO - [2026-01-09T16:44:24.729+0000] {dag.py:3834} INFO - Setting next_dagrun for api_data_pipeline to None, run_after=None
[2026-01-09T16:44:24.747+0000] {processor.py:183} INFO - Processing /opt/airflow/dags/api_pipeline_dag.py took 0.444 seconds
