[2026-01-05T14:44:19.041+0000] {processor.py:161} INFO - Started process (PID=195) to work on /opt/airflow/dags/api_pipeline_dag.py
[2026-01-05T14:44:19.043+0000] {processor.py:830} INFO - Processing file /opt/airflow/dags/api_pipeline_dag.py for tasks to queue
[2026-01-05T14:44:19.045+0000] {logging_mixin.py:188} INFO - [2026-01-05T14:44:19.044+0000] {dagbag.py:540} INFO - Filling up the DagBag from /opt/airflow/dags/api_pipeline_dag.py
[2026-01-05T14:44:19.104+0000] {logging_mixin.py:188} INFO - [2026-01-05T14:44:19.099+0000] {dagbag.py:350} ERROR - Failed to import: /opt/airflow/dags/api_pipeline_dag.py
Traceback (most recent call last):
  File "/home/airflow/.local/lib/python3.8/site-packages/airflow/models/dagbag.py", line 346, in parse
    loader.exec_module(new_module)
  File "<frozen importlib._bootstrap_external>", line 843, in exec_module
  File "<frozen importlib._bootstrap>", line 219, in _call_with_frames_removed
  File "/opt/airflow/dags/api_pipeline_dag.py", line 9, in <module>
    from api_cleaning import clean_api_data
ModuleNotFoundError: No module named 'api_cleaning'
[2026-01-05T14:44:19.107+0000] {processor.py:842} WARNING - No viable dags retrieved from /opt/airflow/dags/api_pipeline_dag.py
[2026-01-05T14:44:19.148+0000] {processor.py:183} INFO - Processing /opt/airflow/dags/api_pipeline_dag.py took 0.114 seconds
[2026-01-05T14:44:50.089+0000] {processor.py:161} INFO - Started process (PID=216) to work on /opt/airflow/dags/api_pipeline_dag.py
[2026-01-05T14:44:50.090+0000] {processor.py:830} INFO - Processing file /opt/airflow/dags/api_pipeline_dag.py for tasks to queue
[2026-01-05T14:44:50.092+0000] {logging_mixin.py:188} INFO - [2026-01-05T14:44:50.091+0000] {dagbag.py:540} INFO - Filling up the DagBag from /opt/airflow/dags/api_pipeline_dag.py
[2026-01-05T14:44:50.123+0000] {logging_mixin.py:188} INFO - [2026-01-05T14:44:50.118+0000] {dagbag.py:350} ERROR - Failed to import: /opt/airflow/dags/api_pipeline_dag.py
Traceback (most recent call last):
  File "/home/airflow/.local/lib/python3.8/site-packages/airflow/models/dagbag.py", line 346, in parse
    loader.exec_module(new_module)
  File "<frozen importlib._bootstrap_external>", line 843, in exec_module
  File "<frozen importlib._bootstrap>", line 219, in _call_with_frames_removed
  File "/opt/airflow/dags/api_pipeline_dag.py", line 9, in <module>
    from api_cleaning import clean_api_data
ModuleNotFoundError: No module named 'api_cleaning'
[2026-01-05T14:44:50.124+0000] {processor.py:842} WARNING - No viable dags retrieved from /opt/airflow/dags/api_pipeline_dag.py
[2026-01-05T14:44:50.159+0000] {processor.py:183} INFO - Processing /opt/airflow/dags/api_pipeline_dag.py took 0.077 seconds
[2026-01-05T14:45:20.252+0000] {processor.py:161} INFO - Started process (PID=237) to work on /opt/airflow/dags/api_pipeline_dag.py
[2026-01-05T14:45:20.254+0000] {processor.py:830} INFO - Processing file /opt/airflow/dags/api_pipeline_dag.py for tasks to queue
[2026-01-05T14:45:20.255+0000] {logging_mixin.py:188} INFO - [2026-01-05T14:45:20.255+0000] {dagbag.py:540} INFO - Filling up the DagBag from /opt/airflow/dags/api_pipeline_dag.py
[2026-01-05T14:45:20.284+0000] {logging_mixin.py:188} INFO - [2026-01-05T14:45:20.278+0000] {dagbag.py:350} ERROR - Failed to import: /opt/airflow/dags/api_pipeline_dag.py
Traceback (most recent call last):
  File "/home/airflow/.local/lib/python3.8/site-packages/airflow/models/dagbag.py", line 346, in parse
    loader.exec_module(new_module)
  File "<frozen importlib._bootstrap_external>", line 843, in exec_module
  File "<frozen importlib._bootstrap>", line 219, in _call_with_frames_removed
  File "/opt/airflow/dags/api_pipeline_dag.py", line 9, in <module>
    from api_cleaning import clean_api_data
ModuleNotFoundError: No module named 'api_cleaning'
[2026-01-05T14:45:20.286+0000] {processor.py:842} WARNING - No viable dags retrieved from /opt/airflow/dags/api_pipeline_dag.py
[2026-01-05T14:45:20.314+0000] {processor.py:183} INFO - Processing /opt/airflow/dags/api_pipeline_dag.py took 0.065 seconds
[2026-01-05T14:45:50.481+0000] {processor.py:161} INFO - Started process (PID=258) to work on /opt/airflow/dags/api_pipeline_dag.py
[2026-01-05T14:45:50.482+0000] {processor.py:830} INFO - Processing file /opt/airflow/dags/api_pipeline_dag.py for tasks to queue
[2026-01-05T14:45:50.483+0000] {logging_mixin.py:188} INFO - [2026-01-05T14:45:50.483+0000] {dagbag.py:540} INFO - Filling up the DagBag from /opt/airflow/dags/api_pipeline_dag.py
[2026-01-05T14:45:50.509+0000] {logging_mixin.py:188} INFO - [2026-01-05T14:45:50.505+0000] {dagbag.py:350} ERROR - Failed to import: /opt/airflow/dags/api_pipeline_dag.py
Traceback (most recent call last):
  File "/home/airflow/.local/lib/python3.8/site-packages/airflow/models/dagbag.py", line 346, in parse
    loader.exec_module(new_module)
  File "<frozen importlib._bootstrap_external>", line 843, in exec_module
  File "<frozen importlib._bootstrap>", line 219, in _call_with_frames_removed
  File "/opt/airflow/dags/api_pipeline_dag.py", line 9, in <module>
    from api_cleaning import clean_api_data
ModuleNotFoundError: No module named 'api_cleaning'
[2026-01-05T14:45:50.510+0000] {processor.py:842} WARNING - No viable dags retrieved from /opt/airflow/dags/api_pipeline_dag.py
[2026-01-05T14:45:50.559+0000] {processor.py:183} INFO - Processing /opt/airflow/dags/api_pipeline_dag.py took 0.082 seconds
[2026-01-05T14:46:20.680+0000] {processor.py:161} INFO - Started process (PID=279) to work on /opt/airflow/dags/api_pipeline_dag.py
[2026-01-05T14:46:20.681+0000] {processor.py:830} INFO - Processing file /opt/airflow/dags/api_pipeline_dag.py for tasks to queue
[2026-01-05T14:46:20.683+0000] {logging_mixin.py:188} INFO - [2026-01-05T14:46:20.682+0000] {dagbag.py:540} INFO - Filling up the DagBag from /opt/airflow/dags/api_pipeline_dag.py
[2026-01-05T14:46:20.704+0000] {logging_mixin.py:188} INFO - [2026-01-05T14:46:20.701+0000] {dagbag.py:350} ERROR - Failed to import: /opt/airflow/dags/api_pipeline_dag.py
Traceback (most recent call last):
  File "/home/airflow/.local/lib/python3.8/site-packages/airflow/models/dagbag.py", line 346, in parse
    loader.exec_module(new_module)
  File "<frozen importlib._bootstrap_external>", line 843, in exec_module
  File "<frozen importlib._bootstrap>", line 219, in _call_with_frames_removed
  File "/opt/airflow/dags/api_pipeline_dag.py", line 9, in <module>
    from api_cleaning import clean_api_data
ModuleNotFoundError: No module named 'api_cleaning'
[2026-01-05T14:46:20.705+0000] {processor.py:842} WARNING - No viable dags retrieved from /opt/airflow/dags/api_pipeline_dag.py
[2026-01-05T14:46:20.747+0000] {processor.py:183} INFO - Processing /opt/airflow/dags/api_pipeline_dag.py took 0.070 seconds
[2026-01-05T14:46:51.157+0000] {processor.py:161} INFO - Started process (PID=300) to work on /opt/airflow/dags/api_pipeline_dag.py
[2026-01-05T14:46:51.158+0000] {processor.py:830} INFO - Processing file /opt/airflow/dags/api_pipeline_dag.py for tasks to queue
[2026-01-05T14:46:51.159+0000] {logging_mixin.py:188} INFO - [2026-01-05T14:46:51.159+0000] {dagbag.py:540} INFO - Filling up the DagBag from /opt/airflow/dags/api_pipeline_dag.py
[2026-01-05T14:46:51.184+0000] {logging_mixin.py:188} INFO - [2026-01-05T14:46:51.180+0000] {dagbag.py:350} ERROR - Failed to import: /opt/airflow/dags/api_pipeline_dag.py
Traceback (most recent call last):
  File "/home/airflow/.local/lib/python3.8/site-packages/airflow/models/dagbag.py", line 346, in parse
    loader.exec_module(new_module)
  File "<frozen importlib._bootstrap_external>", line 843, in exec_module
  File "<frozen importlib._bootstrap>", line 219, in _call_with_frames_removed
  File "/opt/airflow/dags/api_pipeline_dag.py", line 9, in <module>
    from api_cleaning import clean_api_data
ModuleNotFoundError: No module named 'api_cleaning'
[2026-01-05T14:46:51.186+0000] {processor.py:842} WARNING - No viable dags retrieved from /opt/airflow/dags/api_pipeline_dag.py
[2026-01-05T14:46:51.214+0000] {processor.py:183} INFO - Processing /opt/airflow/dags/api_pipeline_dag.py took 0.060 seconds
[2026-01-05T14:47:21.686+0000] {processor.py:161} INFO - Started process (PID=321) to work on /opt/airflow/dags/api_pipeline_dag.py
[2026-01-05T14:47:21.687+0000] {processor.py:830} INFO - Processing file /opt/airflow/dags/api_pipeline_dag.py for tasks to queue
[2026-01-05T14:47:21.689+0000] {logging_mixin.py:188} INFO - [2026-01-05T14:47:21.688+0000] {dagbag.py:540} INFO - Filling up the DagBag from /opt/airflow/dags/api_pipeline_dag.py
[2026-01-05T14:47:21.716+0000] {logging_mixin.py:188} INFO - [2026-01-05T14:47:21.712+0000] {dagbag.py:350} ERROR - Failed to import: /opt/airflow/dags/api_pipeline_dag.py
Traceback (most recent call last):
  File "/home/airflow/.local/lib/python3.8/site-packages/airflow/models/dagbag.py", line 346, in parse
    loader.exec_module(new_module)
  File "<frozen importlib._bootstrap_external>", line 843, in exec_module
  File "<frozen importlib._bootstrap>", line 219, in _call_with_frames_removed
  File "/opt/airflow/dags/api_pipeline_dag.py", line 9, in <module>
    from api_cleaning import clean_api_data
ModuleNotFoundError: No module named 'api_cleaning'
[2026-01-05T14:47:21.717+0000] {processor.py:842} WARNING - No viable dags retrieved from /opt/airflow/dags/api_pipeline_dag.py
[2026-01-05T14:47:21.743+0000] {processor.py:183} INFO - Processing /opt/airflow/dags/api_pipeline_dag.py took 0.061 seconds
[2026-01-05T14:47:52.211+0000] {processor.py:161} INFO - Started process (PID=342) to work on /opt/airflow/dags/api_pipeline_dag.py
[2026-01-05T14:47:52.212+0000] {processor.py:830} INFO - Processing file /opt/airflow/dags/api_pipeline_dag.py for tasks to queue
[2026-01-05T14:47:52.213+0000] {logging_mixin.py:188} INFO - [2026-01-05T14:47:52.213+0000] {dagbag.py:540} INFO - Filling up the DagBag from /opt/airflow/dags/api_pipeline_dag.py
[2026-01-05T14:47:52.234+0000] {logging_mixin.py:188} INFO - [2026-01-05T14:47:52.231+0000] {dagbag.py:350} ERROR - Failed to import: /opt/airflow/dags/api_pipeline_dag.py
Traceback (most recent call last):
  File "/home/airflow/.local/lib/python3.8/site-packages/airflow/models/dagbag.py", line 346, in parse
    loader.exec_module(new_module)
  File "<frozen importlib._bootstrap_external>", line 843, in exec_module
  File "<frozen importlib._bootstrap>", line 219, in _call_with_frames_removed
  File "/opt/airflow/dags/api_pipeline_dag.py", line 9, in <module>
    from api_cleaning import clean_api_data
ModuleNotFoundError: No module named 'api_cleaning'
[2026-01-05T14:47:52.235+0000] {processor.py:842} WARNING - No viable dags retrieved from /opt/airflow/dags/api_pipeline_dag.py
[2026-01-05T14:47:52.260+0000] {processor.py:183} INFO - Processing /opt/airflow/dags/api_pipeline_dag.py took 0.054 seconds
[2026-01-05T14:48:22.646+0000] {processor.py:161} INFO - Started process (PID=363) to work on /opt/airflow/dags/api_pipeline_dag.py
[2026-01-05T14:48:22.647+0000] {processor.py:830} INFO - Processing file /opt/airflow/dags/api_pipeline_dag.py for tasks to queue
[2026-01-05T14:48:22.647+0000] {logging_mixin.py:188} INFO - [2026-01-05T14:48:22.647+0000] {dagbag.py:540} INFO - Filling up the DagBag from /opt/airflow/dags/api_pipeline_dag.py
[2026-01-05T14:48:22.668+0000] {logging_mixin.py:188} INFO - [2026-01-05T14:48:22.665+0000] {dagbag.py:350} ERROR - Failed to import: /opt/airflow/dags/api_pipeline_dag.py
Traceback (most recent call last):
  File "/home/airflow/.local/lib/python3.8/site-packages/airflow/models/dagbag.py", line 346, in parse
    loader.exec_module(new_module)
  File "<frozen importlib._bootstrap_external>", line 843, in exec_module
  File "<frozen importlib._bootstrap>", line 219, in _call_with_frames_removed
  File "/opt/airflow/dags/api_pipeline_dag.py", line 9, in <module>
    from api_cleaning import clean_api_data
ModuleNotFoundError: No module named 'api_cleaning'
[2026-01-05T14:48:22.669+0000] {processor.py:842} WARNING - No viable dags retrieved from /opt/airflow/dags/api_pipeline_dag.py
[2026-01-05T14:48:22.709+0000] {processor.py:183} INFO - Processing /opt/airflow/dags/api_pipeline_dag.py took 0.067 seconds
[2026-01-05T14:48:53.170+0000] {processor.py:161} INFO - Started process (PID=384) to work on /opt/airflow/dags/api_pipeline_dag.py
[2026-01-05T14:48:53.171+0000] {processor.py:830} INFO - Processing file /opt/airflow/dags/api_pipeline_dag.py for tasks to queue
[2026-01-05T14:48:53.172+0000] {logging_mixin.py:188} INFO - [2026-01-05T14:48:53.172+0000] {dagbag.py:540} INFO - Filling up the DagBag from /opt/airflow/dags/api_pipeline_dag.py
[2026-01-05T14:48:53.193+0000] {logging_mixin.py:188} INFO - [2026-01-05T14:48:53.190+0000] {dagbag.py:350} ERROR - Failed to import: /opt/airflow/dags/api_pipeline_dag.py
Traceback (most recent call last):
  File "/home/airflow/.local/lib/python3.8/site-packages/airflow/models/dagbag.py", line 346, in parse
    loader.exec_module(new_module)
  File "<frozen importlib._bootstrap_external>", line 843, in exec_module
  File "<frozen importlib._bootstrap>", line 219, in _call_with_frames_removed
  File "/opt/airflow/dags/api_pipeline_dag.py", line 9, in <module>
    from api_cleaning import clean_api_data
ModuleNotFoundError: No module named 'api_cleaning'
[2026-01-05T14:48:53.194+0000] {processor.py:842} WARNING - No viable dags retrieved from /opt/airflow/dags/api_pipeline_dag.py
[2026-01-05T14:48:53.218+0000] {processor.py:183} INFO - Processing /opt/airflow/dags/api_pipeline_dag.py took 0.051 seconds
[2026-01-05T14:49:13.556+0000] {processor.py:161} INFO - Started process (PID=405) to work on /opt/airflow/dags/api_pipeline_dag.py
[2026-01-05T14:49:13.557+0000] {processor.py:830} INFO - Processing file /opt/airflow/dags/api_pipeline_dag.py for tasks to queue
[2026-01-05T14:49:13.558+0000] {logging_mixin.py:188} INFO - [2026-01-05T14:49:13.558+0000] {dagbag.py:540} INFO - Filling up the DagBag from /opt/airflow/dags/api_pipeline_dag.py
[2026-01-05T14:49:13.589+0000] {logging_mixin.py:188} INFO - [2026-01-05T14:49:13.586+0000] {dagbag.py:350} ERROR - Failed to import: /opt/airflow/dags/api_pipeline_dag.py
Traceback (most recent call last):
  File "/home/airflow/.local/lib/python3.8/site-packages/airflow/models/dagbag.py", line 346, in parse
    loader.exec_module(new_module)
  File "<frozen importlib._bootstrap_external>", line 843, in exec_module
  File "<frozen importlib._bootstrap>", line 219, in _call_with_frames_removed
  File "/opt/airflow/dags/api_pipeline_dag.py", line 9, in <module>
    from api_cleaning_transform import clean_api_data
ModuleNotFoundError: No module named 'api_cleaning_transform'
[2026-01-05T14:49:13.590+0000] {processor.py:842} WARNING - No viable dags retrieved from /opt/airflow/dags/api_pipeline_dag.py
[2026-01-05T14:49:13.616+0000] {processor.py:183} INFO - Processing /opt/airflow/dags/api_pipeline_dag.py took 0.064 seconds
[2026-01-05T14:49:44.135+0000] {processor.py:161} INFO - Started process (PID=426) to work on /opt/airflow/dags/api_pipeline_dag.py
[2026-01-05T14:49:44.136+0000] {processor.py:830} INFO - Processing file /opt/airflow/dags/api_pipeline_dag.py for tasks to queue
[2026-01-05T14:49:44.137+0000] {logging_mixin.py:188} INFO - [2026-01-05T14:49:44.137+0000] {dagbag.py:540} INFO - Filling up the DagBag from /opt/airflow/dags/api_pipeline_dag.py
[2026-01-05T14:49:44.165+0000] {logging_mixin.py:188} INFO - [2026-01-05T14:49:44.161+0000] {dagbag.py:350} ERROR - Failed to import: /opt/airflow/dags/api_pipeline_dag.py
Traceback (most recent call last):
  File "/home/airflow/.local/lib/python3.8/site-packages/airflow/models/dagbag.py", line 346, in parse
    loader.exec_module(new_module)
  File "<frozen importlib._bootstrap_external>", line 843, in exec_module
  File "<frozen importlib._bootstrap>", line 219, in _call_with_frames_removed
  File "/opt/airflow/dags/api_pipeline_dag.py", line 9, in <module>
    from api_cleaning_transform import clean_api_data
ModuleNotFoundError: No module named 'api_cleaning_transform'
[2026-01-05T14:49:44.167+0000] {processor.py:842} WARNING - No viable dags retrieved from /opt/airflow/dags/api_pipeline_dag.py
[2026-01-05T14:49:44.200+0000] {processor.py:183} INFO - Processing /opt/airflow/dags/api_pipeline_dag.py took 0.068 seconds
[2026-01-05T14:50:14.605+0000] {processor.py:161} INFO - Started process (PID=447) to work on /opt/airflow/dags/api_pipeline_dag.py
[2026-01-05T14:50:14.607+0000] {processor.py:830} INFO - Processing file /opt/airflow/dags/api_pipeline_dag.py for tasks to queue
[2026-01-05T14:50:14.608+0000] {logging_mixin.py:188} INFO - [2026-01-05T14:50:14.607+0000] {dagbag.py:540} INFO - Filling up the DagBag from /opt/airflow/dags/api_pipeline_dag.py
[2026-01-05T14:50:14.630+0000] {logging_mixin.py:188} INFO - [2026-01-05T14:50:14.626+0000] {dagbag.py:350} ERROR - Failed to import: /opt/airflow/dags/api_pipeline_dag.py
Traceback (most recent call last):
  File "/home/airflow/.local/lib/python3.8/site-packages/airflow/models/dagbag.py", line 346, in parse
    loader.exec_module(new_module)
  File "<frozen importlib._bootstrap_external>", line 843, in exec_module
  File "<frozen importlib._bootstrap>", line 219, in _call_with_frames_removed
  File "/opt/airflow/dags/api_pipeline_dag.py", line 9, in <module>
    from api_cleaning_transform import clean_api_data
ModuleNotFoundError: No module named 'api_cleaning_transform'
[2026-01-05T14:50:14.631+0000] {processor.py:842} WARNING - No viable dags retrieved from /opt/airflow/dags/api_pipeline_dag.py
[2026-01-05T14:50:14.659+0000] {processor.py:183} INFO - Processing /opt/airflow/dags/api_pipeline_dag.py took 0.058 seconds
[2026-01-05T14:50:44.775+0000] {processor.py:161} INFO - Started process (PID=468) to work on /opt/airflow/dags/api_pipeline_dag.py
[2026-01-05T14:50:44.776+0000] {processor.py:830} INFO - Processing file /opt/airflow/dags/api_pipeline_dag.py for tasks to queue
[2026-01-05T14:50:44.778+0000] {logging_mixin.py:188} INFO - [2026-01-05T14:50:44.777+0000] {dagbag.py:540} INFO - Filling up the DagBag from /opt/airflow/dags/api_pipeline_dag.py
[2026-01-05T14:50:44.805+0000] {logging_mixin.py:188} INFO - [2026-01-05T14:50:44.802+0000] {dagbag.py:350} ERROR - Failed to import: /opt/airflow/dags/api_pipeline_dag.py
Traceback (most recent call last):
  File "/home/airflow/.local/lib/python3.8/site-packages/airflow/models/dagbag.py", line 346, in parse
    loader.exec_module(new_module)
  File "<frozen importlib._bootstrap_external>", line 843, in exec_module
  File "<frozen importlib._bootstrap>", line 219, in _call_with_frames_removed
  File "/opt/airflow/dags/api_pipeline_dag.py", line 9, in <module>
    from api_cleaning_transform import clean_api_data
ModuleNotFoundError: No module named 'api_cleaning_transform'
[2026-01-05T14:50:44.806+0000] {processor.py:842} WARNING - No viable dags retrieved from /opt/airflow/dags/api_pipeline_dag.py
[2026-01-05T14:50:44.834+0000] {processor.py:183} INFO - Processing /opt/airflow/dags/api_pipeline_dag.py took 0.064 seconds
[2026-01-05T14:51:14.956+0000] {processor.py:161} INFO - Started process (PID=489) to work on /opt/airflow/dags/api_pipeline_dag.py
[2026-01-05T14:51:14.958+0000] {processor.py:830} INFO - Processing file /opt/airflow/dags/api_pipeline_dag.py for tasks to queue
[2026-01-05T14:51:14.959+0000] {logging_mixin.py:188} INFO - [2026-01-05T14:51:14.959+0000] {dagbag.py:540} INFO - Filling up the DagBag from /opt/airflow/dags/api_pipeline_dag.py
[2026-01-05T14:51:14.988+0000] {logging_mixin.py:188} INFO - [2026-01-05T14:51:14.984+0000] {dagbag.py:350} ERROR - Failed to import: /opt/airflow/dags/api_pipeline_dag.py
Traceback (most recent call last):
  File "/home/airflow/.local/lib/python3.8/site-packages/airflow/models/dagbag.py", line 346, in parse
    loader.exec_module(new_module)
  File "<frozen importlib._bootstrap_external>", line 843, in exec_module
  File "<frozen importlib._bootstrap>", line 219, in _call_with_frames_removed
  File "/opt/airflow/dags/api_pipeline_dag.py", line 9, in <module>
    from api_cleaning_transform import clean_api_data
ModuleNotFoundError: No module named 'api_cleaning_transform'
[2026-01-05T14:51:14.989+0000] {processor.py:842} WARNING - No viable dags retrieved from /opt/airflow/dags/api_pipeline_dag.py
[2026-01-05T14:51:15.034+0000] {processor.py:183} INFO - Processing /opt/airflow/dags/api_pipeline_dag.py took 0.085 seconds
[2026-01-05T14:51:45.436+0000] {processor.py:161} INFO - Started process (PID=510) to work on /opt/airflow/dags/api_pipeline_dag.py
[2026-01-05T14:51:45.437+0000] {processor.py:830} INFO - Processing file /opt/airflow/dags/api_pipeline_dag.py for tasks to queue
[2026-01-05T14:51:45.438+0000] {logging_mixin.py:188} INFO - [2026-01-05T14:51:45.438+0000] {dagbag.py:540} INFO - Filling up the DagBag from /opt/airflow/dags/api_pipeline_dag.py
[2026-01-05T14:51:45.472+0000] {logging_mixin.py:188} INFO - [2026-01-05T14:51:45.468+0000] {dagbag.py:350} ERROR - Failed to import: /opt/airflow/dags/api_pipeline_dag.py
Traceback (most recent call last):
  File "/home/airflow/.local/lib/python3.8/site-packages/airflow/models/dagbag.py", line 346, in parse
    loader.exec_module(new_module)
  File "<frozen importlib._bootstrap_external>", line 843, in exec_module
  File "<frozen importlib._bootstrap>", line 219, in _call_with_frames_removed
  File "/opt/airflow/dags/api_pipeline_dag.py", line 9, in <module>
    from api_cleaning_transform import clean_api_data
ModuleNotFoundError: No module named 'api_cleaning_transform'
[2026-01-05T14:51:45.475+0000] {processor.py:842} WARNING - No viable dags retrieved from /opt/airflow/dags/api_pipeline_dag.py
[2026-01-05T14:51:45.501+0000] {processor.py:183} INFO - Processing /opt/airflow/dags/api_pipeline_dag.py took 0.070 seconds
[2026-01-05T14:52:02.772+0000] {processor.py:161} INFO - Started process (PID=525) to work on /opt/airflow/dags/api_pipeline_dag.py
[2026-01-05T14:52:02.773+0000] {processor.py:830} INFO - Processing file /opt/airflow/dags/api_pipeline_dag.py for tasks to queue
[2026-01-05T14:52:02.774+0000] {logging_mixin.py:188} INFO - [2026-01-05T14:52:02.774+0000] {dagbag.py:540} INFO - Filling up the DagBag from /opt/airflow/dags/api_pipeline_dag.py
[2026-01-05T14:52:03.233+0000] {processor.py:840} INFO - DAG(s) 'api_data_pipeline' retrieved from /opt/airflow/dags/api_pipeline_dag.py
[2026-01-05T14:52:03.599+0000] {logging_mixin.py:188} INFO - [2026-01-05T14:52:03.599+0000] {override.py:1769} INFO - Created Permission View: can delete on DAG:api_data_pipeline
[2026-01-05T14:52:03.609+0000] {logging_mixin.py:188} INFO - [2026-01-05T14:52:03.609+0000] {override.py:1769} INFO - Created Permission View: can edit on DAG:api_data_pipeline
[2026-01-05T14:52:03.615+0000] {logging_mixin.py:188} INFO - [2026-01-05T14:52:03.615+0000] {override.py:1769} INFO - Created Permission View: can read on DAG:api_data_pipeline
[2026-01-05T14:52:03.616+0000] {logging_mixin.py:188} INFO - [2026-01-05T14:52:03.616+0000] {dag.py:3047} INFO - Sync 1 DAGs
[2026-01-05T14:52:03.625+0000] {logging_mixin.py:188} INFO - [2026-01-05T14:52:03.624+0000] {dag.py:3069} INFO - Creating ORM DAG for api_data_pipeline
[2026-01-05T14:52:03.625+0000] {logging_mixin.py:188} INFO - [2026-01-05T14:52:03.625+0000] {dag.py:3834} INFO - Setting next_dagrun for api_data_pipeline to None, run_after=None
[2026-01-05T14:52:03.648+0000] {processor.py:183} INFO - Processing /opt/airflow/dags/api_pipeline_dag.py took 0.880 seconds
[2026-01-05T14:52:34.256+0000] {processor.py:161} INFO - Started process (PID=550) to work on /opt/airflow/dags/api_pipeline_dag.py
[2026-01-05T14:52:34.258+0000] {processor.py:830} INFO - Processing file /opt/airflow/dags/api_pipeline_dag.py for tasks to queue
[2026-01-05T14:52:34.260+0000] {logging_mixin.py:188} INFO - [2026-01-05T14:52:34.259+0000] {dagbag.py:540} INFO - Filling up the DagBag from /opt/airflow/dags/api_pipeline_dag.py
[2026-01-05T14:52:34.628+0000] {processor.py:840} INFO - DAG(s) 'api_data_pipeline' retrieved from /opt/airflow/dags/api_pipeline_dag.py
[2026-01-05T14:52:34.658+0000] {logging_mixin.py:188} INFO - [2026-01-05T14:52:34.657+0000] {dag.py:3047} INFO - Sync 1 DAGs
[2026-01-05T14:52:34.671+0000] {logging_mixin.py:188} INFO - [2026-01-05T14:52:34.670+0000] {dag.py:3834} INFO - Setting next_dagrun for api_data_pipeline to None, run_after=None
[2026-01-05T14:52:34.709+0000] {processor.py:183} INFO - Processing /opt/airflow/dags/api_pipeline_dag.py took 0.459 seconds
[2026-01-05T14:53:05.210+0000] {processor.py:161} INFO - Started process (PID=578) to work on /opt/airflow/dags/api_pipeline_dag.py
[2026-01-05T14:53:05.212+0000] {processor.py:830} INFO - Processing file /opt/airflow/dags/api_pipeline_dag.py for tasks to queue
[2026-01-05T14:53:05.213+0000] {logging_mixin.py:188} INFO - [2026-01-05T14:53:05.213+0000] {dagbag.py:540} INFO - Filling up the DagBag from /opt/airflow/dags/api_pipeline_dag.py
[2026-01-05T14:53:05.592+0000] {processor.py:840} INFO - DAG(s) 'api_data_pipeline' retrieved from /opt/airflow/dags/api_pipeline_dag.py
[2026-01-05T14:53:05.620+0000] {logging_mixin.py:188} INFO - [2026-01-05T14:53:05.620+0000] {dag.py:3047} INFO - Sync 1 DAGs
[2026-01-05T14:53:05.634+0000] {logging_mixin.py:188} INFO - [2026-01-05T14:53:05.633+0000] {dag.py:3834} INFO - Setting next_dagrun for api_data_pipeline to None, run_after=None
[2026-01-05T14:53:05.653+0000] {processor.py:183} INFO - Processing /opt/airflow/dags/api_pipeline_dag.py took 0.447 seconds
[2026-01-05T14:53:36.169+0000] {processor.py:161} INFO - Started process (PID=600) to work on /opt/airflow/dags/api_pipeline_dag.py
[2026-01-05T14:53:36.170+0000] {processor.py:830} INFO - Processing file /opt/airflow/dags/api_pipeline_dag.py for tasks to queue
[2026-01-05T14:53:36.171+0000] {logging_mixin.py:188} INFO - [2026-01-05T14:53:36.171+0000] {dagbag.py:540} INFO - Filling up the DagBag from /opt/airflow/dags/api_pipeline_dag.py
[2026-01-05T14:53:36.532+0000] {processor.py:840} INFO - DAG(s) 'api_data_pipeline' retrieved from /opt/airflow/dags/api_pipeline_dag.py
[2026-01-05T14:53:36.559+0000] {logging_mixin.py:188} INFO - [2026-01-05T14:53:36.559+0000] {dag.py:3047} INFO - Sync 1 DAGs
[2026-01-05T14:53:36.573+0000] {logging_mixin.py:188} INFO - [2026-01-05T14:53:36.572+0000] {dag.py:3834} INFO - Setting next_dagrun for api_data_pipeline to None, run_after=None
[2026-01-05T14:53:36.593+0000] {processor.py:183} INFO - Processing /opt/airflow/dags/api_pipeline_dag.py took 0.428 seconds
[2026-01-05T14:54:07.065+0000] {processor.py:161} INFO - Started process (PID=622) to work on /opt/airflow/dags/api_pipeline_dag.py
[2026-01-05T14:54:07.066+0000] {processor.py:830} INFO - Processing file /opt/airflow/dags/api_pipeline_dag.py for tasks to queue
[2026-01-05T14:54:07.067+0000] {logging_mixin.py:188} INFO - [2026-01-05T14:54:07.067+0000] {dagbag.py:540} INFO - Filling up the DagBag from /opt/airflow/dags/api_pipeline_dag.py
[2026-01-05T14:54:07.470+0000] {processor.py:840} INFO - DAG(s) 'api_data_pipeline' retrieved from /opt/airflow/dags/api_pipeline_dag.py
[2026-01-05T14:54:07.500+0000] {logging_mixin.py:188} INFO - [2026-01-05T14:54:07.500+0000] {dag.py:3047} INFO - Sync 1 DAGs
[2026-01-05T14:54:07.514+0000] {logging_mixin.py:188} INFO - [2026-01-05T14:54:07.513+0000] {dag.py:3834} INFO - Setting next_dagrun for api_data_pipeline to None, run_after=None
[2026-01-05T14:54:07.535+0000] {processor.py:183} INFO - Processing /opt/airflow/dags/api_pipeline_dag.py took 0.473 seconds
[2026-01-05T14:54:38.083+0000] {processor.py:161} INFO - Started process (PID=644) to work on /opt/airflow/dags/api_pipeline_dag.py
[2026-01-05T14:54:38.084+0000] {processor.py:830} INFO - Processing file /opt/airflow/dags/api_pipeline_dag.py for tasks to queue
[2026-01-05T14:54:38.085+0000] {logging_mixin.py:188} INFO - [2026-01-05T14:54:38.085+0000] {dagbag.py:540} INFO - Filling up the DagBag from /opt/airflow/dags/api_pipeline_dag.py
[2026-01-05T14:54:38.442+0000] {processor.py:840} INFO - DAG(s) 'api_data_pipeline' retrieved from /opt/airflow/dags/api_pipeline_dag.py
[2026-01-05T14:54:38.470+0000] {logging_mixin.py:188} INFO - [2026-01-05T14:54:38.468+0000] {dag.py:3047} INFO - Sync 1 DAGs
[2026-01-05T14:54:38.483+0000] {logging_mixin.py:188} INFO - [2026-01-05T14:54:38.482+0000] {dag.py:3834} INFO - Setting next_dagrun for api_data_pipeline to None, run_after=None
[2026-01-05T14:54:38.501+0000] {processor.py:183} INFO - Processing /opt/airflow/dags/api_pipeline_dag.py took 0.421 seconds
[2026-01-05T14:55:09.012+0000] {processor.py:161} INFO - Started process (PID=666) to work on /opt/airflow/dags/api_pipeline_dag.py
[2026-01-05T14:55:09.014+0000] {processor.py:830} INFO - Processing file /opt/airflow/dags/api_pipeline_dag.py for tasks to queue
[2026-01-05T14:55:09.016+0000] {logging_mixin.py:188} INFO - [2026-01-05T14:55:09.015+0000] {dagbag.py:540} INFO - Filling up the DagBag from /opt/airflow/dags/api_pipeline_dag.py
[2026-01-05T14:55:09.456+0000] {processor.py:840} INFO - DAG(s) 'api_data_pipeline' retrieved from /opt/airflow/dags/api_pipeline_dag.py
[2026-01-05T14:55:09.490+0000] {logging_mixin.py:188} INFO - [2026-01-05T14:55:09.490+0000] {dag.py:3047} INFO - Sync 1 DAGs
[2026-01-05T14:55:09.505+0000] {logging_mixin.py:188} INFO - [2026-01-05T14:55:09.505+0000] {dag.py:3834} INFO - Setting next_dagrun for api_data_pipeline to None, run_after=None
[2026-01-05T14:55:09.543+0000] {processor.py:183} INFO - Processing /opt/airflow/dags/api_pipeline_dag.py took 0.536 seconds
[2026-01-05T14:55:39.621+0000] {processor.py:161} INFO - Started process (PID=688) to work on /opt/airflow/dags/api_pipeline_dag.py
[2026-01-05T14:55:39.622+0000] {processor.py:830} INFO - Processing file /opt/airflow/dags/api_pipeline_dag.py for tasks to queue
[2026-01-05T14:55:39.623+0000] {logging_mixin.py:188} INFO - [2026-01-05T14:55:39.623+0000] {dagbag.py:540} INFO - Filling up the DagBag from /opt/airflow/dags/api_pipeline_dag.py
[2026-01-05T14:55:39.950+0000] {processor.py:840} INFO - DAG(s) 'api_data_pipeline' retrieved from /opt/airflow/dags/api_pipeline_dag.py
[2026-01-05T14:55:39.978+0000] {logging_mixin.py:188} INFO - [2026-01-05T14:55:39.978+0000] {dag.py:3047} INFO - Sync 1 DAGs
[2026-01-05T14:55:39.989+0000] {logging_mixin.py:188} INFO - [2026-01-05T14:55:39.989+0000] {dag.py:3834} INFO - Setting next_dagrun for api_data_pipeline to None, run_after=None
[2026-01-05T14:55:40.025+0000] {processor.py:183} INFO - Processing /opt/airflow/dags/api_pipeline_dag.py took 0.408 seconds
[2026-01-05T15:23:14.512+0000] {processor.py:161} INFO - Started process (PID=195) to work on /opt/airflow/dags/api_pipeline_dag.py
[2026-01-05T15:23:14.513+0000] {processor.py:830} INFO - Processing file /opt/airflow/dags/api_pipeline_dag.py for tasks to queue
[2026-01-05T15:23:14.515+0000] {logging_mixin.py:188} INFO - [2026-01-05T15:23:14.514+0000] {dagbag.py:540} INFO - Filling up the DagBag from /opt/airflow/dags/api_pipeline_dag.py
[2026-01-05T15:23:16.347+0000] {processor.py:840} INFO - DAG(s) 'api_data_pipeline' retrieved from /opt/airflow/dags/api_pipeline_dag.py
[2026-01-05T15:23:16.397+0000] {logging_mixin.py:188} INFO - [2026-01-05T15:23:16.396+0000] {dag.py:3047} INFO - Sync 1 DAGs
[2026-01-05T15:23:16.413+0000] {logging_mixin.py:188} INFO - [2026-01-05T15:23:16.413+0000] {dag.py:3834} INFO - Setting next_dagrun for api_data_pipeline to None, run_after=None
[2026-01-05T15:23:16.440+0000] {processor.py:183} INFO - Processing /opt/airflow/dags/api_pipeline_dag.py took 1.935 seconds
[2026-01-05T15:23:46.927+0000] {processor.py:161} INFO - Started process (PID=222) to work on /opt/airflow/dags/api_pipeline_dag.py
[2026-01-05T15:23:46.928+0000] {processor.py:830} INFO - Processing file /opt/airflow/dags/api_pipeline_dag.py for tasks to queue
[2026-01-05T15:23:46.930+0000] {logging_mixin.py:188} INFO - [2026-01-05T15:23:46.929+0000] {dagbag.py:540} INFO - Filling up the DagBag from /opt/airflow/dags/api_pipeline_dag.py
[2026-01-05T15:23:47.305+0000] {processor.py:840} INFO - DAG(s) 'api_data_pipeline' retrieved from /opt/airflow/dags/api_pipeline_dag.py
[2026-01-05T15:23:47.337+0000] {logging_mixin.py:188} INFO - [2026-01-05T15:23:47.336+0000] {dag.py:3047} INFO - Sync 1 DAGs
[2026-01-05T15:23:47.350+0000] {logging_mixin.py:188} INFO - [2026-01-05T15:23:47.349+0000] {dag.py:3834} INFO - Setting next_dagrun for api_data_pipeline to None, run_after=None
[2026-01-05T15:23:47.389+0000] {processor.py:183} INFO - Processing /opt/airflow/dags/api_pipeline_dag.py took 0.465 seconds
[2026-01-05T15:24:17.853+0000] {processor.py:161} INFO - Started process (PID=244) to work on /opt/airflow/dags/api_pipeline_dag.py
[2026-01-05T15:24:17.854+0000] {processor.py:830} INFO - Processing file /opt/airflow/dags/api_pipeline_dag.py for tasks to queue
[2026-01-05T15:24:17.855+0000] {logging_mixin.py:188} INFO - [2026-01-05T15:24:17.855+0000] {dagbag.py:540} INFO - Filling up the DagBag from /opt/airflow/dags/api_pipeline_dag.py
[2026-01-05T15:24:18.296+0000] {processor.py:840} INFO - DAG(s) 'api_data_pipeline' retrieved from /opt/airflow/dags/api_pipeline_dag.py
[2026-01-05T15:24:18.334+0000] {logging_mixin.py:188} INFO - [2026-01-05T15:24:18.333+0000] {dag.py:3047} INFO - Sync 1 DAGs
[2026-01-05T15:24:18.353+0000] {logging_mixin.py:188} INFO - [2026-01-05T15:24:18.353+0000] {dag.py:3834} INFO - Setting next_dagrun for api_data_pipeline to None, run_after=None
[2026-01-05T15:24:18.382+0000] {processor.py:183} INFO - Processing /opt/airflow/dags/api_pipeline_dag.py took 0.533 seconds
[2026-01-05T15:24:48.803+0000] {processor.py:161} INFO - Started process (PID=266) to work on /opt/airflow/dags/api_pipeline_dag.py
[2026-01-05T15:24:48.804+0000] {processor.py:830} INFO - Processing file /opt/airflow/dags/api_pipeline_dag.py for tasks to queue
[2026-01-05T15:24:48.805+0000] {logging_mixin.py:188} INFO - [2026-01-05T15:24:48.805+0000] {dagbag.py:540} INFO - Filling up the DagBag from /opt/airflow/dags/api_pipeline_dag.py
[2026-01-05T15:24:49.196+0000] {processor.py:840} INFO - DAG(s) 'api_data_pipeline' retrieved from /opt/airflow/dags/api_pipeline_dag.py
[2026-01-05T15:24:49.228+0000] {logging_mixin.py:188} INFO - [2026-01-05T15:24:49.227+0000] {dag.py:3047} INFO - Sync 1 DAGs
[2026-01-05T15:24:49.242+0000] {logging_mixin.py:188} INFO - [2026-01-05T15:24:49.242+0000] {dag.py:3834} INFO - Setting next_dagrun for api_data_pipeline to None, run_after=None
[2026-01-05T15:24:49.260+0000] {processor.py:183} INFO - Processing /opt/airflow/dags/api_pipeline_dag.py took 0.460 seconds
[2026-01-05T15:25:19.661+0000] {processor.py:161} INFO - Started process (PID=288) to work on /opt/airflow/dags/api_pipeline_dag.py
[2026-01-05T15:25:19.663+0000] {processor.py:830} INFO - Processing file /opt/airflow/dags/api_pipeline_dag.py for tasks to queue
[2026-01-05T15:25:19.664+0000] {logging_mixin.py:188} INFO - [2026-01-05T15:25:19.663+0000] {dagbag.py:540} INFO - Filling up the DagBag from /opt/airflow/dags/api_pipeline_dag.py
[2026-01-05T15:25:20.041+0000] {processor.py:840} INFO - DAG(s) 'api_data_pipeline' retrieved from /opt/airflow/dags/api_pipeline_dag.py
[2026-01-05T15:25:20.086+0000] {logging_mixin.py:188} INFO - [2026-01-05T15:25:20.084+0000] {dag.py:3047} INFO - Sync 1 DAGs
[2026-01-05T15:25:20.105+0000] {logging_mixin.py:188} INFO - [2026-01-05T15:25:20.105+0000] {dag.py:3834} INFO - Setting next_dagrun for api_data_pipeline to None, run_after=None
[2026-01-05T15:25:20.133+0000] {processor.py:183} INFO - Processing /opt/airflow/dags/api_pipeline_dag.py took 0.475 seconds
[2026-01-05T15:25:50.550+0000] {processor.py:161} INFO - Started process (PID=310) to work on /opt/airflow/dags/api_pipeline_dag.py
[2026-01-05T15:25:50.551+0000] {processor.py:830} INFO - Processing file /opt/airflow/dags/api_pipeline_dag.py for tasks to queue
[2026-01-05T15:25:50.552+0000] {logging_mixin.py:188} INFO - [2026-01-05T15:25:50.552+0000] {dagbag.py:540} INFO - Filling up the DagBag from /opt/airflow/dags/api_pipeline_dag.py
[2026-01-05T15:25:50.992+0000] {processor.py:840} INFO - DAG(s) 'api_data_pipeline' retrieved from /opt/airflow/dags/api_pipeline_dag.py
[2026-01-05T15:25:51.025+0000] {logging_mixin.py:188} INFO - [2026-01-05T15:25:51.025+0000] {dag.py:3047} INFO - Sync 1 DAGs
[2026-01-05T15:25:51.040+0000] {logging_mixin.py:188} INFO - [2026-01-05T15:25:51.040+0000] {dag.py:3834} INFO - Setting next_dagrun for api_data_pipeline to None, run_after=None
[2026-01-05T15:25:51.060+0000] {processor.py:183} INFO - Processing /opt/airflow/dags/api_pipeline_dag.py took 0.514 seconds
[2026-01-05T15:26:21.513+0000] {processor.py:161} INFO - Started process (PID=332) to work on /opt/airflow/dags/api_pipeline_dag.py
[2026-01-05T15:26:21.515+0000] {processor.py:830} INFO - Processing file /opt/airflow/dags/api_pipeline_dag.py for tasks to queue
[2026-01-05T15:26:21.516+0000] {logging_mixin.py:188} INFO - [2026-01-05T15:26:21.516+0000] {dagbag.py:540} INFO - Filling up the DagBag from /opt/airflow/dags/api_pipeline_dag.py
[2026-01-05T15:26:21.920+0000] {processor.py:840} INFO - DAG(s) 'api_data_pipeline' retrieved from /opt/airflow/dags/api_pipeline_dag.py
[2026-01-05T15:26:21.957+0000] {logging_mixin.py:188} INFO - [2026-01-05T15:26:21.957+0000] {dag.py:3047} INFO - Sync 1 DAGs
[2026-01-05T15:26:21.971+0000] {logging_mixin.py:188} INFO - [2026-01-05T15:26:21.971+0000] {dag.py:3834} INFO - Setting next_dagrun for api_data_pipeline to None, run_after=None
[2026-01-05T15:26:21.992+0000] {processor.py:183} INFO - Processing /opt/airflow/dags/api_pipeline_dag.py took 0.483 seconds
[2026-01-05T15:26:52.418+0000] {processor.py:161} INFO - Started process (PID=354) to work on /opt/airflow/dags/api_pipeline_dag.py
[2026-01-05T15:26:52.419+0000] {processor.py:830} INFO - Processing file /opt/airflow/dags/api_pipeline_dag.py for tasks to queue
[2026-01-05T15:26:52.420+0000] {logging_mixin.py:188} INFO - [2026-01-05T15:26:52.420+0000] {dagbag.py:540} INFO - Filling up the DagBag from /opt/airflow/dags/api_pipeline_dag.py
[2026-01-05T15:26:52.925+0000] {processor.py:840} INFO - DAG(s) 'api_data_pipeline' retrieved from /opt/airflow/dags/api_pipeline_dag.py
[2026-01-05T15:26:52.967+0000] {logging_mixin.py:188} INFO - [2026-01-05T15:26:52.967+0000] {dag.py:3047} INFO - Sync 1 DAGs
[2026-01-05T15:26:52.983+0000] {logging_mixin.py:188} INFO - [2026-01-05T15:26:52.983+0000] {dag.py:3834} INFO - Setting next_dagrun for api_data_pipeline to None, run_after=None
[2026-01-05T15:26:53.005+0000] {processor.py:183} INFO - Processing /opt/airflow/dags/api_pipeline_dag.py took 0.591 seconds
[2026-01-05T15:27:23.421+0000] {processor.py:161} INFO - Started process (PID=376) to work on /opt/airflow/dags/api_pipeline_dag.py
[2026-01-05T15:27:23.422+0000] {processor.py:830} INFO - Processing file /opt/airflow/dags/api_pipeline_dag.py for tasks to queue
[2026-01-05T15:27:23.423+0000] {logging_mixin.py:188} INFO - [2026-01-05T15:27:23.423+0000] {dagbag.py:540} INFO - Filling up the DagBag from /opt/airflow/dags/api_pipeline_dag.py
[2026-01-05T15:27:23.802+0000] {processor.py:840} INFO - DAG(s) 'api_data_pipeline' retrieved from /opt/airflow/dags/api_pipeline_dag.py
[2026-01-05T15:27:23.834+0000] {logging_mixin.py:188} INFO - [2026-01-05T15:27:23.833+0000] {dag.py:3047} INFO - Sync 1 DAGs
[2026-01-05T15:27:23.847+0000] {logging_mixin.py:188} INFO - [2026-01-05T15:27:23.846+0000] {dag.py:3834} INFO - Setting next_dagrun for api_data_pipeline to None, run_after=None
[2026-01-05T15:27:23.867+0000] {processor.py:183} INFO - Processing /opt/airflow/dags/api_pipeline_dag.py took 0.450 seconds
[2026-01-05T15:27:54.266+0000] {processor.py:161} INFO - Started process (PID=398) to work on /opt/airflow/dags/api_pipeline_dag.py
[2026-01-05T15:27:54.267+0000] {processor.py:830} INFO - Processing file /opt/airflow/dags/api_pipeline_dag.py for tasks to queue
[2026-01-05T15:27:54.268+0000] {logging_mixin.py:188} INFO - [2026-01-05T15:27:54.268+0000] {dagbag.py:540} INFO - Filling up the DagBag from /opt/airflow/dags/api_pipeline_dag.py
[2026-01-05T15:27:54.652+0000] {processor.py:840} INFO - DAG(s) 'api_data_pipeline' retrieved from /opt/airflow/dags/api_pipeline_dag.py
[2026-01-05T15:27:54.683+0000] {logging_mixin.py:188} INFO - [2026-01-05T15:27:54.683+0000] {dag.py:3047} INFO - Sync 1 DAGs
[2026-01-05T15:27:54.698+0000] {logging_mixin.py:188} INFO - [2026-01-05T15:27:54.698+0000] {dag.py:3834} INFO - Setting next_dagrun for api_data_pipeline to None, run_after=None
[2026-01-05T15:27:54.718+0000] {processor.py:183} INFO - Processing /opt/airflow/dags/api_pipeline_dag.py took 0.457 seconds
[2026-01-05T15:28:25.120+0000] {processor.py:161} INFO - Started process (PID=420) to work on /opt/airflow/dags/api_pipeline_dag.py
[2026-01-05T15:28:25.121+0000] {processor.py:830} INFO - Processing file /opt/airflow/dags/api_pipeline_dag.py for tasks to queue
[2026-01-05T15:28:25.122+0000] {logging_mixin.py:188} INFO - [2026-01-05T15:28:25.122+0000] {dagbag.py:540} INFO - Filling up the DagBag from /opt/airflow/dags/api_pipeline_dag.py
[2026-01-05T15:28:25.514+0000] {processor.py:840} INFO - DAG(s) 'api_data_pipeline' retrieved from /opt/airflow/dags/api_pipeline_dag.py
[2026-01-05T15:28:25.554+0000] {logging_mixin.py:188} INFO - [2026-01-05T15:28:25.553+0000] {dag.py:3047} INFO - Sync 1 DAGs
[2026-01-05T15:28:25.569+0000] {logging_mixin.py:188} INFO - [2026-01-05T15:28:25.569+0000] {dag.py:3834} INFO - Setting next_dagrun for api_data_pipeline to None, run_after=None
[2026-01-05T15:28:25.593+0000] {processor.py:183} INFO - Processing /opt/airflow/dags/api_pipeline_dag.py took 0.477 seconds
[2026-01-05T15:28:56.006+0000] {processor.py:161} INFO - Started process (PID=442) to work on /opt/airflow/dags/api_pipeline_dag.py
[2026-01-05T15:28:56.007+0000] {processor.py:830} INFO - Processing file /opt/airflow/dags/api_pipeline_dag.py for tasks to queue
[2026-01-05T15:28:56.009+0000] {logging_mixin.py:188} INFO - [2026-01-05T15:28:56.008+0000] {dagbag.py:540} INFO - Filling up the DagBag from /opt/airflow/dags/api_pipeline_dag.py
[2026-01-05T15:28:56.386+0000] {processor.py:840} INFO - DAG(s) 'api_data_pipeline' retrieved from /opt/airflow/dags/api_pipeline_dag.py
[2026-01-05T15:28:56.423+0000] {logging_mixin.py:188} INFO - [2026-01-05T15:28:56.422+0000] {dag.py:3047} INFO - Sync 1 DAGs
[2026-01-05T15:28:56.439+0000] {logging_mixin.py:188} INFO - [2026-01-05T15:28:56.438+0000] {dag.py:3834} INFO - Setting next_dagrun for api_data_pipeline to None, run_after=None
[2026-01-05T15:28:56.463+0000] {processor.py:183} INFO - Processing /opt/airflow/dags/api_pipeline_dag.py took 0.460 seconds
[2026-01-05T15:29:26.886+0000] {processor.py:161} INFO - Started process (PID=464) to work on /opt/airflow/dags/api_pipeline_dag.py
[2026-01-05T15:29:26.887+0000] {processor.py:830} INFO - Processing file /opt/airflow/dags/api_pipeline_dag.py for tasks to queue
[2026-01-05T15:29:26.888+0000] {logging_mixin.py:188} INFO - [2026-01-05T15:29:26.888+0000] {dagbag.py:540} INFO - Filling up the DagBag from /opt/airflow/dags/api_pipeline_dag.py
[2026-01-05T15:29:27.227+0000] {processor.py:840} INFO - DAG(s) 'api_data_pipeline' retrieved from /opt/airflow/dags/api_pipeline_dag.py
[2026-01-05T15:29:27.257+0000] {logging_mixin.py:188} INFO - [2026-01-05T15:29:27.256+0000] {dag.py:3047} INFO - Sync 1 DAGs
[2026-01-05T15:29:27.268+0000] {logging_mixin.py:188} INFO - [2026-01-05T15:29:27.268+0000] {dag.py:3834} INFO - Setting next_dagrun for api_data_pipeline to None, run_after=None
[2026-01-05T15:29:27.287+0000] {processor.py:183} INFO - Processing /opt/airflow/dags/api_pipeline_dag.py took 0.404 seconds
[2026-01-05T15:29:57.831+0000] {processor.py:161} INFO - Started process (PID=486) to work on /opt/airflow/dags/api_pipeline_dag.py
[2026-01-05T15:29:57.832+0000] {processor.py:830} INFO - Processing file /opt/airflow/dags/api_pipeline_dag.py for tasks to queue
[2026-01-05T15:29:57.833+0000] {logging_mixin.py:188} INFO - [2026-01-05T15:29:57.833+0000] {dagbag.py:540} INFO - Filling up the DagBag from /opt/airflow/dags/api_pipeline_dag.py
[2026-01-05T15:29:58.202+0000] {processor.py:840} INFO - DAG(s) 'api_data_pipeline' retrieved from /opt/airflow/dags/api_pipeline_dag.py
[2026-01-05T15:29:58.233+0000] {logging_mixin.py:188} INFO - [2026-01-05T15:29:58.232+0000] {dag.py:3047} INFO - Sync 1 DAGs
[2026-01-05T15:29:58.246+0000] {logging_mixin.py:188} INFO - [2026-01-05T15:29:58.245+0000] {dag.py:3834} INFO - Setting next_dagrun for api_data_pipeline to None, run_after=None
[2026-01-05T15:29:58.286+0000] {processor.py:183} INFO - Processing /opt/airflow/dags/api_pipeline_dag.py took 0.459 seconds
[2026-01-05T15:30:28.681+0000] {processor.py:161} INFO - Started process (PID=508) to work on /opt/airflow/dags/api_pipeline_dag.py
[2026-01-05T15:30:28.683+0000] {processor.py:830} INFO - Processing file /opt/airflow/dags/api_pipeline_dag.py for tasks to queue
[2026-01-05T15:30:28.684+0000] {logging_mixin.py:188} INFO - [2026-01-05T15:30:28.684+0000] {dagbag.py:540} INFO - Filling up the DagBag from /opt/airflow/dags/api_pipeline_dag.py
[2026-01-05T15:30:29.094+0000] {processor.py:840} INFO - DAG(s) 'api_data_pipeline' retrieved from /opt/airflow/dags/api_pipeline_dag.py
[2026-01-05T15:30:29.127+0000] {logging_mixin.py:188} INFO - [2026-01-05T15:30:29.127+0000] {dag.py:3047} INFO - Sync 1 DAGs
[2026-01-05T15:30:29.143+0000] {logging_mixin.py:188} INFO - [2026-01-05T15:30:29.143+0000] {dag.py:3834} INFO - Setting next_dagrun for api_data_pipeline to None, run_after=None
[2026-01-05T15:30:29.166+0000] {processor.py:183} INFO - Processing /opt/airflow/dags/api_pipeline_dag.py took 0.489 seconds
[2026-01-05T15:30:59.568+0000] {processor.py:161} INFO - Started process (PID=530) to work on /opt/airflow/dags/api_pipeline_dag.py
[2026-01-05T15:30:59.569+0000] {processor.py:830} INFO - Processing file /opt/airflow/dags/api_pipeline_dag.py for tasks to queue
[2026-01-05T15:30:59.570+0000] {logging_mixin.py:188} INFO - [2026-01-05T15:30:59.570+0000] {dagbag.py:540} INFO - Filling up the DagBag from /opt/airflow/dags/api_pipeline_dag.py
[2026-01-05T15:30:59.955+0000] {processor.py:840} INFO - DAG(s) 'api_data_pipeline' retrieved from /opt/airflow/dags/api_pipeline_dag.py
[2026-01-05T15:30:59.987+0000] {logging_mixin.py:188} INFO - [2026-01-05T15:30:59.985+0000] {dag.py:3047} INFO - Sync 1 DAGs
[2026-01-05T15:31:00.001+0000] {logging_mixin.py:188} INFO - [2026-01-05T15:31:00.000+0000] {dag.py:3834} INFO - Setting next_dagrun for api_data_pipeline to None, run_after=None
[2026-01-05T15:31:00.026+0000] {processor.py:183} INFO - Processing /opt/airflow/dags/api_pipeline_dag.py took 0.461 seconds
[2026-01-05T15:31:30.471+0000] {processor.py:161} INFO - Started process (PID=552) to work on /opt/airflow/dags/api_pipeline_dag.py
[2026-01-05T15:31:30.472+0000] {processor.py:830} INFO - Processing file /opt/airflow/dags/api_pipeline_dag.py for tasks to queue
[2026-01-05T15:31:30.473+0000] {logging_mixin.py:188} INFO - [2026-01-05T15:31:30.473+0000] {dagbag.py:540} INFO - Filling up the DagBag from /opt/airflow/dags/api_pipeline_dag.py
[2026-01-05T15:31:30.873+0000] {processor.py:840} INFO - DAG(s) 'api_data_pipeline' retrieved from /opt/airflow/dags/api_pipeline_dag.py
[2026-01-05T15:31:30.913+0000] {logging_mixin.py:188} INFO - [2026-01-05T15:31:30.912+0000] {dag.py:3047} INFO - Sync 1 DAGs
[2026-01-05T15:31:30.928+0000] {logging_mixin.py:188} INFO - [2026-01-05T15:31:30.928+0000] {dag.py:3834} INFO - Setting next_dagrun for api_data_pipeline to None, run_after=None
[2026-01-05T15:31:30.954+0000] {processor.py:183} INFO - Processing /opt/airflow/dags/api_pipeline_dag.py took 0.487 seconds
[2026-01-05T15:32:01.390+0000] {processor.py:161} INFO - Started process (PID=574) to work on /opt/airflow/dags/api_pipeline_dag.py
[2026-01-05T15:32:01.391+0000] {processor.py:830} INFO - Processing file /opt/airflow/dags/api_pipeline_dag.py for tasks to queue
[2026-01-05T15:32:01.392+0000] {logging_mixin.py:188} INFO - [2026-01-05T15:32:01.391+0000] {dagbag.py:540} INFO - Filling up the DagBag from /opt/airflow/dags/api_pipeline_dag.py
[2026-01-05T15:32:01.764+0000] {processor.py:840} INFO - DAG(s) 'api_data_pipeline' retrieved from /opt/airflow/dags/api_pipeline_dag.py
[2026-01-05T15:32:01.797+0000] {logging_mixin.py:188} INFO - [2026-01-05T15:32:01.797+0000] {dag.py:3047} INFO - Sync 1 DAGs
[2026-01-05T15:32:01.811+0000] {logging_mixin.py:188} INFO - [2026-01-05T15:32:01.810+0000] {dag.py:3834} INFO - Setting next_dagrun for api_data_pipeline to None, run_after=None
[2026-01-05T15:32:01.851+0000] {processor.py:183} INFO - Processing /opt/airflow/dags/api_pipeline_dag.py took 0.465 seconds
[2026-01-05T15:32:32.264+0000] {processor.py:161} INFO - Started process (PID=596) to work on /opt/airflow/dags/api_pipeline_dag.py
[2026-01-05T15:32:32.265+0000] {processor.py:830} INFO - Processing file /opt/airflow/dags/api_pipeline_dag.py for tasks to queue
[2026-01-05T15:32:32.266+0000] {logging_mixin.py:188} INFO - [2026-01-05T15:32:32.266+0000] {dagbag.py:540} INFO - Filling up the DagBag from /opt/airflow/dags/api_pipeline_dag.py
[2026-01-05T15:32:32.685+0000] {processor.py:840} INFO - DAG(s) 'api_data_pipeline' retrieved from /opt/airflow/dags/api_pipeline_dag.py
[2026-01-05T15:32:32.725+0000] {logging_mixin.py:188} INFO - [2026-01-05T15:32:32.724+0000] {dag.py:3047} INFO - Sync 1 DAGs
[2026-01-05T15:32:32.741+0000] {logging_mixin.py:188} INFO - [2026-01-05T15:32:32.741+0000] {dag.py:3834} INFO - Setting next_dagrun for api_data_pipeline to None, run_after=None
[2026-01-05T15:32:32.764+0000] {processor.py:183} INFO - Processing /opt/airflow/dags/api_pipeline_dag.py took 0.505 seconds
[2026-01-05T15:33:03.290+0000] {processor.py:161} INFO - Started process (PID=618) to work on /opt/airflow/dags/api_pipeline_dag.py
[2026-01-05T15:33:03.291+0000] {processor.py:830} INFO - Processing file /opt/airflow/dags/api_pipeline_dag.py for tasks to queue
[2026-01-05T15:33:03.292+0000] {logging_mixin.py:188} INFO - [2026-01-05T15:33:03.292+0000] {dagbag.py:540} INFO - Filling up the DagBag from /opt/airflow/dags/api_pipeline_dag.py
[2026-01-05T15:33:03.670+0000] {processor.py:840} INFO - DAG(s) 'api_data_pipeline' retrieved from /opt/airflow/dags/api_pipeline_dag.py
[2026-01-05T15:33:03.700+0000] {logging_mixin.py:188} INFO - [2026-01-05T15:33:03.700+0000] {dag.py:3047} INFO - Sync 1 DAGs
[2026-01-05T15:33:03.712+0000] {logging_mixin.py:188} INFO - [2026-01-05T15:33:03.712+0000] {dag.py:3834} INFO - Setting next_dagrun for api_data_pipeline to None, run_after=None
[2026-01-05T15:33:03.751+0000] {processor.py:183} INFO - Processing /opt/airflow/dags/api_pipeline_dag.py took 0.466 seconds
[2026-01-05T15:33:34.206+0000] {processor.py:161} INFO - Started process (PID=640) to work on /opt/airflow/dags/api_pipeline_dag.py
[2026-01-05T15:33:34.207+0000] {processor.py:830} INFO - Processing file /opt/airflow/dags/api_pipeline_dag.py for tasks to queue
[2026-01-05T15:33:34.208+0000] {logging_mixin.py:188} INFO - [2026-01-05T15:33:34.208+0000] {dagbag.py:540} INFO - Filling up the DagBag from /opt/airflow/dags/api_pipeline_dag.py
[2026-01-05T15:33:34.621+0000] {processor.py:840} INFO - DAG(s) 'api_data_pipeline' retrieved from /opt/airflow/dags/api_pipeline_dag.py
[2026-01-05T15:33:34.659+0000] {logging_mixin.py:188} INFO - [2026-01-05T15:33:34.659+0000] {dag.py:3047} INFO - Sync 1 DAGs
[2026-01-05T15:33:34.677+0000] {logging_mixin.py:188} INFO - [2026-01-05T15:33:34.676+0000] {dag.py:3834} INFO - Setting next_dagrun for api_data_pipeline to None, run_after=None
[2026-01-05T15:33:34.702+0000] {processor.py:183} INFO - Processing /opt/airflow/dags/api_pipeline_dag.py took 0.499 seconds
[2026-01-05T15:34:05.106+0000] {processor.py:161} INFO - Started process (PID=662) to work on /opt/airflow/dags/api_pipeline_dag.py
[2026-01-05T15:34:05.107+0000] {processor.py:830} INFO - Processing file /opt/airflow/dags/api_pipeline_dag.py for tasks to queue
[2026-01-05T15:34:05.108+0000] {logging_mixin.py:188} INFO - [2026-01-05T15:34:05.108+0000] {dagbag.py:540} INFO - Filling up the DagBag from /opt/airflow/dags/api_pipeline_dag.py
[2026-01-05T15:34:05.529+0000] {processor.py:840} INFO - DAG(s) 'api_data_pipeline' retrieved from /opt/airflow/dags/api_pipeline_dag.py
[2026-01-05T15:34:05.569+0000] {logging_mixin.py:188} INFO - [2026-01-05T15:34:05.568+0000] {dag.py:3047} INFO - Sync 1 DAGs
[2026-01-05T15:34:05.583+0000] {logging_mixin.py:188} INFO - [2026-01-05T15:34:05.583+0000] {dag.py:3834} INFO - Setting next_dagrun for api_data_pipeline to None, run_after=None
[2026-01-05T15:34:05.608+0000] {processor.py:183} INFO - Processing /opt/airflow/dags/api_pipeline_dag.py took 0.506 seconds
[2026-01-05T15:34:36.038+0000] {processor.py:161} INFO - Started process (PID=684) to work on /opt/airflow/dags/api_pipeline_dag.py
[2026-01-05T15:34:36.040+0000] {processor.py:830} INFO - Processing file /opt/airflow/dags/api_pipeline_dag.py for tasks to queue
[2026-01-05T15:34:36.041+0000] {logging_mixin.py:188} INFO - [2026-01-05T15:34:36.040+0000] {dagbag.py:540} INFO - Filling up the DagBag from /opt/airflow/dags/api_pipeline_dag.py
[2026-01-05T15:34:36.434+0000] {processor.py:840} INFO - DAG(s) 'api_data_pipeline' retrieved from /opt/airflow/dags/api_pipeline_dag.py
[2026-01-05T15:34:36.474+0000] {logging_mixin.py:188} INFO - [2026-01-05T15:34:36.473+0000] {dag.py:3047} INFO - Sync 1 DAGs
[2026-01-05T15:34:36.490+0000] {logging_mixin.py:188} INFO - [2026-01-05T15:34:36.490+0000] {dag.py:3834} INFO - Setting next_dagrun for api_data_pipeline to None, run_after=None
[2026-01-05T15:34:36.516+0000] {processor.py:183} INFO - Processing /opt/airflow/dags/api_pipeline_dag.py took 0.481 seconds
[2026-01-05T15:35:06.959+0000] {processor.py:161} INFO - Started process (PID=706) to work on /opt/airflow/dags/api_pipeline_dag.py
[2026-01-05T15:35:06.961+0000] {processor.py:830} INFO - Processing file /opt/airflow/dags/api_pipeline_dag.py for tasks to queue
[2026-01-05T15:35:06.961+0000] {logging_mixin.py:188} INFO - [2026-01-05T15:35:06.961+0000] {dagbag.py:540} INFO - Filling up the DagBag from /opt/airflow/dags/api_pipeline_dag.py
[2026-01-05T15:35:07.344+0000] {processor.py:840} INFO - DAG(s) 'api_data_pipeline' retrieved from /opt/airflow/dags/api_pipeline_dag.py
[2026-01-05T15:35:07.375+0000] {logging_mixin.py:188} INFO - [2026-01-05T15:35:07.374+0000] {dag.py:3047} INFO - Sync 1 DAGs
[2026-01-05T15:35:07.388+0000] {logging_mixin.py:188} INFO - [2026-01-05T15:35:07.388+0000] {dag.py:3834} INFO - Setting next_dagrun for api_data_pipeline to None, run_after=None
[2026-01-05T15:35:07.407+0000] {processor.py:183} INFO - Processing /opt/airflow/dags/api_pipeline_dag.py took 0.451 seconds
[2026-01-05T15:35:37.948+0000] {processor.py:161} INFO - Started process (PID=728) to work on /opt/airflow/dags/api_pipeline_dag.py
[2026-01-05T15:35:37.949+0000] {processor.py:830} INFO - Processing file /opt/airflow/dags/api_pipeline_dag.py for tasks to queue
[2026-01-05T15:35:37.951+0000] {logging_mixin.py:188} INFO - [2026-01-05T15:35:37.950+0000] {dagbag.py:540} INFO - Filling up the DagBag from /opt/airflow/dags/api_pipeline_dag.py
[2026-01-05T15:35:38.410+0000] {processor.py:840} INFO - DAG(s) 'api_data_pipeline' retrieved from /opt/airflow/dags/api_pipeline_dag.py
[2026-01-05T15:35:38.448+0000] {logging_mixin.py:188} INFO - [2026-01-05T15:35:38.448+0000] {dag.py:3047} INFO - Sync 1 DAGs
[2026-01-05T15:35:38.465+0000] {logging_mixin.py:188} INFO - [2026-01-05T15:35:38.464+0000] {dag.py:3834} INFO - Setting next_dagrun for api_data_pipeline to None, run_after=None
[2026-01-05T15:35:38.497+0000] {processor.py:183} INFO - Processing /opt/airflow/dags/api_pipeline_dag.py took 0.554 seconds
[2026-01-05T15:36:09.041+0000] {processor.py:161} INFO - Started process (PID=750) to work on /opt/airflow/dags/api_pipeline_dag.py
[2026-01-05T15:36:09.042+0000] {processor.py:830} INFO - Processing file /opt/airflow/dags/api_pipeline_dag.py for tasks to queue
[2026-01-05T15:36:09.043+0000] {logging_mixin.py:188} INFO - [2026-01-05T15:36:09.043+0000] {dagbag.py:540} INFO - Filling up the DagBag from /opt/airflow/dags/api_pipeline_dag.py
[2026-01-05T15:36:09.502+0000] {processor.py:840} INFO - DAG(s) 'api_data_pipeline' retrieved from /opt/airflow/dags/api_pipeline_dag.py
[2026-01-05T15:36:09.541+0000] {logging_mixin.py:188} INFO - [2026-01-05T15:36:09.540+0000] {dag.py:3047} INFO - Sync 1 DAGs
[2026-01-05T15:36:09.560+0000] {logging_mixin.py:188} INFO - [2026-01-05T15:36:09.560+0000] {dag.py:3834} INFO - Setting next_dagrun for api_data_pipeline to None, run_after=None
[2026-01-05T15:36:09.604+0000] {processor.py:183} INFO - Processing /opt/airflow/dags/api_pipeline_dag.py took 0.568 seconds
[2026-01-05T15:36:40.054+0000] {processor.py:161} INFO - Started process (PID=772) to work on /opt/airflow/dags/api_pipeline_dag.py
[2026-01-05T15:36:40.056+0000] {processor.py:830} INFO - Processing file /opt/airflow/dags/api_pipeline_dag.py for tasks to queue
[2026-01-05T15:36:40.057+0000] {logging_mixin.py:188} INFO - [2026-01-05T15:36:40.056+0000] {dagbag.py:540} INFO - Filling up the DagBag from /opt/airflow/dags/api_pipeline_dag.py
[2026-01-05T15:36:40.453+0000] {processor.py:840} INFO - DAG(s) 'api_data_pipeline' retrieved from /opt/airflow/dags/api_pipeline_dag.py
[2026-01-05T15:36:40.491+0000] {logging_mixin.py:188} INFO - [2026-01-05T15:36:40.488+0000] {dag.py:3047} INFO - Sync 1 DAGs
[2026-01-05T15:36:40.507+0000] {logging_mixin.py:188} INFO - [2026-01-05T15:36:40.506+0000] {dag.py:3834} INFO - Setting next_dagrun for api_data_pipeline to None, run_after=None
[2026-01-05T15:36:40.535+0000] {processor.py:183} INFO - Processing /opt/airflow/dags/api_pipeline_dag.py took 0.485 seconds
[2026-01-05T15:37:11.014+0000] {processor.py:161} INFO - Started process (PID=794) to work on /opt/airflow/dags/api_pipeline_dag.py
[2026-01-05T15:37:11.016+0000] {processor.py:830} INFO - Processing file /opt/airflow/dags/api_pipeline_dag.py for tasks to queue
[2026-01-05T15:37:11.017+0000] {logging_mixin.py:188} INFO - [2026-01-05T15:37:11.016+0000] {dagbag.py:540} INFO - Filling up the DagBag from /opt/airflow/dags/api_pipeline_dag.py
[2026-01-05T15:37:11.440+0000] {processor.py:840} INFO - DAG(s) 'api_data_pipeline' retrieved from /opt/airflow/dags/api_pipeline_dag.py
[2026-01-05T15:37:11.476+0000] {logging_mixin.py:188} INFO - [2026-01-05T15:37:11.475+0000] {dag.py:3047} INFO - Sync 1 DAGs
[2026-01-05T15:37:11.490+0000] {logging_mixin.py:188} INFO - [2026-01-05T15:37:11.490+0000] {dag.py:3834} INFO - Setting next_dagrun for api_data_pipeline to None, run_after=None
[2026-01-05T15:37:11.513+0000] {processor.py:183} INFO - Processing /opt/airflow/dags/api_pipeline_dag.py took 0.503 seconds
[2026-01-05T15:37:41.924+0000] {processor.py:161} INFO - Started process (PID=816) to work on /opt/airflow/dags/api_pipeline_dag.py
[2026-01-05T15:37:41.926+0000] {processor.py:830} INFO - Processing file /opt/airflow/dags/api_pipeline_dag.py for tasks to queue
[2026-01-05T15:37:41.927+0000] {logging_mixin.py:188} INFO - [2026-01-05T15:37:41.926+0000] {dagbag.py:540} INFO - Filling up the DagBag from /opt/airflow/dags/api_pipeline_dag.py
[2026-01-05T15:37:42.300+0000] {processor.py:840} INFO - DAG(s) 'api_data_pipeline' retrieved from /opt/airflow/dags/api_pipeline_dag.py
[2026-01-05T15:37:42.332+0000] {logging_mixin.py:188} INFO - [2026-01-05T15:37:42.332+0000] {dag.py:3047} INFO - Sync 1 DAGs
[2026-01-05T15:37:42.345+0000] {logging_mixin.py:188} INFO - [2026-01-05T15:37:42.345+0000] {dag.py:3834} INFO - Setting next_dagrun for api_data_pipeline to None, run_after=None
[2026-01-05T15:37:42.363+0000] {processor.py:183} INFO - Processing /opt/airflow/dags/api_pipeline_dag.py took 0.443 seconds
[2026-01-05T15:38:12.751+0000] {processor.py:161} INFO - Started process (PID=838) to work on /opt/airflow/dags/api_pipeline_dag.py
[2026-01-05T15:38:12.752+0000] {processor.py:830} INFO - Processing file /opt/airflow/dags/api_pipeline_dag.py for tasks to queue
[2026-01-05T15:38:12.753+0000] {logging_mixin.py:188} INFO - [2026-01-05T15:38:12.753+0000] {dagbag.py:540} INFO - Filling up the DagBag from /opt/airflow/dags/api_pipeline_dag.py
[2026-01-05T15:38:13.151+0000] {processor.py:840} INFO - DAG(s) 'api_data_pipeline' retrieved from /opt/airflow/dags/api_pipeline_dag.py
[2026-01-05T15:38:13.188+0000] {logging_mixin.py:188} INFO - [2026-01-05T15:38:13.187+0000] {dag.py:3047} INFO - Sync 1 DAGs
[2026-01-05T15:38:13.203+0000] {logging_mixin.py:188} INFO - [2026-01-05T15:38:13.203+0000] {dag.py:3834} INFO - Setting next_dagrun for api_data_pipeline to None, run_after=None
[2026-01-05T15:38:13.226+0000] {processor.py:183} INFO - Processing /opt/airflow/dags/api_pipeline_dag.py took 0.478 seconds
[2026-01-05T15:38:43.736+0000] {processor.py:161} INFO - Started process (PID=860) to work on /opt/airflow/dags/api_pipeline_dag.py
[2026-01-05T15:38:43.737+0000] {processor.py:830} INFO - Processing file /opt/airflow/dags/api_pipeline_dag.py for tasks to queue
[2026-01-05T15:38:43.738+0000] {logging_mixin.py:188} INFO - [2026-01-05T15:38:43.737+0000] {dagbag.py:540} INFO - Filling up the DagBag from /opt/airflow/dags/api_pipeline_dag.py
[2026-01-05T15:38:44.126+0000] {processor.py:840} INFO - DAG(s) 'api_data_pipeline' retrieved from /opt/airflow/dags/api_pipeline_dag.py
[2026-01-05T15:38:44.160+0000] {logging_mixin.py:188} INFO - [2026-01-05T15:38:44.159+0000] {dag.py:3047} INFO - Sync 1 DAGs
[2026-01-05T15:38:44.173+0000] {logging_mixin.py:188} INFO - [2026-01-05T15:38:44.173+0000] {dag.py:3834} INFO - Setting next_dagrun for api_data_pipeline to None, run_after=None
[2026-01-05T15:38:44.367+0000] {processor.py:183} INFO - Processing /opt/airflow/dags/api_pipeline_dag.py took 0.635 seconds
[2026-01-05T15:39:14.658+0000] {processor.py:161} INFO - Started process (PID=882) to work on /opt/airflow/dags/api_pipeline_dag.py
[2026-01-05T15:39:14.660+0000] {processor.py:830} INFO - Processing file /opt/airflow/dags/api_pipeline_dag.py for tasks to queue
[2026-01-05T15:39:14.661+0000] {logging_mixin.py:188} INFO - [2026-01-05T15:39:14.660+0000] {dagbag.py:540} INFO - Filling up the DagBag from /opt/airflow/dags/api_pipeline_dag.py
[2026-01-05T15:39:15.099+0000] {processor.py:840} INFO - DAG(s) 'api_data_pipeline' retrieved from /opt/airflow/dags/api_pipeline_dag.py
[2026-01-05T15:39:15.134+0000] {logging_mixin.py:188} INFO - [2026-01-05T15:39:15.134+0000] {dag.py:3047} INFO - Sync 1 DAGs
[2026-01-05T15:39:15.151+0000] {logging_mixin.py:188} INFO - [2026-01-05T15:39:15.150+0000] {dag.py:3834} INFO - Setting next_dagrun for api_data_pipeline to None, run_after=None
[2026-01-05T15:39:15.191+0000] {processor.py:183} INFO - Processing /opt/airflow/dags/api_pipeline_dag.py took 0.537 seconds
[2026-01-05T15:39:45.633+0000] {processor.py:161} INFO - Started process (PID=904) to work on /opt/airflow/dags/api_pipeline_dag.py
[2026-01-05T15:39:45.634+0000] {processor.py:830} INFO - Processing file /opt/airflow/dags/api_pipeline_dag.py for tasks to queue
[2026-01-05T15:39:45.635+0000] {logging_mixin.py:188} INFO - [2026-01-05T15:39:45.635+0000] {dagbag.py:540} INFO - Filling up the DagBag from /opt/airflow/dags/api_pipeline_dag.py
[2026-01-05T15:39:46.011+0000] {processor.py:840} INFO - DAG(s) 'api_data_pipeline' retrieved from /opt/airflow/dags/api_pipeline_dag.py
[2026-01-05T15:39:46.044+0000] {logging_mixin.py:188} INFO - [2026-01-05T15:39:46.044+0000] {dag.py:3047} INFO - Sync 1 DAGs
[2026-01-05T15:39:46.058+0000] {logging_mixin.py:188} INFO - [2026-01-05T15:39:46.058+0000] {dag.py:3834} INFO - Setting next_dagrun for api_data_pipeline to None, run_after=None
[2026-01-05T15:39:46.080+0000] {processor.py:183} INFO - Processing /opt/airflow/dags/api_pipeline_dag.py took 0.451 seconds
[2026-01-05T15:40:16.493+0000] {processor.py:161} INFO - Started process (PID=926) to work on /opt/airflow/dags/api_pipeline_dag.py
[2026-01-05T15:40:16.495+0000] {processor.py:830} INFO - Processing file /opt/airflow/dags/api_pipeline_dag.py for tasks to queue
[2026-01-05T15:40:16.496+0000] {logging_mixin.py:188} INFO - [2026-01-05T15:40:16.496+0000] {dagbag.py:540} INFO - Filling up the DagBag from /opt/airflow/dags/api_pipeline_dag.py
[2026-01-05T15:40:16.944+0000] {processor.py:840} INFO - DAG(s) 'api_data_pipeline' retrieved from /opt/airflow/dags/api_pipeline_dag.py
[2026-01-05T15:40:16.981+0000] {logging_mixin.py:188} INFO - [2026-01-05T15:40:16.980+0000] {dag.py:3047} INFO - Sync 1 DAGs
[2026-01-05T15:40:16.996+0000] {logging_mixin.py:188} INFO - [2026-01-05T15:40:16.996+0000] {dag.py:3834} INFO - Setting next_dagrun for api_data_pipeline to None, run_after=None
[2026-01-05T15:40:17.036+0000] {processor.py:183} INFO - Processing /opt/airflow/dags/api_pipeline_dag.py took 0.547 seconds
[2026-01-05T15:40:47.456+0000] {processor.py:161} INFO - Started process (PID=948) to work on /opt/airflow/dags/api_pipeline_dag.py
[2026-01-05T15:40:47.457+0000] {processor.py:830} INFO - Processing file /opt/airflow/dags/api_pipeline_dag.py for tasks to queue
[2026-01-05T15:40:47.458+0000] {logging_mixin.py:188} INFO - [2026-01-05T15:40:47.458+0000] {dagbag.py:540} INFO - Filling up the DagBag from /opt/airflow/dags/api_pipeline_dag.py
[2026-01-05T15:40:47.828+0000] {processor.py:840} INFO - DAG(s) 'api_data_pipeline' retrieved from /opt/airflow/dags/api_pipeline_dag.py
[2026-01-05T15:40:47.864+0000] {logging_mixin.py:188} INFO - [2026-01-05T15:40:47.863+0000] {dag.py:3047} INFO - Sync 1 DAGs
[2026-01-05T15:40:47.879+0000] {logging_mixin.py:188} INFO - [2026-01-05T15:40:47.879+0000] {dag.py:3834} INFO - Setting next_dagrun for api_data_pipeline to None, run_after=None
[2026-01-05T15:40:47.902+0000] {processor.py:183} INFO - Processing /opt/airflow/dags/api_pipeline_dag.py took 0.449 seconds
[2026-01-05T15:41:18.315+0000] {processor.py:161} INFO - Started process (PID=973) to work on /opt/airflow/dags/api_pipeline_dag.py
[2026-01-05T15:41:18.316+0000] {processor.py:830} INFO - Processing file /opt/airflow/dags/api_pipeline_dag.py for tasks to queue
[2026-01-05T15:41:18.317+0000] {logging_mixin.py:188} INFO - [2026-01-05T15:41:18.317+0000] {dagbag.py:540} INFO - Filling up the DagBag from /opt/airflow/dags/api_pipeline_dag.py
[2026-01-05T15:41:18.737+0000] {processor.py:840} INFO - DAG(s) 'api_data_pipeline' retrieved from /opt/airflow/dags/api_pipeline_dag.py
[2026-01-05T15:41:18.782+0000] {logging_mixin.py:188} INFO - [2026-01-05T15:41:18.782+0000] {dag.py:3047} INFO - Sync 1 DAGs
[2026-01-05T15:41:18.801+0000] {logging_mixin.py:188} INFO - [2026-01-05T15:41:18.801+0000] {dag.py:3834} INFO - Setting next_dagrun for api_data_pipeline to None, run_after=None
[2026-01-05T15:41:18.829+0000] {processor.py:183} INFO - Processing /opt/airflow/dags/api_pipeline_dag.py took 0.519 seconds
[2026-01-05T15:41:49.306+0000] {processor.py:161} INFO - Started process (PID=1001) to work on /opt/airflow/dags/api_pipeline_dag.py
[2026-01-05T15:41:49.308+0000] {processor.py:830} INFO - Processing file /opt/airflow/dags/api_pipeline_dag.py for tasks to queue
[2026-01-05T15:41:49.309+0000] {logging_mixin.py:188} INFO - [2026-01-05T15:41:49.308+0000] {dagbag.py:540} INFO - Filling up the DagBag from /opt/airflow/dags/api_pipeline_dag.py
[2026-01-05T15:41:49.702+0000] {processor.py:840} INFO - DAG(s) 'api_data_pipeline' retrieved from /opt/airflow/dags/api_pipeline_dag.py
[2026-01-05T15:41:49.733+0000] {logging_mixin.py:188} INFO - [2026-01-05T15:41:49.733+0000] {dag.py:3047} INFO - Sync 1 DAGs
[2026-01-05T15:41:49.745+0000] {logging_mixin.py:188} INFO - [2026-01-05T15:41:49.745+0000] {dag.py:3834} INFO - Setting next_dagrun for api_data_pipeline to None, run_after=None
[2026-01-05T15:41:49.941+0000] {processor.py:183} INFO - Processing /opt/airflow/dags/api_pipeline_dag.py took 0.638 seconds
[2026-01-05T15:42:20.224+0000] {processor.py:161} INFO - Started process (PID=1023) to work on /opt/airflow/dags/api_pipeline_dag.py
[2026-01-05T15:42:20.225+0000] {processor.py:830} INFO - Processing file /opt/airflow/dags/api_pipeline_dag.py for tasks to queue
[2026-01-05T15:42:20.226+0000] {logging_mixin.py:188} INFO - [2026-01-05T15:42:20.226+0000] {dagbag.py:540} INFO - Filling up the DagBag from /opt/airflow/dags/api_pipeline_dag.py
[2026-01-05T15:42:20.612+0000] {processor.py:840} INFO - DAG(s) 'api_data_pipeline' retrieved from /opt/airflow/dags/api_pipeline_dag.py
[2026-01-05T15:42:20.650+0000] {logging_mixin.py:188} INFO - [2026-01-05T15:42:20.650+0000] {dag.py:3047} INFO - Sync 1 DAGs
[2026-01-05T15:42:20.666+0000] {logging_mixin.py:188} INFO - [2026-01-05T15:42:20.665+0000] {dag.py:3834} INFO - Setting next_dagrun for api_data_pipeline to None, run_after=None
[2026-01-05T15:42:20.689+0000] {processor.py:183} INFO - Processing /opt/airflow/dags/api_pipeline_dag.py took 0.469 seconds
[2026-01-05T15:42:51.174+0000] {processor.py:161} INFO - Started process (PID=1045) to work on /opt/airflow/dags/api_pipeline_dag.py
[2026-01-05T15:42:51.175+0000] {processor.py:830} INFO - Processing file /opt/airflow/dags/api_pipeline_dag.py for tasks to queue
[2026-01-05T15:42:51.176+0000] {logging_mixin.py:188} INFO - [2026-01-05T15:42:51.176+0000] {dagbag.py:540} INFO - Filling up the DagBag from /opt/airflow/dags/api_pipeline_dag.py
[2026-01-05T15:42:51.539+0000] {processor.py:840} INFO - DAG(s) 'api_data_pipeline' retrieved from /opt/airflow/dags/api_pipeline_dag.py
[2026-01-05T15:42:51.579+0000] {logging_mixin.py:188} INFO - [2026-01-05T15:42:51.579+0000] {dag.py:3047} INFO - Sync 1 DAGs
[2026-01-05T15:42:51.595+0000] {logging_mixin.py:188} INFO - [2026-01-05T15:42:51.595+0000] {dag.py:3834} INFO - Setting next_dagrun for api_data_pipeline to None, run_after=None
[2026-01-05T15:42:51.618+0000] {processor.py:183} INFO - Processing /opt/airflow/dags/api_pipeline_dag.py took 0.447 seconds
[2026-01-05T15:43:22.047+0000] {processor.py:161} INFO - Started process (PID=1067) to work on /opt/airflow/dags/api_pipeline_dag.py
[2026-01-05T15:43:22.049+0000] {processor.py:830} INFO - Processing file /opt/airflow/dags/api_pipeline_dag.py for tasks to queue
[2026-01-05T15:43:22.050+0000] {logging_mixin.py:188} INFO - [2026-01-05T15:43:22.050+0000] {dagbag.py:540} INFO - Filling up the DagBag from /opt/airflow/dags/api_pipeline_dag.py
[2026-01-05T15:43:22.418+0000] {processor.py:840} INFO - DAG(s) 'api_data_pipeline' retrieved from /opt/airflow/dags/api_pipeline_dag.py
[2026-01-05T15:43:22.448+0000] {logging_mixin.py:188} INFO - [2026-01-05T15:43:22.448+0000] {dag.py:3047} INFO - Sync 1 DAGs
[2026-01-05T15:43:22.461+0000] {logging_mixin.py:188} INFO - [2026-01-05T15:43:22.460+0000] {dag.py:3834} INFO - Setting next_dagrun for api_data_pipeline to None, run_after=None
[2026-01-05T15:43:22.479+0000] {processor.py:183} INFO - Processing /opt/airflow/dags/api_pipeline_dag.py took 0.435 seconds
[2026-01-05T15:43:52.853+0000] {processor.py:161} INFO - Started process (PID=1089) to work on /opt/airflow/dags/api_pipeline_dag.py
[2026-01-05T15:43:52.854+0000] {processor.py:830} INFO - Processing file /opt/airflow/dags/api_pipeline_dag.py for tasks to queue
[2026-01-05T15:43:52.855+0000] {logging_mixin.py:188} INFO - [2026-01-05T15:43:52.855+0000] {dagbag.py:540} INFO - Filling up the DagBag from /opt/airflow/dags/api_pipeline_dag.py
[2026-01-05T15:43:53.252+0000] {processor.py:840} INFO - DAG(s) 'api_data_pipeline' retrieved from /opt/airflow/dags/api_pipeline_dag.py
[2026-01-05T15:43:53.283+0000] {logging_mixin.py:188} INFO - [2026-01-05T15:43:53.283+0000] {dag.py:3047} INFO - Sync 1 DAGs
[2026-01-05T15:43:53.297+0000] {logging_mixin.py:188} INFO - [2026-01-05T15:43:53.296+0000] {dag.py:3834} INFO - Setting next_dagrun for api_data_pipeline to None, run_after=None
[2026-01-05T15:43:53.336+0000] {processor.py:183} INFO - Processing /opt/airflow/dags/api_pipeline_dag.py took 0.487 seconds
[2026-01-05T15:44:23.787+0000] {processor.py:161} INFO - Started process (PID=1111) to work on /opt/airflow/dags/api_pipeline_dag.py
[2026-01-05T15:44:23.788+0000] {processor.py:830} INFO - Processing file /opt/airflow/dags/api_pipeline_dag.py for tasks to queue
[2026-01-05T15:44:23.790+0000] {logging_mixin.py:188} INFO - [2026-01-05T15:44:23.789+0000] {dagbag.py:540} INFO - Filling up the DagBag from /opt/airflow/dags/api_pipeline_dag.py
[2026-01-05T15:44:24.149+0000] {processor.py:840} INFO - DAG(s) 'api_data_pipeline' retrieved from /opt/airflow/dags/api_pipeline_dag.py
[2026-01-05T15:44:24.179+0000] {logging_mixin.py:188} INFO - [2026-01-05T15:44:24.179+0000] {dag.py:3047} INFO - Sync 1 DAGs
[2026-01-05T15:44:24.191+0000] {logging_mixin.py:188} INFO - [2026-01-05T15:44:24.191+0000] {dag.py:3834} INFO - Setting next_dagrun for api_data_pipeline to None, run_after=None
[2026-01-05T15:44:24.371+0000] {processor.py:183} INFO - Processing /opt/airflow/dags/api_pipeline_dag.py took 0.588 seconds
[2026-01-05T15:44:54.635+0000] {processor.py:161} INFO - Started process (PID=1133) to work on /opt/airflow/dags/api_pipeline_dag.py
[2026-01-05T15:44:54.636+0000] {processor.py:830} INFO - Processing file /opt/airflow/dags/api_pipeline_dag.py for tasks to queue
[2026-01-05T15:44:54.637+0000] {logging_mixin.py:188} INFO - [2026-01-05T15:44:54.637+0000] {dagbag.py:540} INFO - Filling up the DagBag from /opt/airflow/dags/api_pipeline_dag.py
[2026-01-05T15:44:55.002+0000] {processor.py:840} INFO - DAG(s) 'api_data_pipeline' retrieved from /opt/airflow/dags/api_pipeline_dag.py
[2026-01-05T15:44:55.034+0000] {logging_mixin.py:188} INFO - [2026-01-05T15:44:55.034+0000] {dag.py:3047} INFO - Sync 1 DAGs
[2026-01-05T15:44:55.048+0000] {logging_mixin.py:188} INFO - [2026-01-05T15:44:55.047+0000] {dag.py:3834} INFO - Setting next_dagrun for api_data_pipeline to None, run_after=None
[2026-01-05T15:44:55.086+0000] {processor.py:183} INFO - Processing /opt/airflow/dags/api_pipeline_dag.py took 0.455 seconds
[2026-01-05T15:45:25.471+0000] {processor.py:161} INFO - Started process (PID=1155) to work on /opt/airflow/dags/api_pipeline_dag.py
[2026-01-05T15:45:25.472+0000] {processor.py:830} INFO - Processing file /opt/airflow/dags/api_pipeline_dag.py for tasks to queue
[2026-01-05T15:45:25.473+0000] {logging_mixin.py:188} INFO - [2026-01-05T15:45:25.473+0000] {dagbag.py:540} INFO - Filling up the DagBag from /opt/airflow/dags/api_pipeline_dag.py
[2026-01-05T15:45:25.905+0000] {processor.py:840} INFO - DAG(s) 'api_data_pipeline' retrieved from /opt/airflow/dags/api_pipeline_dag.py
[2026-01-05T15:45:25.943+0000] {logging_mixin.py:188} INFO - [2026-01-05T15:45:25.942+0000] {dag.py:3047} INFO - Sync 1 DAGs
[2026-01-05T15:45:25.958+0000] {logging_mixin.py:188} INFO - [2026-01-05T15:45:25.958+0000] {dag.py:3834} INFO - Setting next_dagrun for api_data_pipeline to None, run_after=None
[2026-01-05T15:45:25.981+0000] {processor.py:183} INFO - Processing /opt/airflow/dags/api_pipeline_dag.py took 0.513 seconds
[2026-01-05T15:45:56.394+0000] {processor.py:161} INFO - Started process (PID=1177) to work on /opt/airflow/dags/api_pipeline_dag.py
[2026-01-05T15:45:56.395+0000] {processor.py:830} INFO - Processing file /opt/airflow/dags/api_pipeline_dag.py for tasks to queue
[2026-01-05T15:45:56.396+0000] {logging_mixin.py:188} INFO - [2026-01-05T15:45:56.396+0000] {dagbag.py:540} INFO - Filling up the DagBag from /opt/airflow/dags/api_pipeline_dag.py
[2026-01-05T15:45:56.759+0000] {processor.py:840} INFO - DAG(s) 'api_data_pipeline' retrieved from /opt/airflow/dags/api_pipeline_dag.py
[2026-01-05T15:45:56.790+0000] {logging_mixin.py:188} INFO - [2026-01-05T15:45:56.790+0000] {dag.py:3047} INFO - Sync 1 DAGs
[2026-01-05T15:45:56.803+0000] {logging_mixin.py:188} INFO - [2026-01-05T15:45:56.803+0000] {dag.py:3834} INFO - Setting next_dagrun for api_data_pipeline to None, run_after=None
[2026-01-05T15:45:56.821+0000] {processor.py:183} INFO - Processing /opt/airflow/dags/api_pipeline_dag.py took 0.431 seconds
[2026-01-05T15:46:27.233+0000] {processor.py:161} INFO - Started process (PID=1199) to work on /opt/airflow/dags/api_pipeline_dag.py
[2026-01-05T15:46:27.234+0000] {processor.py:830} INFO - Processing file /opt/airflow/dags/api_pipeline_dag.py for tasks to queue
[2026-01-05T15:46:27.235+0000] {logging_mixin.py:188} INFO - [2026-01-05T15:46:27.235+0000] {dagbag.py:540} INFO - Filling up the DagBag from /opt/airflow/dags/api_pipeline_dag.py
[2026-01-05T15:46:27.604+0000] {processor.py:840} INFO - DAG(s) 'api_data_pipeline' retrieved from /opt/airflow/dags/api_pipeline_dag.py
[2026-01-05T15:46:27.640+0000] {logging_mixin.py:188} INFO - [2026-01-05T15:46:27.639+0000] {dag.py:3047} INFO - Sync 1 DAGs
[2026-01-05T15:46:27.654+0000] {logging_mixin.py:188} INFO - [2026-01-05T15:46:27.654+0000] {dag.py:3834} INFO - Setting next_dagrun for api_data_pipeline to None, run_after=None
[2026-01-05T15:46:27.694+0000] {processor.py:183} INFO - Processing /opt/airflow/dags/api_pipeline_dag.py took 0.465 seconds
[2026-01-05T15:46:58.192+0000] {processor.py:161} INFO - Started process (PID=1221) to work on /opt/airflow/dags/api_pipeline_dag.py
[2026-01-05T15:46:58.193+0000] {processor.py:830} INFO - Processing file /opt/airflow/dags/api_pipeline_dag.py for tasks to queue
[2026-01-05T15:46:58.194+0000] {logging_mixin.py:188} INFO - [2026-01-05T15:46:58.194+0000] {dagbag.py:540} INFO - Filling up the DagBag from /opt/airflow/dags/api_pipeline_dag.py
[2026-01-05T15:46:58.595+0000] {processor.py:840} INFO - DAG(s) 'api_data_pipeline' retrieved from /opt/airflow/dags/api_pipeline_dag.py
[2026-01-05T15:46:58.629+0000] {logging_mixin.py:188} INFO - [2026-01-05T15:46:58.629+0000] {dag.py:3047} INFO - Sync 1 DAGs
[2026-01-05T15:46:58.643+0000] {logging_mixin.py:188} INFO - [2026-01-05T15:46:58.642+0000] {dag.py:3834} INFO - Setting next_dagrun for api_data_pipeline to None, run_after=None
[2026-01-05T15:46:58.679+0000] {processor.py:183} INFO - Processing /opt/airflow/dags/api_pipeline_dag.py took 0.492 seconds
[2026-01-05T15:47:29.138+0000] {processor.py:161} INFO - Started process (PID=1243) to work on /opt/airflow/dags/api_pipeline_dag.py
[2026-01-05T15:47:29.139+0000] {processor.py:830} INFO - Processing file /opt/airflow/dags/api_pipeline_dag.py for tasks to queue
[2026-01-05T15:47:29.140+0000] {logging_mixin.py:188} INFO - [2026-01-05T15:47:29.140+0000] {dagbag.py:540} INFO - Filling up the DagBag from /opt/airflow/dags/api_pipeline_dag.py
[2026-01-05T15:47:29.486+0000] {processor.py:840} INFO - DAG(s) 'api_data_pipeline' retrieved from /opt/airflow/dags/api_pipeline_dag.py
[2026-01-05T15:47:29.520+0000] {logging_mixin.py:188} INFO - [2026-01-05T15:47:29.520+0000] {dag.py:3047} INFO - Sync 1 DAGs
[2026-01-05T15:47:29.536+0000] {logging_mixin.py:188} INFO - [2026-01-05T15:47:29.536+0000] {dag.py:3834} INFO - Setting next_dagrun for api_data_pipeline to None, run_after=None
[2026-01-05T15:47:29.717+0000] {processor.py:183} INFO - Processing /opt/airflow/dags/api_pipeline_dag.py took 0.582 seconds
[2026-01-05T15:48:00.003+0000] {processor.py:161} INFO - Started process (PID=1265) to work on /opt/airflow/dags/api_pipeline_dag.py
[2026-01-05T15:48:00.004+0000] {processor.py:830} INFO - Processing file /opt/airflow/dags/api_pipeline_dag.py for tasks to queue
[2026-01-05T15:48:00.005+0000] {logging_mixin.py:188} INFO - [2026-01-05T15:48:00.004+0000] {dagbag.py:540} INFO - Filling up the DagBag from /opt/airflow/dags/api_pipeline_dag.py
[2026-01-05T15:48:00.380+0000] {processor.py:840} INFO - DAG(s) 'api_data_pipeline' retrieved from /opt/airflow/dags/api_pipeline_dag.py
[2026-01-05T15:48:00.418+0000] {logging_mixin.py:188} INFO - [2026-01-05T15:48:00.418+0000] {dag.py:3047} INFO - Sync 1 DAGs
[2026-01-05T15:48:00.433+0000] {logging_mixin.py:188} INFO - [2026-01-05T15:48:00.433+0000] {dag.py:3834} INFO - Setting next_dagrun for api_data_pipeline to None, run_after=None
[2026-01-05T15:48:00.456+0000] {processor.py:183} INFO - Processing /opt/airflow/dags/api_pipeline_dag.py took 0.457 seconds
[2026-01-05T15:48:30.894+0000] {processor.py:161} INFO - Started process (PID=1287) to work on /opt/airflow/dags/api_pipeline_dag.py
[2026-01-05T15:48:30.896+0000] {processor.py:830} INFO - Processing file /opt/airflow/dags/api_pipeline_dag.py for tasks to queue
[2026-01-05T15:48:30.897+0000] {logging_mixin.py:188} INFO - [2026-01-05T15:48:30.896+0000] {dagbag.py:540} INFO - Filling up the DagBag from /opt/airflow/dags/api_pipeline_dag.py
[2026-01-05T15:48:31.432+0000] {processor.py:840} INFO - DAG(s) 'api_data_pipeline' retrieved from /opt/airflow/dags/api_pipeline_dag.py
[2026-01-05T15:48:31.466+0000] {logging_mixin.py:188} INFO - [2026-01-05T15:48:31.465+0000] {dag.py:3047} INFO - Sync 1 DAGs
[2026-01-05T15:48:31.481+0000] {logging_mixin.py:188} INFO - [2026-01-05T15:48:31.480+0000] {dag.py:3834} INFO - Setting next_dagrun for api_data_pipeline to None, run_after=None
[2026-01-05T15:48:31.503+0000] {processor.py:183} INFO - Processing /opt/airflow/dags/api_pipeline_dag.py took 0.612 seconds
[2026-01-05T15:49:01.921+0000] {processor.py:161} INFO - Started process (PID=1309) to work on /opt/airflow/dags/api_pipeline_dag.py
[2026-01-05T15:49:01.922+0000] {processor.py:830} INFO - Processing file /opt/airflow/dags/api_pipeline_dag.py for tasks to queue
[2026-01-05T15:49:01.923+0000] {logging_mixin.py:188} INFO - [2026-01-05T15:49:01.923+0000] {dagbag.py:540} INFO - Filling up the DagBag from /opt/airflow/dags/api_pipeline_dag.py
[2026-01-05T15:49:02.281+0000] {processor.py:840} INFO - DAG(s) 'api_data_pipeline' retrieved from /opt/airflow/dags/api_pipeline_dag.py
[2026-01-05T15:49:02.312+0000] {logging_mixin.py:188} INFO - [2026-01-05T15:49:02.311+0000] {dag.py:3047} INFO - Sync 1 DAGs
[2026-01-05T15:49:02.325+0000] {logging_mixin.py:188} INFO - [2026-01-05T15:49:02.324+0000] {dag.py:3834} INFO - Setting next_dagrun for api_data_pipeline to None, run_after=None
[2026-01-05T15:49:02.343+0000] {processor.py:183} INFO - Processing /opt/airflow/dags/api_pipeline_dag.py took 0.425 seconds
[2026-01-05T15:49:32.746+0000] {processor.py:161} INFO - Started process (PID=1331) to work on /opt/airflow/dags/api_pipeline_dag.py
[2026-01-05T15:49:32.748+0000] {processor.py:830} INFO - Processing file /opt/airflow/dags/api_pipeline_dag.py for tasks to queue
[2026-01-05T15:49:32.749+0000] {logging_mixin.py:188} INFO - [2026-01-05T15:49:32.748+0000] {dagbag.py:540} INFO - Filling up the DagBag from /opt/airflow/dags/api_pipeline_dag.py
[2026-01-05T15:49:33.118+0000] {processor.py:840} INFO - DAG(s) 'api_data_pipeline' retrieved from /opt/airflow/dags/api_pipeline_dag.py
[2026-01-05T15:49:33.153+0000] {logging_mixin.py:188} INFO - [2026-01-05T15:49:33.152+0000] {dag.py:3047} INFO - Sync 1 DAGs
[2026-01-05T15:49:33.166+0000] {logging_mixin.py:188} INFO - [2026-01-05T15:49:33.166+0000] {dag.py:3834} INFO - Setting next_dagrun for api_data_pipeline to None, run_after=None
[2026-01-05T15:49:33.188+0000] {processor.py:183} INFO - Processing /opt/airflow/dags/api_pipeline_dag.py took 0.445 seconds
[2026-01-05T15:50:03.654+0000] {processor.py:161} INFO - Started process (PID=1353) to work on /opt/airflow/dags/api_pipeline_dag.py
[2026-01-05T15:50:03.655+0000] {processor.py:830} INFO - Processing file /opt/airflow/dags/api_pipeline_dag.py for tasks to queue
[2026-01-05T15:50:03.656+0000] {logging_mixin.py:188} INFO - [2026-01-05T15:50:03.656+0000] {dagbag.py:540} INFO - Filling up the DagBag from /opt/airflow/dags/api_pipeline_dag.py
[2026-01-05T15:50:04.102+0000] {processor.py:840} INFO - DAG(s) 'api_data_pipeline' retrieved from /opt/airflow/dags/api_pipeline_dag.py
[2026-01-05T15:50:04.146+0000] {logging_mixin.py:188} INFO - [2026-01-05T15:50:04.145+0000] {dag.py:3047} INFO - Sync 1 DAGs
[2026-01-05T15:50:04.163+0000] {logging_mixin.py:188} INFO - [2026-01-05T15:50:04.162+0000] {dag.py:3834} INFO - Setting next_dagrun for api_data_pipeline to None, run_after=None
[2026-01-05T15:50:04.409+0000] {processor.py:183} INFO - Processing /opt/airflow/dags/api_pipeline_dag.py took 0.759 seconds
