[2026-01-07T16:41:57.416+0000] {processor.py:161} INFO - Started process (PID=197) to work on /opt/airflow/dags/amazon_sql_scheduler_dag.py
[2026-01-07T16:41:57.419+0000] {processor.py:830} INFO - Processing file /opt/airflow/dags/amazon_sql_scheduler_dag.py for tasks to queue
[2026-01-07T16:41:57.421+0000] {logging_mixin.py:188} INFO - [2026-01-07T16:41:57.420+0000] {dagbag.py:540} INFO - Filling up the DagBag from /opt/airflow/dags/amazon_sql_scheduler_dag.py
[2026-01-07T16:41:57.954+0000] {processor.py:840} INFO - DAG(s) 'amazon_sql_transformation_scheduler' retrieved from /opt/airflow/dags/amazon_sql_scheduler_dag.py
[2026-01-07T16:41:58.029+0000] {logging_mixin.py:188} INFO - [2026-01-07T16:41:58.028+0000] {dag.py:3047} INFO - Sync 1 DAGs
[2026-01-07T16:41:58.048+0000] {logging_mixin.py:188} INFO - [2026-01-07T16:41:58.047+0000] {dag.py:3834} INFO - Setting next_dagrun for amazon_sql_transformation_scheduler to None, run_after=None
[2026-01-07T16:41:58.076+0000] {processor.py:183} INFO - Processing /opt/airflow/dags/amazon_sql_scheduler_dag.py took 0.668 seconds
[2026-01-07T16:42:29.082+0000] {processor.py:161} INFO - Started process (PID=216) to work on /opt/airflow/dags/amazon_sql_scheduler_dag.py
[2026-01-07T16:42:29.085+0000] {processor.py:830} INFO - Processing file /opt/airflow/dags/amazon_sql_scheduler_dag.py for tasks to queue
[2026-01-07T16:42:29.088+0000] {logging_mixin.py:188} INFO - [2026-01-07T16:42:29.087+0000] {dagbag.py:540} INFO - Filling up the DagBag from /opt/airflow/dags/amazon_sql_scheduler_dag.py
[2026-01-07T16:42:29.352+0000] {processor.py:840} INFO - DAG(s) 'amazon_sql_transformation_scheduler' retrieved from /opt/airflow/dags/amazon_sql_scheduler_dag.py
[2026-01-07T16:42:29.422+0000] {logging_mixin.py:188} INFO - [2026-01-07T16:42:29.422+0000] {dag.py:3047} INFO - Sync 1 DAGs
[2026-01-07T16:42:29.466+0000] {logging_mixin.py:188} INFO - [2026-01-07T16:42:29.465+0000] {dag.py:3834} INFO - Setting next_dagrun for amazon_sql_transformation_scheduler to None, run_after=None
[2026-01-07T16:42:29.539+0000] {processor.py:183} INFO - Processing /opt/airflow/dags/amazon_sql_scheduler_dag.py took 0.469 seconds
[2026-01-07T16:43:00.374+0000] {processor.py:161} INFO - Started process (PID=238) to work on /opt/airflow/dags/amazon_sql_scheduler_dag.py
[2026-01-07T16:43:00.375+0000] {processor.py:830} INFO - Processing file /opt/airflow/dags/amazon_sql_scheduler_dag.py for tasks to queue
[2026-01-07T16:43:00.377+0000] {logging_mixin.py:188} INFO - [2026-01-07T16:43:00.376+0000] {dagbag.py:540} INFO - Filling up the DagBag from /opt/airflow/dags/amazon_sql_scheduler_dag.py
[2026-01-07T16:43:00.494+0000] {processor.py:840} INFO - DAG(s) 'amazon_sql_transformation_scheduler' retrieved from /opt/airflow/dags/amazon_sql_scheduler_dag.py
[2026-01-07T16:43:00.525+0000] {logging_mixin.py:188} INFO - [2026-01-07T16:43:00.525+0000] {dag.py:3047} INFO - Sync 1 DAGs
[2026-01-07T16:43:00.538+0000] {logging_mixin.py:188} INFO - [2026-01-07T16:43:00.538+0000] {dag.py:3834} INFO - Setting next_dagrun for amazon_sql_transformation_scheduler to None, run_after=None
[2026-01-07T16:43:00.558+0000] {processor.py:183} INFO - Processing /opt/airflow/dags/amazon_sql_scheduler_dag.py took 0.190 seconds
[2026-01-07T16:43:31.346+0000] {processor.py:161} INFO - Started process (PID=260) to work on /opt/airflow/dags/amazon_sql_scheduler_dag.py
[2026-01-07T16:43:31.348+0000] {processor.py:830} INFO - Processing file /opt/airflow/dags/amazon_sql_scheduler_dag.py for tasks to queue
[2026-01-07T16:43:31.349+0000] {logging_mixin.py:188} INFO - [2026-01-07T16:43:31.348+0000] {dagbag.py:540} INFO - Filling up the DagBag from /opt/airflow/dags/amazon_sql_scheduler_dag.py
[2026-01-07T16:43:31.477+0000] {processor.py:840} INFO - DAG(s) 'amazon_sql_transformation_scheduler' retrieved from /opt/airflow/dags/amazon_sql_scheduler_dag.py
[2026-01-07T16:43:31.510+0000] {logging_mixin.py:188} INFO - [2026-01-07T16:43:31.510+0000] {dag.py:3047} INFO - Sync 1 DAGs
[2026-01-07T16:43:31.525+0000] {logging_mixin.py:188} INFO - [2026-01-07T16:43:31.525+0000] {dag.py:3834} INFO - Setting next_dagrun for amazon_sql_transformation_scheduler to None, run_after=None
[2026-01-07T16:43:31.548+0000] {processor.py:183} INFO - Processing /opt/airflow/dags/amazon_sql_scheduler_dag.py took 0.206 seconds
[2026-01-07T16:44:02.258+0000] {processor.py:161} INFO - Started process (PID=282) to work on /opt/airflow/dags/amazon_sql_scheduler_dag.py
[2026-01-07T16:44:02.260+0000] {processor.py:830} INFO - Processing file /opt/airflow/dags/amazon_sql_scheduler_dag.py for tasks to queue
[2026-01-07T16:44:02.261+0000] {logging_mixin.py:188} INFO - [2026-01-07T16:44:02.261+0000] {dagbag.py:540} INFO - Filling up the DagBag from /opt/airflow/dags/amazon_sql_scheduler_dag.py
[2026-01-07T16:44:02.376+0000] {processor.py:840} INFO - DAG(s) 'amazon_sql_transformation_scheduler' retrieved from /opt/airflow/dags/amazon_sql_scheduler_dag.py
[2026-01-07T16:44:02.406+0000] {logging_mixin.py:188} INFO - [2026-01-07T16:44:02.406+0000] {dag.py:3047} INFO - Sync 1 DAGs
[2026-01-07T16:44:02.421+0000] {logging_mixin.py:188} INFO - [2026-01-07T16:44:02.421+0000] {dag.py:3834} INFO - Setting next_dagrun for amazon_sql_transformation_scheduler to None, run_after=None
[2026-01-07T16:44:02.442+0000] {processor.py:183} INFO - Processing /opt/airflow/dags/amazon_sql_scheduler_dag.py took 0.187 seconds
[2026-01-07T16:44:33.198+0000] {processor.py:161} INFO - Started process (PID=304) to work on /opt/airflow/dags/amazon_sql_scheduler_dag.py
[2026-01-07T16:44:33.199+0000] {processor.py:830} INFO - Processing file /opt/airflow/dags/amazon_sql_scheduler_dag.py for tasks to queue
[2026-01-07T16:44:33.200+0000] {logging_mixin.py:188} INFO - [2026-01-07T16:44:33.200+0000] {dagbag.py:540} INFO - Filling up the DagBag from /opt/airflow/dags/amazon_sql_scheduler_dag.py
[2026-01-07T16:44:33.307+0000] {processor.py:840} INFO - DAG(s) 'amazon_sql_transformation_scheduler' retrieved from /opt/airflow/dags/amazon_sql_scheduler_dag.py
[2026-01-07T16:44:33.339+0000] {logging_mixin.py:188} INFO - [2026-01-07T16:44:33.339+0000] {dag.py:3047} INFO - Sync 1 DAGs
[2026-01-07T16:44:33.352+0000] {logging_mixin.py:188} INFO - [2026-01-07T16:44:33.352+0000] {dag.py:3834} INFO - Setting next_dagrun for amazon_sql_transformation_scheduler to None, run_after=None
[2026-01-07T16:44:33.370+0000] {processor.py:183} INFO - Processing /opt/airflow/dags/amazon_sql_scheduler_dag.py took 0.177 seconds
[2026-01-07T16:45:04.132+0000] {processor.py:161} INFO - Started process (PID=326) to work on /opt/airflow/dags/amazon_sql_scheduler_dag.py
[2026-01-07T16:45:04.135+0000] {processor.py:830} INFO - Processing file /opt/airflow/dags/amazon_sql_scheduler_dag.py for tasks to queue
[2026-01-07T16:45:04.136+0000] {logging_mixin.py:188} INFO - [2026-01-07T16:45:04.136+0000] {dagbag.py:540} INFO - Filling up the DagBag from /opt/airflow/dags/amazon_sql_scheduler_dag.py
[2026-01-07T16:45:04.269+0000] {processor.py:840} INFO - DAG(s) 'amazon_sql_transformation_scheduler' retrieved from /opt/airflow/dags/amazon_sql_scheduler_dag.py
[2026-01-07T16:45:04.301+0000] {logging_mixin.py:188} INFO - [2026-01-07T16:45:04.301+0000] {dag.py:3047} INFO - Sync 1 DAGs
[2026-01-07T16:45:04.316+0000] {logging_mixin.py:188} INFO - [2026-01-07T16:45:04.316+0000] {dag.py:3834} INFO - Setting next_dagrun for amazon_sql_transformation_scheduler to None, run_after=None
[2026-01-07T16:45:04.336+0000] {processor.py:183} INFO - Processing /opt/airflow/dags/amazon_sql_scheduler_dag.py took 0.208 seconds
[2026-01-07T16:45:35.100+0000] {processor.py:161} INFO - Started process (PID=348) to work on /opt/airflow/dags/amazon_sql_scheduler_dag.py
[2026-01-07T16:45:35.102+0000] {processor.py:830} INFO - Processing file /opt/airflow/dags/amazon_sql_scheduler_dag.py for tasks to queue
[2026-01-07T16:45:35.103+0000] {logging_mixin.py:188} INFO - [2026-01-07T16:45:35.103+0000] {dagbag.py:540} INFO - Filling up the DagBag from /opt/airflow/dags/amazon_sql_scheduler_dag.py
[2026-01-07T16:45:35.206+0000] {processor.py:840} INFO - DAG(s) 'amazon_sql_transformation_scheduler' retrieved from /opt/airflow/dags/amazon_sql_scheduler_dag.py
[2026-01-07T16:45:35.235+0000] {logging_mixin.py:188} INFO - [2026-01-07T16:45:35.235+0000] {dag.py:3047} INFO - Sync 1 DAGs
[2026-01-07T16:45:35.249+0000] {logging_mixin.py:188} INFO - [2026-01-07T16:45:35.248+0000] {dag.py:3834} INFO - Setting next_dagrun for amazon_sql_transformation_scheduler to None, run_after=None
[2026-01-07T16:45:35.285+0000] {processor.py:183} INFO - Processing /opt/airflow/dags/amazon_sql_scheduler_dag.py took 0.189 seconds
[2026-01-07T16:46:06.117+0000] {processor.py:161} INFO - Started process (PID=370) to work on /opt/airflow/dags/amazon_sql_scheduler_dag.py
[2026-01-07T16:46:06.119+0000] {processor.py:830} INFO - Processing file /opt/airflow/dags/amazon_sql_scheduler_dag.py for tasks to queue
[2026-01-07T16:46:06.121+0000] {logging_mixin.py:188} INFO - [2026-01-07T16:46:06.120+0000] {dagbag.py:540} INFO - Filling up the DagBag from /opt/airflow/dags/amazon_sql_scheduler_dag.py
[2026-01-07T16:46:06.241+0000] {processor.py:840} INFO - DAG(s) 'amazon_sql_transformation_scheduler' retrieved from /opt/airflow/dags/amazon_sql_scheduler_dag.py
[2026-01-07T16:46:06.270+0000] {logging_mixin.py:188} INFO - [2026-01-07T16:46:06.270+0000] {dag.py:3047} INFO - Sync 1 DAGs
[2026-01-07T16:46:06.281+0000] {logging_mixin.py:188} INFO - [2026-01-07T16:46:06.281+0000] {dag.py:3834} INFO - Setting next_dagrun for amazon_sql_transformation_scheduler to None, run_after=None
[2026-01-07T16:46:06.301+0000] {processor.py:183} INFO - Processing /opt/airflow/dags/amazon_sql_scheduler_dag.py took 0.191 seconds
[2026-01-07T16:46:37.060+0000] {processor.py:161} INFO - Started process (PID=392) to work on /opt/airflow/dags/amazon_sql_scheduler_dag.py
[2026-01-07T16:46:37.061+0000] {processor.py:830} INFO - Processing file /opt/airflow/dags/amazon_sql_scheduler_dag.py for tasks to queue
[2026-01-07T16:46:37.062+0000] {logging_mixin.py:188} INFO - [2026-01-07T16:46:37.062+0000] {dagbag.py:540} INFO - Filling up the DagBag from /opt/airflow/dags/amazon_sql_scheduler_dag.py
[2026-01-07T16:46:37.175+0000] {processor.py:840} INFO - DAG(s) 'amazon_sql_transformation_scheduler' retrieved from /opt/airflow/dags/amazon_sql_scheduler_dag.py
[2026-01-07T16:46:37.206+0000] {logging_mixin.py:188} INFO - [2026-01-07T16:46:37.206+0000] {dag.py:3047} INFO - Sync 1 DAGs
[2026-01-07T16:46:37.219+0000] {logging_mixin.py:188} INFO - [2026-01-07T16:46:37.219+0000] {dag.py:3834} INFO - Setting next_dagrun for amazon_sql_transformation_scheduler to None, run_after=None
[2026-01-07T16:46:37.239+0000] {processor.py:183} INFO - Processing /opt/airflow/dags/amazon_sql_scheduler_dag.py took 0.184 seconds
[2026-01-07T16:47:08.147+0000] {processor.py:161} INFO - Started process (PID=414) to work on /opt/airflow/dags/amazon_sql_scheduler_dag.py
[2026-01-07T16:47:08.148+0000] {processor.py:830} INFO - Processing file /opt/airflow/dags/amazon_sql_scheduler_dag.py for tasks to queue
[2026-01-07T16:47:08.149+0000] {logging_mixin.py:188} INFO - [2026-01-07T16:47:08.149+0000] {dagbag.py:540} INFO - Filling up the DagBag from /opt/airflow/dags/amazon_sql_scheduler_dag.py
[2026-01-07T16:47:08.273+0000] {processor.py:840} INFO - DAG(s) 'amazon_sql_transformation_scheduler' retrieved from /opt/airflow/dags/amazon_sql_scheduler_dag.py
[2026-01-07T16:47:08.304+0000] {logging_mixin.py:188} INFO - [2026-01-07T16:47:08.304+0000] {dag.py:3047} INFO - Sync 1 DAGs
[2026-01-07T16:47:08.318+0000] {logging_mixin.py:188} INFO - [2026-01-07T16:47:08.318+0000] {dag.py:3834} INFO - Setting next_dagrun for amazon_sql_transformation_scheduler to None, run_after=None
[2026-01-07T16:47:08.339+0000] {processor.py:183} INFO - Processing /opt/airflow/dags/amazon_sql_scheduler_dag.py took 0.197 seconds
[2026-01-07T16:47:39.060+0000] {processor.py:161} INFO - Started process (PID=436) to work on /opt/airflow/dags/amazon_sql_scheduler_dag.py
[2026-01-07T16:47:39.062+0000] {processor.py:830} INFO - Processing file /opt/airflow/dags/amazon_sql_scheduler_dag.py for tasks to queue
[2026-01-07T16:47:39.063+0000] {logging_mixin.py:188} INFO - [2026-01-07T16:47:39.063+0000] {dagbag.py:540} INFO - Filling up the DagBag from /opt/airflow/dags/amazon_sql_scheduler_dag.py
[2026-01-07T16:47:39.179+0000] {processor.py:840} INFO - DAG(s) 'amazon_sql_transformation_scheduler' retrieved from /opt/airflow/dags/amazon_sql_scheduler_dag.py
[2026-01-07T16:47:39.213+0000] {logging_mixin.py:188} INFO - [2026-01-07T16:47:39.213+0000] {dag.py:3047} INFO - Sync 1 DAGs
[2026-01-07T16:47:39.228+0000] {logging_mixin.py:188} INFO - [2026-01-07T16:47:39.228+0000] {dag.py:3834} INFO - Setting next_dagrun for amazon_sql_transformation_scheduler to None, run_after=None
[2026-01-07T16:47:39.254+0000] {processor.py:183} INFO - Processing /opt/airflow/dags/amazon_sql_scheduler_dag.py took 0.197 seconds
[2026-01-07T16:48:10.004+0000] {processor.py:161} INFO - Started process (PID=458) to work on /opt/airflow/dags/amazon_sql_scheduler_dag.py
[2026-01-07T16:48:10.005+0000] {processor.py:830} INFO - Processing file /opt/airflow/dags/amazon_sql_scheduler_dag.py for tasks to queue
[2026-01-07T16:48:10.006+0000] {logging_mixin.py:188} INFO - [2026-01-07T16:48:10.006+0000] {dagbag.py:540} INFO - Filling up the DagBag from /opt/airflow/dags/amazon_sql_scheduler_dag.py
[2026-01-07T16:48:10.102+0000] {processor.py:840} INFO - DAG(s) 'amazon_sql_transformation_scheduler' retrieved from /opt/airflow/dags/amazon_sql_scheduler_dag.py
[2026-01-07T16:48:10.128+0000] {logging_mixin.py:188} INFO - [2026-01-07T16:48:10.127+0000] {dag.py:3047} INFO - Sync 1 DAGs
[2026-01-07T16:48:10.139+0000] {logging_mixin.py:188} INFO - [2026-01-07T16:48:10.138+0000] {dag.py:3834} INFO - Setting next_dagrun for amazon_sql_transformation_scheduler to None, run_after=None
[2026-01-07T16:48:10.176+0000] {processor.py:183} INFO - Processing /opt/airflow/dags/amazon_sql_scheduler_dag.py took 0.176 seconds
[2026-01-07T16:48:41.073+0000] {processor.py:161} INFO - Started process (PID=480) to work on /opt/airflow/dags/amazon_sql_scheduler_dag.py
[2026-01-07T16:48:41.074+0000] {processor.py:830} INFO - Processing file /opt/airflow/dags/amazon_sql_scheduler_dag.py for tasks to queue
[2026-01-07T16:48:41.075+0000] {logging_mixin.py:188} INFO - [2026-01-07T16:48:41.075+0000] {dagbag.py:540} INFO - Filling up the DagBag from /opt/airflow/dags/amazon_sql_scheduler_dag.py
[2026-01-07T16:48:41.189+0000] {processor.py:840} INFO - DAG(s) 'amazon_sql_transformation_scheduler' retrieved from /opt/airflow/dags/amazon_sql_scheduler_dag.py
[2026-01-07T16:48:41.222+0000] {logging_mixin.py:188} INFO - [2026-01-07T16:48:41.221+0000] {dag.py:3047} INFO - Sync 1 DAGs
[2026-01-07T16:48:41.235+0000] {logging_mixin.py:188} INFO - [2026-01-07T16:48:41.235+0000] {dag.py:3834} INFO - Setting next_dagrun for amazon_sql_transformation_scheduler to None, run_after=None
[2026-01-07T16:48:41.254+0000] {processor.py:183} INFO - Processing /opt/airflow/dags/amazon_sql_scheduler_dag.py took 0.186 seconds
[2026-01-07T16:49:11.930+0000] {processor.py:161} INFO - Started process (PID=502) to work on /opt/airflow/dags/amazon_sql_scheduler_dag.py
[2026-01-07T16:49:11.932+0000] {processor.py:830} INFO - Processing file /opt/airflow/dags/amazon_sql_scheduler_dag.py for tasks to queue
[2026-01-07T16:49:11.933+0000] {logging_mixin.py:188} INFO - [2026-01-07T16:49:11.933+0000] {dagbag.py:540} INFO - Filling up the DagBag from /opt/airflow/dags/amazon_sql_scheduler_dag.py
[2026-01-07T16:49:12.042+0000] {processor.py:840} INFO - DAG(s) 'amazon_sql_transformation_scheduler' retrieved from /opt/airflow/dags/amazon_sql_scheduler_dag.py
[2026-01-07T16:49:12.073+0000] {logging_mixin.py:188} INFO - [2026-01-07T16:49:12.073+0000] {dag.py:3047} INFO - Sync 1 DAGs
[2026-01-07T16:49:12.087+0000] {logging_mixin.py:188} INFO - [2026-01-07T16:49:12.086+0000] {dag.py:3834} INFO - Setting next_dagrun for amazon_sql_transformation_scheduler to None, run_after=None
[2026-01-07T16:49:12.126+0000] {processor.py:183} INFO - Processing /opt/airflow/dags/amazon_sql_scheduler_dag.py took 0.201 seconds
[2026-01-07T16:49:42.876+0000] {processor.py:161} INFO - Started process (PID=524) to work on /opt/airflow/dags/amazon_sql_scheduler_dag.py
[2026-01-07T16:49:42.878+0000] {processor.py:830} INFO - Processing file /opt/airflow/dags/amazon_sql_scheduler_dag.py for tasks to queue
[2026-01-07T16:49:42.879+0000] {logging_mixin.py:188} INFO - [2026-01-07T16:49:42.879+0000] {dagbag.py:540} INFO - Filling up the DagBag from /opt/airflow/dags/amazon_sql_scheduler_dag.py
[2026-01-07T16:49:42.991+0000] {processor.py:840} INFO - DAG(s) 'amazon_sql_transformation_scheduler' retrieved from /opt/airflow/dags/amazon_sql_scheduler_dag.py
[2026-01-07T16:49:43.024+0000] {logging_mixin.py:188} INFO - [2026-01-07T16:49:43.024+0000] {dag.py:3047} INFO - Sync 1 DAGs
[2026-01-07T16:49:43.039+0000] {logging_mixin.py:188} INFO - [2026-01-07T16:49:43.039+0000] {dag.py:3834} INFO - Setting next_dagrun for amazon_sql_transformation_scheduler to None, run_after=None
[2026-01-07T16:49:43.058+0000] {processor.py:183} INFO - Processing /opt/airflow/dags/amazon_sql_scheduler_dag.py took 0.187 seconds
[2026-01-07T16:50:13.767+0000] {processor.py:161} INFO - Started process (PID=546) to work on /opt/airflow/dags/amazon_sql_scheduler_dag.py
[2026-01-07T16:50:13.768+0000] {processor.py:830} INFO - Processing file /opt/airflow/dags/amazon_sql_scheduler_dag.py for tasks to queue
[2026-01-07T16:50:13.770+0000] {logging_mixin.py:188} INFO - [2026-01-07T16:50:13.769+0000] {dagbag.py:540} INFO - Filling up the DagBag from /opt/airflow/dags/amazon_sql_scheduler_dag.py
[2026-01-07T16:50:13.869+0000] {processor.py:840} INFO - DAG(s) 'amazon_sql_transformation_scheduler' retrieved from /opt/airflow/dags/amazon_sql_scheduler_dag.py
[2026-01-07T16:50:13.895+0000] {logging_mixin.py:188} INFO - [2026-01-07T16:50:13.895+0000] {dag.py:3047} INFO - Sync 1 DAGs
[2026-01-07T16:50:13.906+0000] {logging_mixin.py:188} INFO - [2026-01-07T16:50:13.906+0000] {dag.py:3834} INFO - Setting next_dagrun for amazon_sql_transformation_scheduler to None, run_after=None
[2026-01-07T16:50:13.943+0000] {processor.py:183} INFO - Processing /opt/airflow/dags/amazon_sql_scheduler_dag.py took 0.181 seconds
[2026-01-07T16:50:44.631+0000] {processor.py:161} INFO - Started process (PID=568) to work on /opt/airflow/dags/amazon_sql_scheduler_dag.py
[2026-01-07T16:50:44.633+0000] {processor.py:830} INFO - Processing file /opt/airflow/dags/amazon_sql_scheduler_dag.py for tasks to queue
[2026-01-07T16:50:44.634+0000] {logging_mixin.py:188} INFO - [2026-01-07T16:50:44.633+0000] {dagbag.py:540} INFO - Filling up the DagBag from /opt/airflow/dags/amazon_sql_scheduler_dag.py
[2026-01-07T16:50:44.743+0000] {processor.py:840} INFO - DAG(s) 'amazon_sql_transformation_scheduler' retrieved from /opt/airflow/dags/amazon_sql_scheduler_dag.py
[2026-01-07T16:50:44.772+0000] {logging_mixin.py:188} INFO - [2026-01-07T16:50:44.771+0000] {dag.py:3047} INFO - Sync 1 DAGs
[2026-01-07T16:50:44.784+0000] {logging_mixin.py:188} INFO - [2026-01-07T16:50:44.784+0000] {dag.py:3834} INFO - Setting next_dagrun for amazon_sql_transformation_scheduler to None, run_after=None
[2026-01-07T16:50:44.833+0000] {processor.py:183} INFO - Processing /opt/airflow/dags/amazon_sql_scheduler_dag.py took 0.205 seconds
[2026-01-07T16:51:15.585+0000] {processor.py:161} INFO - Started process (PID=590) to work on /opt/airflow/dags/amazon_sql_scheduler_dag.py
[2026-01-07T16:51:15.586+0000] {processor.py:830} INFO - Processing file /opt/airflow/dags/amazon_sql_scheduler_dag.py for tasks to queue
[2026-01-07T16:51:15.587+0000] {logging_mixin.py:188} INFO - [2026-01-07T16:51:15.587+0000] {dagbag.py:540} INFO - Filling up the DagBag from /opt/airflow/dags/amazon_sql_scheduler_dag.py
[2026-01-07T16:51:15.709+0000] {processor.py:840} INFO - DAG(s) 'amazon_sql_transformation_scheduler' retrieved from /opt/airflow/dags/amazon_sql_scheduler_dag.py
[2026-01-07T16:51:15.737+0000] {logging_mixin.py:188} INFO - [2026-01-07T16:51:15.737+0000] {dag.py:3047} INFO - Sync 1 DAGs
[2026-01-07T16:51:15.749+0000] {logging_mixin.py:188} INFO - [2026-01-07T16:51:15.748+0000] {dag.py:3834} INFO - Setting next_dagrun for amazon_sql_transformation_scheduler to None, run_after=None
[2026-01-07T16:51:15.769+0000] {processor.py:183} INFO - Processing /opt/airflow/dags/amazon_sql_scheduler_dag.py took 0.189 seconds
[2026-01-07T16:51:46.813+0000] {processor.py:161} INFO - Started process (PID=612) to work on /opt/airflow/dags/amazon_sql_scheduler_dag.py
[2026-01-07T16:51:46.815+0000] {processor.py:830} INFO - Processing file /opt/airflow/dags/amazon_sql_scheduler_dag.py for tasks to queue
[2026-01-07T16:51:46.817+0000] {logging_mixin.py:188} INFO - [2026-01-07T16:51:46.816+0000] {dagbag.py:540} INFO - Filling up the DagBag from /opt/airflow/dags/amazon_sql_scheduler_dag.py
[2026-01-07T16:51:46.917+0000] {processor.py:840} INFO - DAG(s) 'amazon_sql_transformation_scheduler' retrieved from /opt/airflow/dags/amazon_sql_scheduler_dag.py
[2026-01-07T16:51:46.946+0000] {logging_mixin.py:188} INFO - [2026-01-07T16:51:46.946+0000] {dag.py:3047} INFO - Sync 1 DAGs
[2026-01-07T16:51:46.960+0000] {logging_mixin.py:188} INFO - [2026-01-07T16:51:46.959+0000] {dag.py:3834} INFO - Setting next_dagrun for amazon_sql_transformation_scheduler to None, run_after=None
[2026-01-07T16:51:46.978+0000] {processor.py:183} INFO - Processing /opt/airflow/dags/amazon_sql_scheduler_dag.py took 0.169 seconds
[2026-01-07T16:52:17.752+0000] {processor.py:161} INFO - Started process (PID=634) to work on /opt/airflow/dags/amazon_sql_scheduler_dag.py
[2026-01-07T16:52:17.754+0000] {processor.py:830} INFO - Processing file /opt/airflow/dags/amazon_sql_scheduler_dag.py for tasks to queue
[2026-01-07T16:52:17.755+0000] {logging_mixin.py:188} INFO - [2026-01-07T16:52:17.754+0000] {dagbag.py:540} INFO - Filling up the DagBag from /opt/airflow/dags/amazon_sql_scheduler_dag.py
[2026-01-07T16:52:17.861+0000] {processor.py:840} INFO - DAG(s) 'amazon_sql_transformation_scheduler' retrieved from /opt/airflow/dags/amazon_sql_scheduler_dag.py
[2026-01-07T16:52:17.891+0000] {logging_mixin.py:188} INFO - [2026-01-07T16:52:17.891+0000] {dag.py:3047} INFO - Sync 1 DAGs
[2026-01-07T16:52:17.905+0000] {logging_mixin.py:188} INFO - [2026-01-07T16:52:17.904+0000] {dag.py:3834} INFO - Setting next_dagrun for amazon_sql_transformation_scheduler to None, run_after=None
[2026-01-07T16:52:17.927+0000] {processor.py:183} INFO - Processing /opt/airflow/dags/amazon_sql_scheduler_dag.py took 0.177 seconds
[2026-01-07T16:52:48.632+0000] {processor.py:161} INFO - Started process (PID=656) to work on /opt/airflow/dags/amazon_sql_scheduler_dag.py
[2026-01-07T16:52:48.634+0000] {processor.py:830} INFO - Processing file /opt/airflow/dags/amazon_sql_scheduler_dag.py for tasks to queue
[2026-01-07T16:52:48.635+0000] {logging_mixin.py:188} INFO - [2026-01-07T16:52:48.635+0000] {dagbag.py:540} INFO - Filling up the DagBag from /opt/airflow/dags/amazon_sql_scheduler_dag.py
[2026-01-07T16:52:48.770+0000] {processor.py:840} INFO - DAG(s) 'amazon_sql_transformation_scheduler' retrieved from /opt/airflow/dags/amazon_sql_scheduler_dag.py
[2026-01-07T16:52:48.803+0000] {logging_mixin.py:188} INFO - [2026-01-07T16:52:48.803+0000] {dag.py:3047} INFO - Sync 1 DAGs
[2026-01-07T16:52:48.817+0000] {logging_mixin.py:188} INFO - [2026-01-07T16:52:48.817+0000] {dag.py:3834} INFO - Setting next_dagrun for amazon_sql_transformation_scheduler to None, run_after=None
[2026-01-07T16:52:48.837+0000] {processor.py:183} INFO - Processing /opt/airflow/dags/amazon_sql_scheduler_dag.py took 0.209 seconds
[2026-01-07T16:53:19.559+0000] {processor.py:161} INFO - Started process (PID=678) to work on /opt/airflow/dags/amazon_sql_scheduler_dag.py
[2026-01-07T16:53:19.561+0000] {processor.py:830} INFO - Processing file /opt/airflow/dags/amazon_sql_scheduler_dag.py for tasks to queue
[2026-01-07T16:53:19.562+0000] {logging_mixin.py:188} INFO - [2026-01-07T16:53:19.562+0000] {dagbag.py:540} INFO - Filling up the DagBag from /opt/airflow/dags/amazon_sql_scheduler_dag.py
[2026-01-07T16:53:19.671+0000] {processor.py:840} INFO - DAG(s) 'amazon_sql_transformation_scheduler' retrieved from /opt/airflow/dags/amazon_sql_scheduler_dag.py
[2026-01-07T16:53:19.699+0000] {logging_mixin.py:188} INFO - [2026-01-07T16:53:19.699+0000] {dag.py:3047} INFO - Sync 1 DAGs
[2026-01-07T16:53:19.710+0000] {logging_mixin.py:188} INFO - [2026-01-07T16:53:19.710+0000] {dag.py:3834} INFO - Setting next_dagrun for amazon_sql_transformation_scheduler to None, run_after=None
[2026-01-07T16:53:19.730+0000] {processor.py:183} INFO - Processing /opt/airflow/dags/amazon_sql_scheduler_dag.py took 0.177 seconds
[2026-01-07T16:53:50.422+0000] {processor.py:161} INFO - Started process (PID=700) to work on /opt/airflow/dags/amazon_sql_scheduler_dag.py
[2026-01-07T16:53:50.423+0000] {processor.py:830} INFO - Processing file /opt/airflow/dags/amazon_sql_scheduler_dag.py for tasks to queue
[2026-01-07T16:53:50.424+0000] {logging_mixin.py:188} INFO - [2026-01-07T16:53:50.424+0000] {dagbag.py:540} INFO - Filling up the DagBag from /opt/airflow/dags/amazon_sql_scheduler_dag.py
[2026-01-07T16:53:50.533+0000] {processor.py:840} INFO - DAG(s) 'amazon_sql_transformation_scheduler' retrieved from /opt/airflow/dags/amazon_sql_scheduler_dag.py
[2026-01-07T16:53:50.564+0000] {logging_mixin.py:188} INFO - [2026-01-07T16:53:50.564+0000] {dag.py:3047} INFO - Sync 1 DAGs
[2026-01-07T16:53:50.579+0000] {logging_mixin.py:188} INFO - [2026-01-07T16:53:50.578+0000] {dag.py:3834} INFO - Setting next_dagrun for amazon_sql_transformation_scheduler to None, run_after=None
[2026-01-07T16:53:50.601+0000] {processor.py:183} INFO - Processing /opt/airflow/dags/amazon_sql_scheduler_dag.py took 0.183 seconds
[2026-01-07T16:54:21.487+0000] {processor.py:161} INFO - Started process (PID=722) to work on /opt/airflow/dags/amazon_sql_scheduler_dag.py
[2026-01-07T16:54:21.488+0000] {processor.py:830} INFO - Processing file /opt/airflow/dags/amazon_sql_scheduler_dag.py for tasks to queue
[2026-01-07T16:54:21.489+0000] {logging_mixin.py:188} INFO - [2026-01-07T16:54:21.489+0000] {dagbag.py:540} INFO - Filling up the DagBag from /opt/airflow/dags/amazon_sql_scheduler_dag.py
[2026-01-07T16:54:21.590+0000] {processor.py:840} INFO - DAG(s) 'amazon_sql_transformation_scheduler' retrieved from /opt/airflow/dags/amazon_sql_scheduler_dag.py
[2026-01-07T16:54:21.618+0000] {logging_mixin.py:188} INFO - [2026-01-07T16:54:21.618+0000] {dag.py:3047} INFO - Sync 1 DAGs
[2026-01-07T16:54:21.631+0000] {logging_mixin.py:188} INFO - [2026-01-07T16:54:21.631+0000] {dag.py:3834} INFO - Setting next_dagrun for amazon_sql_transformation_scheduler to None, run_after=None
[2026-01-07T16:54:21.655+0000] {processor.py:183} INFO - Processing /opt/airflow/dags/amazon_sql_scheduler_dag.py took 0.171 seconds
[2026-01-07T16:54:52.457+0000] {processor.py:161} INFO - Started process (PID=744) to work on /opt/airflow/dags/amazon_sql_scheduler_dag.py
[2026-01-07T16:54:52.458+0000] {processor.py:830} INFO - Processing file /opt/airflow/dags/amazon_sql_scheduler_dag.py for tasks to queue
[2026-01-07T16:54:52.459+0000] {logging_mixin.py:188} INFO - [2026-01-07T16:54:52.459+0000] {dagbag.py:540} INFO - Filling up the DagBag from /opt/airflow/dags/amazon_sql_scheduler_dag.py
[2026-01-07T16:54:52.552+0000] {processor.py:840} INFO - DAG(s) 'amazon_sql_transformation_scheduler' retrieved from /opt/airflow/dags/amazon_sql_scheduler_dag.py
[2026-01-07T16:54:52.576+0000] {logging_mixin.py:188} INFO - [2026-01-07T16:54:52.576+0000] {dag.py:3047} INFO - Sync 1 DAGs
[2026-01-07T16:54:52.587+0000] {logging_mixin.py:188} INFO - [2026-01-07T16:54:52.587+0000] {dag.py:3834} INFO - Setting next_dagrun for amazon_sql_transformation_scheduler to None, run_after=None
[2026-01-07T16:54:52.625+0000] {processor.py:183} INFO - Processing /opt/airflow/dags/amazon_sql_scheduler_dag.py took 0.171 seconds
[2026-01-07T16:55:23.276+0000] {processor.py:161} INFO - Started process (PID=766) to work on /opt/airflow/dags/amazon_sql_scheduler_dag.py
[2026-01-07T16:55:23.278+0000] {processor.py:830} INFO - Processing file /opt/airflow/dags/amazon_sql_scheduler_dag.py for tasks to queue
[2026-01-07T16:55:23.279+0000] {logging_mixin.py:188} INFO - [2026-01-07T16:55:23.278+0000] {dagbag.py:540} INFO - Filling up the DagBag from /opt/airflow/dags/amazon_sql_scheduler_dag.py
[2026-01-07T16:55:23.376+0000] {processor.py:840} INFO - DAG(s) 'amazon_sql_transformation_scheduler' retrieved from /opt/airflow/dags/amazon_sql_scheduler_dag.py
[2026-01-07T16:55:23.405+0000] {logging_mixin.py:188} INFO - [2026-01-07T16:55:23.405+0000] {dag.py:3047} INFO - Sync 1 DAGs
[2026-01-07T16:55:23.419+0000] {logging_mixin.py:188} INFO - [2026-01-07T16:55:23.419+0000] {dag.py:3834} INFO - Setting next_dagrun for amazon_sql_transformation_scheduler to None, run_after=None
[2026-01-07T16:55:23.457+0000] {processor.py:183} INFO - Processing /opt/airflow/dags/amazon_sql_scheduler_dag.py took 0.184 seconds
[2026-01-07T16:55:54.268+0000] {processor.py:161} INFO - Started process (PID=788) to work on /opt/airflow/dags/amazon_sql_scheduler_dag.py
[2026-01-07T16:55:54.269+0000] {processor.py:830} INFO - Processing file /opt/airflow/dags/amazon_sql_scheduler_dag.py for tasks to queue
[2026-01-07T16:55:54.271+0000] {logging_mixin.py:188} INFO - [2026-01-07T16:55:54.270+0000] {dagbag.py:540} INFO - Filling up the DagBag from /opt/airflow/dags/amazon_sql_scheduler_dag.py
[2026-01-07T16:55:54.380+0000] {processor.py:840} INFO - DAG(s) 'amazon_sql_transformation_scheduler' retrieved from /opt/airflow/dags/amazon_sql_scheduler_dag.py
[2026-01-07T16:55:54.411+0000] {logging_mixin.py:188} INFO - [2026-01-07T16:55:54.411+0000] {dag.py:3047} INFO - Sync 1 DAGs
[2026-01-07T16:55:54.424+0000] {logging_mixin.py:188} INFO - [2026-01-07T16:55:54.424+0000] {dag.py:3834} INFO - Setting next_dagrun for amazon_sql_transformation_scheduler to None, run_after=None
[2026-01-07T16:55:54.442+0000] {processor.py:183} INFO - Processing /opt/airflow/dags/amazon_sql_scheduler_dag.py took 0.178 seconds
[2026-01-07T16:56:25.166+0000] {processor.py:161} INFO - Started process (PID=810) to work on /opt/airflow/dags/amazon_sql_scheduler_dag.py
[2026-01-07T16:56:25.168+0000] {processor.py:830} INFO - Processing file /opt/airflow/dags/amazon_sql_scheduler_dag.py for tasks to queue
[2026-01-07T16:56:25.169+0000] {logging_mixin.py:188} INFO - [2026-01-07T16:56:25.168+0000] {dagbag.py:540} INFO - Filling up the DagBag from /opt/airflow/dags/amazon_sql_scheduler_dag.py
[2026-01-07T16:56:25.273+0000] {processor.py:840} INFO - DAG(s) 'amazon_sql_transformation_scheduler' retrieved from /opt/airflow/dags/amazon_sql_scheduler_dag.py
[2026-01-07T16:56:25.313+0000] {logging_mixin.py:188} INFO - [2026-01-07T16:56:25.313+0000] {dag.py:3047} INFO - Sync 1 DAGs
[2026-01-07T16:56:25.326+0000] {logging_mixin.py:188} INFO - [2026-01-07T16:56:25.326+0000] {dag.py:3834} INFO - Setting next_dagrun for amazon_sql_transformation_scheduler to None, run_after=None
[2026-01-07T16:56:25.364+0000] {processor.py:183} INFO - Processing /opt/airflow/dags/amazon_sql_scheduler_dag.py took 0.201 seconds
[2026-01-07T16:56:56.173+0000] {processor.py:161} INFO - Started process (PID=832) to work on /opt/airflow/dags/amazon_sql_scheduler_dag.py
[2026-01-07T16:56:56.174+0000] {processor.py:830} INFO - Processing file /opt/airflow/dags/amazon_sql_scheduler_dag.py for tasks to queue
[2026-01-07T16:56:56.175+0000] {logging_mixin.py:188} INFO - [2026-01-07T16:56:56.175+0000] {dagbag.py:540} INFO - Filling up the DagBag from /opt/airflow/dags/amazon_sql_scheduler_dag.py
[2026-01-07T16:56:56.273+0000] {processor.py:840} INFO - DAG(s) 'amazon_sql_transformation_scheduler' retrieved from /opt/airflow/dags/amazon_sql_scheduler_dag.py
[2026-01-07T16:56:56.310+0000] {logging_mixin.py:188} INFO - [2026-01-07T16:56:56.309+0000] {dag.py:3047} INFO - Sync 1 DAGs
[2026-01-07T16:56:56.323+0000] {logging_mixin.py:188} INFO - [2026-01-07T16:56:56.322+0000] {dag.py:3834} INFO - Setting next_dagrun for amazon_sql_transformation_scheduler to None, run_after=None
[2026-01-07T16:56:56.361+0000] {processor.py:183} INFO - Processing /opt/airflow/dags/amazon_sql_scheduler_dag.py took 0.192 seconds
[2026-01-07T16:57:27.159+0000] {processor.py:161} INFO - Started process (PID=854) to work on /opt/airflow/dags/amazon_sql_scheduler_dag.py
[2026-01-07T16:57:27.160+0000] {processor.py:830} INFO - Processing file /opt/airflow/dags/amazon_sql_scheduler_dag.py for tasks to queue
[2026-01-07T16:57:27.161+0000] {logging_mixin.py:188} INFO - [2026-01-07T16:57:27.160+0000] {dagbag.py:540} INFO - Filling up the DagBag from /opt/airflow/dags/amazon_sql_scheduler_dag.py
[2026-01-07T16:57:27.251+0000] {processor.py:840} INFO - DAG(s) 'amazon_sql_transformation_scheduler' retrieved from /opt/airflow/dags/amazon_sql_scheduler_dag.py
[2026-01-07T16:57:27.287+0000] {logging_mixin.py:188} INFO - [2026-01-07T16:57:27.286+0000] {dag.py:3047} INFO - Sync 1 DAGs
[2026-01-07T16:57:27.299+0000] {logging_mixin.py:188} INFO - [2026-01-07T16:57:27.298+0000] {dag.py:3834} INFO - Setting next_dagrun for amazon_sql_transformation_scheduler to None, run_after=None
[2026-01-07T16:57:27.317+0000] {processor.py:183} INFO - Processing /opt/airflow/dags/amazon_sql_scheduler_dag.py took 0.163 seconds
[2026-01-07T16:57:58.278+0000] {processor.py:161} INFO - Started process (PID=876) to work on /opt/airflow/dags/amazon_sql_scheduler_dag.py
[2026-01-07T16:57:58.279+0000] {processor.py:830} INFO - Processing file /opt/airflow/dags/amazon_sql_scheduler_dag.py for tasks to queue
[2026-01-07T16:57:58.280+0000] {logging_mixin.py:188} INFO - [2026-01-07T16:57:58.280+0000] {dagbag.py:540} INFO - Filling up the DagBag from /opt/airflow/dags/amazon_sql_scheduler_dag.py
[2026-01-07T16:57:58.402+0000] {processor.py:840} INFO - DAG(s) 'amazon_sql_transformation_scheduler' retrieved from /opt/airflow/dags/amazon_sql_scheduler_dag.py
[2026-01-07T16:57:58.436+0000] {logging_mixin.py:188} INFO - [2026-01-07T16:57:58.436+0000] {dag.py:3047} INFO - Sync 1 DAGs
[2026-01-07T16:57:58.452+0000] {logging_mixin.py:188} INFO - [2026-01-07T16:57:58.452+0000] {dag.py:3834} INFO - Setting next_dagrun for amazon_sql_transformation_scheduler to None, run_after=None
[2026-01-07T16:57:58.472+0000] {processor.py:183} INFO - Processing /opt/airflow/dags/amazon_sql_scheduler_dag.py took 0.198 seconds
[2026-01-07T16:58:29.180+0000] {processor.py:161} INFO - Started process (PID=898) to work on /opt/airflow/dags/amazon_sql_scheduler_dag.py
[2026-01-07T16:58:29.181+0000] {processor.py:830} INFO - Processing file /opt/airflow/dags/amazon_sql_scheduler_dag.py for tasks to queue
[2026-01-07T16:58:29.182+0000] {logging_mixin.py:188} INFO - [2026-01-07T16:58:29.182+0000] {dagbag.py:540} INFO - Filling up the DagBag from /opt/airflow/dags/amazon_sql_scheduler_dag.py
[2026-01-07T16:58:29.295+0000] {processor.py:840} INFO - DAG(s) 'amazon_sql_transformation_scheduler' retrieved from /opt/airflow/dags/amazon_sql_scheduler_dag.py
[2026-01-07T16:58:29.330+0000] {logging_mixin.py:188} INFO - [2026-01-07T16:58:29.330+0000] {dag.py:3047} INFO - Sync 1 DAGs
[2026-01-07T16:58:29.353+0000] {logging_mixin.py:188} INFO - [2026-01-07T16:58:29.353+0000] {dag.py:3834} INFO - Setting next_dagrun for amazon_sql_transformation_scheduler to None, run_after=None
[2026-01-07T16:58:29.373+0000] {processor.py:183} INFO - Processing /opt/airflow/dags/amazon_sql_scheduler_dag.py took 0.198 seconds
[2026-01-07T16:59:00.048+0000] {processor.py:161} INFO - Started process (PID=920) to work on /opt/airflow/dags/amazon_sql_scheduler_dag.py
[2026-01-07T16:59:00.050+0000] {processor.py:830} INFO - Processing file /opt/airflow/dags/amazon_sql_scheduler_dag.py for tasks to queue
[2026-01-07T16:59:00.051+0000] {logging_mixin.py:188} INFO - [2026-01-07T16:59:00.051+0000] {dagbag.py:540} INFO - Filling up the DagBag from /opt/airflow/dags/amazon_sql_scheduler_dag.py
[2026-01-07T16:59:00.176+0000] {processor.py:840} INFO - DAG(s) 'amazon_sql_transformation_scheduler' retrieved from /opt/airflow/dags/amazon_sql_scheduler_dag.py
[2026-01-07T16:59:00.210+0000] {logging_mixin.py:188} INFO - [2026-01-07T16:59:00.210+0000] {dag.py:3047} INFO - Sync 1 DAGs
[2026-01-07T16:59:00.224+0000] {logging_mixin.py:188} INFO - [2026-01-07T16:59:00.223+0000] {dag.py:3834} INFO - Setting next_dagrun for amazon_sql_transformation_scheduler to None, run_after=None
[2026-01-07T16:59:00.242+0000] {processor.py:183} INFO - Processing /opt/airflow/dags/amazon_sql_scheduler_dag.py took 0.198 seconds
[2026-01-07T16:59:31.052+0000] {processor.py:161} INFO - Started process (PID=942) to work on /opt/airflow/dags/amazon_sql_scheduler_dag.py
[2026-01-07T16:59:31.054+0000] {processor.py:830} INFO - Processing file /opt/airflow/dags/amazon_sql_scheduler_dag.py for tasks to queue
[2026-01-07T16:59:31.055+0000] {logging_mixin.py:188} INFO - [2026-01-07T16:59:31.055+0000] {dagbag.py:540} INFO - Filling up the DagBag from /opt/airflow/dags/amazon_sql_scheduler_dag.py
[2026-01-07T16:59:31.173+0000] {processor.py:840} INFO - DAG(s) 'amazon_sql_transformation_scheduler' retrieved from /opt/airflow/dags/amazon_sql_scheduler_dag.py
[2026-01-07T16:59:31.204+0000] {logging_mixin.py:188} INFO - [2026-01-07T16:59:31.203+0000] {dag.py:3047} INFO - Sync 1 DAGs
[2026-01-07T16:59:31.217+0000] {logging_mixin.py:188} INFO - [2026-01-07T16:59:31.217+0000] {dag.py:3834} INFO - Setting next_dagrun for amazon_sql_transformation_scheduler to None, run_after=None
[2026-01-07T16:59:31.259+0000] {processor.py:183} INFO - Processing /opt/airflow/dags/amazon_sql_scheduler_dag.py took 0.210 seconds
[2026-01-07T17:00:01.985+0000] {processor.py:161} INFO - Started process (PID=964) to work on /opt/airflow/dags/amazon_sql_scheduler_dag.py
[2026-01-07T17:00:01.987+0000] {processor.py:830} INFO - Processing file /opt/airflow/dags/amazon_sql_scheduler_dag.py for tasks to queue
[2026-01-07T17:00:01.988+0000] {logging_mixin.py:188} INFO - [2026-01-07T17:00:01.987+0000] {dagbag.py:540} INFO - Filling up the DagBag from /opt/airflow/dags/amazon_sql_scheduler_dag.py
[2026-01-07T17:00:02.116+0000] {processor.py:840} INFO - DAG(s) 'amazon_sql_transformation_scheduler' retrieved from /opt/airflow/dags/amazon_sql_scheduler_dag.py
[2026-01-07T17:00:02.150+0000] {logging_mixin.py:188} INFO - [2026-01-07T17:00:02.150+0000] {dag.py:3047} INFO - Sync 1 DAGs
[2026-01-07T17:00:02.164+0000] {logging_mixin.py:188} INFO - [2026-01-07T17:00:02.164+0000] {dag.py:3834} INFO - Setting next_dagrun for amazon_sql_transformation_scheduler to None, run_after=None
[2026-01-07T17:00:02.184+0000] {processor.py:183} INFO - Processing /opt/airflow/dags/amazon_sql_scheduler_dag.py took 0.202 seconds
[2026-01-07T17:00:33.029+0000] {processor.py:161} INFO - Started process (PID=986) to work on /opt/airflow/dags/amazon_sql_scheduler_dag.py
[2026-01-07T17:00:33.030+0000] {processor.py:830} INFO - Processing file /opt/airflow/dags/amazon_sql_scheduler_dag.py for tasks to queue
[2026-01-07T17:00:33.031+0000] {logging_mixin.py:188} INFO - [2026-01-07T17:00:33.031+0000] {dagbag.py:540} INFO - Filling up the DagBag from /opt/airflow/dags/amazon_sql_scheduler_dag.py
[2026-01-07T17:00:33.145+0000] {processor.py:840} INFO - DAG(s) 'amazon_sql_transformation_scheduler' retrieved from /opt/airflow/dags/amazon_sql_scheduler_dag.py
[2026-01-07T17:00:33.176+0000] {logging_mixin.py:188} INFO - [2026-01-07T17:00:33.175+0000] {dag.py:3047} INFO - Sync 1 DAGs
[2026-01-07T17:00:33.188+0000] {logging_mixin.py:188} INFO - [2026-01-07T17:00:33.188+0000] {dag.py:3834} INFO - Setting next_dagrun for amazon_sql_transformation_scheduler to None, run_after=None
[2026-01-07T17:00:33.209+0000] {processor.py:183} INFO - Processing /opt/airflow/dags/amazon_sql_scheduler_dag.py took 0.184 seconds
[2026-01-07T17:01:03.904+0000] {processor.py:161} INFO - Started process (PID=1008) to work on /opt/airflow/dags/amazon_sql_scheduler_dag.py
[2026-01-07T17:01:03.905+0000] {processor.py:830} INFO - Processing file /opt/airflow/dags/amazon_sql_scheduler_dag.py for tasks to queue
[2026-01-07T17:01:03.907+0000] {logging_mixin.py:188} INFO - [2026-01-07T17:01:03.906+0000] {dagbag.py:540} INFO - Filling up the DagBag from /opt/airflow/dags/amazon_sql_scheduler_dag.py
[2026-01-07T17:01:04.019+0000] {processor.py:840} INFO - DAG(s) 'amazon_sql_transformation_scheduler' retrieved from /opt/airflow/dags/amazon_sql_scheduler_dag.py
[2026-01-07T17:01:04.050+0000] {logging_mixin.py:188} INFO - [2026-01-07T17:01:04.050+0000] {dag.py:3047} INFO - Sync 1 DAGs
[2026-01-07T17:01:04.065+0000] {logging_mixin.py:188} INFO - [2026-01-07T17:01:04.065+0000] {dag.py:3834} INFO - Setting next_dagrun for amazon_sql_transformation_scheduler to None, run_after=None
[2026-01-07T17:01:04.104+0000] {processor.py:183} INFO - Processing /opt/airflow/dags/amazon_sql_scheduler_dag.py took 0.204 seconds
[2026-01-07T17:01:34.788+0000] {processor.py:161} INFO - Started process (PID=1030) to work on /opt/airflow/dags/amazon_sql_scheduler_dag.py
[2026-01-07T17:01:34.789+0000] {processor.py:830} INFO - Processing file /opt/airflow/dags/amazon_sql_scheduler_dag.py for tasks to queue
[2026-01-07T17:01:34.790+0000] {logging_mixin.py:188} INFO - [2026-01-07T17:01:34.789+0000] {dagbag.py:540} INFO - Filling up the DagBag from /opt/airflow/dags/amazon_sql_scheduler_dag.py
[2026-01-07T17:01:34.901+0000] {processor.py:840} INFO - DAG(s) 'amazon_sql_transformation_scheduler' retrieved from /opt/airflow/dags/amazon_sql_scheduler_dag.py
[2026-01-07T17:01:34.931+0000] {logging_mixin.py:188} INFO - [2026-01-07T17:01:34.931+0000] {dag.py:3047} INFO - Sync 1 DAGs
[2026-01-07T17:01:34.944+0000] {logging_mixin.py:188} INFO - [2026-01-07T17:01:34.944+0000] {dag.py:3834} INFO - Setting next_dagrun for amazon_sql_transformation_scheduler to None, run_after=None
[2026-01-07T17:01:34.986+0000] {processor.py:183} INFO - Processing /opt/airflow/dags/amazon_sql_scheduler_dag.py took 0.202 seconds
[2026-01-07T17:02:05.788+0000] {processor.py:161} INFO - Started process (PID=1052) to work on /opt/airflow/dags/amazon_sql_scheduler_dag.py
[2026-01-07T17:02:05.789+0000] {processor.py:830} INFO - Processing file /opt/airflow/dags/amazon_sql_scheduler_dag.py for tasks to queue
[2026-01-07T17:02:05.790+0000] {logging_mixin.py:188} INFO - [2026-01-07T17:02:05.790+0000] {dagbag.py:540} INFO - Filling up the DagBag from /opt/airflow/dags/amazon_sql_scheduler_dag.py
[2026-01-07T17:02:05.905+0000] {processor.py:840} INFO - DAG(s) 'amazon_sql_transformation_scheduler' retrieved from /opt/airflow/dags/amazon_sql_scheduler_dag.py
[2026-01-07T17:02:05.936+0000] {logging_mixin.py:188} INFO - [2026-01-07T17:02:05.935+0000] {dag.py:3047} INFO - Sync 1 DAGs
[2026-01-07T17:02:05.950+0000] {logging_mixin.py:188} INFO - [2026-01-07T17:02:05.950+0000] {dag.py:3834} INFO - Setting next_dagrun for amazon_sql_transformation_scheduler to None, run_after=None
[2026-01-07T17:02:05.970+0000] {processor.py:183} INFO - Processing /opt/airflow/dags/amazon_sql_scheduler_dag.py took 0.187 seconds
[2026-01-07T17:02:36.696+0000] {processor.py:161} INFO - Started process (PID=1074) to work on /opt/airflow/dags/amazon_sql_scheduler_dag.py
[2026-01-07T17:02:36.698+0000] {processor.py:830} INFO - Processing file /opt/airflow/dags/amazon_sql_scheduler_dag.py for tasks to queue
[2026-01-07T17:02:36.699+0000] {logging_mixin.py:188} INFO - [2026-01-07T17:02:36.699+0000] {dagbag.py:540} INFO - Filling up the DagBag from /opt/airflow/dags/amazon_sql_scheduler_dag.py
[2026-01-07T17:02:36.864+0000] {processor.py:840} INFO - DAG(s) 'amazon_sql_transformation_scheduler' retrieved from /opt/airflow/dags/amazon_sql_scheduler_dag.py
[2026-01-07T17:02:36.908+0000] {logging_mixin.py:188} INFO - [2026-01-07T17:02:36.908+0000] {dag.py:3047} INFO - Sync 1 DAGs
[2026-01-07T17:02:36.924+0000] {logging_mixin.py:188} INFO - [2026-01-07T17:02:36.924+0000] {dag.py:3834} INFO - Setting next_dagrun for amazon_sql_transformation_scheduler to None, run_after=None
[2026-01-07T17:02:36.946+0000] {processor.py:183} INFO - Processing /opt/airflow/dags/amazon_sql_scheduler_dag.py took 0.255 seconds
[2026-01-07T17:03:07.777+0000] {processor.py:161} INFO - Started process (PID=1096) to work on /opt/airflow/dags/amazon_sql_scheduler_dag.py
[2026-01-07T17:03:07.779+0000] {processor.py:830} INFO - Processing file /opt/airflow/dags/amazon_sql_scheduler_dag.py for tasks to queue
[2026-01-07T17:03:07.780+0000] {logging_mixin.py:188} INFO - [2026-01-07T17:03:07.779+0000] {dagbag.py:540} INFO - Filling up the DagBag from /opt/airflow/dags/amazon_sql_scheduler_dag.py
[2026-01-07T17:03:07.892+0000] {processor.py:840} INFO - DAG(s) 'amazon_sql_transformation_scheduler' retrieved from /opt/airflow/dags/amazon_sql_scheduler_dag.py
[2026-01-07T17:03:07.920+0000] {logging_mixin.py:188} INFO - [2026-01-07T17:03:07.920+0000] {dag.py:3047} INFO - Sync 1 DAGs
[2026-01-07T17:03:07.934+0000] {logging_mixin.py:188} INFO - [2026-01-07T17:03:07.934+0000] {dag.py:3834} INFO - Setting next_dagrun for amazon_sql_transformation_scheduler to None, run_after=None
[2026-01-07T17:03:07.953+0000] {processor.py:183} INFO - Processing /opt/airflow/dags/amazon_sql_scheduler_dag.py took 0.180 seconds
[2026-01-07T17:09:03.887+0000] {processor.py:161} INFO - Started process (PID=197) to work on /opt/airflow/dags/amazon_sql_scheduler_dag.py
[2026-01-07T17:09:03.889+0000] {processor.py:830} INFO - Processing file /opt/airflow/dags/amazon_sql_scheduler_dag.py for tasks to queue
[2026-01-07T17:09:03.891+0000] {logging_mixin.py:188} INFO - [2026-01-07T17:09:03.890+0000] {dagbag.py:540} INFO - Filling up the DagBag from /opt/airflow/dags/amazon_sql_scheduler_dag.py
[2026-01-07T17:09:04.322+0000] {processor.py:840} INFO - DAG(s) 'amazon_sql_transformation_scheduler' retrieved from /opt/airflow/dags/amazon_sql_scheduler_dag.py
[2026-01-07T17:09:04.392+0000] {logging_mixin.py:188} INFO - [2026-01-07T17:09:04.392+0000] {dag.py:3047} INFO - Sync 1 DAGs
[2026-01-07T17:09:04.409+0000] {logging_mixin.py:188} INFO - [2026-01-07T17:09:04.408+0000] {dag.py:3834} INFO - Setting next_dagrun for amazon_sql_transformation_scheduler to None, run_after=None
[2026-01-07T17:09:04.434+0000] {processor.py:183} INFO - Processing /opt/airflow/dags/amazon_sql_scheduler_dag.py took 0.552 seconds
[2026-01-07T17:09:35.177+0000] {processor.py:161} INFO - Started process (PID=216) to work on /opt/airflow/dags/amazon_sql_scheduler_dag.py
[2026-01-07T17:09:35.178+0000] {processor.py:830} INFO - Processing file /opt/airflow/dags/amazon_sql_scheduler_dag.py for tasks to queue
[2026-01-07T17:09:35.179+0000] {logging_mixin.py:188} INFO - [2026-01-07T17:09:35.179+0000] {dagbag.py:540} INFO - Filling up the DagBag from /opt/airflow/dags/amazon_sql_scheduler_dag.py
[2026-01-07T17:09:35.296+0000] {processor.py:840} INFO - DAG(s) 'amazon_sql_transformation_scheduler' retrieved from /opt/airflow/dags/amazon_sql_scheduler_dag.py
[2026-01-07T17:09:35.326+0000] {logging_mixin.py:188} INFO - [2026-01-07T17:09:35.326+0000] {dag.py:3047} INFO - Sync 1 DAGs
[2026-01-07T17:09:35.339+0000] {logging_mixin.py:188} INFO - [2026-01-07T17:09:35.339+0000] {dag.py:3834} INFO - Setting next_dagrun for amazon_sql_transformation_scheduler to None, run_after=None
[2026-01-07T17:09:35.379+0000] {processor.py:183} INFO - Processing /opt/airflow/dags/amazon_sql_scheduler_dag.py took 0.206 seconds
[2026-01-07T17:10:06.198+0000] {processor.py:161} INFO - Started process (PID=238) to work on /opt/airflow/dags/amazon_sql_scheduler_dag.py
[2026-01-07T17:10:06.199+0000] {processor.py:830} INFO - Processing file /opt/airflow/dags/amazon_sql_scheduler_dag.py for tasks to queue
[2026-01-07T17:10:06.200+0000] {logging_mixin.py:188} INFO - [2026-01-07T17:10:06.200+0000] {dagbag.py:540} INFO - Filling up the DagBag from /opt/airflow/dags/amazon_sql_scheduler_dag.py
[2026-01-07T17:10:06.304+0000] {processor.py:840} INFO - DAG(s) 'amazon_sql_transformation_scheduler' retrieved from /opt/airflow/dags/amazon_sql_scheduler_dag.py
[2026-01-07T17:10:06.334+0000] {logging_mixin.py:188} INFO - [2026-01-07T17:10:06.333+0000] {dag.py:3047} INFO - Sync 1 DAGs
[2026-01-07T17:10:06.346+0000] {logging_mixin.py:188} INFO - [2026-01-07T17:10:06.345+0000] {dag.py:3834} INFO - Setting next_dagrun for amazon_sql_transformation_scheduler to None, run_after=None
[2026-01-07T17:10:06.383+0000] {processor.py:183} INFO - Processing /opt/airflow/dags/amazon_sql_scheduler_dag.py took 0.189 seconds
[2026-01-07T17:10:37.059+0000] {processor.py:161} INFO - Started process (PID=260) to work on /opt/airflow/dags/amazon_sql_scheduler_dag.py
[2026-01-07T17:10:37.060+0000] {processor.py:830} INFO - Processing file /opt/airflow/dags/amazon_sql_scheduler_dag.py for tasks to queue
[2026-01-07T17:10:37.061+0000] {logging_mixin.py:188} INFO - [2026-01-07T17:10:37.061+0000] {dagbag.py:540} INFO - Filling up the DagBag from /opt/airflow/dags/amazon_sql_scheduler_dag.py
[2026-01-07T17:10:37.169+0000] {processor.py:840} INFO - DAG(s) 'amazon_sql_transformation_scheduler' retrieved from /opt/airflow/dags/amazon_sql_scheduler_dag.py
[2026-01-07T17:10:37.206+0000] {logging_mixin.py:188} INFO - [2026-01-07T17:10:37.206+0000] {dag.py:3047} INFO - Sync 1 DAGs
[2026-01-07T17:10:37.223+0000] {logging_mixin.py:188} INFO - [2026-01-07T17:10:37.223+0000] {dag.py:3834} INFO - Setting next_dagrun for amazon_sql_transformation_scheduler to None, run_after=None
[2026-01-07T17:10:37.251+0000] {processor.py:183} INFO - Processing /opt/airflow/dags/amazon_sql_scheduler_dag.py took 0.196 seconds
[2026-01-07T17:11:07.996+0000] {processor.py:161} INFO - Started process (PID=282) to work on /opt/airflow/dags/amazon_sql_scheduler_dag.py
[2026-01-07T17:11:07.997+0000] {processor.py:830} INFO - Processing file /opt/airflow/dags/amazon_sql_scheduler_dag.py for tasks to queue
[2026-01-07T17:11:07.998+0000] {logging_mixin.py:188} INFO - [2026-01-07T17:11:07.997+0000] {dagbag.py:540} INFO - Filling up the DagBag from /opt/airflow/dags/amazon_sql_scheduler_dag.py
[2026-01-07T17:11:08.101+0000] {processor.py:840} INFO - DAG(s) 'amazon_sql_transformation_scheduler' retrieved from /opt/airflow/dags/amazon_sql_scheduler_dag.py
[2026-01-07T17:11:08.128+0000] {logging_mixin.py:188} INFO - [2026-01-07T17:11:08.128+0000] {dag.py:3047} INFO - Sync 1 DAGs
[2026-01-07T17:11:08.141+0000] {logging_mixin.py:188} INFO - [2026-01-07T17:11:08.141+0000] {dag.py:3834} INFO - Setting next_dagrun for amazon_sql_transformation_scheduler to None, run_after=None
[2026-01-07T17:11:08.162+0000] {processor.py:183} INFO - Processing /opt/airflow/dags/amazon_sql_scheduler_dag.py took 0.170 seconds
[2026-01-07T17:11:38.881+0000] {processor.py:161} INFO - Started process (PID=304) to work on /opt/airflow/dags/amazon_sql_scheduler_dag.py
[2026-01-07T17:11:38.882+0000] {processor.py:830} INFO - Processing file /opt/airflow/dags/amazon_sql_scheduler_dag.py for tasks to queue
[2026-01-07T17:11:38.883+0000] {logging_mixin.py:188} INFO - [2026-01-07T17:11:38.883+0000] {dagbag.py:540} INFO - Filling up the DagBag from /opt/airflow/dags/amazon_sql_scheduler_dag.py
[2026-01-07T17:11:38.976+0000] {processor.py:840} INFO - DAG(s) 'amazon_sql_transformation_scheduler' retrieved from /opt/airflow/dags/amazon_sql_scheduler_dag.py
[2026-01-07T17:11:39.006+0000] {logging_mixin.py:188} INFO - [2026-01-07T17:11:39.005+0000] {dag.py:3047} INFO - Sync 1 DAGs
[2026-01-07T17:11:39.018+0000] {logging_mixin.py:188} INFO - [2026-01-07T17:11:39.018+0000] {dag.py:3834} INFO - Setting next_dagrun for amazon_sql_transformation_scheduler to None, run_after=None
[2026-01-07T17:11:39.036+0000] {processor.py:183} INFO - Processing /opt/airflow/dags/amazon_sql_scheduler_dag.py took 0.158 seconds
[2026-01-07T17:12:09.959+0000] {processor.py:161} INFO - Started process (PID=326) to work on /opt/airflow/dags/amazon_sql_scheduler_dag.py
[2026-01-07T17:12:09.960+0000] {processor.py:830} INFO - Processing file /opt/airflow/dags/amazon_sql_scheduler_dag.py for tasks to queue
[2026-01-07T17:12:09.961+0000] {logging_mixin.py:188} INFO - [2026-01-07T17:12:09.961+0000] {dagbag.py:540} INFO - Filling up the DagBag from /opt/airflow/dags/amazon_sql_scheduler_dag.py
[2026-01-07T17:12:10.060+0000] {processor.py:840} INFO - DAG(s) 'amazon_sql_transformation_scheduler' retrieved from /opt/airflow/dags/amazon_sql_scheduler_dag.py
[2026-01-07T17:12:10.090+0000] {logging_mixin.py:188} INFO - [2026-01-07T17:12:10.090+0000] {dag.py:3047} INFO - Sync 1 DAGs
[2026-01-07T17:12:10.103+0000] {logging_mixin.py:188} INFO - [2026-01-07T17:12:10.103+0000] {dag.py:3834} INFO - Setting next_dagrun for amazon_sql_transformation_scheduler to None, run_after=None
[2026-01-07T17:12:10.122+0000] {processor.py:183} INFO - Processing /opt/airflow/dags/amazon_sql_scheduler_dag.py took 0.167 seconds
[2026-01-07T17:12:40.843+0000] {processor.py:161} INFO - Started process (PID=348) to work on /opt/airflow/dags/amazon_sql_scheduler_dag.py
[2026-01-07T17:12:40.844+0000] {processor.py:830} INFO - Processing file /opt/airflow/dags/amazon_sql_scheduler_dag.py for tasks to queue
[2026-01-07T17:12:40.845+0000] {logging_mixin.py:188} INFO - [2026-01-07T17:12:40.845+0000] {dagbag.py:540} INFO - Filling up the DagBag from /opt/airflow/dags/amazon_sql_scheduler_dag.py
[2026-01-07T17:12:40.964+0000] {processor.py:840} INFO - DAG(s) 'amazon_sql_transformation_scheduler' retrieved from /opt/airflow/dags/amazon_sql_scheduler_dag.py
[2026-01-07T17:12:40.994+0000] {logging_mixin.py:188} INFO - [2026-01-07T17:12:40.994+0000] {dag.py:3047} INFO - Sync 1 DAGs
[2026-01-07T17:12:41.007+0000] {logging_mixin.py:188} INFO - [2026-01-07T17:12:41.006+0000] {dag.py:3834} INFO - Setting next_dagrun for amazon_sql_transformation_scheduler to None, run_after=None
[2026-01-07T17:12:41.026+0000] {processor.py:183} INFO - Processing /opt/airflow/dags/amazon_sql_scheduler_dag.py took 0.187 seconds
[2026-01-07T17:13:11.758+0000] {processor.py:161} INFO - Started process (PID=370) to work on /opt/airflow/dags/amazon_sql_scheduler_dag.py
[2026-01-07T17:13:11.759+0000] {processor.py:830} INFO - Processing file /opt/airflow/dags/amazon_sql_scheduler_dag.py for tasks to queue
[2026-01-07T17:13:11.761+0000] {logging_mixin.py:188} INFO - [2026-01-07T17:13:11.761+0000] {dagbag.py:540} INFO - Filling up the DagBag from /opt/airflow/dags/amazon_sql_scheduler_dag.py
[2026-01-07T17:13:11.856+0000] {processor.py:840} INFO - DAG(s) 'amazon_sql_transformation_scheduler' retrieved from /opt/airflow/dags/amazon_sql_scheduler_dag.py
[2026-01-07T17:13:11.885+0000] {logging_mixin.py:188} INFO - [2026-01-07T17:13:11.884+0000] {dag.py:3047} INFO - Sync 1 DAGs
[2026-01-07T17:13:11.897+0000] {logging_mixin.py:188} INFO - [2026-01-07T17:13:11.897+0000] {dag.py:3834} INFO - Setting next_dagrun for amazon_sql_transformation_scheduler to None, run_after=None
[2026-01-07T17:13:11.916+0000] {processor.py:183} INFO - Processing /opt/airflow/dags/amazon_sql_scheduler_dag.py took 0.161 seconds
[2026-01-07T17:13:42.648+0000] {processor.py:161} INFO - Started process (PID=392) to work on /opt/airflow/dags/amazon_sql_scheduler_dag.py
[2026-01-07T17:13:42.649+0000] {processor.py:830} INFO - Processing file /opt/airflow/dags/amazon_sql_scheduler_dag.py for tasks to queue
[2026-01-07T17:13:42.650+0000] {logging_mixin.py:188} INFO - [2026-01-07T17:13:42.650+0000] {dagbag.py:540} INFO - Filling up the DagBag from /opt/airflow/dags/amazon_sql_scheduler_dag.py
[2026-01-07T17:13:42.758+0000] {processor.py:840} INFO - DAG(s) 'amazon_sql_transformation_scheduler' retrieved from /opt/airflow/dags/amazon_sql_scheduler_dag.py
[2026-01-07T17:13:42.788+0000] {logging_mixin.py:188} INFO - [2026-01-07T17:13:42.788+0000] {dag.py:3047} INFO - Sync 1 DAGs
[2026-01-07T17:13:42.801+0000] {logging_mixin.py:188} INFO - [2026-01-07T17:13:42.801+0000] {dag.py:3834} INFO - Setting next_dagrun for amazon_sql_transformation_scheduler to None, run_after=None
[2026-01-07T17:13:42.820+0000] {processor.py:183} INFO - Processing /opt/airflow/dags/amazon_sql_scheduler_dag.py took 0.176 seconds
[2026-01-07T17:14:13.538+0000] {processor.py:161} INFO - Started process (PID=414) to work on /opt/airflow/dags/amazon_sql_scheduler_dag.py
[2026-01-07T17:14:13.539+0000] {processor.py:830} INFO - Processing file /opt/airflow/dags/amazon_sql_scheduler_dag.py for tasks to queue
[2026-01-07T17:14:13.540+0000] {logging_mixin.py:188} INFO - [2026-01-07T17:14:13.540+0000] {dagbag.py:540} INFO - Filling up the DagBag from /opt/airflow/dags/amazon_sql_scheduler_dag.py
[2026-01-07T17:14:13.643+0000] {processor.py:840} INFO - DAG(s) 'amazon_sql_transformation_scheduler' retrieved from /opt/airflow/dags/amazon_sql_scheduler_dag.py
[2026-01-07T17:14:13.672+0000] {logging_mixin.py:188} INFO - [2026-01-07T17:14:13.671+0000] {dag.py:3047} INFO - Sync 1 DAGs
[2026-01-07T17:14:13.685+0000] {logging_mixin.py:188} INFO - [2026-01-07T17:14:13.685+0000] {dag.py:3834} INFO - Setting next_dagrun for amazon_sql_transformation_scheduler to None, run_after=None
[2026-01-07T17:14:13.722+0000] {processor.py:183} INFO - Processing /opt/airflow/dags/amazon_sql_scheduler_dag.py took 0.187 seconds
[2026-01-07T17:14:44.345+0000] {processor.py:161} INFO - Started process (PID=436) to work on /opt/airflow/dags/amazon_sql_scheduler_dag.py
[2026-01-07T17:14:44.346+0000] {processor.py:830} INFO - Processing file /opt/airflow/dags/amazon_sql_scheduler_dag.py for tasks to queue
[2026-01-07T17:14:44.347+0000] {logging_mixin.py:188} INFO - [2026-01-07T17:14:44.347+0000] {dagbag.py:540} INFO - Filling up the DagBag from /opt/airflow/dags/amazon_sql_scheduler_dag.py
[2026-01-07T17:14:44.443+0000] {processor.py:840} INFO - DAG(s) 'amazon_sql_transformation_scheduler' retrieved from /opt/airflow/dags/amazon_sql_scheduler_dag.py
[2026-01-07T17:14:44.473+0000] {logging_mixin.py:188} INFO - [2026-01-07T17:14:44.472+0000] {dag.py:3047} INFO - Sync 1 DAGs
[2026-01-07T17:14:44.485+0000] {logging_mixin.py:188} INFO - [2026-01-07T17:14:44.485+0000] {dag.py:3834} INFO - Setting next_dagrun for amazon_sql_transformation_scheduler to None, run_after=None
[2026-01-07T17:14:44.523+0000] {processor.py:183} INFO - Processing /opt/airflow/dags/amazon_sql_scheduler_dag.py took 0.182 seconds
[2026-01-07T17:15:15.181+0000] {processor.py:161} INFO - Started process (PID=458) to work on /opt/airflow/dags/amazon_sql_scheduler_dag.py
[2026-01-07T17:15:15.182+0000] {processor.py:830} INFO - Processing file /opt/airflow/dags/amazon_sql_scheduler_dag.py for tasks to queue
[2026-01-07T17:15:15.183+0000] {logging_mixin.py:188} INFO - [2026-01-07T17:15:15.183+0000] {dagbag.py:540} INFO - Filling up the DagBag from /opt/airflow/dags/amazon_sql_scheduler_dag.py
[2026-01-07T17:15:15.288+0000] {processor.py:840} INFO - DAG(s) 'amazon_sql_transformation_scheduler' retrieved from /opt/airflow/dags/amazon_sql_scheduler_dag.py
[2026-01-07T17:15:15.318+0000] {logging_mixin.py:188} INFO - [2026-01-07T17:15:15.318+0000] {dag.py:3047} INFO - Sync 1 DAGs
[2026-01-07T17:15:15.332+0000] {logging_mixin.py:188} INFO - [2026-01-07T17:15:15.331+0000] {dag.py:3834} INFO - Setting next_dagrun for amazon_sql_transformation_scheduler to None, run_after=None
[2026-01-07T17:15:15.369+0000] {processor.py:183} INFO - Processing /opt/airflow/dags/amazon_sql_scheduler_dag.py took 0.192 seconds
[2026-01-07T17:15:46.177+0000] {processor.py:161} INFO - Started process (PID=480) to work on /opt/airflow/dags/amazon_sql_scheduler_dag.py
[2026-01-07T17:15:46.178+0000] {processor.py:830} INFO - Processing file /opt/airflow/dags/amazon_sql_scheduler_dag.py for tasks to queue
[2026-01-07T17:15:46.179+0000] {logging_mixin.py:188} INFO - [2026-01-07T17:15:46.179+0000] {dagbag.py:540} INFO - Filling up the DagBag from /opt/airflow/dags/amazon_sql_scheduler_dag.py
[2026-01-07T17:15:46.273+0000] {processor.py:840} INFO - DAG(s) 'amazon_sql_transformation_scheduler' retrieved from /opt/airflow/dags/amazon_sql_scheduler_dag.py
[2026-01-07T17:15:46.301+0000] {logging_mixin.py:188} INFO - [2026-01-07T17:15:46.301+0000] {dag.py:3047} INFO - Sync 1 DAGs
[2026-01-07T17:15:46.314+0000] {logging_mixin.py:188} INFO - [2026-01-07T17:15:46.314+0000] {dag.py:3834} INFO - Setting next_dagrun for amazon_sql_transformation_scheduler to None, run_after=None
[2026-01-07T17:15:46.335+0000] {processor.py:183} INFO - Processing /opt/airflow/dags/amazon_sql_scheduler_dag.py took 0.161 seconds
[2026-01-07T17:16:17.082+0000] {processor.py:161} INFO - Started process (PID=502) to work on /opt/airflow/dags/amazon_sql_scheduler_dag.py
[2026-01-07T17:16:17.083+0000] {processor.py:830} INFO - Processing file /opt/airflow/dags/amazon_sql_scheduler_dag.py for tasks to queue
[2026-01-07T17:16:17.084+0000] {logging_mixin.py:188} INFO - [2026-01-07T17:16:17.084+0000] {dagbag.py:540} INFO - Filling up the DagBag from /opt/airflow/dags/amazon_sql_scheduler_dag.py
[2026-01-07T17:16:17.178+0000] {processor.py:840} INFO - DAG(s) 'amazon_sql_transformation_scheduler' retrieved from /opt/airflow/dags/amazon_sql_scheduler_dag.py
[2026-01-07T17:16:17.207+0000] {logging_mixin.py:188} INFO - [2026-01-07T17:16:17.206+0000] {dag.py:3047} INFO - Sync 1 DAGs
[2026-01-07T17:16:17.219+0000] {logging_mixin.py:188} INFO - [2026-01-07T17:16:17.219+0000] {dag.py:3834} INFO - Setting next_dagrun for amazon_sql_transformation_scheduler to None, run_after=None
[2026-01-07T17:16:17.258+0000] {processor.py:183} INFO - Processing /opt/airflow/dags/amazon_sql_scheduler_dag.py took 0.180 seconds
[2026-01-07T17:16:47.929+0000] {processor.py:161} INFO - Started process (PID=524) to work on /opt/airflow/dags/amazon_sql_scheduler_dag.py
[2026-01-07T17:16:47.930+0000] {processor.py:830} INFO - Processing file /opt/airflow/dags/amazon_sql_scheduler_dag.py for tasks to queue
[2026-01-07T17:16:47.931+0000] {logging_mixin.py:188} INFO - [2026-01-07T17:16:47.931+0000] {dagbag.py:540} INFO - Filling up the DagBag from /opt/airflow/dags/amazon_sql_scheduler_dag.py
[2026-01-07T17:16:48.029+0000] {processor.py:840} INFO - DAG(s) 'amazon_sql_transformation_scheduler' retrieved from /opt/airflow/dags/amazon_sql_scheduler_dag.py
[2026-01-07T17:16:48.059+0000] {logging_mixin.py:188} INFO - [2026-01-07T17:16:48.059+0000] {dag.py:3047} INFO - Sync 1 DAGs
[2026-01-07T17:16:48.073+0000] {logging_mixin.py:188} INFO - [2026-01-07T17:16:48.073+0000] {dag.py:3834} INFO - Setting next_dagrun for amazon_sql_transformation_scheduler to None, run_after=None
[2026-01-07T17:16:48.091+0000] {processor.py:183} INFO - Processing /opt/airflow/dags/amazon_sql_scheduler_dag.py took 0.166 seconds
[2026-01-07T17:17:18.773+0000] {processor.py:161} INFO - Started process (PID=546) to work on /opt/airflow/dags/amazon_sql_scheduler_dag.py
[2026-01-07T17:17:18.774+0000] {processor.py:830} INFO - Processing file /opt/airflow/dags/amazon_sql_scheduler_dag.py for tasks to queue
[2026-01-07T17:17:18.775+0000] {logging_mixin.py:188} INFO - [2026-01-07T17:17:18.775+0000] {dagbag.py:540} INFO - Filling up the DagBag from /opt/airflow/dags/amazon_sql_scheduler_dag.py
[2026-01-07T17:17:18.873+0000] {processor.py:840} INFO - DAG(s) 'amazon_sql_transformation_scheduler' retrieved from /opt/airflow/dags/amazon_sql_scheduler_dag.py
[2026-01-07T17:17:18.903+0000] {logging_mixin.py:188} INFO - [2026-01-07T17:17:18.902+0000] {dag.py:3047} INFO - Sync 1 DAGs
[2026-01-07T17:17:18.916+0000] {logging_mixin.py:188} INFO - [2026-01-07T17:17:18.916+0000] {dag.py:3834} INFO - Setting next_dagrun for amazon_sql_transformation_scheduler to None, run_after=None
[2026-01-07T17:17:18.950+0000] {processor.py:183} INFO - Processing /opt/airflow/dags/amazon_sql_scheduler_dag.py took 0.180 seconds
