[2026-01-07T16:41:57.416+0000] {processor.py:161} INFO - Started process (PID=194) to work on /opt/airflow/dags/api_pipeline_dag.py
[2026-01-07T16:41:57.419+0000] {processor.py:830} INFO - Processing file /opt/airflow/dags/api_pipeline_dag.py for tasks to queue
[2026-01-07T16:41:57.421+0000] {logging_mixin.py:188} INFO - [2026-01-07T16:41:57.420+0000] {dagbag.py:540} INFO - Filling up the DagBag from /opt/airflow/dags/api_pipeline_dag.py
[2026-01-07T16:41:59.431+0000] {processor.py:840} INFO - DAG(s) 'api_data_pipeline' retrieved from /opt/airflow/dags/api_pipeline_dag.py
[2026-01-07T16:41:59.510+0000] {logging_mixin.py:188} INFO - [2026-01-07T16:41:59.508+0000] {dag.py:3047} INFO - Sync 1 DAGs
[2026-01-07T16:41:59.537+0000] {logging_mixin.py:188} INFO - [2026-01-07T16:41:59.536+0000] {dag.py:3834} INFO - Setting next_dagrun for api_data_pipeline to None, run_after=None
[2026-01-07T16:41:59.568+0000] {processor.py:183} INFO - Processing /opt/airflow/dags/api_pipeline_dag.py took 2.160 seconds
[2026-01-07T16:42:30.142+0000] {processor.py:161} INFO - Started process (PID=221) to work on /opt/airflow/dags/api_pipeline_dag.py
[2026-01-07T16:42:30.144+0000] {processor.py:830} INFO - Processing file /opt/airflow/dags/api_pipeline_dag.py for tasks to queue
[2026-01-07T16:42:30.145+0000] {logging_mixin.py:188} INFO - [2026-01-07T16:42:30.145+0000] {dagbag.py:540} INFO - Filling up the DagBag from /opt/airflow/dags/api_pipeline_dag.py
[2026-01-07T16:42:30.739+0000] {processor.py:840} INFO - DAG(s) 'api_data_pipeline' retrieved from /opt/airflow/dags/api_pipeline_dag.py
[2026-01-07T16:42:30.784+0000] {logging_mixin.py:188} INFO - [2026-01-07T16:42:30.783+0000] {dag.py:3047} INFO - Sync 1 DAGs
[2026-01-07T16:42:30.808+0000] {logging_mixin.py:188} INFO - [2026-01-07T16:42:30.808+0000] {dag.py:3834} INFO - Setting next_dagrun for api_data_pipeline to None, run_after=None
[2026-01-07T16:42:30.844+0000] {processor.py:183} INFO - Processing /opt/airflow/dags/api_pipeline_dag.py took 0.707 seconds
[2026-01-07T16:43:01.405+0000] {processor.py:161} INFO - Started process (PID=243) to work on /opt/airflow/dags/api_pipeline_dag.py
[2026-01-07T16:43:01.406+0000] {processor.py:830} INFO - Processing file /opt/airflow/dags/api_pipeline_dag.py for tasks to queue
[2026-01-07T16:43:01.408+0000] {logging_mixin.py:188} INFO - [2026-01-07T16:43:01.407+0000] {dagbag.py:540} INFO - Filling up the DagBag from /opt/airflow/dags/api_pipeline_dag.py
[2026-01-07T16:43:01.873+0000] {processor.py:840} INFO - DAG(s) 'api_data_pipeline' retrieved from /opt/airflow/dags/api_pipeline_dag.py
[2026-01-07T16:43:01.936+0000] {logging_mixin.py:188} INFO - [2026-01-07T16:43:01.935+0000] {dag.py:3047} INFO - Sync 1 DAGs
[2026-01-07T16:43:01.957+0000] {logging_mixin.py:188} INFO - [2026-01-07T16:43:01.957+0000] {dag.py:3834} INFO - Setting next_dagrun for api_data_pipeline to None, run_after=None
[2026-01-07T16:43:01.985+0000] {processor.py:183} INFO - Processing /opt/airflow/dags/api_pipeline_dag.py took 0.584 seconds
[2026-01-07T16:43:32.415+0000] {processor.py:161} INFO - Started process (PID=265) to work on /opt/airflow/dags/api_pipeline_dag.py
[2026-01-07T16:43:32.416+0000] {processor.py:830} INFO - Processing file /opt/airflow/dags/api_pipeline_dag.py for tasks to queue
[2026-01-07T16:43:32.417+0000] {logging_mixin.py:188} INFO - [2026-01-07T16:43:32.417+0000] {dagbag.py:540} INFO - Filling up the DagBag from /opt/airflow/dags/api_pipeline_dag.py
[2026-01-07T16:43:32.833+0000] {processor.py:840} INFO - DAG(s) 'api_data_pipeline' retrieved from /opt/airflow/dags/api_pipeline_dag.py
[2026-01-07T16:43:32.870+0000] {logging_mixin.py:188} INFO - [2026-01-07T16:43:32.870+0000] {dag.py:3047} INFO - Sync 1 DAGs
[2026-01-07T16:43:32.888+0000] {logging_mixin.py:188} INFO - [2026-01-07T16:43:32.888+0000] {dag.py:3834} INFO - Setting next_dagrun for api_data_pipeline to None, run_after=None
[2026-01-07T16:43:32.932+0000] {processor.py:183} INFO - Processing /opt/airflow/dags/api_pipeline_dag.py took 0.521 seconds
[2026-01-07T16:44:03.373+0000] {processor.py:161} INFO - Started process (PID=287) to work on /opt/airflow/dags/api_pipeline_dag.py
[2026-01-07T16:44:03.374+0000] {processor.py:830} INFO - Processing file /opt/airflow/dags/api_pipeline_dag.py for tasks to queue
[2026-01-07T16:44:03.376+0000] {logging_mixin.py:188} INFO - [2026-01-07T16:44:03.375+0000] {dagbag.py:540} INFO - Filling up the DagBag from /opt/airflow/dags/api_pipeline_dag.py
[2026-01-07T16:44:03.793+0000] {processor.py:840} INFO - DAG(s) 'api_data_pipeline' retrieved from /opt/airflow/dags/api_pipeline_dag.py
[2026-01-07T16:44:03.830+0000] {logging_mixin.py:188} INFO - [2026-01-07T16:44:03.828+0000] {dag.py:3047} INFO - Sync 1 DAGs
[2026-01-07T16:44:03.846+0000] {logging_mixin.py:188} INFO - [2026-01-07T16:44:03.845+0000] {dag.py:3834} INFO - Setting next_dagrun for api_data_pipeline to None, run_after=None
[2026-01-07T16:44:03.867+0000] {processor.py:183} INFO - Processing /opt/airflow/dags/api_pipeline_dag.py took 0.498 seconds
[2026-01-07T16:44:34.285+0000] {processor.py:161} INFO - Started process (PID=309) to work on /opt/airflow/dags/api_pipeline_dag.py
[2026-01-07T16:44:34.286+0000] {processor.py:830} INFO - Processing file /opt/airflow/dags/api_pipeline_dag.py for tasks to queue
[2026-01-07T16:44:34.288+0000] {logging_mixin.py:188} INFO - [2026-01-07T16:44:34.287+0000] {dagbag.py:540} INFO - Filling up the DagBag from /opt/airflow/dags/api_pipeline_dag.py
[2026-01-07T16:44:34.696+0000] {processor.py:840} INFO - DAG(s) 'api_data_pipeline' retrieved from /opt/airflow/dags/api_pipeline_dag.py
[2026-01-07T16:44:34.733+0000] {logging_mixin.py:188} INFO - [2026-01-07T16:44:34.732+0000] {dag.py:3047} INFO - Sync 1 DAGs
[2026-01-07T16:44:34.748+0000] {logging_mixin.py:188} INFO - [2026-01-07T16:44:34.748+0000] {dag.py:3834} INFO - Setting next_dagrun for api_data_pipeline to None, run_after=None
[2026-01-07T16:44:34.792+0000] {processor.py:183} INFO - Processing /opt/airflow/dags/api_pipeline_dag.py took 0.510 seconds
[2026-01-07T16:45:05.266+0000] {processor.py:161} INFO - Started process (PID=331) to work on /opt/airflow/dags/api_pipeline_dag.py
[2026-01-07T16:45:05.268+0000] {processor.py:830} INFO - Processing file /opt/airflow/dags/api_pipeline_dag.py for tasks to queue
[2026-01-07T16:45:05.270+0000] {logging_mixin.py:188} INFO - [2026-01-07T16:45:05.269+0000] {dagbag.py:540} INFO - Filling up the DagBag from /opt/airflow/dags/api_pipeline_dag.py
[2026-01-07T16:45:05.707+0000] {processor.py:840} INFO - DAG(s) 'api_data_pipeline' retrieved from /opt/airflow/dags/api_pipeline_dag.py
[2026-01-07T16:45:05.742+0000] {logging_mixin.py:188} INFO - [2026-01-07T16:45:05.741+0000] {dag.py:3047} INFO - Sync 1 DAGs
[2026-01-07T16:45:05.756+0000] {logging_mixin.py:188} INFO - [2026-01-07T16:45:05.756+0000] {dag.py:3834} INFO - Setting next_dagrun for api_data_pipeline to None, run_after=None
[2026-01-07T16:45:05.794+0000] {processor.py:183} INFO - Processing /opt/airflow/dags/api_pipeline_dag.py took 0.535 seconds
[2026-01-07T16:45:36.232+0000] {processor.py:161} INFO - Started process (PID=353) to work on /opt/airflow/dags/api_pipeline_dag.py
[2026-01-07T16:45:36.233+0000] {processor.py:830} INFO - Processing file /opt/airflow/dags/api_pipeline_dag.py for tasks to queue
[2026-01-07T16:45:36.234+0000] {logging_mixin.py:188} INFO - [2026-01-07T16:45:36.234+0000] {dagbag.py:540} INFO - Filling up the DagBag from /opt/airflow/dags/api_pipeline_dag.py
[2026-01-07T16:45:36.651+0000] {processor.py:840} INFO - DAG(s) 'api_data_pipeline' retrieved from /opt/airflow/dags/api_pipeline_dag.py
[2026-01-07T16:45:36.687+0000] {logging_mixin.py:188} INFO - [2026-01-07T16:45:36.686+0000] {dag.py:3047} INFO - Sync 1 DAGs
[2026-01-07T16:45:36.708+0000] {logging_mixin.py:188} INFO - [2026-01-07T16:45:36.707+0000] {dag.py:3834} INFO - Setting next_dagrun for api_data_pipeline to None, run_after=None
[2026-01-07T16:45:36.737+0000] {processor.py:183} INFO - Processing /opt/airflow/dags/api_pipeline_dag.py took 0.509 seconds
[2026-01-07T16:46:07.232+0000] {processor.py:161} INFO - Started process (PID=375) to work on /opt/airflow/dags/api_pipeline_dag.py
[2026-01-07T16:46:07.234+0000] {processor.py:830} INFO - Processing file /opt/airflow/dags/api_pipeline_dag.py for tasks to queue
[2026-01-07T16:46:07.235+0000] {logging_mixin.py:188} INFO - [2026-01-07T16:46:07.234+0000] {dagbag.py:540} INFO - Filling up the DagBag from /opt/airflow/dags/api_pipeline_dag.py
[2026-01-07T16:46:07.661+0000] {processor.py:840} INFO - DAG(s) 'api_data_pipeline' retrieved from /opt/airflow/dags/api_pipeline_dag.py
[2026-01-07T16:46:07.699+0000] {logging_mixin.py:188} INFO - [2026-01-07T16:46:07.698+0000] {dag.py:3047} INFO - Sync 1 DAGs
[2026-01-07T16:46:07.714+0000] {logging_mixin.py:188} INFO - [2026-01-07T16:46:07.714+0000] {dag.py:3834} INFO - Setting next_dagrun for api_data_pipeline to None, run_after=None
[2026-01-07T16:46:07.737+0000] {processor.py:183} INFO - Processing /opt/airflow/dags/api_pipeline_dag.py took 0.511 seconds
[2026-01-07T16:46:38.158+0000] {processor.py:161} INFO - Started process (PID=397) to work on /opt/airflow/dags/api_pipeline_dag.py
[2026-01-07T16:46:38.160+0000] {processor.py:830} INFO - Processing file /opt/airflow/dags/api_pipeline_dag.py for tasks to queue
[2026-01-07T16:46:38.162+0000] {logging_mixin.py:188} INFO - [2026-01-07T16:46:38.161+0000] {dagbag.py:540} INFO - Filling up the DagBag from /opt/airflow/dags/api_pipeline_dag.py
[2026-01-07T16:46:38.601+0000] {processor.py:840} INFO - DAG(s) 'api_data_pipeline' retrieved from /opt/airflow/dags/api_pipeline_dag.py
[2026-01-07T16:46:38.704+0000] {logging_mixin.py:188} INFO - [2026-01-07T16:46:38.702+0000] {dag.py:3047} INFO - Sync 1 DAGs
[2026-01-07T16:46:38.726+0000] {logging_mixin.py:188} INFO - [2026-01-07T16:46:38.726+0000] {dag.py:3834} INFO - Setting next_dagrun for api_data_pipeline to None, run_after=None
[2026-01-07T16:46:38.756+0000] {processor.py:183} INFO - Processing /opt/airflow/dags/api_pipeline_dag.py took 0.602 seconds
[2026-01-07T16:47:09.218+0000] {processor.py:161} INFO - Started process (PID=419) to work on /opt/airflow/dags/api_pipeline_dag.py
[2026-01-07T16:47:09.220+0000] {processor.py:830} INFO - Processing file /opt/airflow/dags/api_pipeline_dag.py for tasks to queue
[2026-01-07T16:47:09.221+0000] {logging_mixin.py:188} INFO - [2026-01-07T16:47:09.221+0000] {dagbag.py:540} INFO - Filling up the DagBag from /opt/airflow/dags/api_pipeline_dag.py
[2026-01-07T16:47:09.640+0000] {processor.py:840} INFO - DAG(s) 'api_data_pipeline' retrieved from /opt/airflow/dags/api_pipeline_dag.py
[2026-01-07T16:47:09.678+0000] {logging_mixin.py:188} INFO - [2026-01-07T16:47:09.677+0000] {dag.py:3047} INFO - Sync 1 DAGs
[2026-01-07T16:47:09.695+0000] {logging_mixin.py:188} INFO - [2026-01-07T16:47:09.694+0000] {dag.py:3834} INFO - Setting next_dagrun for api_data_pipeline to None, run_after=None
[2026-01-07T16:47:09.739+0000] {processor.py:183} INFO - Processing /opt/airflow/dags/api_pipeline_dag.py took 0.527 seconds
[2026-01-07T16:47:40.194+0000] {processor.py:161} INFO - Started process (PID=441) to work on /opt/airflow/dags/api_pipeline_dag.py
[2026-01-07T16:47:40.195+0000] {processor.py:830} INFO - Processing file /opt/airflow/dags/api_pipeline_dag.py for tasks to queue
[2026-01-07T16:47:40.196+0000] {logging_mixin.py:188} INFO - [2026-01-07T16:47:40.196+0000] {dagbag.py:540} INFO - Filling up the DagBag from /opt/airflow/dags/api_pipeline_dag.py
[2026-01-07T16:47:40.609+0000] {processor.py:840} INFO - DAG(s) 'api_data_pipeline' retrieved from /opt/airflow/dags/api_pipeline_dag.py
[2026-01-07T16:47:40.644+0000] {logging_mixin.py:188} INFO - [2026-01-07T16:47:40.643+0000] {dag.py:3047} INFO - Sync 1 DAGs
[2026-01-07T16:47:40.657+0000] {logging_mixin.py:188} INFO - [2026-01-07T16:47:40.656+0000] {dag.py:3834} INFO - Setting next_dagrun for api_data_pipeline to None, run_after=None
[2026-01-07T16:47:40.678+0000] {processor.py:183} INFO - Processing /opt/airflow/dags/api_pipeline_dag.py took 0.488 seconds
[2026-01-07T16:48:11.095+0000] {processor.py:161} INFO - Started process (PID=463) to work on /opt/airflow/dags/api_pipeline_dag.py
[2026-01-07T16:48:11.096+0000] {processor.py:830} INFO - Processing file /opt/airflow/dags/api_pipeline_dag.py for tasks to queue
[2026-01-07T16:48:11.097+0000] {logging_mixin.py:188} INFO - [2026-01-07T16:48:11.097+0000] {dagbag.py:540} INFO - Filling up the DagBag from /opt/airflow/dags/api_pipeline_dag.py
[2026-01-07T16:48:11.524+0000] {processor.py:840} INFO - DAG(s) 'api_data_pipeline' retrieved from /opt/airflow/dags/api_pipeline_dag.py
[2026-01-07T16:48:11.563+0000] {logging_mixin.py:188} INFO - [2026-01-07T16:48:11.563+0000] {dag.py:3047} INFO - Sync 1 DAGs
[2026-01-07T16:48:11.580+0000] {logging_mixin.py:188} INFO - [2026-01-07T16:48:11.579+0000] {dag.py:3834} INFO - Setting next_dagrun for api_data_pipeline to None, run_after=None
[2026-01-07T16:48:11.605+0000] {processor.py:183} INFO - Processing /opt/airflow/dags/api_pipeline_dag.py took 0.514 seconds
[2026-01-07T16:48:42.128+0000] {processor.py:161} INFO - Started process (PID=485) to work on /opt/airflow/dags/api_pipeline_dag.py
[2026-01-07T16:48:42.129+0000] {processor.py:830} INFO - Processing file /opt/airflow/dags/api_pipeline_dag.py for tasks to queue
[2026-01-07T16:48:42.131+0000] {logging_mixin.py:188} INFO - [2026-01-07T16:48:42.131+0000] {dagbag.py:540} INFO - Filling up the DagBag from /opt/airflow/dags/api_pipeline_dag.py
[2026-01-07T16:48:42.534+0000] {processor.py:840} INFO - DAG(s) 'api_data_pipeline' retrieved from /opt/airflow/dags/api_pipeline_dag.py
[2026-01-07T16:48:42.568+0000] {logging_mixin.py:188} INFO - [2026-01-07T16:48:42.567+0000] {dag.py:3047} INFO - Sync 1 DAGs
[2026-01-07T16:48:42.582+0000] {logging_mixin.py:188} INFO - [2026-01-07T16:48:42.581+0000] {dag.py:3834} INFO - Setting next_dagrun for api_data_pipeline to None, run_after=None
[2026-01-07T16:48:42.623+0000] {processor.py:183} INFO - Processing /opt/airflow/dags/api_pipeline_dag.py took 0.498 seconds
[2026-01-07T16:49:13.049+0000] {processor.py:161} INFO - Started process (PID=507) to work on /opt/airflow/dags/api_pipeline_dag.py
[2026-01-07T16:49:13.050+0000] {processor.py:830} INFO - Processing file /opt/airflow/dags/api_pipeline_dag.py for tasks to queue
[2026-01-07T16:49:13.052+0000] {logging_mixin.py:188} INFO - [2026-01-07T16:49:13.051+0000] {dagbag.py:540} INFO - Filling up the DagBag from /opt/airflow/dags/api_pipeline_dag.py
[2026-01-07T16:49:13.450+0000] {processor.py:840} INFO - DAG(s) 'api_data_pipeline' retrieved from /opt/airflow/dags/api_pipeline_dag.py
[2026-01-07T16:49:13.488+0000] {logging_mixin.py:188} INFO - [2026-01-07T16:49:13.487+0000] {dag.py:3047} INFO - Sync 1 DAGs
[2026-01-07T16:49:13.504+0000] {logging_mixin.py:188} INFO - [2026-01-07T16:49:13.504+0000] {dag.py:3834} INFO - Setting next_dagrun for api_data_pipeline to None, run_after=None
[2026-01-07T16:49:13.527+0000] {processor.py:183} INFO - Processing /opt/airflow/dags/api_pipeline_dag.py took 0.481 seconds
[2026-01-07T16:49:43.957+0000] {processor.py:161} INFO - Started process (PID=529) to work on /opt/airflow/dags/api_pipeline_dag.py
[2026-01-07T16:49:43.958+0000] {processor.py:830} INFO - Processing file /opt/airflow/dags/api_pipeline_dag.py for tasks to queue
[2026-01-07T16:49:43.960+0000] {logging_mixin.py:188} INFO - [2026-01-07T16:49:43.959+0000] {dagbag.py:540} INFO - Filling up the DagBag from /opt/airflow/dags/api_pipeline_dag.py
[2026-01-07T16:49:44.378+0000] {processor.py:840} INFO - DAG(s) 'api_data_pipeline' retrieved from /opt/airflow/dags/api_pipeline_dag.py
[2026-01-07T16:49:44.414+0000] {logging_mixin.py:188} INFO - [2026-01-07T16:49:44.411+0000] {dag.py:3047} INFO - Sync 1 DAGs
[2026-01-07T16:49:44.427+0000] {logging_mixin.py:188} INFO - [2026-01-07T16:49:44.427+0000] {dag.py:3834} INFO - Setting next_dagrun for api_data_pipeline to None, run_after=None
[2026-01-07T16:49:44.448+0000] {processor.py:183} INFO - Processing /opt/airflow/dags/api_pipeline_dag.py took 0.495 seconds
[2026-01-07T16:50:14.845+0000] {processor.py:161} INFO - Started process (PID=551) to work on /opt/airflow/dags/api_pipeline_dag.py
[2026-01-07T16:50:14.847+0000] {processor.py:830} INFO - Processing file /opt/airflow/dags/api_pipeline_dag.py for tasks to queue
[2026-01-07T16:50:14.848+0000] {logging_mixin.py:188} INFO - [2026-01-07T16:50:14.847+0000] {dagbag.py:540} INFO - Filling up the DagBag from /opt/airflow/dags/api_pipeline_dag.py
[2026-01-07T16:50:15.229+0000] {processor.py:840} INFO - DAG(s) 'api_data_pipeline' retrieved from /opt/airflow/dags/api_pipeline_dag.py
[2026-01-07T16:50:15.264+0000] {logging_mixin.py:188} INFO - [2026-01-07T16:50:15.263+0000] {dag.py:3047} INFO - Sync 1 DAGs
[2026-01-07T16:50:15.279+0000] {logging_mixin.py:188} INFO - [2026-01-07T16:50:15.278+0000] {dag.py:3834} INFO - Setting next_dagrun for api_data_pipeline to None, run_after=None
[2026-01-07T16:50:15.304+0000] {processor.py:183} INFO - Processing /opt/airflow/dags/api_pipeline_dag.py took 0.462 seconds
[2026-01-07T16:50:45.717+0000] {processor.py:161} INFO - Started process (PID=573) to work on /opt/airflow/dags/api_pipeline_dag.py
[2026-01-07T16:50:45.718+0000] {processor.py:830} INFO - Processing file /opt/airflow/dags/api_pipeline_dag.py for tasks to queue
[2026-01-07T16:50:45.719+0000] {logging_mixin.py:188} INFO - [2026-01-07T16:50:45.719+0000] {dagbag.py:540} INFO - Filling up the DagBag from /opt/airflow/dags/api_pipeline_dag.py
[2026-01-07T16:50:46.139+0000] {processor.py:840} INFO - DAG(s) 'api_data_pipeline' retrieved from /opt/airflow/dags/api_pipeline_dag.py
[2026-01-07T16:50:46.181+0000] {logging_mixin.py:188} INFO - [2026-01-07T16:50:46.180+0000] {dag.py:3047} INFO - Sync 1 DAGs
[2026-01-07T16:50:46.197+0000] {logging_mixin.py:188} INFO - [2026-01-07T16:50:46.197+0000] {dag.py:3834} INFO - Setting next_dagrun for api_data_pipeline to None, run_after=None
[2026-01-07T16:50:46.228+0000] {processor.py:183} INFO - Processing /opt/airflow/dags/api_pipeline_dag.py took 0.517 seconds
[2026-01-07T16:51:16.672+0000] {processor.py:161} INFO - Started process (PID=595) to work on /opt/airflow/dags/api_pipeline_dag.py
[2026-01-07T16:51:16.674+0000] {processor.py:830} INFO - Processing file /opt/airflow/dags/api_pipeline_dag.py for tasks to queue
[2026-01-07T16:51:16.676+0000] {logging_mixin.py:188} INFO - [2026-01-07T16:51:16.675+0000] {dagbag.py:540} INFO - Filling up the DagBag from /opt/airflow/dags/api_pipeline_dag.py
[2026-01-07T16:51:17.230+0000] {processor.py:840} INFO - DAG(s) 'api_data_pipeline' retrieved from /opt/airflow/dags/api_pipeline_dag.py
[2026-01-07T16:51:17.277+0000] {logging_mixin.py:188} INFO - [2026-01-07T16:51:17.276+0000] {dag.py:3047} INFO - Sync 1 DAGs
[2026-01-07T16:51:17.298+0000] {logging_mixin.py:188} INFO - [2026-01-07T16:51:17.297+0000] {dag.py:3834} INFO - Setting next_dagrun for api_data_pipeline to None, run_after=None
[2026-01-07T16:51:17.332+0000] {processor.py:183} INFO - Processing /opt/airflow/dags/api_pipeline_dag.py took 0.665 seconds
[2026-01-07T16:51:47.848+0000] {processor.py:161} INFO - Started process (PID=617) to work on /opt/airflow/dags/api_pipeline_dag.py
[2026-01-07T16:51:47.849+0000] {processor.py:830} INFO - Processing file /opt/airflow/dags/api_pipeline_dag.py for tasks to queue
[2026-01-07T16:51:47.850+0000] {logging_mixin.py:188} INFO - [2026-01-07T16:51:47.850+0000] {dagbag.py:540} INFO - Filling up the DagBag from /opt/airflow/dags/api_pipeline_dag.py
[2026-01-07T16:51:48.268+0000] {processor.py:840} INFO - DAG(s) 'api_data_pipeline' retrieved from /opt/airflow/dags/api_pipeline_dag.py
[2026-01-07T16:51:48.302+0000] {logging_mixin.py:188} INFO - [2026-01-07T16:51:48.301+0000] {dag.py:3047} INFO - Sync 1 DAGs
[2026-01-07T16:51:48.317+0000] {logging_mixin.py:188} INFO - [2026-01-07T16:51:48.316+0000] {dag.py:3834} INFO - Setting next_dagrun for api_data_pipeline to None, run_after=None
[2026-01-07T16:51:48.341+0000] {processor.py:183} INFO - Processing /opt/airflow/dags/api_pipeline_dag.py took 0.498 seconds
[2026-01-07T16:52:18.781+0000] {processor.py:161} INFO - Started process (PID=639) to work on /opt/airflow/dags/api_pipeline_dag.py
[2026-01-07T16:52:18.782+0000] {processor.py:830} INFO - Processing file /opt/airflow/dags/api_pipeline_dag.py for tasks to queue
[2026-01-07T16:52:18.783+0000] {logging_mixin.py:188} INFO - [2026-01-07T16:52:18.783+0000] {dagbag.py:540} INFO - Filling up the DagBag from /opt/airflow/dags/api_pipeline_dag.py
[2026-01-07T16:52:19.193+0000] {processor.py:840} INFO - DAG(s) 'api_data_pipeline' retrieved from /opt/airflow/dags/api_pipeline_dag.py
[2026-01-07T16:52:19.229+0000] {logging_mixin.py:188} INFO - [2026-01-07T16:52:19.229+0000] {dag.py:3047} INFO - Sync 1 DAGs
[2026-01-07T16:52:19.248+0000] {logging_mixin.py:188} INFO - [2026-01-07T16:52:19.248+0000] {dag.py:3834} INFO - Setting next_dagrun for api_data_pipeline to None, run_after=None
[2026-01-07T16:52:19.275+0000] {processor.py:183} INFO - Processing /opt/airflow/dags/api_pipeline_dag.py took 0.498 seconds
[2026-01-07T16:52:49.713+0000] {processor.py:161} INFO - Started process (PID=661) to work on /opt/airflow/dags/api_pipeline_dag.py
[2026-01-07T16:52:49.714+0000] {processor.py:830} INFO - Processing file /opt/airflow/dags/api_pipeline_dag.py for tasks to queue
[2026-01-07T16:52:49.715+0000] {logging_mixin.py:188} INFO - [2026-01-07T16:52:49.715+0000] {dagbag.py:540} INFO - Filling up the DagBag from /opt/airflow/dags/api_pipeline_dag.py
[2026-01-07T16:52:50.124+0000] {processor.py:840} INFO - DAG(s) 'api_data_pipeline' retrieved from /opt/airflow/dags/api_pipeline_dag.py
[2026-01-07T16:52:50.163+0000] {logging_mixin.py:188} INFO - [2026-01-07T16:52:50.162+0000] {dag.py:3047} INFO - Sync 1 DAGs
[2026-01-07T16:52:50.178+0000] {logging_mixin.py:188} INFO - [2026-01-07T16:52:50.177+0000] {dag.py:3834} INFO - Setting next_dagrun for api_data_pipeline to None, run_after=None
[2026-01-07T16:52:50.199+0000] {processor.py:183} INFO - Processing /opt/airflow/dags/api_pipeline_dag.py took 0.490 seconds
[2026-01-07T16:53:20.623+0000] {processor.py:161} INFO - Started process (PID=683) to work on /opt/airflow/dags/api_pipeline_dag.py
[2026-01-07T16:53:20.624+0000] {processor.py:830} INFO - Processing file /opt/airflow/dags/api_pipeline_dag.py for tasks to queue
[2026-01-07T16:53:20.625+0000] {logging_mixin.py:188} INFO - [2026-01-07T16:53:20.624+0000] {dagbag.py:540} INFO - Filling up the DagBag from /opt/airflow/dags/api_pipeline_dag.py
[2026-01-07T16:53:21.013+0000] {processor.py:840} INFO - DAG(s) 'api_data_pipeline' retrieved from /opt/airflow/dags/api_pipeline_dag.py
[2026-01-07T16:53:21.050+0000] {logging_mixin.py:188} INFO - [2026-01-07T16:53:21.049+0000] {dag.py:3047} INFO - Sync 1 DAGs
[2026-01-07T16:53:21.066+0000] {logging_mixin.py:188} INFO - [2026-01-07T16:53:21.066+0000] {dag.py:3834} INFO - Setting next_dagrun for api_data_pipeline to None, run_after=None
[2026-01-07T16:53:21.091+0000] {processor.py:183} INFO - Processing /opt/airflow/dags/api_pipeline_dag.py took 0.472 seconds
[2026-01-07T16:53:51.511+0000] {processor.py:161} INFO - Started process (PID=705) to work on /opt/airflow/dags/api_pipeline_dag.py
[2026-01-07T16:53:51.513+0000] {processor.py:830} INFO - Processing file /opt/airflow/dags/api_pipeline_dag.py for tasks to queue
[2026-01-07T16:53:51.514+0000] {logging_mixin.py:188} INFO - [2026-01-07T16:53:51.514+0000] {dagbag.py:540} INFO - Filling up the DagBag from /opt/airflow/dags/api_pipeline_dag.py
[2026-01-07T16:53:51.945+0000] {processor.py:840} INFO - DAG(s) 'api_data_pipeline' retrieved from /opt/airflow/dags/api_pipeline_dag.py
[2026-01-07T16:53:51.979+0000] {logging_mixin.py:188} INFO - [2026-01-07T16:53:51.979+0000] {dag.py:3047} INFO - Sync 1 DAGs
[2026-01-07T16:53:51.993+0000] {logging_mixin.py:188} INFO - [2026-01-07T16:53:51.993+0000] {dag.py:3834} INFO - Setting next_dagrun for api_data_pipeline to None, run_after=None
[2026-01-07T16:53:52.042+0000] {processor.py:183} INFO - Processing /opt/airflow/dags/api_pipeline_dag.py took 0.535 seconds
[2026-01-07T16:54:22.519+0000] {processor.py:161} INFO - Started process (PID=727) to work on /opt/airflow/dags/api_pipeline_dag.py
[2026-01-07T16:54:22.520+0000] {processor.py:830} INFO - Processing file /opt/airflow/dags/api_pipeline_dag.py for tasks to queue
[2026-01-07T16:54:22.521+0000] {logging_mixin.py:188} INFO - [2026-01-07T16:54:22.521+0000] {dagbag.py:540} INFO - Filling up the DagBag from /opt/airflow/dags/api_pipeline_dag.py
[2026-01-07T16:54:22.933+0000] {processor.py:840} INFO - DAG(s) 'api_data_pipeline' retrieved from /opt/airflow/dags/api_pipeline_dag.py
[2026-01-07T16:54:22.970+0000] {logging_mixin.py:188} INFO - [2026-01-07T16:54:22.969+0000] {dag.py:3047} INFO - Sync 1 DAGs
[2026-01-07T16:54:22.986+0000] {logging_mixin.py:188} INFO - [2026-01-07T16:54:22.985+0000] {dag.py:3834} INFO - Setting next_dagrun for api_data_pipeline to None, run_after=None
[2026-01-07T16:54:23.012+0000] {processor.py:183} INFO - Processing /opt/airflow/dags/api_pipeline_dag.py took 0.497 seconds
[2026-01-07T16:54:53.488+0000] {processor.py:161} INFO - Started process (PID=749) to work on /opt/airflow/dags/api_pipeline_dag.py
[2026-01-07T16:54:53.489+0000] {processor.py:830} INFO - Processing file /opt/airflow/dags/api_pipeline_dag.py for tasks to queue
[2026-01-07T16:54:53.490+0000] {logging_mixin.py:188} INFO - [2026-01-07T16:54:53.489+0000] {dagbag.py:540} INFO - Filling up the DagBag from /opt/airflow/dags/api_pipeline_dag.py
[2026-01-07T16:54:53.877+0000] {processor.py:840} INFO - DAG(s) 'api_data_pipeline' retrieved from /opt/airflow/dags/api_pipeline_dag.py
[2026-01-07T16:54:53.909+0000] {logging_mixin.py:188} INFO - [2026-01-07T16:54:53.909+0000] {dag.py:3047} INFO - Sync 1 DAGs
[2026-01-07T16:54:53.925+0000] {logging_mixin.py:188} INFO - [2026-01-07T16:54:53.924+0000] {dag.py:3834} INFO - Setting next_dagrun for api_data_pipeline to None, run_after=None
[2026-01-07T16:54:53.947+0000] {processor.py:183} INFO - Processing /opt/airflow/dags/api_pipeline_dag.py took 0.463 seconds
[2026-01-07T16:55:24.404+0000] {processor.py:161} INFO - Started process (PID=771) to work on /opt/airflow/dags/api_pipeline_dag.py
[2026-01-07T16:55:24.406+0000] {processor.py:830} INFO - Processing file /opt/airflow/dags/api_pipeline_dag.py for tasks to queue
[2026-01-07T16:55:24.407+0000] {logging_mixin.py:188} INFO - [2026-01-07T16:55:24.407+0000] {dagbag.py:540} INFO - Filling up the DagBag from /opt/airflow/dags/api_pipeline_dag.py
[2026-01-07T16:55:24.858+0000] {processor.py:840} INFO - DAG(s) 'api_data_pipeline' retrieved from /opt/airflow/dags/api_pipeline_dag.py
[2026-01-07T16:55:24.896+0000] {logging_mixin.py:188} INFO - [2026-01-07T16:55:24.894+0000] {dag.py:3047} INFO - Sync 1 DAGs
[2026-01-07T16:55:24.912+0000] {logging_mixin.py:188} INFO - [2026-01-07T16:55:24.911+0000] {dag.py:3834} INFO - Setting next_dagrun for api_data_pipeline to None, run_after=None
[2026-01-07T16:55:24.936+0000] {processor.py:183} INFO - Processing /opt/airflow/dags/api_pipeline_dag.py took 0.539 seconds
[2026-01-07T16:55:55.371+0000] {processor.py:161} INFO - Started process (PID=793) to work on /opt/airflow/dags/api_pipeline_dag.py
[2026-01-07T16:55:55.372+0000] {processor.py:830} INFO - Processing file /opt/airflow/dags/api_pipeline_dag.py for tasks to queue
[2026-01-07T16:55:55.373+0000] {logging_mixin.py:188} INFO - [2026-01-07T16:55:55.373+0000] {dagbag.py:540} INFO - Filling up the DagBag from /opt/airflow/dags/api_pipeline_dag.py
[2026-01-07T16:55:55.779+0000] {processor.py:840} INFO - DAG(s) 'api_data_pipeline' retrieved from /opt/airflow/dags/api_pipeline_dag.py
[2026-01-07T16:55:55.813+0000] {logging_mixin.py:188} INFO - [2026-01-07T16:55:55.813+0000] {dag.py:3047} INFO - Sync 1 DAGs
[2026-01-07T16:55:55.828+0000] {logging_mixin.py:188} INFO - [2026-01-07T16:55:55.828+0000] {dag.py:3834} INFO - Setting next_dagrun for api_data_pipeline to None, run_after=None
[2026-01-07T16:55:55.867+0000] {processor.py:183} INFO - Processing /opt/airflow/dags/api_pipeline_dag.py took 0.500 seconds
[2026-01-07T16:56:26.312+0000] {processor.py:161} INFO - Started process (PID=815) to work on /opt/airflow/dags/api_pipeline_dag.py
[2026-01-07T16:56:26.313+0000] {processor.py:830} INFO - Processing file /opt/airflow/dags/api_pipeline_dag.py for tasks to queue
[2026-01-07T16:56:26.315+0000] {logging_mixin.py:188} INFO - [2026-01-07T16:56:26.314+0000] {dagbag.py:540} INFO - Filling up the DagBag from /opt/airflow/dags/api_pipeline_dag.py
[2026-01-07T16:56:26.781+0000] {processor.py:840} INFO - DAG(s) 'api_data_pipeline' retrieved from /opt/airflow/dags/api_pipeline_dag.py
[2026-01-07T16:56:26.816+0000] {logging_mixin.py:188} INFO - [2026-01-07T16:56:26.815+0000] {dag.py:3047} INFO - Sync 1 DAGs
[2026-01-07T16:56:26.831+0000] {logging_mixin.py:188} INFO - [2026-01-07T16:56:26.830+0000] {dag.py:3834} INFO - Setting next_dagrun for api_data_pipeline to None, run_after=None
[2026-01-07T16:56:26.870+0000] {processor.py:183} INFO - Processing /opt/airflow/dags/api_pipeline_dag.py took 0.561 seconds
[2026-01-07T16:56:57.275+0000] {processor.py:161} INFO - Started process (PID=837) to work on /opt/airflow/dags/api_pipeline_dag.py
[2026-01-07T16:56:57.276+0000] {processor.py:830} INFO - Processing file /opt/airflow/dags/api_pipeline_dag.py for tasks to queue
[2026-01-07T16:56:57.278+0000] {logging_mixin.py:188} INFO - [2026-01-07T16:56:57.277+0000] {dagbag.py:540} INFO - Filling up the DagBag from /opt/airflow/dags/api_pipeline_dag.py
[2026-01-07T16:56:57.712+0000] {processor.py:840} INFO - DAG(s) 'api_data_pipeline' retrieved from /opt/airflow/dags/api_pipeline_dag.py
[2026-01-07T16:56:57.750+0000] {logging_mixin.py:188} INFO - [2026-01-07T16:56:57.749+0000] {dag.py:3047} INFO - Sync 1 DAGs
[2026-01-07T16:56:57.765+0000] {logging_mixin.py:188} INFO - [2026-01-07T16:56:57.764+0000] {dag.py:3834} INFO - Setting next_dagrun for api_data_pipeline to None, run_after=None
[2026-01-07T16:56:57.789+0000] {processor.py:183} INFO - Processing /opt/airflow/dags/api_pipeline_dag.py took 0.518 seconds
[2026-01-07T16:57:28.301+0000] {processor.py:161} INFO - Started process (PID=859) to work on /opt/airflow/dags/api_pipeline_dag.py
[2026-01-07T16:57:28.302+0000] {processor.py:830} INFO - Processing file /opt/airflow/dags/api_pipeline_dag.py for tasks to queue
[2026-01-07T16:57:28.303+0000] {logging_mixin.py:188} INFO - [2026-01-07T16:57:28.303+0000] {dagbag.py:540} INFO - Filling up the DagBag from /opt/airflow/dags/api_pipeline_dag.py
[2026-01-07T16:57:28.725+0000] {processor.py:840} INFO - DAG(s) 'api_data_pipeline' retrieved from /opt/airflow/dags/api_pipeline_dag.py
[2026-01-07T16:57:28.771+0000] {logging_mixin.py:188} INFO - [2026-01-07T16:57:28.770+0000] {dag.py:3047} INFO - Sync 1 DAGs
[2026-01-07T16:57:28.786+0000] {logging_mixin.py:188} INFO - [2026-01-07T16:57:28.786+0000] {dag.py:3834} INFO - Setting next_dagrun for api_data_pipeline to None, run_after=None
[2026-01-07T16:57:28.819+0000] {processor.py:183} INFO - Processing /opt/airflow/dags/api_pipeline_dag.py took 0.521 seconds
[2026-01-07T16:57:59.315+0000] {processor.py:161} INFO - Started process (PID=881) to work on /opt/airflow/dags/api_pipeline_dag.py
[2026-01-07T16:57:59.316+0000] {processor.py:830} INFO - Processing file /opt/airflow/dags/api_pipeline_dag.py for tasks to queue
[2026-01-07T16:57:59.318+0000] {logging_mixin.py:188} INFO - [2026-01-07T16:57:59.317+0000] {dagbag.py:540} INFO - Filling up the DagBag from /opt/airflow/dags/api_pipeline_dag.py
[2026-01-07T16:57:59.771+0000] {processor.py:840} INFO - DAG(s) 'api_data_pipeline' retrieved from /opt/airflow/dags/api_pipeline_dag.py
[2026-01-07T16:57:59.818+0000] {logging_mixin.py:188} INFO - [2026-01-07T16:57:59.817+0000] {dag.py:3047} INFO - Sync 1 DAGs
[2026-01-07T16:57:59.838+0000] {logging_mixin.py:188} INFO - [2026-01-07T16:57:59.837+0000] {dag.py:3834} INFO - Setting next_dagrun for api_data_pipeline to None, run_after=None
[2026-01-07T16:57:59.859+0000] {processor.py:183} INFO - Processing /opt/airflow/dags/api_pipeline_dag.py took 0.549 seconds
[2026-01-07T16:58:30.275+0000] {processor.py:161} INFO - Started process (PID=903) to work on /opt/airflow/dags/api_pipeline_dag.py
[2026-01-07T16:58:30.277+0000] {processor.py:830} INFO - Processing file /opt/airflow/dags/api_pipeline_dag.py for tasks to queue
[2026-01-07T16:58:30.278+0000] {logging_mixin.py:188} INFO - [2026-01-07T16:58:30.277+0000] {dagbag.py:540} INFO - Filling up the DagBag from /opt/airflow/dags/api_pipeline_dag.py
[2026-01-07T16:58:30.669+0000] {processor.py:840} INFO - DAG(s) 'api_data_pipeline' retrieved from /opt/airflow/dags/api_pipeline_dag.py
[2026-01-07T16:58:30.705+0000] {logging_mixin.py:188} INFO - [2026-01-07T16:58:30.705+0000] {dag.py:3047} INFO - Sync 1 DAGs
[2026-01-07T16:58:30.719+0000] {logging_mixin.py:188} INFO - [2026-01-07T16:58:30.719+0000] {dag.py:3834} INFO - Setting next_dagrun for api_data_pipeline to None, run_after=None
[2026-01-07T16:58:30.757+0000] {processor.py:183} INFO - Processing /opt/airflow/dags/api_pipeline_dag.py took 0.485 seconds
[2026-01-07T16:59:01.213+0000] {processor.py:161} INFO - Started process (PID=925) to work on /opt/airflow/dags/api_pipeline_dag.py
[2026-01-07T16:59:01.215+0000] {processor.py:830} INFO - Processing file /opt/airflow/dags/api_pipeline_dag.py for tasks to queue
[2026-01-07T16:59:01.216+0000] {logging_mixin.py:188} INFO - [2026-01-07T16:59:01.215+0000] {dagbag.py:540} INFO - Filling up the DagBag from /opt/airflow/dags/api_pipeline_dag.py
[2026-01-07T16:59:01.645+0000] {processor.py:840} INFO - DAG(s) 'api_data_pipeline' retrieved from /opt/airflow/dags/api_pipeline_dag.py
[2026-01-07T16:59:01.683+0000] {logging_mixin.py:188} INFO - [2026-01-07T16:59:01.683+0000] {dag.py:3047} INFO - Sync 1 DAGs
[2026-01-07T16:59:01.700+0000] {logging_mixin.py:188} INFO - [2026-01-07T16:59:01.699+0000] {dag.py:3834} INFO - Setting next_dagrun for api_data_pipeline to None, run_after=None
[2026-01-07T16:59:01.724+0000] {processor.py:183} INFO - Processing /opt/airflow/dags/api_pipeline_dag.py took 0.517 seconds
[2026-01-07T16:59:32.148+0000] {processor.py:161} INFO - Started process (PID=947) to work on /opt/airflow/dags/api_pipeline_dag.py
[2026-01-07T16:59:32.149+0000] {processor.py:830} INFO - Processing file /opt/airflow/dags/api_pipeline_dag.py for tasks to queue
[2026-01-07T16:59:32.150+0000] {logging_mixin.py:188} INFO - [2026-01-07T16:59:32.150+0000] {dagbag.py:540} INFO - Filling up the DagBag from /opt/airflow/dags/api_pipeline_dag.py
[2026-01-07T16:59:32.563+0000] {processor.py:840} INFO - DAG(s) 'api_data_pipeline' retrieved from /opt/airflow/dags/api_pipeline_dag.py
[2026-01-07T16:59:32.597+0000] {logging_mixin.py:188} INFO - [2026-01-07T16:59:32.597+0000] {dag.py:3047} INFO - Sync 1 DAGs
[2026-01-07T16:59:32.614+0000] {logging_mixin.py:188} INFO - [2026-01-07T16:59:32.614+0000] {dag.py:3834} INFO - Setting next_dagrun for api_data_pipeline to None, run_after=None
[2026-01-07T16:59:32.640+0000] {processor.py:183} INFO - Processing /opt/airflow/dags/api_pipeline_dag.py took 0.495 seconds
[2026-01-07T17:00:03.080+0000] {processor.py:161} INFO - Started process (PID=969) to work on /opt/airflow/dags/api_pipeline_dag.py
[2026-01-07T17:00:03.082+0000] {processor.py:830} INFO - Processing file /opt/airflow/dags/api_pipeline_dag.py for tasks to queue
[2026-01-07T17:00:03.083+0000] {logging_mixin.py:188} INFO - [2026-01-07T17:00:03.083+0000] {dagbag.py:540} INFO - Filling up the DagBag from /opt/airflow/dags/api_pipeline_dag.py
[2026-01-07T17:00:03.501+0000] {processor.py:840} INFO - DAG(s) 'api_data_pipeline' retrieved from /opt/airflow/dags/api_pipeline_dag.py
[2026-01-07T17:00:03.538+0000] {logging_mixin.py:188} INFO - [2026-01-07T17:00:03.538+0000] {dag.py:3047} INFO - Sync 1 DAGs
[2026-01-07T17:00:03.552+0000] {logging_mixin.py:188} INFO - [2026-01-07T17:00:03.552+0000] {dag.py:3834} INFO - Setting next_dagrun for api_data_pipeline to None, run_after=None
[2026-01-07T17:00:03.594+0000] {processor.py:183} INFO - Processing /opt/airflow/dags/api_pipeline_dag.py took 0.518 seconds
[2026-01-07T17:00:34.078+0000] {processor.py:161} INFO - Started process (PID=991) to work on /opt/airflow/dags/api_pipeline_dag.py
[2026-01-07T17:00:34.080+0000] {processor.py:830} INFO - Processing file /opt/airflow/dags/api_pipeline_dag.py for tasks to queue
[2026-01-07T17:00:34.082+0000] {logging_mixin.py:188} INFO - [2026-01-07T17:00:34.081+0000] {dagbag.py:540} INFO - Filling up the DagBag from /opt/airflow/dags/api_pipeline_dag.py
[2026-01-07T17:00:34.492+0000] {processor.py:840} INFO - DAG(s) 'api_data_pipeline' retrieved from /opt/airflow/dags/api_pipeline_dag.py
[2026-01-07T17:00:34.531+0000] {logging_mixin.py:188} INFO - [2026-01-07T17:00:34.531+0000] {dag.py:3047} INFO - Sync 1 DAGs
[2026-01-07T17:00:34.549+0000] {logging_mixin.py:188} INFO - [2026-01-07T17:00:34.549+0000] {dag.py:3834} INFO - Setting next_dagrun for api_data_pipeline to None, run_after=None
[2026-01-07T17:00:34.573+0000] {processor.py:183} INFO - Processing /opt/airflow/dags/api_pipeline_dag.py took 0.502 seconds
[2026-01-07T17:01:05.002+0000] {processor.py:161} INFO - Started process (PID=1013) to work on /opt/airflow/dags/api_pipeline_dag.py
[2026-01-07T17:01:05.003+0000] {processor.py:830} INFO - Processing file /opt/airflow/dags/api_pipeline_dag.py for tasks to queue
[2026-01-07T17:01:05.004+0000] {logging_mixin.py:188} INFO - [2026-01-07T17:01:05.004+0000] {dagbag.py:540} INFO - Filling up the DagBag from /opt/airflow/dags/api_pipeline_dag.py
[2026-01-07T17:01:05.402+0000] {processor.py:840} INFO - DAG(s) 'api_data_pipeline' retrieved from /opt/airflow/dags/api_pipeline_dag.py
[2026-01-07T17:01:05.436+0000] {logging_mixin.py:188} INFO - [2026-01-07T17:01:05.436+0000] {dag.py:3047} INFO - Sync 1 DAGs
[2026-01-07T17:01:05.450+0000] {logging_mixin.py:188} INFO - [2026-01-07T17:01:05.450+0000] {dag.py:3834} INFO - Setting next_dagrun for api_data_pipeline to None, run_after=None
[2026-01-07T17:01:05.488+0000] {processor.py:183} INFO - Processing /opt/airflow/dags/api_pipeline_dag.py took 0.490 seconds
[2026-01-07T17:01:35.893+0000] {processor.py:161} INFO - Started process (PID=1035) to work on /opt/airflow/dags/api_pipeline_dag.py
[2026-01-07T17:01:35.895+0000] {processor.py:830} INFO - Processing file /opt/airflow/dags/api_pipeline_dag.py for tasks to queue
[2026-01-07T17:01:35.895+0000] {logging_mixin.py:188} INFO - [2026-01-07T17:01:35.895+0000] {dagbag.py:540} INFO - Filling up the DagBag from /opt/airflow/dags/api_pipeline_dag.py
[2026-01-07T17:01:36.333+0000] {processor.py:840} INFO - DAG(s) 'api_data_pipeline' retrieved from /opt/airflow/dags/api_pipeline_dag.py
[2026-01-07T17:01:36.371+0000] {logging_mixin.py:188} INFO - [2026-01-07T17:01:36.371+0000] {dag.py:3047} INFO - Sync 1 DAGs
[2026-01-07T17:01:36.387+0000] {logging_mixin.py:188} INFO - [2026-01-07T17:01:36.387+0000] {dag.py:3834} INFO - Setting next_dagrun for api_data_pipeline to None, run_after=None
[2026-01-07T17:01:36.429+0000] {processor.py:183} INFO - Processing /opt/airflow/dags/api_pipeline_dag.py took 0.540 seconds
[2026-01-07T17:02:06.860+0000] {processor.py:161} INFO - Started process (PID=1057) to work on /opt/airflow/dags/api_pipeline_dag.py
[2026-01-07T17:02:06.862+0000] {processor.py:830} INFO - Processing file /opt/airflow/dags/api_pipeline_dag.py for tasks to queue
[2026-01-07T17:02:06.863+0000] {logging_mixin.py:188} INFO - [2026-01-07T17:02:06.862+0000] {dagbag.py:540} INFO - Filling up the DagBag from /opt/airflow/dags/api_pipeline_dag.py
[2026-01-07T17:02:07.289+0000] {processor.py:840} INFO - DAG(s) 'api_data_pipeline' retrieved from /opt/airflow/dags/api_pipeline_dag.py
[2026-01-07T17:02:07.325+0000] {logging_mixin.py:188} INFO - [2026-01-07T17:02:07.324+0000] {dag.py:3047} INFO - Sync 1 DAGs
[2026-01-07T17:02:07.341+0000] {logging_mixin.py:188} INFO - [2026-01-07T17:02:07.341+0000] {dag.py:3834} INFO - Setting next_dagrun for api_data_pipeline to None, run_after=None
[2026-01-07T17:02:07.365+0000] {processor.py:183} INFO - Processing /opt/airflow/dags/api_pipeline_dag.py took 0.510 seconds
[2026-01-07T17:02:37.809+0000] {processor.py:161} INFO - Started process (PID=1079) to work on /opt/airflow/dags/api_pipeline_dag.py
[2026-01-07T17:02:37.810+0000] {processor.py:830} INFO - Processing file /opt/airflow/dags/api_pipeline_dag.py for tasks to queue
[2026-01-07T17:02:37.812+0000] {logging_mixin.py:188} INFO - [2026-01-07T17:02:37.811+0000] {dagbag.py:540} INFO - Filling up the DagBag from /opt/airflow/dags/api_pipeline_dag.py
[2026-01-07T17:02:38.230+0000] {processor.py:840} INFO - DAG(s) 'api_data_pipeline' retrieved from /opt/airflow/dags/api_pipeline_dag.py
[2026-01-07T17:02:38.261+0000] {logging_mixin.py:188} INFO - [2026-01-07T17:02:38.260+0000] {dag.py:3047} INFO - Sync 1 DAGs
[2026-01-07T17:02:38.277+0000] {logging_mixin.py:188} INFO - [2026-01-07T17:02:38.277+0000] {dag.py:3834} INFO - Setting next_dagrun for api_data_pipeline to None, run_after=None
[2026-01-07T17:02:38.305+0000] {processor.py:183} INFO - Processing /opt/airflow/dags/api_pipeline_dag.py took 0.500 seconds
[2026-01-07T17:03:08.831+0000] {processor.py:161} INFO - Started process (PID=1101) to work on /opt/airflow/dags/api_pipeline_dag.py
[2026-01-07T17:03:08.832+0000] {processor.py:830} INFO - Processing file /opt/airflow/dags/api_pipeline_dag.py for tasks to queue
[2026-01-07T17:03:08.833+0000] {logging_mixin.py:188} INFO - [2026-01-07T17:03:08.833+0000] {dagbag.py:540} INFO - Filling up the DagBag from /opt/airflow/dags/api_pipeline_dag.py
[2026-01-07T17:03:09.277+0000] {processor.py:840} INFO - DAG(s) 'api_data_pipeline' retrieved from /opt/airflow/dags/api_pipeline_dag.py
[2026-01-07T17:03:09.320+0000] {logging_mixin.py:188} INFO - [2026-01-07T17:03:09.319+0000] {dag.py:3047} INFO - Sync 1 DAGs
[2026-01-07T17:03:09.337+0000] {logging_mixin.py:188} INFO - [2026-01-07T17:03:09.337+0000] {dag.py:3834} INFO - Setting next_dagrun for api_data_pipeline to None, run_after=None
[2026-01-07T17:03:09.574+0000] {processor.py:183} INFO - Processing /opt/airflow/dags/api_pipeline_dag.py took 0.748 seconds
[2026-01-07T17:09:03.880+0000] {processor.py:161} INFO - Started process (PID=194) to work on /opt/airflow/dags/api_pipeline_dag.py
[2026-01-07T17:09:03.882+0000] {processor.py:830} INFO - Processing file /opt/airflow/dags/api_pipeline_dag.py for tasks to queue
[2026-01-07T17:09:03.884+0000] {logging_mixin.py:188} INFO - [2026-01-07T17:09:03.883+0000] {dagbag.py:540} INFO - Filling up the DagBag from /opt/airflow/dags/api_pipeline_dag.py
[2026-01-07T17:09:05.575+0000] {processor.py:840} INFO - DAG(s) 'api_data_pipeline' retrieved from /opt/airflow/dags/api_pipeline_dag.py
[2026-01-07T17:09:05.624+0000] {logging_mixin.py:188} INFO - [2026-01-07T17:09:05.624+0000] {dag.py:3047} INFO - Sync 1 DAGs
[2026-01-07T17:09:05.639+0000] {logging_mixin.py:188} INFO - [2026-01-07T17:09:05.639+0000] {dag.py:3834} INFO - Setting next_dagrun for api_data_pipeline to None, run_after=None
[2026-01-07T17:09:05.665+0000] {processor.py:183} INFO - Processing /opt/airflow/dags/api_pipeline_dag.py took 1.792 seconds
[2026-01-07T17:09:36.217+0000] {processor.py:161} INFO - Started process (PID=221) to work on /opt/airflow/dags/api_pipeline_dag.py
[2026-01-07T17:09:36.218+0000] {processor.py:830} INFO - Processing file /opt/airflow/dags/api_pipeline_dag.py for tasks to queue
[2026-01-07T17:09:36.220+0000] {logging_mixin.py:188} INFO - [2026-01-07T17:09:36.219+0000] {dagbag.py:540} INFO - Filling up the DagBag from /opt/airflow/dags/api_pipeline_dag.py
[2026-01-07T17:09:36.651+0000] {processor.py:840} INFO - DAG(s) 'api_data_pipeline' retrieved from /opt/airflow/dags/api_pipeline_dag.py
[2026-01-07T17:09:36.685+0000] {logging_mixin.py:188} INFO - [2026-01-07T17:09:36.684+0000] {dag.py:3047} INFO - Sync 1 DAGs
[2026-01-07T17:09:36.700+0000] {logging_mixin.py:188} INFO - [2026-01-07T17:09:36.699+0000] {dag.py:3834} INFO - Setting next_dagrun for api_data_pipeline to None, run_after=None
[2026-01-07T17:09:36.740+0000] {processor.py:183} INFO - Processing /opt/airflow/dags/api_pipeline_dag.py took 0.527 seconds
[2026-01-07T17:10:07.234+0000] {processor.py:161} INFO - Started process (PID=243) to work on /opt/airflow/dags/api_pipeline_dag.py
[2026-01-07T17:10:07.235+0000] {processor.py:830} INFO - Processing file /opt/airflow/dags/api_pipeline_dag.py for tasks to queue
[2026-01-07T17:10:07.237+0000] {logging_mixin.py:188} INFO - [2026-01-07T17:10:07.236+0000] {dagbag.py:540} INFO - Filling up the DagBag from /opt/airflow/dags/api_pipeline_dag.py
[2026-01-07T17:10:07.648+0000] {processor.py:840} INFO - DAG(s) 'api_data_pipeline' retrieved from /opt/airflow/dags/api_pipeline_dag.py
[2026-01-07T17:10:07.686+0000] {logging_mixin.py:188} INFO - [2026-01-07T17:10:07.685+0000] {dag.py:3047} INFO - Sync 1 DAGs
[2026-01-07T17:10:07.702+0000] {logging_mixin.py:188} INFO - [2026-01-07T17:10:07.702+0000] {dag.py:3834} INFO - Setting next_dagrun for api_data_pipeline to None, run_after=None
[2026-01-07T17:10:07.745+0000] {processor.py:183} INFO - Processing /opt/airflow/dags/api_pipeline_dag.py took 0.516 seconds
[2026-01-07T17:10:38.157+0000] {processor.py:161} INFO - Started process (PID=265) to work on /opt/airflow/dags/api_pipeline_dag.py
[2026-01-07T17:10:38.159+0000] {processor.py:830} INFO - Processing file /opt/airflow/dags/api_pipeline_dag.py for tasks to queue
[2026-01-07T17:10:38.160+0000] {logging_mixin.py:188} INFO - [2026-01-07T17:10:38.159+0000] {dagbag.py:540} INFO - Filling up the DagBag from /opt/airflow/dags/api_pipeline_dag.py
[2026-01-07T17:10:38.575+0000] {processor.py:840} INFO - DAG(s) 'api_data_pipeline' retrieved from /opt/airflow/dags/api_pipeline_dag.py
[2026-01-07T17:10:38.609+0000] {logging_mixin.py:188} INFO - [2026-01-07T17:10:38.608+0000] {dag.py:3047} INFO - Sync 1 DAGs
[2026-01-07T17:10:38.624+0000] {logging_mixin.py:188} INFO - [2026-01-07T17:10:38.624+0000] {dag.py:3834} INFO - Setting next_dagrun for api_data_pipeline to None, run_after=None
[2026-01-07T17:10:38.647+0000] {processor.py:183} INFO - Processing /opt/airflow/dags/api_pipeline_dag.py took 0.494 seconds
[2026-01-07T17:11:09.075+0000] {processor.py:161} INFO - Started process (PID=287) to work on /opt/airflow/dags/api_pipeline_dag.py
[2026-01-07T17:11:09.076+0000] {processor.py:830} INFO - Processing file /opt/airflow/dags/api_pipeline_dag.py for tasks to queue
[2026-01-07T17:11:09.077+0000] {logging_mixin.py:188} INFO - [2026-01-07T17:11:09.077+0000] {dagbag.py:540} INFO - Filling up the DagBag from /opt/airflow/dags/api_pipeline_dag.py
[2026-01-07T17:11:09.493+0000] {processor.py:840} INFO - DAG(s) 'api_data_pipeline' retrieved from /opt/airflow/dags/api_pipeline_dag.py
[2026-01-07T17:11:09.528+0000] {logging_mixin.py:188} INFO - [2026-01-07T17:11:09.526+0000] {dag.py:3047} INFO - Sync 1 DAGs
[2026-01-07T17:11:09.543+0000] {logging_mixin.py:188} INFO - [2026-01-07T17:11:09.542+0000] {dag.py:3834} INFO - Setting next_dagrun for api_data_pipeline to None, run_after=None
[2026-01-07T17:11:09.563+0000] {processor.py:183} INFO - Processing /opt/airflow/dags/api_pipeline_dag.py took 0.493 seconds
[2026-01-07T17:11:39.972+0000] {processor.py:161} INFO - Started process (PID=309) to work on /opt/airflow/dags/api_pipeline_dag.py
[2026-01-07T17:11:39.974+0000] {processor.py:830} INFO - Processing file /opt/airflow/dags/api_pipeline_dag.py for tasks to queue
[2026-01-07T17:11:39.975+0000] {logging_mixin.py:188} INFO - [2026-01-07T17:11:39.974+0000] {dagbag.py:540} INFO - Filling up the DagBag from /opt/airflow/dags/api_pipeline_dag.py
[2026-01-07T17:11:40.545+0000] {processor.py:840} INFO - DAG(s) 'api_data_pipeline' retrieved from /opt/airflow/dags/api_pipeline_dag.py
[2026-01-07T17:11:40.582+0000] {logging_mixin.py:188} INFO - [2026-01-07T17:11:40.582+0000] {dag.py:3047} INFO - Sync 1 DAGs
[2026-01-07T17:11:40.597+0000] {logging_mixin.py:188} INFO - [2026-01-07T17:11:40.597+0000] {dag.py:3834} INFO - Setting next_dagrun for api_data_pipeline to None, run_after=None
[2026-01-07T17:11:40.619+0000] {processor.py:183} INFO - Processing /opt/airflow/dags/api_pipeline_dag.py took 0.650 seconds
[2026-01-07T17:12:11.088+0000] {processor.py:161} INFO - Started process (PID=331) to work on /opt/airflow/dags/api_pipeline_dag.py
[2026-01-07T17:12:11.089+0000] {processor.py:830} INFO - Processing file /opt/airflow/dags/api_pipeline_dag.py for tasks to queue
[2026-01-07T17:12:11.090+0000] {logging_mixin.py:188} INFO - [2026-01-07T17:12:11.090+0000] {dagbag.py:540} INFO - Filling up the DagBag from /opt/airflow/dags/api_pipeline_dag.py
[2026-01-07T17:12:11.462+0000] {processor.py:840} INFO - DAG(s) 'api_data_pipeline' retrieved from /opt/airflow/dags/api_pipeline_dag.py
[2026-01-07T17:12:11.493+0000] {logging_mixin.py:188} INFO - [2026-01-07T17:12:11.492+0000] {dag.py:3047} INFO - Sync 1 DAGs
[2026-01-07T17:12:11.507+0000] {logging_mixin.py:188} INFO - [2026-01-07T17:12:11.507+0000] {dag.py:3834} INFO - Setting next_dagrun for api_data_pipeline to None, run_after=None
[2026-01-07T17:12:11.545+0000] {processor.py:183} INFO - Processing /opt/airflow/dags/api_pipeline_dag.py took 0.461 seconds
[2026-01-07T17:12:41.953+0000] {processor.py:161} INFO - Started process (PID=353) to work on /opt/airflow/dags/api_pipeline_dag.py
[2026-01-07T17:12:41.955+0000] {processor.py:830} INFO - Processing file /opt/airflow/dags/api_pipeline_dag.py for tasks to queue
[2026-01-07T17:12:41.956+0000] {logging_mixin.py:188} INFO - [2026-01-07T17:12:41.956+0000] {dagbag.py:540} INFO - Filling up the DagBag from /opt/airflow/dags/api_pipeline_dag.py
[2026-01-07T17:12:42.348+0000] {processor.py:840} INFO - DAG(s) 'api_data_pipeline' retrieved from /opt/airflow/dags/api_pipeline_dag.py
[2026-01-07T17:12:42.384+0000] {logging_mixin.py:188} INFO - [2026-01-07T17:12:42.383+0000] {dag.py:3047} INFO - Sync 1 DAGs
[2026-01-07T17:12:42.399+0000] {logging_mixin.py:188} INFO - [2026-01-07T17:12:42.398+0000] {dag.py:3834} INFO - Setting next_dagrun for api_data_pipeline to None, run_after=None
[2026-01-07T17:12:42.421+0000] {processor.py:183} INFO - Processing /opt/airflow/dags/api_pipeline_dag.py took 0.471 seconds
[2026-01-07T17:13:12.838+0000] {processor.py:161} INFO - Started process (PID=375) to work on /opt/airflow/dags/api_pipeline_dag.py
[2026-01-07T17:13:12.840+0000] {processor.py:830} INFO - Processing file /opt/airflow/dags/api_pipeline_dag.py for tasks to queue
[2026-01-07T17:13:12.841+0000] {logging_mixin.py:188} INFO - [2026-01-07T17:13:12.841+0000] {dagbag.py:540} INFO - Filling up the DagBag from /opt/airflow/dags/api_pipeline_dag.py
[2026-01-07T17:13:13.235+0000] {processor.py:840} INFO - DAG(s) 'api_data_pipeline' retrieved from /opt/airflow/dags/api_pipeline_dag.py
[2026-01-07T17:13:13.270+0000] {logging_mixin.py:188} INFO - [2026-01-07T17:13:13.269+0000] {dag.py:3047} INFO - Sync 1 DAGs
[2026-01-07T17:13:13.284+0000] {logging_mixin.py:188} INFO - [2026-01-07T17:13:13.284+0000] {dag.py:3834} INFO - Setting next_dagrun for api_data_pipeline to None, run_after=None
[2026-01-07T17:13:13.311+0000] {processor.py:183} INFO - Processing /opt/airflow/dags/api_pipeline_dag.py took 0.477 seconds
[2026-01-07T17:13:43.720+0000] {processor.py:161} INFO - Started process (PID=397) to work on /opt/airflow/dags/api_pipeline_dag.py
[2026-01-07T17:13:43.721+0000] {processor.py:830} INFO - Processing file /opt/airflow/dags/api_pipeline_dag.py for tasks to queue
[2026-01-07T17:13:43.722+0000] {logging_mixin.py:188} INFO - [2026-01-07T17:13:43.722+0000] {dagbag.py:540} INFO - Filling up the DagBag from /opt/airflow/dags/api_pipeline_dag.py
[2026-01-07T17:13:44.092+0000] {processor.py:840} INFO - DAG(s) 'api_data_pipeline' retrieved from /opt/airflow/dags/api_pipeline_dag.py
[2026-01-07T17:13:44.124+0000] {logging_mixin.py:188} INFO - [2026-01-07T17:13:44.124+0000] {dag.py:3047} INFO - Sync 1 DAGs
[2026-01-07T17:13:44.139+0000] {logging_mixin.py:188} INFO - [2026-01-07T17:13:44.139+0000] {dag.py:3834} INFO - Setting next_dagrun for api_data_pipeline to None, run_after=None
[2026-01-07T17:13:44.177+0000] {processor.py:183} INFO - Processing /opt/airflow/dags/api_pipeline_dag.py took 0.461 seconds
[2026-01-07T17:14:14.577+0000] {processor.py:161} INFO - Started process (PID=419) to work on /opt/airflow/dags/api_pipeline_dag.py
[2026-01-07T17:14:14.578+0000] {processor.py:830} INFO - Processing file /opt/airflow/dags/api_pipeline_dag.py for tasks to queue
[2026-01-07T17:14:14.579+0000] {logging_mixin.py:188} INFO - [2026-01-07T17:14:14.579+0000] {dagbag.py:540} INFO - Filling up the DagBag from /opt/airflow/dags/api_pipeline_dag.py
[2026-01-07T17:14:14.950+0000] {processor.py:840} INFO - DAG(s) 'api_data_pipeline' retrieved from /opt/airflow/dags/api_pipeline_dag.py
[2026-01-07T17:14:14.985+0000] {logging_mixin.py:188} INFO - [2026-01-07T17:14:14.985+0000] {dag.py:3047} INFO - Sync 1 DAGs
[2026-01-07T17:14:15.000+0000] {logging_mixin.py:188} INFO - [2026-01-07T17:14:14.999+0000] {dag.py:3834} INFO - Setting next_dagrun for api_data_pipeline to None, run_after=None
[2026-01-07T17:14:15.038+0000] {processor.py:183} INFO - Processing /opt/airflow/dags/api_pipeline_dag.py took 0.465 seconds
[2026-01-07T17:14:45.444+0000] {processor.py:161} INFO - Started process (PID=441) to work on /opt/airflow/dags/api_pipeline_dag.py
[2026-01-07T17:14:45.445+0000] {processor.py:830} INFO - Processing file /opt/airflow/dags/api_pipeline_dag.py for tasks to queue
[2026-01-07T17:14:45.446+0000] {logging_mixin.py:188} INFO - [2026-01-07T17:14:45.446+0000] {dagbag.py:540} INFO - Filling up the DagBag from /opt/airflow/dags/api_pipeline_dag.py
[2026-01-07T17:14:45.813+0000] {processor.py:840} INFO - DAG(s) 'api_data_pipeline' retrieved from /opt/airflow/dags/api_pipeline_dag.py
[2026-01-07T17:14:45.846+0000] {logging_mixin.py:188} INFO - [2026-01-07T17:14:45.845+0000] {dag.py:3047} INFO - Sync 1 DAGs
[2026-01-07T17:14:45.859+0000] {logging_mixin.py:188} INFO - [2026-01-07T17:14:45.858+0000] {dag.py:3834} INFO - Setting next_dagrun for api_data_pipeline to None, run_after=None
[2026-01-07T17:14:45.897+0000] {processor.py:183} INFO - Processing /opt/airflow/dags/api_pipeline_dag.py took 0.457 seconds
[2026-01-07T17:15:16.291+0000] {processor.py:161} INFO - Started process (PID=463) to work on /opt/airflow/dags/api_pipeline_dag.py
[2026-01-07T17:15:16.292+0000] {processor.py:830} INFO - Processing file /opt/airflow/dags/api_pipeline_dag.py for tasks to queue
[2026-01-07T17:15:16.293+0000] {logging_mixin.py:188} INFO - [2026-01-07T17:15:16.293+0000] {dagbag.py:540} INFO - Filling up the DagBag from /opt/airflow/dags/api_pipeline_dag.py
[2026-01-07T17:15:16.676+0000] {processor.py:840} INFO - DAG(s) 'api_data_pipeline' retrieved from /opt/airflow/dags/api_pipeline_dag.py
[2026-01-07T17:15:16.709+0000] {logging_mixin.py:188} INFO - [2026-01-07T17:15:16.709+0000] {dag.py:3047} INFO - Sync 1 DAGs
[2026-01-07T17:15:16.723+0000] {logging_mixin.py:188} INFO - [2026-01-07T17:15:16.722+0000] {dag.py:3834} INFO - Setting next_dagrun for api_data_pipeline to None, run_after=None
[2026-01-07T17:15:16.760+0000] {processor.py:183} INFO - Processing /opt/airflow/dags/api_pipeline_dag.py took 0.473 seconds
[2026-01-07T17:15:47.206+0000] {processor.py:161} INFO - Started process (PID=485) to work on /opt/airflow/dags/api_pipeline_dag.py
[2026-01-07T17:15:47.207+0000] {processor.py:830} INFO - Processing file /opt/airflow/dags/api_pipeline_dag.py for tasks to queue
[2026-01-07T17:15:47.208+0000] {logging_mixin.py:188} INFO - [2026-01-07T17:15:47.207+0000] {dagbag.py:540} INFO - Filling up the DagBag from /opt/airflow/dags/api_pipeline_dag.py
[2026-01-07T17:15:47.680+0000] {processor.py:840} INFO - DAG(s) 'api_data_pipeline' retrieved from /opt/airflow/dags/api_pipeline_dag.py
[2026-01-07T17:15:47.711+0000] {logging_mixin.py:188} INFO - [2026-01-07T17:15:47.711+0000] {dag.py:3047} INFO - Sync 1 DAGs
[2026-01-07T17:15:47.725+0000] {logging_mixin.py:188} INFO - [2026-01-07T17:15:47.725+0000] {dag.py:3834} INFO - Setting next_dagrun for api_data_pipeline to None, run_after=None
[2026-01-07T17:15:47.747+0000] {processor.py:183} INFO - Processing /opt/airflow/dags/api_pipeline_dag.py took 0.545 seconds
[2026-01-07T17:16:18.140+0000] {processor.py:161} INFO - Started process (PID=507) to work on /opt/airflow/dags/api_pipeline_dag.py
[2026-01-07T17:16:18.141+0000] {processor.py:830} INFO - Processing file /opt/airflow/dags/api_pipeline_dag.py for tasks to queue
[2026-01-07T17:16:18.142+0000] {logging_mixin.py:188} INFO - [2026-01-07T17:16:18.142+0000] {dagbag.py:540} INFO - Filling up the DagBag from /opt/airflow/dags/api_pipeline_dag.py
[2026-01-07T17:16:18.534+0000] {processor.py:840} INFO - DAG(s) 'api_data_pipeline' retrieved from /opt/airflow/dags/api_pipeline_dag.py
[2026-01-07T17:16:18.568+0000] {logging_mixin.py:188} INFO - [2026-01-07T17:16:18.568+0000] {dag.py:3047} INFO - Sync 1 DAGs
[2026-01-07T17:16:18.582+0000] {logging_mixin.py:188} INFO - [2026-01-07T17:16:18.582+0000] {dag.py:3834} INFO - Setting next_dagrun for api_data_pipeline to None, run_after=None
[2026-01-07T17:16:18.619+0000] {processor.py:183} INFO - Processing /opt/airflow/dags/api_pipeline_dag.py took 0.482 seconds
[2026-01-07T17:16:49.022+0000] {processor.py:161} INFO - Started process (PID=529) to work on /opt/airflow/dags/api_pipeline_dag.py
[2026-01-07T17:16:49.023+0000] {processor.py:830} INFO - Processing file /opt/airflow/dags/api_pipeline_dag.py for tasks to queue
[2026-01-07T17:16:49.024+0000] {logging_mixin.py:188} INFO - [2026-01-07T17:16:49.024+0000] {dagbag.py:540} INFO - Filling up the DagBag from /opt/airflow/dags/api_pipeline_dag.py
[2026-01-07T17:16:49.400+0000] {processor.py:840} INFO - DAG(s) 'api_data_pipeline' retrieved from /opt/airflow/dags/api_pipeline_dag.py
[2026-01-07T17:16:49.433+0000] {logging_mixin.py:188} INFO - [2026-01-07T17:16:49.431+0000] {dag.py:3047} INFO - Sync 1 DAGs
[2026-01-07T17:16:49.447+0000] {logging_mixin.py:188} INFO - [2026-01-07T17:16:49.446+0000] {dag.py:3834} INFO - Setting next_dagrun for api_data_pipeline to None, run_after=None
[2026-01-07T17:16:49.484+0000] {processor.py:183} INFO - Processing /opt/airflow/dags/api_pipeline_dag.py took 0.466 seconds
[2026-01-07T17:17:19.909+0000] {processor.py:161} INFO - Started process (PID=551) to work on /opt/airflow/dags/api_pipeline_dag.py
[2026-01-07T17:17:19.911+0000] {processor.py:830} INFO - Processing file /opt/airflow/dags/api_pipeline_dag.py for tasks to queue
[2026-01-07T17:17:19.911+0000] {logging_mixin.py:188} INFO - [2026-01-07T17:17:19.911+0000] {dagbag.py:540} INFO - Filling up the DagBag from /opt/airflow/dags/api_pipeline_dag.py
[2026-01-07T17:17:20.318+0000] {processor.py:840} INFO - DAG(s) 'api_data_pipeline' retrieved from /opt/airflow/dags/api_pipeline_dag.py
[2026-01-07T17:17:20.357+0000] {logging_mixin.py:188} INFO - [2026-01-07T17:17:20.357+0000] {dag.py:3047} INFO - Sync 1 DAGs
[2026-01-07T17:17:20.369+0000] {logging_mixin.py:188} INFO - [2026-01-07T17:17:20.369+0000] {dag.py:3834} INFO - Setting next_dagrun for api_data_pipeline to None, run_after=None
[2026-01-07T17:17:20.389+0000] {processor.py:183} INFO - Processing /opt/airflow/dags/api_pipeline_dag.py took 0.484 seconds
