[2025-12-28T13:02:31.507+0000] {processor.py:161} INFO - Started process (PID=195) to work on /opt/airflow/dags/amazon_sql_scheduler_dag.py
[2025-12-28T13:02:31.510+0000] {processor.py:830} INFO - Processing file /opt/airflow/dags/amazon_sql_scheduler_dag.py for tasks to queue
[2025-12-28T13:02:31.514+0000] {logging_mixin.py:188} INFO - [2025-12-28T13:02:31.513+0000] {dagbag.py:540} INFO - Filling up the DagBag from /opt/airflow/dags/amazon_sql_scheduler_dag.py
[2025-12-28T13:02:32.296+0000] {processor.py:840} INFO - DAG(s) 'amazon_sql_transformation_scheduler' retrieved from /opt/airflow/dags/amazon_sql_scheduler_dag.py
[2025-12-28T13:02:32.692+0000] {logging_mixin.py:188} INFO - [2025-12-28T13:02:32.691+0000] {override.py:1769} INFO - Created Permission View: can read on DAG:amazon_sql_transformation_scheduler
[2025-12-28T13:02:32.712+0000] {logging_mixin.py:188} INFO - [2025-12-28T13:02:32.712+0000] {override.py:1769} INFO - Created Permission View: can delete on DAG:amazon_sql_transformation_scheduler
[2025-12-28T13:02:32.725+0000] {logging_mixin.py:188} INFO - [2025-12-28T13:02:32.724+0000] {override.py:1769} INFO - Created Permission View: can edit on DAG:amazon_sql_transformation_scheduler
[2025-12-28T13:02:32.726+0000] {logging_mixin.py:188} INFO - [2025-12-28T13:02:32.726+0000] {dag.py:3047} INFO - Sync 1 DAGs
[2025-12-28T13:02:32.750+0000] {logging_mixin.py:188} INFO - [2025-12-28T13:02:32.749+0000] {dag.py:3069} INFO - Creating ORM DAG for amazon_sql_transformation_scheduler
[2025-12-28T13:02:32.751+0000] {logging_mixin.py:188} INFO - [2025-12-28T13:02:32.751+0000] {dag.py:3834} INFO - Setting next_dagrun for amazon_sql_transformation_scheduler to None, run_after=None
[2025-12-28T13:02:32.824+0000] {processor.py:183} INFO - Processing /opt/airflow/dags/amazon_sql_scheduler_dag.py took 1.325 seconds
[2025-12-28T13:03:03.495+0000] {processor.py:161} INFO - Started process (PID=214) to work on /opt/airflow/dags/amazon_sql_scheduler_dag.py
[2025-12-28T13:03:03.498+0000] {processor.py:830} INFO - Processing file /opt/airflow/dags/amazon_sql_scheduler_dag.py for tasks to queue
[2025-12-28T13:03:03.501+0000] {logging_mixin.py:188} INFO - [2025-12-28T13:03:03.500+0000] {dagbag.py:540} INFO - Filling up the DagBag from /opt/airflow/dags/amazon_sql_scheduler_dag.py
[2025-12-28T13:03:03.726+0000] {processor.py:840} INFO - DAG(s) 'amazon_sql_transformation_scheduler' retrieved from /opt/airflow/dags/amazon_sql_scheduler_dag.py
[2025-12-28T13:03:03.784+0000] {logging_mixin.py:188} INFO - [2025-12-28T13:03:03.783+0000] {dag.py:3047} INFO - Sync 1 DAGs
[2025-12-28T13:03:03.806+0000] {logging_mixin.py:188} INFO - [2025-12-28T13:03:03.805+0000] {dag.py:3834} INFO - Setting next_dagrun for amazon_sql_transformation_scheduler to None, run_after=None
[2025-12-28T13:03:03.859+0000] {processor.py:183} INFO - Processing /opt/airflow/dags/amazon_sql_scheduler_dag.py took 0.377 seconds
[2025-12-28T13:03:34.295+0000] {processor.py:161} INFO - Started process (PID=232) to work on /opt/airflow/dags/amazon_sql_scheduler_dag.py
[2025-12-28T13:03:34.297+0000] {processor.py:830} INFO - Processing file /opt/airflow/dags/amazon_sql_scheduler_dag.py for tasks to queue
[2025-12-28T13:03:34.299+0000] {logging_mixin.py:188} INFO - [2025-12-28T13:03:34.299+0000] {dagbag.py:540} INFO - Filling up the DagBag from /opt/airflow/dags/amazon_sql_scheduler_dag.py
[2025-12-28T13:03:34.482+0000] {processor.py:840} INFO - DAG(s) 'amazon_sql_transformation_scheduler' retrieved from /opt/airflow/dags/amazon_sql_scheduler_dag.py
[2025-12-28T13:03:34.519+0000] {logging_mixin.py:188} INFO - [2025-12-28T13:03:34.519+0000] {dag.py:3047} INFO - Sync 1 DAGs
[2025-12-28T13:03:34.532+0000] {logging_mixin.py:188} INFO - [2025-12-28T13:03:34.532+0000] {dag.py:3834} INFO - Setting next_dagrun for amazon_sql_transformation_scheduler to None, run_after=None
[2025-12-28T13:03:34.557+0000] {processor.py:183} INFO - Processing /opt/airflow/dags/amazon_sql_scheduler_dag.py took 0.270 seconds
[2025-12-28T13:04:04.709+0000] {processor.py:161} INFO - Started process (PID=252) to work on /opt/airflow/dags/amazon_sql_scheduler_dag.py
[2025-12-28T13:04:04.713+0000] {processor.py:830} INFO - Processing file /opt/airflow/dags/amazon_sql_scheduler_dag.py for tasks to queue
[2025-12-28T13:04:04.716+0000] {logging_mixin.py:188} INFO - [2025-12-28T13:04:04.715+0000] {dagbag.py:540} INFO - Filling up the DagBag from /opt/airflow/dags/amazon_sql_scheduler_dag.py
[2025-12-28T13:04:05.003+0000] {processor.py:840} INFO - DAG(s) 'amazon_sql_transformation_scheduler' retrieved from /opt/airflow/dags/amazon_sql_scheduler_dag.py
[2025-12-28T13:04:05.061+0000] {logging_mixin.py:188} INFO - [2025-12-28T13:04:05.060+0000] {dag.py:3047} INFO - Sync 1 DAGs
[2025-12-28T13:04:05.082+0000] {logging_mixin.py:188} INFO - [2025-12-28T13:04:05.081+0000] {dag.py:3834} INFO - Setting next_dagrun for amazon_sql_transformation_scheduler to None, run_after=None
[2025-12-28T13:04:05.120+0000] {processor.py:183} INFO - Processing /opt/airflow/dags/amazon_sql_scheduler_dag.py took 0.424 seconds
[2025-12-28T13:04:35.472+0000] {processor.py:161} INFO - Started process (PID=268) to work on /opt/airflow/dags/amazon_sql_scheduler_dag.py
[2025-12-28T13:04:35.475+0000] {processor.py:830} INFO - Processing file /opt/airflow/dags/amazon_sql_scheduler_dag.py for tasks to queue
[2025-12-28T13:04:35.477+0000] {logging_mixin.py:188} INFO - [2025-12-28T13:04:35.476+0000] {dagbag.py:540} INFO - Filling up the DagBag from /opt/airflow/dags/amazon_sql_scheduler_dag.py
[2025-12-28T13:04:35.677+0000] {processor.py:840} INFO - DAG(s) 'amazon_sql_transformation_scheduler' retrieved from /opt/airflow/dags/amazon_sql_scheduler_dag.py
[2025-12-28T13:04:35.724+0000] {logging_mixin.py:188} INFO - [2025-12-28T13:04:35.724+0000] {dag.py:3047} INFO - Sync 1 DAGs
[2025-12-28T13:04:35.745+0000] {logging_mixin.py:188} INFO - [2025-12-28T13:04:35.744+0000] {dag.py:3834} INFO - Setting next_dagrun for amazon_sql_transformation_scheduler to None, run_after=None
[2025-12-28T13:04:35.776+0000] {processor.py:183} INFO - Processing /opt/airflow/dags/amazon_sql_scheduler_dag.py took 0.311 seconds
[2025-12-28T13:05:06.369+0000] {processor.py:161} INFO - Started process (PID=284) to work on /opt/airflow/dags/amazon_sql_scheduler_dag.py
[2025-12-28T13:05:06.374+0000] {processor.py:830} INFO - Processing file /opt/airflow/dags/amazon_sql_scheduler_dag.py for tasks to queue
[2025-12-28T13:05:06.377+0000] {logging_mixin.py:188} INFO - [2025-12-28T13:05:06.377+0000] {dagbag.py:540} INFO - Filling up the DagBag from /opt/airflow/dags/amazon_sql_scheduler_dag.py
[2025-12-28T13:05:06.657+0000] {processor.py:840} INFO - DAG(s) 'amazon_sql_transformation_scheduler' retrieved from /opt/airflow/dags/amazon_sql_scheduler_dag.py
[2025-12-28T13:05:06.708+0000] {logging_mixin.py:188} INFO - [2025-12-28T13:05:06.707+0000] {dag.py:3047} INFO - Sync 1 DAGs
[2025-12-28T13:05:06.727+0000] {logging_mixin.py:188} INFO - [2025-12-28T13:05:06.727+0000] {dag.py:3834} INFO - Setting next_dagrun for amazon_sql_transformation_scheduler to None, run_after=None
[2025-12-28T13:05:06.761+0000] {processor.py:183} INFO - Processing /opt/airflow/dags/amazon_sql_scheduler_dag.py took 0.408 seconds
[2025-12-28T13:05:37.187+0000] {processor.py:161} INFO - Started process (PID=300) to work on /opt/airflow/dags/amazon_sql_scheduler_dag.py
[2025-12-28T13:05:37.190+0000] {processor.py:830} INFO - Processing file /opt/airflow/dags/amazon_sql_scheduler_dag.py for tasks to queue
[2025-12-28T13:05:37.193+0000] {logging_mixin.py:188} INFO - [2025-12-28T13:05:37.192+0000] {dagbag.py:540} INFO - Filling up the DagBag from /opt/airflow/dags/amazon_sql_scheduler_dag.py
[2025-12-28T13:05:37.385+0000] {processor.py:840} INFO - DAG(s) 'amazon_sql_transformation_scheduler' retrieved from /opt/airflow/dags/amazon_sql_scheduler_dag.py
[2025-12-28T13:05:37.433+0000] {logging_mixin.py:188} INFO - [2025-12-28T13:05:37.433+0000] {dag.py:3047} INFO - Sync 1 DAGs
[2025-12-28T13:05:37.452+0000] {logging_mixin.py:188} INFO - [2025-12-28T13:05:37.451+0000] {dag.py:3834} INFO - Setting next_dagrun for amazon_sql_transformation_scheduler to None, run_after=None
[2025-12-28T13:05:37.483+0000] {processor.py:183} INFO - Processing /opt/airflow/dags/amazon_sql_scheduler_dag.py took 0.304 seconds
[2025-12-28T13:06:07.844+0000] {processor.py:161} INFO - Started process (PID=318) to work on /opt/airflow/dags/amazon_sql_scheduler_dag.py
[2025-12-28T13:06:07.847+0000] {processor.py:830} INFO - Processing file /opt/airflow/dags/amazon_sql_scheduler_dag.py for tasks to queue
[2025-12-28T13:06:07.849+0000] {logging_mixin.py:188} INFO - [2025-12-28T13:06:07.848+0000] {dagbag.py:540} INFO - Filling up the DagBag from /opt/airflow/dags/amazon_sql_scheduler_dag.py
[2025-12-28T13:06:08.054+0000] {processor.py:840} INFO - DAG(s) 'amazon_sql_transformation_scheduler' retrieved from /opt/airflow/dags/amazon_sql_scheduler_dag.py
[2025-12-28T13:06:08.114+0000] {logging_mixin.py:188} INFO - [2025-12-28T13:06:08.114+0000] {dag.py:3047} INFO - Sync 1 DAGs
[2025-12-28T13:06:08.135+0000] {logging_mixin.py:188} INFO - [2025-12-28T13:06:08.134+0000] {dag.py:3834} INFO - Setting next_dagrun for amazon_sql_transformation_scheduler to None, run_after=None
[2025-12-28T13:06:08.169+0000] {processor.py:183} INFO - Processing /opt/airflow/dags/amazon_sql_scheduler_dag.py took 0.332 seconds
[2025-12-28T13:06:38.540+0000] {processor.py:161} INFO - Started process (PID=334) to work on /opt/airflow/dags/amazon_sql_scheduler_dag.py
[2025-12-28T13:06:38.543+0000] {processor.py:830} INFO - Processing file /opt/airflow/dags/amazon_sql_scheduler_dag.py for tasks to queue
[2025-12-28T13:06:38.546+0000] {logging_mixin.py:188} INFO - [2025-12-28T13:06:38.545+0000] {dagbag.py:540} INFO - Filling up the DagBag from /opt/airflow/dags/amazon_sql_scheduler_dag.py
[2025-12-28T13:06:38.757+0000] {processor.py:840} INFO - DAG(s) 'amazon_sql_transformation_scheduler' retrieved from /opt/airflow/dags/amazon_sql_scheduler_dag.py
[2025-12-28T13:06:38.806+0000] {logging_mixin.py:188} INFO - [2025-12-28T13:06:38.805+0000] {dag.py:3047} INFO - Sync 1 DAGs
[2025-12-28T13:06:38.825+0000] {logging_mixin.py:188} INFO - [2025-12-28T13:06:38.825+0000] {dag.py:3834} INFO - Setting next_dagrun for amazon_sql_transformation_scheduler to None, run_after=None
[2025-12-28T13:06:38.856+0000] {processor.py:183} INFO - Processing /opt/airflow/dags/amazon_sql_scheduler_dag.py took 0.326 seconds
[2025-12-28T13:07:09.253+0000] {processor.py:161} INFO - Started process (PID=350) to work on /opt/airflow/dags/amazon_sql_scheduler_dag.py
[2025-12-28T13:07:09.256+0000] {processor.py:830} INFO - Processing file /opt/airflow/dags/amazon_sql_scheduler_dag.py for tasks to queue
[2025-12-28T13:07:09.259+0000] {logging_mixin.py:188} INFO - [2025-12-28T13:07:09.258+0000] {dagbag.py:540} INFO - Filling up the DagBag from /opt/airflow/dags/amazon_sql_scheduler_dag.py
[2025-12-28T13:07:09.507+0000] {processor.py:840} INFO - DAG(s) 'amazon_sql_transformation_scheduler' retrieved from /opt/airflow/dags/amazon_sql_scheduler_dag.py
[2025-12-28T13:07:09.571+0000] {logging_mixin.py:188} INFO - [2025-12-28T13:07:09.571+0000] {dag.py:3047} INFO - Sync 1 DAGs
[2025-12-28T13:07:09.589+0000] {logging_mixin.py:188} INFO - [2025-12-28T13:07:09.589+0000] {dag.py:3834} INFO - Setting next_dagrun for amazon_sql_transformation_scheduler to None, run_after=None
[2025-12-28T13:07:09.620+0000] {processor.py:183} INFO - Processing /opt/airflow/dags/amazon_sql_scheduler_dag.py took 0.375 seconds
[2025-12-28T13:07:39.979+0000] {processor.py:161} INFO - Started process (PID=366) to work on /opt/airflow/dags/amazon_sql_scheduler_dag.py
[2025-12-28T13:07:39.981+0000] {processor.py:830} INFO - Processing file /opt/airflow/dags/amazon_sql_scheduler_dag.py for tasks to queue
[2025-12-28T13:07:39.982+0000] {logging_mixin.py:188} INFO - [2025-12-28T13:07:39.982+0000] {dagbag.py:540} INFO - Filling up the DagBag from /opt/airflow/dags/amazon_sql_scheduler_dag.py
[2025-12-28T13:07:40.132+0000] {processor.py:840} INFO - DAG(s) 'amazon_sql_transformation_scheduler' retrieved from /opt/airflow/dags/amazon_sql_scheduler_dag.py
[2025-12-28T13:07:40.175+0000] {logging_mixin.py:188} INFO - [2025-12-28T13:07:40.174+0000] {dag.py:3047} INFO - Sync 1 DAGs
[2025-12-28T13:07:40.189+0000] {logging_mixin.py:188} INFO - [2025-12-28T13:07:40.189+0000] {dag.py:3834} INFO - Setting next_dagrun for amazon_sql_transformation_scheduler to None, run_after=None
[2025-12-28T13:07:40.210+0000] {processor.py:183} INFO - Processing /opt/airflow/dags/amazon_sql_scheduler_dag.py took 0.235 seconds
[2025-12-28T13:08:10.508+0000] {processor.py:161} INFO - Started process (PID=387) to work on /opt/airflow/dags/amazon_sql_scheduler_dag.py
[2025-12-28T13:08:10.510+0000] {processor.py:830} INFO - Processing file /opt/airflow/dags/amazon_sql_scheduler_dag.py for tasks to queue
[2025-12-28T13:08:10.512+0000] {logging_mixin.py:188} INFO - [2025-12-28T13:08:10.512+0000] {dagbag.py:540} INFO - Filling up the DagBag from /opt/airflow/dags/amazon_sql_scheduler_dag.py
[2025-12-28T13:08:10.706+0000] {processor.py:840} INFO - DAG(s) 'amazon_sql_transformation_scheduler' retrieved from /opt/airflow/dags/amazon_sql_scheduler_dag.py
[2025-12-28T13:08:10.757+0000] {logging_mixin.py:188} INFO - [2025-12-28T13:08:10.756+0000] {dag.py:3047} INFO - Sync 1 DAGs
[2025-12-28T13:08:10.780+0000] {logging_mixin.py:188} INFO - [2025-12-28T13:08:10.779+0000] {dag.py:3834} INFO - Setting next_dagrun for amazon_sql_transformation_scheduler to None, run_after=None
[2025-12-28T13:08:10.814+0000] {processor.py:183} INFO - Processing /opt/airflow/dags/amazon_sql_scheduler_dag.py took 0.311 seconds
[2025-12-28T13:08:41.320+0000] {processor.py:161} INFO - Started process (PID=398) to work on /opt/airflow/dags/amazon_sql_scheduler_dag.py
[2025-12-28T13:08:41.324+0000] {processor.py:830} INFO - Processing file /opt/airflow/dags/amazon_sql_scheduler_dag.py for tasks to queue
[2025-12-28T13:08:41.326+0000] {logging_mixin.py:188} INFO - [2025-12-28T13:08:41.325+0000] {dagbag.py:540} INFO - Filling up the DagBag from /opt/airflow/dags/amazon_sql_scheduler_dag.py
[2025-12-28T13:08:41.541+0000] {processor.py:840} INFO - DAG(s) 'amazon_sql_transformation_scheduler' retrieved from /opt/airflow/dags/amazon_sql_scheduler_dag.py
[2025-12-28T13:08:41.594+0000] {logging_mixin.py:188} INFO - [2025-12-28T13:08:41.593+0000] {dag.py:3047} INFO - Sync 1 DAGs
[2025-12-28T13:08:41.615+0000] {logging_mixin.py:188} INFO - [2025-12-28T13:08:41.614+0000] {dag.py:3834} INFO - Setting next_dagrun for amazon_sql_transformation_scheduler to None, run_after=None
[2025-12-28T13:08:41.651+0000] {processor.py:183} INFO - Processing /opt/airflow/dags/amazon_sql_scheduler_dag.py took 0.338 seconds
[2025-12-28T13:09:12.122+0000] {processor.py:161} INFO - Started process (PID=414) to work on /opt/airflow/dags/amazon_sql_scheduler_dag.py
[2025-12-28T13:09:12.125+0000] {processor.py:830} INFO - Processing file /opt/airflow/dags/amazon_sql_scheduler_dag.py for tasks to queue
[2025-12-28T13:09:12.127+0000] {logging_mixin.py:188} INFO - [2025-12-28T13:09:12.127+0000] {dagbag.py:540} INFO - Filling up the DagBag from /opt/airflow/dags/amazon_sql_scheduler_dag.py
[2025-12-28T13:09:12.327+0000] {processor.py:840} INFO - DAG(s) 'amazon_sql_transformation_scheduler' retrieved from /opt/airflow/dags/amazon_sql_scheduler_dag.py
[2025-12-28T13:09:12.382+0000] {logging_mixin.py:188} INFO - [2025-12-28T13:09:12.382+0000] {dag.py:3047} INFO - Sync 1 DAGs
[2025-12-28T13:09:12.404+0000] {logging_mixin.py:188} INFO - [2025-12-28T13:09:12.404+0000] {dag.py:3834} INFO - Setting next_dagrun for amazon_sql_transformation_scheduler to None, run_after=None
[2025-12-28T13:09:12.440+0000] {processor.py:183} INFO - Processing /opt/airflow/dags/amazon_sql_scheduler_dag.py took 0.325 seconds
[2025-12-28T13:09:42.885+0000] {processor.py:161} INFO - Started process (PID=430) to work on /opt/airflow/dags/amazon_sql_scheduler_dag.py
[2025-12-28T13:09:42.887+0000] {processor.py:830} INFO - Processing file /opt/airflow/dags/amazon_sql_scheduler_dag.py for tasks to queue
[2025-12-28T13:09:42.889+0000] {logging_mixin.py:188} INFO - [2025-12-28T13:09:42.889+0000] {dagbag.py:540} INFO - Filling up the DagBag from /opt/airflow/dags/amazon_sql_scheduler_dag.py
[2025-12-28T13:09:43.100+0000] {processor.py:840} INFO - DAG(s) 'amazon_sql_transformation_scheduler' retrieved from /opt/airflow/dags/amazon_sql_scheduler_dag.py
[2025-12-28T13:09:43.148+0000] {logging_mixin.py:188} INFO - [2025-12-28T13:09:43.147+0000] {dag.py:3047} INFO - Sync 1 DAGs
[2025-12-28T13:09:43.166+0000] {logging_mixin.py:188} INFO - [2025-12-28T13:09:43.166+0000] {dag.py:3834} INFO - Setting next_dagrun for amazon_sql_transformation_scheduler to None, run_after=None
[2025-12-28T13:09:43.201+0000] {processor.py:183} INFO - Processing /opt/airflow/dags/amazon_sql_scheduler_dag.py took 0.323 seconds
[2025-12-28T13:10:13.558+0000] {processor.py:161} INFO - Started process (PID=446) to work on /opt/airflow/dags/amazon_sql_scheduler_dag.py
[2025-12-28T13:10:13.560+0000] {processor.py:830} INFO - Processing file /opt/airflow/dags/amazon_sql_scheduler_dag.py for tasks to queue
[2025-12-28T13:10:13.563+0000] {logging_mixin.py:188} INFO - [2025-12-28T13:10:13.562+0000] {dagbag.py:540} INFO - Filling up the DagBag from /opt/airflow/dags/amazon_sql_scheduler_dag.py
[2025-12-28T13:10:13.821+0000] {processor.py:840} INFO - DAG(s) 'amazon_sql_transformation_scheduler' retrieved from /opt/airflow/dags/amazon_sql_scheduler_dag.py
[2025-12-28T13:10:13.868+0000] {logging_mixin.py:188} INFO - [2025-12-28T13:10:13.867+0000] {dag.py:3047} INFO - Sync 1 DAGs
[2025-12-28T13:10:13.892+0000] {logging_mixin.py:188} INFO - [2025-12-28T13:10:13.891+0000] {dag.py:3834} INFO - Setting next_dagrun for amazon_sql_transformation_scheduler to None, run_after=None
[2025-12-28T13:10:13.929+0000] {processor.py:183} INFO - Processing /opt/airflow/dags/amazon_sql_scheduler_dag.py took 0.381 seconds
[2025-12-28T13:11:32.713+0000] {processor.py:161} INFO - Started process (PID=194) to work on /opt/airflow/dags/amazon_sql_scheduler_dag.py
[2025-12-28T13:11:32.715+0000] {processor.py:830} INFO - Processing file /opt/airflow/dags/amazon_sql_scheduler_dag.py for tasks to queue
[2025-12-28T13:11:32.717+0000] {logging_mixin.py:188} INFO - [2025-12-28T13:11:32.716+0000] {dagbag.py:540} INFO - Filling up the DagBag from /opt/airflow/dags/amazon_sql_scheduler_dag.py
[2025-12-28T13:11:33.160+0000] {processor.py:840} INFO - DAG(s) 'amazon_sql_transformation_scheduler' retrieved from /opt/airflow/dags/amazon_sql_scheduler_dag.py
[2025-12-28T13:11:33.244+0000] {logging_mixin.py:188} INFO - [2025-12-28T13:11:33.243+0000] {dag.py:3047} INFO - Sync 1 DAGs
[2025-12-28T13:11:33.260+0000] {logging_mixin.py:188} INFO - [2025-12-28T13:11:33.260+0000] {dag.py:3834} INFO - Setting next_dagrun for amazon_sql_transformation_scheduler to None, run_after=None
[2025-12-28T13:11:33.285+0000] {processor.py:183} INFO - Processing /opt/airflow/dags/amazon_sql_scheduler_dag.py took 0.579 seconds
[2025-12-28T13:12:03.710+0000] {processor.py:161} INFO - Started process (PID=212) to work on /opt/airflow/dags/amazon_sql_scheduler_dag.py
[2025-12-28T13:12:03.714+0000] {processor.py:830} INFO - Processing file /opt/airflow/dags/amazon_sql_scheduler_dag.py for tasks to queue
[2025-12-28T13:12:03.716+0000] {logging_mixin.py:188} INFO - [2025-12-28T13:12:03.715+0000] {dagbag.py:540} INFO - Filling up the DagBag from /opt/airflow/dags/amazon_sql_scheduler_dag.py
[2025-12-28T13:12:03.939+0000] {processor.py:840} INFO - DAG(s) 'amazon_sql_transformation_scheduler' retrieved from /opt/airflow/dags/amazon_sql_scheduler_dag.py
[2025-12-28T13:12:03.989+0000] {logging_mixin.py:188} INFO - [2025-12-28T13:12:03.989+0000] {dag.py:3047} INFO - Sync 1 DAGs
[2025-12-28T13:12:04.009+0000] {logging_mixin.py:188} INFO - [2025-12-28T13:12:04.009+0000] {dag.py:3834} INFO - Setting next_dagrun for amazon_sql_transformation_scheduler to None, run_after=None
[2025-12-28T13:12:04.042+0000] {processor.py:183} INFO - Processing /opt/airflow/dags/amazon_sql_scheduler_dag.py took 0.344 seconds
[2025-12-28T13:12:34.494+0000] {processor.py:161} INFO - Started process (PID=232) to work on /opt/airflow/dags/amazon_sql_scheduler_dag.py
[2025-12-28T13:12:34.505+0000] {processor.py:830} INFO - Processing file /opt/airflow/dags/amazon_sql_scheduler_dag.py for tasks to queue
[2025-12-28T13:12:34.511+0000] {logging_mixin.py:188} INFO - [2025-12-28T13:12:34.509+0000] {dagbag.py:540} INFO - Filling up the DagBag from /opt/airflow/dags/amazon_sql_scheduler_dag.py
[2025-12-28T13:12:34.776+0000] {processor.py:840} INFO - DAG(s) 'amazon_sql_transformation_scheduler' retrieved from /opt/airflow/dags/amazon_sql_scheduler_dag.py
[2025-12-28T13:12:34.825+0000] {logging_mixin.py:188} INFO - [2025-12-28T13:12:34.824+0000] {dag.py:3047} INFO - Sync 1 DAGs
[2025-12-28T13:12:34.844+0000] {logging_mixin.py:188} INFO - [2025-12-28T13:12:34.843+0000] {dag.py:3834} INFO - Setting next_dagrun for amazon_sql_transformation_scheduler to None, run_after=None
[2025-12-28T13:12:34.880+0000] {processor.py:183} INFO - Processing /opt/airflow/dags/amazon_sql_scheduler_dag.py took 0.394 seconds
[2025-12-28T13:13:05.315+0000] {processor.py:161} INFO - Started process (PID=248) to work on /opt/airflow/dags/amazon_sql_scheduler_dag.py
[2025-12-28T13:13:05.318+0000] {processor.py:830} INFO - Processing file /opt/airflow/dags/amazon_sql_scheduler_dag.py for tasks to queue
[2025-12-28T13:13:05.320+0000] {logging_mixin.py:188} INFO - [2025-12-28T13:13:05.319+0000] {dagbag.py:540} INFO - Filling up the DagBag from /opt/airflow/dags/amazon_sql_scheduler_dag.py
[2025-12-28T13:13:05.535+0000] {processor.py:840} INFO - DAG(s) 'amazon_sql_transformation_scheduler' retrieved from /opt/airflow/dags/amazon_sql_scheduler_dag.py
[2025-12-28T13:13:05.590+0000] {logging_mixin.py:188} INFO - [2025-12-28T13:13:05.590+0000] {dag.py:3047} INFO - Sync 1 DAGs
[2025-12-28T13:13:05.609+0000] {logging_mixin.py:188} INFO - [2025-12-28T13:13:05.609+0000] {dag.py:3834} INFO - Setting next_dagrun for amazon_sql_transformation_scheduler to None, run_after=None
[2025-12-28T13:13:05.644+0000] {processor.py:183} INFO - Processing /opt/airflow/dags/amazon_sql_scheduler_dag.py took 0.338 seconds
[2025-12-28T13:13:35.942+0000] {processor.py:161} INFO - Started process (PID=264) to work on /opt/airflow/dags/amazon_sql_scheduler_dag.py
[2025-12-28T13:13:35.945+0000] {processor.py:830} INFO - Processing file /opt/airflow/dags/amazon_sql_scheduler_dag.py for tasks to queue
[2025-12-28T13:13:35.949+0000] {logging_mixin.py:188} INFO - [2025-12-28T13:13:35.947+0000] {dagbag.py:540} INFO - Filling up the DagBag from /opt/airflow/dags/amazon_sql_scheduler_dag.py
[2025-12-28T13:13:36.144+0000] {processor.py:840} INFO - DAG(s) 'amazon_sql_transformation_scheduler' retrieved from /opt/airflow/dags/amazon_sql_scheduler_dag.py
[2025-12-28T13:13:36.190+0000] {logging_mixin.py:188} INFO - [2025-12-28T13:13:36.189+0000] {dag.py:3047} INFO - Sync 1 DAGs
[2025-12-28T13:13:36.208+0000] {logging_mixin.py:188} INFO - [2025-12-28T13:13:36.207+0000] {dag.py:3834} INFO - Setting next_dagrun for amazon_sql_transformation_scheduler to None, run_after=None
[2025-12-28T13:13:36.237+0000] {processor.py:183} INFO - Processing /opt/airflow/dags/amazon_sql_scheduler_dag.py took 0.304 seconds
[2025-12-28T13:14:06.585+0000] {processor.py:161} INFO - Started process (PID=280) to work on /opt/airflow/dags/amazon_sql_scheduler_dag.py
[2025-12-28T13:14:06.588+0000] {processor.py:830} INFO - Processing file /opt/airflow/dags/amazon_sql_scheduler_dag.py for tasks to queue
[2025-12-28T13:14:06.590+0000] {logging_mixin.py:188} INFO - [2025-12-28T13:14:06.589+0000] {dagbag.py:540} INFO - Filling up the DagBag from /opt/airflow/dags/amazon_sql_scheduler_dag.py
[2025-12-28T13:14:06.839+0000] {processor.py:840} INFO - DAG(s) 'amazon_sql_transformation_scheduler' retrieved from /opt/airflow/dags/amazon_sql_scheduler_dag.py
[2025-12-28T13:14:06.894+0000] {logging_mixin.py:188} INFO - [2025-12-28T13:14:06.893+0000] {dag.py:3047} INFO - Sync 1 DAGs
[2025-12-28T13:14:06.919+0000] {logging_mixin.py:188} INFO - [2025-12-28T13:14:06.918+0000] {dag.py:3834} INFO - Setting next_dagrun for amazon_sql_transformation_scheduler to None, run_after=None
[2025-12-28T13:14:06.958+0000] {processor.py:183} INFO - Processing /opt/airflow/dags/amazon_sql_scheduler_dag.py took 0.380 seconds
[2025-12-28T13:14:37.390+0000] {processor.py:161} INFO - Started process (PID=296) to work on /opt/airflow/dags/amazon_sql_scheduler_dag.py
[2025-12-28T13:14:37.393+0000] {processor.py:830} INFO - Processing file /opt/airflow/dags/amazon_sql_scheduler_dag.py for tasks to queue
[2025-12-28T13:14:37.395+0000] {logging_mixin.py:188} INFO - [2025-12-28T13:14:37.395+0000] {dagbag.py:540} INFO - Filling up the DagBag from /opt/airflow/dags/amazon_sql_scheduler_dag.py
[2025-12-28T13:14:37.618+0000] {processor.py:840} INFO - DAG(s) 'amazon_sql_transformation_scheduler' retrieved from /opt/airflow/dags/amazon_sql_scheduler_dag.py
[2025-12-28T13:14:37.671+0000] {logging_mixin.py:188} INFO - [2025-12-28T13:14:37.670+0000] {dag.py:3047} INFO - Sync 1 DAGs
[2025-12-28T13:14:37.690+0000] {logging_mixin.py:188} INFO - [2025-12-28T13:14:37.690+0000] {dag.py:3834} INFO - Setting next_dagrun for amazon_sql_transformation_scheduler to None, run_after=None
[2025-12-28T13:14:37.728+0000] {processor.py:183} INFO - Processing /opt/airflow/dags/amazon_sql_scheduler_dag.py took 0.346 seconds
[2025-12-28T13:15:08.101+0000] {processor.py:161} INFO - Started process (PID=312) to work on /opt/airflow/dags/amazon_sql_scheduler_dag.py
[2025-12-28T13:15:08.103+0000] {processor.py:830} INFO - Processing file /opt/airflow/dags/amazon_sql_scheduler_dag.py for tasks to queue
[2025-12-28T13:15:08.105+0000] {logging_mixin.py:188} INFO - [2025-12-28T13:15:08.104+0000] {dagbag.py:540} INFO - Filling up the DagBag from /opt/airflow/dags/amazon_sql_scheduler_dag.py
[2025-12-28T13:15:08.305+0000] {processor.py:840} INFO - DAG(s) 'amazon_sql_transformation_scheduler' retrieved from /opt/airflow/dags/amazon_sql_scheduler_dag.py
[2025-12-28T13:15:08.348+0000] {logging_mixin.py:188} INFO - [2025-12-28T13:15:08.348+0000] {dag.py:3047} INFO - Sync 1 DAGs
[2025-12-28T13:15:08.373+0000] {logging_mixin.py:188} INFO - [2025-12-28T13:15:08.373+0000] {dag.py:3834} INFO - Setting next_dagrun for amazon_sql_transformation_scheduler to None, run_after=None
[2025-12-28T13:15:08.419+0000] {processor.py:183} INFO - Processing /opt/airflow/dags/amazon_sql_scheduler_dag.py took 0.323 seconds
[2025-12-28T13:15:38.779+0000] {processor.py:161} INFO - Started process (PID=328) to work on /opt/airflow/dags/amazon_sql_scheduler_dag.py
[2025-12-28T13:15:38.781+0000] {processor.py:830} INFO - Processing file /opt/airflow/dags/amazon_sql_scheduler_dag.py for tasks to queue
[2025-12-28T13:15:38.784+0000] {logging_mixin.py:188} INFO - [2025-12-28T13:15:38.783+0000] {dagbag.py:540} INFO - Filling up the DagBag from /opt/airflow/dags/amazon_sql_scheduler_dag.py
[2025-12-28T13:15:38.931+0000] {processor.py:840} INFO - DAG(s) 'amazon_sql_transformation_scheduler' retrieved from /opt/airflow/dags/amazon_sql_scheduler_dag.py
[2025-12-28T13:15:38.973+0000] {logging_mixin.py:188} INFO - [2025-12-28T13:15:38.973+0000] {dag.py:3047} INFO - Sync 1 DAGs
[2025-12-28T13:15:38.987+0000] {logging_mixin.py:188} INFO - [2025-12-28T13:15:38.987+0000] {dag.py:3834} INFO - Setting next_dagrun for amazon_sql_transformation_scheduler to None, run_after=None
[2025-12-28T13:15:39.010+0000] {processor.py:183} INFO - Processing /opt/airflow/dags/amazon_sql_scheduler_dag.py took 0.236 seconds
[2025-12-28T13:16:09.602+0000] {processor.py:161} INFO - Started process (PID=344) to work on /opt/airflow/dags/amazon_sql_scheduler_dag.py
[2025-12-28T13:16:09.605+0000] {processor.py:830} INFO - Processing file /opt/airflow/dags/amazon_sql_scheduler_dag.py for tasks to queue
[2025-12-28T13:16:09.607+0000] {logging_mixin.py:188} INFO - [2025-12-28T13:16:09.606+0000] {dagbag.py:540} INFO - Filling up the DagBag from /opt/airflow/dags/amazon_sql_scheduler_dag.py
[2025-12-28T13:16:09.815+0000] {processor.py:840} INFO - DAG(s) 'amazon_sql_transformation_scheduler' retrieved from /opt/airflow/dags/amazon_sql_scheduler_dag.py
[2025-12-28T13:16:09.872+0000] {logging_mixin.py:188} INFO - [2025-12-28T13:16:09.871+0000] {dag.py:3047} INFO - Sync 1 DAGs
[2025-12-28T13:16:09.897+0000] {logging_mixin.py:188} INFO - [2025-12-28T13:16:09.896+0000] {dag.py:3834} INFO - Setting next_dagrun for amazon_sql_transformation_scheduler to None, run_after=None
[2025-12-28T13:16:09.935+0000] {processor.py:183} INFO - Processing /opt/airflow/dags/amazon_sql_scheduler_dag.py took 0.343 seconds
[2025-12-28T13:16:40.370+0000] {processor.py:161} INFO - Started process (PID=360) to work on /opt/airflow/dags/amazon_sql_scheduler_dag.py
[2025-12-28T13:16:40.371+0000] {processor.py:830} INFO - Processing file /opt/airflow/dags/amazon_sql_scheduler_dag.py for tasks to queue
[2025-12-28T13:16:40.374+0000] {logging_mixin.py:188} INFO - [2025-12-28T13:16:40.373+0000] {dagbag.py:540} INFO - Filling up the DagBag from /opt/airflow/dags/amazon_sql_scheduler_dag.py
[2025-12-28T13:16:40.540+0000] {processor.py:840} INFO - DAG(s) 'amazon_sql_transformation_scheduler' retrieved from /opt/airflow/dags/amazon_sql_scheduler_dag.py
[2025-12-28T13:16:40.581+0000] {logging_mixin.py:188} INFO - [2025-12-28T13:16:40.580+0000] {dag.py:3047} INFO - Sync 1 DAGs
[2025-12-28T13:16:40.599+0000] {logging_mixin.py:188} INFO - [2025-12-28T13:16:40.599+0000] {dag.py:3834} INFO - Setting next_dagrun for amazon_sql_transformation_scheduler to None, run_after=None
[2025-12-28T13:16:40.626+0000] {processor.py:183} INFO - Processing /opt/airflow/dags/amazon_sql_scheduler_dag.py took 0.261 seconds
[2025-12-28T13:17:10.902+0000] {processor.py:161} INFO - Started process (PID=376) to work on /opt/airflow/dags/amazon_sql_scheduler_dag.py
[2025-12-28T13:17:10.904+0000] {processor.py:830} INFO - Processing file /opt/airflow/dags/amazon_sql_scheduler_dag.py for tasks to queue
[2025-12-28T13:17:10.905+0000] {logging_mixin.py:188} INFO - [2025-12-28T13:17:10.905+0000] {dagbag.py:540} INFO - Filling up the DagBag from /opt/airflow/dags/amazon_sql_scheduler_dag.py
[2025-12-28T13:17:11.027+0000] {processor.py:840} INFO - DAG(s) 'amazon_sql_transformation_scheduler' retrieved from /opt/airflow/dags/amazon_sql_scheduler_dag.py
[2025-12-28T13:17:11.059+0000] {logging_mixin.py:188} INFO - [2025-12-28T13:17:11.059+0000] {dag.py:3047} INFO - Sync 1 DAGs
[2025-12-28T13:17:11.070+0000] {logging_mixin.py:188} INFO - [2025-12-28T13:17:11.070+0000] {dag.py:3834} INFO - Setting next_dagrun for amazon_sql_transformation_scheduler to None, run_after=None
[2025-12-28T13:17:11.087+0000] {processor.py:183} INFO - Processing /opt/airflow/dags/amazon_sql_scheduler_dag.py took 0.190 seconds
[2025-12-28T13:17:41.328+0000] {processor.py:161} INFO - Started process (PID=392) to work on /opt/airflow/dags/amazon_sql_scheduler_dag.py
[2025-12-28T13:17:41.330+0000] {processor.py:830} INFO - Processing file /opt/airflow/dags/amazon_sql_scheduler_dag.py for tasks to queue
[2025-12-28T13:17:41.331+0000] {logging_mixin.py:188} INFO - [2025-12-28T13:17:41.331+0000] {dagbag.py:540} INFO - Filling up the DagBag from /opt/airflow/dags/amazon_sql_scheduler_dag.py
[2025-12-28T13:17:41.499+0000] {processor.py:840} INFO - DAG(s) 'amazon_sql_transformation_scheduler' retrieved from /opt/airflow/dags/amazon_sql_scheduler_dag.py
[2025-12-28T13:17:41.548+0000] {logging_mixin.py:188} INFO - [2025-12-28T13:17:41.547+0000] {dag.py:3047} INFO - Sync 1 DAGs
[2025-12-28T13:17:41.568+0000] {logging_mixin.py:188} INFO - [2025-12-28T13:17:41.567+0000] {dag.py:3834} INFO - Setting next_dagrun for amazon_sql_transformation_scheduler to None, run_after=None
[2025-12-28T13:17:41.599+0000] {processor.py:183} INFO - Processing /opt/airflow/dags/amazon_sql_scheduler_dag.py took 0.277 seconds
[2025-12-28T13:18:11.889+0000] {processor.py:161} INFO - Started process (PID=408) to work on /opt/airflow/dags/amazon_sql_scheduler_dag.py
[2025-12-28T13:18:11.890+0000] {processor.py:830} INFO - Processing file /opt/airflow/dags/amazon_sql_scheduler_dag.py for tasks to queue
[2025-12-28T13:18:11.892+0000] {logging_mixin.py:188} INFO - [2025-12-28T13:18:11.891+0000] {dagbag.py:540} INFO - Filling up the DagBag from /opt/airflow/dags/amazon_sql_scheduler_dag.py
[2025-12-28T13:18:12.024+0000] {processor.py:840} INFO - DAG(s) 'amazon_sql_transformation_scheduler' retrieved from /opt/airflow/dags/amazon_sql_scheduler_dag.py
[2025-12-28T13:18:12.053+0000] {logging_mixin.py:188} INFO - [2025-12-28T13:18:12.053+0000] {dag.py:3047} INFO - Sync 1 DAGs
[2025-12-28T13:18:12.065+0000] {logging_mixin.py:188} INFO - [2025-12-28T13:18:12.065+0000] {dag.py:3834} INFO - Setting next_dagrun for amazon_sql_transformation_scheduler to None, run_after=None
[2025-12-28T13:18:12.081+0000] {processor.py:183} INFO - Processing /opt/airflow/dags/amazon_sql_scheduler_dag.py took 0.197 seconds
[2025-12-28T13:18:42.327+0000] {processor.py:161} INFO - Started process (PID=424) to work on /opt/airflow/dags/amazon_sql_scheduler_dag.py
[2025-12-28T13:18:42.329+0000] {processor.py:830} INFO - Processing file /opt/airflow/dags/amazon_sql_scheduler_dag.py for tasks to queue
[2025-12-28T13:18:42.329+0000] {logging_mixin.py:188} INFO - [2025-12-28T13:18:42.329+0000] {dagbag.py:540} INFO - Filling up the DagBag from /opt/airflow/dags/amazon_sql_scheduler_dag.py
[2025-12-28T13:18:42.442+0000] {processor.py:840} INFO - DAG(s) 'amazon_sql_transformation_scheduler' retrieved from /opt/airflow/dags/amazon_sql_scheduler_dag.py
[2025-12-28T13:18:42.471+0000] {logging_mixin.py:188} INFO - [2025-12-28T13:18:42.471+0000] {dag.py:3047} INFO - Sync 1 DAGs
[2025-12-28T13:18:42.483+0000] {logging_mixin.py:188} INFO - [2025-12-28T13:18:42.483+0000] {dag.py:3834} INFO - Setting next_dagrun for amazon_sql_transformation_scheduler to None, run_after=None
[2025-12-28T13:18:42.500+0000] {processor.py:183} INFO - Processing /opt/airflow/dags/amazon_sql_scheduler_dag.py took 0.177 seconds
[2025-12-28T13:19:12.742+0000] {processor.py:161} INFO - Started process (PID=440) to work on /opt/airflow/dags/amazon_sql_scheduler_dag.py
[2025-12-28T13:19:12.743+0000] {processor.py:830} INFO - Processing file /opt/airflow/dags/amazon_sql_scheduler_dag.py for tasks to queue
[2025-12-28T13:19:12.744+0000] {logging_mixin.py:188} INFO - [2025-12-28T13:19:12.744+0000] {dagbag.py:540} INFO - Filling up the DagBag from /opt/airflow/dags/amazon_sql_scheduler_dag.py
[2025-12-28T13:19:12.847+0000] {processor.py:840} INFO - DAG(s) 'amazon_sql_transformation_scheduler' retrieved from /opt/airflow/dags/amazon_sql_scheduler_dag.py
[2025-12-28T13:19:12.877+0000] {logging_mixin.py:188} INFO - [2025-12-28T13:19:12.877+0000] {dag.py:3047} INFO - Sync 1 DAGs
[2025-12-28T13:19:12.890+0000] {logging_mixin.py:188} INFO - [2025-12-28T13:19:12.890+0000] {dag.py:3834} INFO - Setting next_dagrun for amazon_sql_transformation_scheduler to None, run_after=None
[2025-12-28T13:19:12.907+0000] {processor.py:183} INFO - Processing /opt/airflow/dags/amazon_sql_scheduler_dag.py took 0.169 seconds
[2025-12-28T13:19:43.148+0000] {processor.py:161} INFO - Started process (PID=456) to work on /opt/airflow/dags/amazon_sql_scheduler_dag.py
[2025-12-28T13:19:43.149+0000] {processor.py:830} INFO - Processing file /opt/airflow/dags/amazon_sql_scheduler_dag.py for tasks to queue
[2025-12-28T13:19:43.150+0000] {logging_mixin.py:188} INFO - [2025-12-28T13:19:43.150+0000] {dagbag.py:540} INFO - Filling up the DagBag from /opt/airflow/dags/amazon_sql_scheduler_dag.py
[2025-12-28T13:19:43.258+0000] {processor.py:840} INFO - DAG(s) 'amazon_sql_transformation_scheduler' retrieved from /opt/airflow/dags/amazon_sql_scheduler_dag.py
[2025-12-28T13:19:43.291+0000] {logging_mixin.py:188} INFO - [2025-12-28T13:19:43.290+0000] {dag.py:3047} INFO - Sync 1 DAGs
[2025-12-28T13:19:43.304+0000] {logging_mixin.py:188} INFO - [2025-12-28T13:19:43.303+0000] {dag.py:3834} INFO - Setting next_dagrun for amazon_sql_transformation_scheduler to None, run_after=None
[2025-12-28T13:19:43.323+0000] {processor.py:183} INFO - Processing /opt/airflow/dags/amazon_sql_scheduler_dag.py took 0.178 seconds
[2025-12-28T13:20:13.569+0000] {processor.py:161} INFO - Started process (PID=472) to work on /opt/airflow/dags/amazon_sql_scheduler_dag.py
[2025-12-28T13:20:13.570+0000] {processor.py:830} INFO - Processing file /opt/airflow/dags/amazon_sql_scheduler_dag.py for tasks to queue
[2025-12-28T13:20:13.572+0000] {logging_mixin.py:188} INFO - [2025-12-28T13:20:13.572+0000] {dagbag.py:540} INFO - Filling up the DagBag from /opt/airflow/dags/amazon_sql_scheduler_dag.py
[2025-12-28T13:20:13.696+0000] {processor.py:840} INFO - DAG(s) 'amazon_sql_transformation_scheduler' retrieved from /opt/airflow/dags/amazon_sql_scheduler_dag.py
[2025-12-28T13:20:13.728+0000] {logging_mixin.py:188} INFO - [2025-12-28T13:20:13.728+0000] {dag.py:3047} INFO - Sync 1 DAGs
[2025-12-28T13:20:13.741+0000] {logging_mixin.py:188} INFO - [2025-12-28T13:20:13.740+0000] {dag.py:3834} INFO - Setting next_dagrun for amazon_sql_transformation_scheduler to None, run_after=None
[2025-12-28T13:20:13.758+0000] {processor.py:183} INFO - Processing /opt/airflow/dags/amazon_sql_scheduler_dag.py took 0.195 seconds
[2025-12-28T13:20:44.010+0000] {processor.py:161} INFO - Started process (PID=488) to work on /opt/airflow/dags/amazon_sql_scheduler_dag.py
[2025-12-28T13:20:44.012+0000] {processor.py:830} INFO - Processing file /opt/airflow/dags/amazon_sql_scheduler_dag.py for tasks to queue
[2025-12-28T13:20:44.013+0000] {logging_mixin.py:188} INFO - [2025-12-28T13:20:44.013+0000] {dagbag.py:540} INFO - Filling up the DagBag from /opt/airflow/dags/amazon_sql_scheduler_dag.py
[2025-12-28T13:20:44.136+0000] {processor.py:840} INFO - DAG(s) 'amazon_sql_transformation_scheduler' retrieved from /opt/airflow/dags/amazon_sql_scheduler_dag.py
[2025-12-28T13:20:44.175+0000] {logging_mixin.py:188} INFO - [2025-12-28T13:20:44.174+0000] {dag.py:3047} INFO - Sync 1 DAGs
[2025-12-28T13:20:44.188+0000] {logging_mixin.py:188} INFO - [2025-12-28T13:20:44.187+0000] {dag.py:3834} INFO - Setting next_dagrun for amazon_sql_transformation_scheduler to None, run_after=None
[2025-12-28T13:20:44.206+0000] {processor.py:183} INFO - Processing /opt/airflow/dags/amazon_sql_scheduler_dag.py took 0.199 seconds
[2025-12-28T13:21:14.420+0000] {processor.py:161} INFO - Started process (PID=509) to work on /opt/airflow/dags/amazon_sql_scheduler_dag.py
[2025-12-28T13:21:14.421+0000] {processor.py:830} INFO - Processing file /opt/airflow/dags/amazon_sql_scheduler_dag.py for tasks to queue
[2025-12-28T13:21:14.423+0000] {logging_mixin.py:188} INFO - [2025-12-28T13:21:14.422+0000] {dagbag.py:540} INFO - Filling up the DagBag from /opt/airflow/dags/amazon_sql_scheduler_dag.py
[2025-12-28T13:21:14.541+0000] {processor.py:840} INFO - DAG(s) 'amazon_sql_transformation_scheduler' retrieved from /opt/airflow/dags/amazon_sql_scheduler_dag.py
[2025-12-28T13:21:14.577+0000] {logging_mixin.py:188} INFO - [2025-12-28T13:21:14.577+0000] {dag.py:3047} INFO - Sync 1 DAGs
[2025-12-28T13:21:14.593+0000] {logging_mixin.py:188} INFO - [2025-12-28T13:21:14.593+0000] {dag.py:3834} INFO - Setting next_dagrun for amazon_sql_transformation_scheduler to None, run_after=None
[2025-12-28T13:21:14.634+0000] {processor.py:183} INFO - Processing /opt/airflow/dags/amazon_sql_scheduler_dag.py took 0.219 seconds
[2025-12-28T13:21:45.039+0000] {processor.py:161} INFO - Started process (PID=520) to work on /opt/airflow/dags/amazon_sql_scheduler_dag.py
[2025-12-28T13:21:45.042+0000] {processor.py:830} INFO - Processing file /opt/airflow/dags/amazon_sql_scheduler_dag.py for tasks to queue
[2025-12-28T13:21:45.044+0000] {logging_mixin.py:188} INFO - [2025-12-28T13:21:45.044+0000] {dagbag.py:540} INFO - Filling up the DagBag from /opt/airflow/dags/amazon_sql_scheduler_dag.py
[2025-12-28T13:21:45.169+0000] {processor.py:840} INFO - DAG(s) 'amazon_sql_transformation_scheduler' retrieved from /opt/airflow/dags/amazon_sql_scheduler_dag.py
[2025-12-28T13:21:45.202+0000] {logging_mixin.py:188} INFO - [2025-12-28T13:21:45.202+0000] {dag.py:3047} INFO - Sync 1 DAGs
[2025-12-28T13:21:45.216+0000] {logging_mixin.py:188} INFO - [2025-12-28T13:21:45.216+0000] {dag.py:3834} INFO - Setting next_dagrun for amazon_sql_transformation_scheduler to None, run_after=None
[2025-12-28T13:21:45.237+0000] {processor.py:183} INFO - Processing /opt/airflow/dags/amazon_sql_scheduler_dag.py took 0.205 seconds
[2025-12-28T13:22:15.477+0000] {processor.py:161} INFO - Started process (PID=536) to work on /opt/airflow/dags/amazon_sql_scheduler_dag.py
[2025-12-28T13:22:15.479+0000] {processor.py:830} INFO - Processing file /opt/airflow/dags/amazon_sql_scheduler_dag.py for tasks to queue
[2025-12-28T13:22:15.480+0000] {logging_mixin.py:188} INFO - [2025-12-28T13:22:15.480+0000] {dagbag.py:540} INFO - Filling up the DagBag from /opt/airflow/dags/amazon_sql_scheduler_dag.py
[2025-12-28T13:22:15.592+0000] {processor.py:840} INFO - DAG(s) 'amazon_sql_transformation_scheduler' retrieved from /opt/airflow/dags/amazon_sql_scheduler_dag.py
[2025-12-28T13:22:15.624+0000] {logging_mixin.py:188} INFO - [2025-12-28T13:22:15.624+0000] {dag.py:3047} INFO - Sync 1 DAGs
[2025-12-28T13:22:15.637+0000] {logging_mixin.py:188} INFO - [2025-12-28T13:22:15.637+0000] {dag.py:3834} INFO - Setting next_dagrun for amazon_sql_transformation_scheduler to None, run_after=None
[2025-12-28T13:22:15.655+0000] {processor.py:183} INFO - Processing /opt/airflow/dags/amazon_sql_scheduler_dag.py took 0.182 seconds
[2025-12-28T13:22:45.887+0000] {processor.py:161} INFO - Started process (PID=552) to work on /opt/airflow/dags/amazon_sql_scheduler_dag.py
[2025-12-28T13:22:45.888+0000] {processor.py:830} INFO - Processing file /opt/airflow/dags/amazon_sql_scheduler_dag.py for tasks to queue
[2025-12-28T13:22:45.889+0000] {logging_mixin.py:188} INFO - [2025-12-28T13:22:45.889+0000] {dagbag.py:540} INFO - Filling up the DagBag from /opt/airflow/dags/amazon_sql_scheduler_dag.py
[2025-12-28T13:22:45.996+0000] {processor.py:840} INFO - DAG(s) 'amazon_sql_transformation_scheduler' retrieved from /opt/airflow/dags/amazon_sql_scheduler_dag.py
[2025-12-28T13:22:46.032+0000] {logging_mixin.py:188} INFO - [2025-12-28T13:22:46.032+0000] {dag.py:3047} INFO - Sync 1 DAGs
[2025-12-28T13:22:46.045+0000] {logging_mixin.py:188} INFO - [2025-12-28T13:22:46.045+0000] {dag.py:3834} INFO - Setting next_dagrun for amazon_sql_transformation_scheduler to None, run_after=None
[2025-12-28T13:22:46.063+0000] {processor.py:183} INFO - Processing /opt/airflow/dags/amazon_sql_scheduler_dag.py took 0.179 seconds
[2025-12-28T13:23:16.298+0000] {processor.py:161} INFO - Started process (PID=568) to work on /opt/airflow/dags/amazon_sql_scheduler_dag.py
[2025-12-28T13:23:16.299+0000] {processor.py:830} INFO - Processing file /opt/airflow/dags/amazon_sql_scheduler_dag.py for tasks to queue
[2025-12-28T13:23:16.300+0000] {logging_mixin.py:188} INFO - [2025-12-28T13:23:16.300+0000] {dagbag.py:540} INFO - Filling up the DagBag from /opt/airflow/dags/amazon_sql_scheduler_dag.py
[2025-12-28T13:23:16.412+0000] {processor.py:840} INFO - DAG(s) 'amazon_sql_transformation_scheduler' retrieved from /opt/airflow/dags/amazon_sql_scheduler_dag.py
[2025-12-28T13:23:16.451+0000] {logging_mixin.py:188} INFO - [2025-12-28T13:23:16.450+0000] {dag.py:3047} INFO - Sync 1 DAGs
[2025-12-28T13:23:16.463+0000] {logging_mixin.py:188} INFO - [2025-12-28T13:23:16.463+0000] {dag.py:3834} INFO - Setting next_dagrun for amazon_sql_transformation_scheduler to None, run_after=None
[2025-12-28T13:23:16.481+0000] {processor.py:183} INFO - Processing /opt/airflow/dags/amazon_sql_scheduler_dag.py took 0.187 seconds
[2025-12-28T13:23:46.717+0000] {processor.py:161} INFO - Started process (PID=584) to work on /opt/airflow/dags/amazon_sql_scheduler_dag.py
[2025-12-28T13:23:46.718+0000] {processor.py:830} INFO - Processing file /opt/airflow/dags/amazon_sql_scheduler_dag.py for tasks to queue
[2025-12-28T13:23:46.719+0000] {logging_mixin.py:188} INFO - [2025-12-28T13:23:46.719+0000] {dagbag.py:540} INFO - Filling up the DagBag from /opt/airflow/dags/amazon_sql_scheduler_dag.py
[2025-12-28T13:23:46.856+0000] {processor.py:840} INFO - DAG(s) 'amazon_sql_transformation_scheduler' retrieved from /opt/airflow/dags/amazon_sql_scheduler_dag.py
[2025-12-28T13:23:46.893+0000] {logging_mixin.py:188} INFO - [2025-12-28T13:23:46.893+0000] {dag.py:3047} INFO - Sync 1 DAGs
[2025-12-28T13:23:46.905+0000] {logging_mixin.py:188} INFO - [2025-12-28T13:23:46.905+0000] {dag.py:3834} INFO - Setting next_dagrun for amazon_sql_transformation_scheduler to None, run_after=None
[2025-12-28T13:23:46.940+0000] {processor.py:183} INFO - Processing /opt/airflow/dags/amazon_sql_scheduler_dag.py took 0.228 seconds
[2025-12-28T13:24:17.208+0000] {processor.py:161} INFO - Started process (PID=605) to work on /opt/airflow/dags/amazon_sql_scheduler_dag.py
[2025-12-28T13:24:17.210+0000] {processor.py:830} INFO - Processing file /opt/airflow/dags/amazon_sql_scheduler_dag.py for tasks to queue
[2025-12-28T13:24:17.211+0000] {logging_mixin.py:188} INFO - [2025-12-28T13:24:17.211+0000] {dagbag.py:540} INFO - Filling up the DagBag from /opt/airflow/dags/amazon_sql_scheduler_dag.py
[2025-12-28T13:24:17.330+0000] {processor.py:840} INFO - DAG(s) 'amazon_sql_transformation_scheduler' retrieved from /opt/airflow/dags/amazon_sql_scheduler_dag.py
[2025-12-28T13:24:17.370+0000] {logging_mixin.py:188} INFO - [2025-12-28T13:24:17.369+0000] {dag.py:3047} INFO - Sync 1 DAGs
[2025-12-28T13:24:17.389+0000] {logging_mixin.py:188} INFO - [2025-12-28T13:24:17.389+0000] {dag.py:3834} INFO - Setting next_dagrun for amazon_sql_transformation_scheduler to None, run_after=None
[2025-12-28T13:24:17.418+0000] {processor.py:183} INFO - Processing /opt/airflow/dags/amazon_sql_scheduler_dag.py took 0.214 seconds
[2025-12-28T13:24:47.676+0000] {processor.py:161} INFO - Started process (PID=616) to work on /opt/airflow/dags/amazon_sql_scheduler_dag.py
[2025-12-28T13:24:47.677+0000] {processor.py:830} INFO - Processing file /opt/airflow/dags/amazon_sql_scheduler_dag.py for tasks to queue
[2025-12-28T13:24:47.679+0000] {logging_mixin.py:188} INFO - [2025-12-28T13:24:47.678+0000] {dagbag.py:540} INFO - Filling up the DagBag from /opt/airflow/dags/amazon_sql_scheduler_dag.py
[2025-12-28T13:24:47.798+0000] {processor.py:840} INFO - DAG(s) 'amazon_sql_transformation_scheduler' retrieved from /opt/airflow/dags/amazon_sql_scheduler_dag.py
[2025-12-28T13:24:47.828+0000] {logging_mixin.py:188} INFO - [2025-12-28T13:24:47.828+0000] {dag.py:3047} INFO - Sync 1 DAGs
[2025-12-28T13:24:47.839+0000] {logging_mixin.py:188} INFO - [2025-12-28T13:24:47.839+0000] {dag.py:3834} INFO - Setting next_dagrun for amazon_sql_transformation_scheduler to None, run_after=None
[2025-12-28T13:24:47.855+0000] {processor.py:183} INFO - Processing /opt/airflow/dags/amazon_sql_scheduler_dag.py took 0.183 seconds
[2025-12-28T13:25:18.097+0000] {processor.py:161} INFO - Started process (PID=632) to work on /opt/airflow/dags/amazon_sql_scheduler_dag.py
[2025-12-28T13:25:18.098+0000] {processor.py:830} INFO - Processing file /opt/airflow/dags/amazon_sql_scheduler_dag.py for tasks to queue
[2025-12-28T13:25:18.098+0000] {logging_mixin.py:188} INFO - [2025-12-28T13:25:18.098+0000] {dagbag.py:540} INFO - Filling up the DagBag from /opt/airflow/dags/amazon_sql_scheduler_dag.py
[2025-12-28T13:25:18.208+0000] {processor.py:840} INFO - DAG(s) 'amazon_sql_transformation_scheduler' retrieved from /opt/airflow/dags/amazon_sql_scheduler_dag.py
[2025-12-28T13:25:18.236+0000] {logging_mixin.py:188} INFO - [2025-12-28T13:25:18.236+0000] {dag.py:3047} INFO - Sync 1 DAGs
[2025-12-28T13:25:18.247+0000] {logging_mixin.py:188} INFO - [2025-12-28T13:25:18.247+0000] {dag.py:3834} INFO - Setting next_dagrun for amazon_sql_transformation_scheduler to None, run_after=None
[2025-12-28T13:25:18.264+0000] {processor.py:183} INFO - Processing /opt/airflow/dags/amazon_sql_scheduler_dag.py took 0.171 seconds
[2025-12-28T13:25:48.485+0000] {processor.py:161} INFO - Started process (PID=648) to work on /opt/airflow/dags/amazon_sql_scheduler_dag.py
[2025-12-28T13:25:48.486+0000] {processor.py:830} INFO - Processing file /opt/airflow/dags/amazon_sql_scheduler_dag.py for tasks to queue
[2025-12-28T13:25:48.487+0000] {logging_mixin.py:188} INFO - [2025-12-28T13:25:48.487+0000] {dagbag.py:540} INFO - Filling up the DagBag from /opt/airflow/dags/amazon_sql_scheduler_dag.py
[2025-12-28T13:25:48.593+0000] {processor.py:840} INFO - DAG(s) 'amazon_sql_transformation_scheduler' retrieved from /opt/airflow/dags/amazon_sql_scheduler_dag.py
[2025-12-28T13:25:48.623+0000] {logging_mixin.py:188} INFO - [2025-12-28T13:25:48.623+0000] {dag.py:3047} INFO - Sync 1 DAGs
[2025-12-28T13:25:48.634+0000] {logging_mixin.py:188} INFO - [2025-12-28T13:25:48.634+0000] {dag.py:3834} INFO - Setting next_dagrun for amazon_sql_transformation_scheduler to None, run_after=None
[2025-12-28T13:25:48.650+0000] {processor.py:183} INFO - Processing /opt/airflow/dags/amazon_sql_scheduler_dag.py took 0.168 seconds
[2025-12-28T13:26:18.870+0000] {processor.py:161} INFO - Started process (PID=664) to work on /opt/airflow/dags/amazon_sql_scheduler_dag.py
[2025-12-28T13:26:18.871+0000] {processor.py:830} INFO - Processing file /opt/airflow/dags/amazon_sql_scheduler_dag.py for tasks to queue
[2025-12-28T13:26:18.872+0000] {logging_mixin.py:188} INFO - [2025-12-28T13:26:18.872+0000] {dagbag.py:540} INFO - Filling up the DagBag from /opt/airflow/dags/amazon_sql_scheduler_dag.py
[2025-12-28T13:26:18.987+0000] {processor.py:840} INFO - DAG(s) 'amazon_sql_transformation_scheduler' retrieved from /opt/airflow/dags/amazon_sql_scheduler_dag.py
[2025-12-28T13:26:19.037+0000] {logging_mixin.py:188} INFO - [2025-12-28T13:26:19.036+0000] {dag.py:3047} INFO - Sync 1 DAGs
[2025-12-28T13:26:19.052+0000] {logging_mixin.py:188} INFO - [2025-12-28T13:26:19.051+0000] {dag.py:3834} INFO - Setting next_dagrun for amazon_sql_transformation_scheduler to None, run_after=None
[2025-12-28T13:26:19.071+0000] {processor.py:183} INFO - Processing /opt/airflow/dags/amazon_sql_scheduler_dag.py took 0.205 seconds
[2025-12-28T13:26:49.335+0000] {processor.py:161} INFO - Started process (PID=680) to work on /opt/airflow/dags/amazon_sql_scheduler_dag.py
[2025-12-28T13:26:49.336+0000] {processor.py:830} INFO - Processing file /opt/airflow/dags/amazon_sql_scheduler_dag.py for tasks to queue
[2025-12-28T13:26:49.337+0000] {logging_mixin.py:188} INFO - [2025-12-28T13:26:49.336+0000] {dagbag.py:540} INFO - Filling up the DagBag from /opt/airflow/dags/amazon_sql_scheduler_dag.py
[2025-12-28T13:26:49.443+0000] {processor.py:840} INFO - DAG(s) 'amazon_sql_transformation_scheduler' retrieved from /opt/airflow/dags/amazon_sql_scheduler_dag.py
[2025-12-28T13:26:49.476+0000] {logging_mixin.py:188} INFO - [2025-12-28T13:26:49.476+0000] {dag.py:3047} INFO - Sync 1 DAGs
[2025-12-28T13:26:49.488+0000] {logging_mixin.py:188} INFO - [2025-12-28T13:26:49.488+0000] {dag.py:3834} INFO - Setting next_dagrun for amazon_sql_transformation_scheduler to None, run_after=None
[2025-12-28T13:26:49.508+0000] {processor.py:183} INFO - Processing /opt/airflow/dags/amazon_sql_scheduler_dag.py took 0.177 seconds
[2025-12-28T13:27:19.739+0000] {processor.py:161} INFO - Started process (PID=696) to work on /opt/airflow/dags/amazon_sql_scheduler_dag.py
[2025-12-28T13:27:19.740+0000] {processor.py:830} INFO - Processing file /opt/airflow/dags/amazon_sql_scheduler_dag.py for tasks to queue
[2025-12-28T13:27:19.741+0000] {logging_mixin.py:188} INFO - [2025-12-28T13:27:19.741+0000] {dagbag.py:540} INFO - Filling up the DagBag from /opt/airflow/dags/amazon_sql_scheduler_dag.py
[2025-12-28T13:27:19.844+0000] {processor.py:840} INFO - DAG(s) 'amazon_sql_transformation_scheduler' retrieved from /opt/airflow/dags/amazon_sql_scheduler_dag.py
[2025-12-28T13:27:19.876+0000] {logging_mixin.py:188} INFO - [2025-12-28T13:27:19.875+0000] {dag.py:3047} INFO - Sync 1 DAGs
[2025-12-28T13:27:19.887+0000] {logging_mixin.py:188} INFO - [2025-12-28T13:27:19.886+0000] {dag.py:3834} INFO - Setting next_dagrun for amazon_sql_transformation_scheduler to None, run_after=None
[2025-12-28T13:27:19.903+0000] {processor.py:183} INFO - Processing /opt/airflow/dags/amazon_sql_scheduler_dag.py took 0.168 seconds
[2025-12-28T13:27:42.072+0000] {processor.py:161} INFO - Started process (PID=706) to work on /opt/airflow/dags/amazon_sql_scheduler_dag.py
[2025-12-28T13:27:42.073+0000] {processor.py:830} INFO - Processing file /opt/airflow/dags/amazon_sql_scheduler_dag.py for tasks to queue
[2025-12-28T13:27:42.074+0000] {logging_mixin.py:188} INFO - [2025-12-28T13:27:42.073+0000] {dagbag.py:540} INFO - Filling up the DagBag from /opt/airflow/dags/amazon_sql_scheduler_dag.py
[2025-12-28T13:27:42.195+0000] {processor.py:840} INFO - DAG(s) 'amazon_sql_transformation_scheduler' retrieved from /opt/airflow/dags/amazon_sql_scheduler_dag.py
[2025-12-28T13:27:42.225+0000] {logging_mixin.py:188} INFO - [2025-12-28T13:27:42.225+0000] {dag.py:3047} INFO - Sync 1 DAGs
[2025-12-28T13:27:42.239+0000] {logging_mixin.py:188} INFO - [2025-12-28T13:27:42.239+0000] {dag.py:3834} INFO - Setting next_dagrun for amazon_sql_transformation_scheduler to None, run_after=None
[2025-12-28T13:27:42.266+0000] {processor.py:183} INFO - Processing /opt/airflow/dags/amazon_sql_scheduler_dag.py took 0.198 seconds
[2025-12-28T13:28:04.036+0000] {processor.py:161} INFO - Started process (PID=722) to work on /opt/airflow/dags/amazon_sql_scheduler_dag.py
[2025-12-28T13:28:04.038+0000] {processor.py:830} INFO - Processing file /opt/airflow/dags/amazon_sql_scheduler_dag.py for tasks to queue
[2025-12-28T13:28:04.039+0000] {logging_mixin.py:188} INFO - [2025-12-28T13:28:04.039+0000] {dagbag.py:540} INFO - Filling up the DagBag from /opt/airflow/dags/amazon_sql_scheduler_dag.py
[2025-12-28T13:28:04.248+0000] {processor.py:840} INFO - DAG(s) 'amazon_sql_transformation_scheduler' retrieved from /opt/airflow/dags/amazon_sql_scheduler_dag.py
[2025-12-28T13:28:04.593+0000] {logging_mixin.py:188} INFO - [2025-12-28T13:28:04.592+0000] {dag.py:3047} INFO - Sync 1 DAGs
[2025-12-28T13:28:04.612+0000] {logging_mixin.py:188} INFO - [2025-12-28T13:28:04.612+0000] {dag.py:3834} INFO - Setting next_dagrun for amazon_sql_transformation_scheduler to None, run_after=None
[2025-12-28T13:28:04.646+0000] {processor.py:183} INFO - Processing /opt/airflow/dags/amazon_sql_scheduler_dag.py took 0.614 seconds
[2025-12-28T13:28:34.923+0000] {processor.py:161} INFO - Started process (PID=738) to work on /opt/airflow/dags/amazon_sql_scheduler_dag.py
[2025-12-28T13:28:34.924+0000] {processor.py:830} INFO - Processing file /opt/airflow/dags/amazon_sql_scheduler_dag.py for tasks to queue
[2025-12-28T13:28:34.925+0000] {logging_mixin.py:188} INFO - [2025-12-28T13:28:34.925+0000] {dagbag.py:540} INFO - Filling up the DagBag from /opt/airflow/dags/amazon_sql_scheduler_dag.py
[2025-12-28T13:28:35.102+0000] {processor.py:840} INFO - DAG(s) 'amazon_sql_transformation_scheduler' retrieved from /opt/airflow/dags/amazon_sql_scheduler_dag.py
[2025-12-28T13:28:35.143+0000] {logging_mixin.py:188} INFO - [2025-12-28T13:28:35.143+0000] {dag.py:3047} INFO - Sync 1 DAGs
[2025-12-28T13:28:35.158+0000] {logging_mixin.py:188} INFO - [2025-12-28T13:28:35.158+0000] {dag.py:3834} INFO - Setting next_dagrun for amazon_sql_transformation_scheduler to None, run_after=None
[2025-12-28T13:28:35.184+0000] {processor.py:183} INFO - Processing /opt/airflow/dags/amazon_sql_scheduler_dag.py took 0.265 seconds
[2025-12-28T13:28:56.383+0000] {processor.py:161} INFO - Started process (PID=754) to work on /opt/airflow/dags/amazon_sql_scheduler_dag.py
[2025-12-28T13:28:56.384+0000] {processor.py:830} INFO - Processing file /opt/airflow/dags/amazon_sql_scheduler_dag.py for tasks to queue
[2025-12-28T13:28:56.385+0000] {logging_mixin.py:188} INFO - [2025-12-28T13:28:56.385+0000] {dagbag.py:540} INFO - Filling up the DagBag from /opt/airflow/dags/amazon_sql_scheduler_dag.py
[2025-12-28T13:28:56.485+0000] {processor.py:840} INFO - DAG(s) 'amazon_sql_transformation_scheduler' retrieved from /opt/airflow/dags/amazon_sql_scheduler_dag.py
[2025-12-28T13:28:56.586+0000] {logging_mixin.py:188} INFO - [2025-12-28T13:28:56.586+0000] {dag.py:3047} INFO - Sync 1 DAGs
[2025-12-28T13:28:56.595+0000] {logging_mixin.py:188} INFO - [2025-12-28T13:28:56.595+0000] {dag.py:3834} INFO - Setting next_dagrun for amazon_sql_transformation_scheduler to None, run_after=None
[2025-12-28T13:28:56.638+0000] {processor.py:183} INFO - Processing /opt/airflow/dags/amazon_sql_scheduler_dag.py took 0.257 seconds
[2025-12-28T13:29:54.587+0000] {processor.py:161} INFO - Started process (PID=194) to work on /opt/airflow/dags/amazon_sql_scheduler_dag.py
[2025-12-28T13:29:54.589+0000] {processor.py:830} INFO - Processing file /opt/airflow/dags/amazon_sql_scheduler_dag.py for tasks to queue
[2025-12-28T13:29:54.591+0000] {logging_mixin.py:188} INFO - [2025-12-28T13:29:54.590+0000] {dagbag.py:540} INFO - Filling up the DagBag from /opt/airflow/dags/amazon_sql_scheduler_dag.py
[2025-12-28T13:29:55.122+0000] {processor.py:840} INFO - DAG(s) 'amazon_sql_transformation_scheduler' retrieved from /opt/airflow/dags/amazon_sql_scheduler_dag.py
[2025-12-28T13:29:55.201+0000] {logging_mixin.py:188} INFO - [2025-12-28T13:29:55.200+0000] {dag.py:3047} INFO - Sync 1 DAGs
[2025-12-28T13:29:55.218+0000] {logging_mixin.py:188} INFO - [2025-12-28T13:29:55.217+0000] {dag.py:3834} INFO - Setting next_dagrun for amazon_sql_transformation_scheduler to None, run_after=None
[2025-12-28T13:29:55.242+0000] {processor.py:183} INFO - Processing /opt/airflow/dags/amazon_sql_scheduler_dag.py took 0.662 seconds
[2025-12-28T13:30:25.373+0000] {processor.py:161} INFO - Started process (PID=210) to work on /opt/airflow/dags/amazon_sql_scheduler_dag.py
[2025-12-28T13:30:25.374+0000] {processor.py:830} INFO - Processing file /opt/airflow/dags/amazon_sql_scheduler_dag.py for tasks to queue
[2025-12-28T13:30:25.375+0000] {logging_mixin.py:188} INFO - [2025-12-28T13:30:25.374+0000] {dagbag.py:540} INFO - Filling up the DagBag from /opt/airflow/dags/amazon_sql_scheduler_dag.py
[2025-12-28T13:30:25.531+0000] {processor.py:840} INFO - DAG(s) 'amazon_sql_transformation_scheduler' retrieved from /opt/airflow/dags/amazon_sql_scheduler_dag.py
[2025-12-28T13:30:25.575+0000] {logging_mixin.py:188} INFO - [2025-12-28T13:30:25.575+0000] {dag.py:3047} INFO - Sync 1 DAGs
[2025-12-28T13:30:25.593+0000] {logging_mixin.py:188} INFO - [2025-12-28T13:30:25.593+0000] {dag.py:3834} INFO - Setting next_dagrun for amazon_sql_transformation_scheduler to None, run_after=None
[2025-12-28T13:30:25.624+0000] {processor.py:183} INFO - Processing /opt/airflow/dags/amazon_sql_scheduler_dag.py took 0.255 seconds
[2025-12-28T13:30:56.039+0000] {processor.py:161} INFO - Started process (PID=228) to work on /opt/airflow/dags/amazon_sql_scheduler_dag.py
[2025-12-28T13:30:56.041+0000] {processor.py:830} INFO - Processing file /opt/airflow/dags/amazon_sql_scheduler_dag.py for tasks to queue
[2025-12-28T13:30:56.043+0000] {logging_mixin.py:188} INFO - [2025-12-28T13:30:56.042+0000] {dagbag.py:540} INFO - Filling up the DagBag from /opt/airflow/dags/amazon_sql_scheduler_dag.py
[2025-12-28T13:30:56.197+0000] {processor.py:840} INFO - DAG(s) 'amazon_sql_transformation_scheduler' retrieved from /opt/airflow/dags/amazon_sql_scheduler_dag.py
[2025-12-28T13:30:56.239+0000] {logging_mixin.py:188} INFO - [2025-12-28T13:30:56.239+0000] {dag.py:3047} INFO - Sync 1 DAGs
[2025-12-28T13:30:56.254+0000] {logging_mixin.py:188} INFO - [2025-12-28T13:30:56.253+0000] {dag.py:3834} INFO - Setting next_dagrun for amazon_sql_transformation_scheduler to None, run_after=None
[2025-12-28T13:30:56.274+0000] {processor.py:183} INFO - Processing /opt/airflow/dags/amazon_sql_scheduler_dag.py took 0.241 seconds
[2025-12-28T13:31:26.523+0000] {processor.py:161} INFO - Started process (PID=250) to work on /opt/airflow/dags/amazon_sql_scheduler_dag.py
[2025-12-28T13:31:26.524+0000] {processor.py:830} INFO - Processing file /opt/airflow/dags/amazon_sql_scheduler_dag.py for tasks to queue
[2025-12-28T13:31:26.525+0000] {logging_mixin.py:188} INFO - [2025-12-28T13:31:26.525+0000] {dagbag.py:540} INFO - Filling up the DagBag from /opt/airflow/dags/amazon_sql_scheduler_dag.py
[2025-12-28T13:31:26.631+0000] {processor.py:840} INFO - DAG(s) 'amazon_sql_transformation_scheduler' retrieved from /opt/airflow/dags/amazon_sql_scheduler_dag.py
[2025-12-28T13:31:26.660+0000] {logging_mixin.py:188} INFO - [2025-12-28T13:31:26.660+0000] {dag.py:3047} INFO - Sync 1 DAGs
[2025-12-28T13:31:26.671+0000] {logging_mixin.py:188} INFO - [2025-12-28T13:31:26.671+0000] {dag.py:3834} INFO - Setting next_dagrun for amazon_sql_transformation_scheduler to None, run_after=None
[2025-12-28T13:31:26.688+0000] {processor.py:183} INFO - Processing /opt/airflow/dags/amazon_sql_scheduler_dag.py took 0.169 seconds
[2025-12-28T13:31:56.930+0000] {processor.py:161} INFO - Started process (PID=266) to work on /opt/airflow/dags/amazon_sql_scheduler_dag.py
[2025-12-28T13:31:56.932+0000] {processor.py:830} INFO - Processing file /opt/airflow/dags/amazon_sql_scheduler_dag.py for tasks to queue
[2025-12-28T13:31:56.933+0000] {logging_mixin.py:188} INFO - [2025-12-28T13:31:56.933+0000] {dagbag.py:540} INFO - Filling up the DagBag from /opt/airflow/dags/amazon_sql_scheduler_dag.py
[2025-12-28T13:31:57.047+0000] {processor.py:840} INFO - DAG(s) 'amazon_sql_transformation_scheduler' retrieved from /opt/airflow/dags/amazon_sql_scheduler_dag.py
[2025-12-28T13:31:57.076+0000] {logging_mixin.py:188} INFO - [2025-12-28T13:31:57.076+0000] {dag.py:3047} INFO - Sync 1 DAGs
[2025-12-28T13:31:57.087+0000] {logging_mixin.py:188} INFO - [2025-12-28T13:31:57.087+0000] {dag.py:3834} INFO - Setting next_dagrun for amazon_sql_transformation_scheduler to None, run_after=None
[2025-12-28T13:31:57.101+0000] {processor.py:183} INFO - Processing /opt/airflow/dags/amazon_sql_scheduler_dag.py took 0.175 seconds
[2025-12-28T13:32:27.344+0000] {processor.py:161} INFO - Started process (PID=282) to work on /opt/airflow/dags/amazon_sql_scheduler_dag.py
[2025-12-28T13:32:27.345+0000] {processor.py:830} INFO - Processing file /opt/airflow/dags/amazon_sql_scheduler_dag.py for tasks to queue
[2025-12-28T13:32:27.346+0000] {logging_mixin.py:188} INFO - [2025-12-28T13:32:27.346+0000] {dagbag.py:540} INFO - Filling up the DagBag from /opt/airflow/dags/amazon_sql_scheduler_dag.py
[2025-12-28T13:32:27.454+0000] {processor.py:840} INFO - DAG(s) 'amazon_sql_transformation_scheduler' retrieved from /opt/airflow/dags/amazon_sql_scheduler_dag.py
[2025-12-28T13:32:27.485+0000] {logging_mixin.py:188} INFO - [2025-12-28T13:32:27.484+0000] {dag.py:3047} INFO - Sync 1 DAGs
[2025-12-28T13:32:27.496+0000] {logging_mixin.py:188} INFO - [2025-12-28T13:32:27.496+0000] {dag.py:3834} INFO - Setting next_dagrun for amazon_sql_transformation_scheduler to None, run_after=None
[2025-12-28T13:32:27.513+0000] {processor.py:183} INFO - Processing /opt/airflow/dags/amazon_sql_scheduler_dag.py took 0.173 seconds
[2025-12-28T13:32:57.763+0000] {processor.py:161} INFO - Started process (PID=298) to work on /opt/airflow/dags/amazon_sql_scheduler_dag.py
[2025-12-28T13:32:57.764+0000] {processor.py:830} INFO - Processing file /opt/airflow/dags/amazon_sql_scheduler_dag.py for tasks to queue
[2025-12-28T13:32:57.765+0000] {logging_mixin.py:188} INFO - [2025-12-28T13:32:57.765+0000] {dagbag.py:540} INFO - Filling up the DagBag from /opt/airflow/dags/amazon_sql_scheduler_dag.py
[2025-12-28T13:32:57.870+0000] {processor.py:840} INFO - DAG(s) 'amazon_sql_transformation_scheduler' retrieved from /opt/airflow/dags/amazon_sql_scheduler_dag.py
[2025-12-28T13:32:57.900+0000] {logging_mixin.py:188} INFO - [2025-12-28T13:32:57.900+0000] {dag.py:3047} INFO - Sync 1 DAGs
[2025-12-28T13:32:57.912+0000] {logging_mixin.py:188} INFO - [2025-12-28T13:32:57.911+0000] {dag.py:3834} INFO - Setting next_dagrun for amazon_sql_transformation_scheduler to None, run_after=None
[2025-12-28T13:32:57.928+0000] {processor.py:183} INFO - Processing /opt/airflow/dags/amazon_sql_scheduler_dag.py took 0.169 seconds
[2025-12-28T13:33:28.170+0000] {processor.py:161} INFO - Started process (PID=314) to work on /opt/airflow/dags/amazon_sql_scheduler_dag.py
[2025-12-28T13:33:28.171+0000] {processor.py:830} INFO - Processing file /opt/airflow/dags/amazon_sql_scheduler_dag.py for tasks to queue
[2025-12-28T13:33:28.172+0000] {logging_mixin.py:188} INFO - [2025-12-28T13:33:28.172+0000] {dagbag.py:540} INFO - Filling up the DagBag from /opt/airflow/dags/amazon_sql_scheduler_dag.py
[2025-12-28T13:33:28.290+0000] {processor.py:840} INFO - DAG(s) 'amazon_sql_transformation_scheduler' retrieved from /opt/airflow/dags/amazon_sql_scheduler_dag.py
[2025-12-28T13:33:28.320+0000] {logging_mixin.py:188} INFO - [2025-12-28T13:33:28.320+0000] {dag.py:3047} INFO - Sync 1 DAGs
[2025-12-28T13:33:28.331+0000] {logging_mixin.py:188} INFO - [2025-12-28T13:33:28.331+0000] {dag.py:3834} INFO - Setting next_dagrun for amazon_sql_transformation_scheduler to None, run_after=None
[2025-12-28T13:33:28.349+0000] {processor.py:183} INFO - Processing /opt/airflow/dags/amazon_sql_scheduler_dag.py took 0.182 seconds
[2025-12-28T13:33:58.621+0000] {processor.py:161} INFO - Started process (PID=330) to work on /opt/airflow/dags/amazon_sql_scheduler_dag.py
[2025-12-28T13:33:58.623+0000] {processor.py:830} INFO - Processing file /opt/airflow/dags/amazon_sql_scheduler_dag.py for tasks to queue
[2025-12-28T13:33:58.626+0000] {logging_mixin.py:188} INFO - [2025-12-28T13:33:58.626+0000] {dagbag.py:540} INFO - Filling up the DagBag from /opt/airflow/dags/amazon_sql_scheduler_dag.py
[2025-12-28T13:33:58.795+0000] {processor.py:840} INFO - DAG(s) 'amazon_sql_transformation_scheduler' retrieved from /opt/airflow/dags/amazon_sql_scheduler_dag.py
[2025-12-28T13:33:58.833+0000] {logging_mixin.py:188} INFO - [2025-12-28T13:33:58.833+0000] {dag.py:3047} INFO - Sync 1 DAGs
[2025-12-28T13:33:58.847+0000] {logging_mixin.py:188} INFO - [2025-12-28T13:33:58.847+0000] {dag.py:3834} INFO - Setting next_dagrun for amazon_sql_transformation_scheduler to None, run_after=None
[2025-12-28T13:33:58.868+0000] {processor.py:183} INFO - Processing /opt/airflow/dags/amazon_sql_scheduler_dag.py took 0.254 seconds
[2025-12-28T13:34:29.122+0000] {processor.py:161} INFO - Started process (PID=346) to work on /opt/airflow/dags/amazon_sql_scheduler_dag.py
[2025-12-28T13:34:29.124+0000] {processor.py:830} INFO - Processing file /opt/airflow/dags/amazon_sql_scheduler_dag.py for tasks to queue
[2025-12-28T13:34:29.125+0000] {logging_mixin.py:188} INFO - [2025-12-28T13:34:29.125+0000] {dagbag.py:540} INFO - Filling up the DagBag from /opt/airflow/dags/amazon_sql_scheduler_dag.py
[2025-12-28T13:34:29.251+0000] {processor.py:840} INFO - DAG(s) 'amazon_sql_transformation_scheduler' retrieved from /opt/airflow/dags/amazon_sql_scheduler_dag.py
[2025-12-28T13:34:29.281+0000] {logging_mixin.py:188} INFO - [2025-12-28T13:34:29.281+0000] {dag.py:3047} INFO - Sync 1 DAGs
[2025-12-28T13:34:29.291+0000] {logging_mixin.py:188} INFO - [2025-12-28T13:34:29.291+0000] {dag.py:3834} INFO - Setting next_dagrun for amazon_sql_transformation_scheduler to None, run_after=None
[2025-12-28T13:34:29.308+0000] {processor.py:183} INFO - Processing /opt/airflow/dags/amazon_sql_scheduler_dag.py took 0.191 seconds
[2025-12-28T13:34:59.611+0000] {processor.py:161} INFO - Started process (PID=362) to work on /opt/airflow/dags/amazon_sql_scheduler_dag.py
[2025-12-28T13:34:59.613+0000] {processor.py:830} INFO - Processing file /opt/airflow/dags/amazon_sql_scheduler_dag.py for tasks to queue
[2025-12-28T13:34:59.614+0000] {logging_mixin.py:188} INFO - [2025-12-28T13:34:59.613+0000] {dagbag.py:540} INFO - Filling up the DagBag from /opt/airflow/dags/amazon_sql_scheduler_dag.py
[2025-12-28T13:34:59.779+0000] {processor.py:840} INFO - DAG(s) 'amazon_sql_transformation_scheduler' retrieved from /opt/airflow/dags/amazon_sql_scheduler_dag.py
[2025-12-28T13:34:59.815+0000] {logging_mixin.py:188} INFO - [2025-12-28T13:34:59.814+0000] {dag.py:3047} INFO - Sync 1 DAGs
[2025-12-28T13:34:59.831+0000] {logging_mixin.py:188} INFO - [2025-12-28T13:34:59.830+0000] {dag.py:3834} INFO - Setting next_dagrun for amazon_sql_transformation_scheduler to None, run_after=None
[2025-12-28T13:34:59.854+0000] {processor.py:183} INFO - Processing /opt/airflow/dags/amazon_sql_scheduler_dag.py took 0.247 seconds
[2025-12-28T13:35:30.022+0000] {processor.py:161} INFO - Started process (PID=383) to work on /opt/airflow/dags/amazon_sql_scheduler_dag.py
[2025-12-28T13:35:30.024+0000] {processor.py:830} INFO - Processing file /opt/airflow/dags/amazon_sql_scheduler_dag.py for tasks to queue
[2025-12-28T13:35:30.025+0000] {logging_mixin.py:188} INFO - [2025-12-28T13:35:30.025+0000] {dagbag.py:540} INFO - Filling up the DagBag from /opt/airflow/dags/amazon_sql_scheduler_dag.py
[2025-12-28T13:35:30.113+0000] {processor.py:840} INFO - DAG(s) 'amazon_sql_transformation_scheduler' retrieved from /opt/airflow/dags/amazon_sql_scheduler_dag.py
[2025-12-28T13:35:30.145+0000] {logging_mixin.py:188} INFO - [2025-12-28T13:35:30.145+0000] {dag.py:3047} INFO - Sync 1 DAGs
[2025-12-28T13:35:30.158+0000] {logging_mixin.py:188} INFO - [2025-12-28T13:35:30.157+0000] {dag.py:3834} INFO - Setting next_dagrun for amazon_sql_transformation_scheduler to None, run_after=None
[2025-12-28T13:35:30.177+0000] {processor.py:183} INFO - Processing /opt/airflow/dags/amazon_sql_scheduler_dag.py took 0.158 seconds
[2025-12-28T13:36:00.436+0000] {processor.py:161} INFO - Started process (PID=394) to work on /opt/airflow/dags/amazon_sql_scheduler_dag.py
[2025-12-28T13:36:00.438+0000] {processor.py:830} INFO - Processing file /opt/airflow/dags/amazon_sql_scheduler_dag.py for tasks to queue
[2025-12-28T13:36:00.439+0000] {logging_mixin.py:188} INFO - [2025-12-28T13:36:00.439+0000] {dagbag.py:540} INFO - Filling up the DagBag from /opt/airflow/dags/amazon_sql_scheduler_dag.py
[2025-12-28T13:36:00.579+0000] {processor.py:840} INFO - DAG(s) 'amazon_sql_transformation_scheduler' retrieved from /opt/airflow/dags/amazon_sql_scheduler_dag.py
[2025-12-28T13:36:00.616+0000] {logging_mixin.py:188} INFO - [2025-12-28T13:36:00.616+0000] {dag.py:3047} INFO - Sync 1 DAGs
[2025-12-28T13:36:00.629+0000] {logging_mixin.py:188} INFO - [2025-12-28T13:36:00.629+0000] {dag.py:3834} INFO - Setting next_dagrun for amazon_sql_transformation_scheduler to None, run_after=None
[2025-12-28T13:36:00.650+0000] {processor.py:183} INFO - Processing /opt/airflow/dags/amazon_sql_scheduler_dag.py took 0.219 seconds
[2025-12-28T13:36:30.851+0000] {processor.py:161} INFO - Started process (PID=410) to work on /opt/airflow/dags/amazon_sql_scheduler_dag.py
[2025-12-28T13:36:30.853+0000] {processor.py:830} INFO - Processing file /opt/airflow/dags/amazon_sql_scheduler_dag.py for tasks to queue
[2025-12-28T13:36:30.855+0000] {logging_mixin.py:188} INFO - [2025-12-28T13:36:30.854+0000] {dagbag.py:540} INFO - Filling up the DagBag from /opt/airflow/dags/amazon_sql_scheduler_dag.py
[2025-12-28T13:36:30.974+0000] {processor.py:840} INFO - DAG(s) 'amazon_sql_transformation_scheduler' retrieved from /opt/airflow/dags/amazon_sql_scheduler_dag.py
[2025-12-28T13:36:31.006+0000] {logging_mixin.py:188} INFO - [2025-12-28T13:36:31.005+0000] {dag.py:3047} INFO - Sync 1 DAGs
[2025-12-28T13:36:31.018+0000] {logging_mixin.py:188} INFO - [2025-12-28T13:36:31.017+0000] {dag.py:3834} INFO - Setting next_dagrun for amazon_sql_transformation_scheduler to None, run_after=None
[2025-12-28T13:36:31.034+0000] {processor.py:183} INFO - Processing /opt/airflow/dags/amazon_sql_scheduler_dag.py took 0.188 seconds
[2025-12-28T13:37:01.305+0000] {processor.py:161} INFO - Started process (PID=426) to work on /opt/airflow/dags/amazon_sql_scheduler_dag.py
[2025-12-28T13:37:01.308+0000] {processor.py:830} INFO - Processing file /opt/airflow/dags/amazon_sql_scheduler_dag.py for tasks to queue
[2025-12-28T13:37:01.311+0000] {logging_mixin.py:188} INFO - [2025-12-28T13:37:01.310+0000] {dagbag.py:540} INFO - Filling up the DagBag from /opt/airflow/dags/amazon_sql_scheduler_dag.py
[2025-12-28T13:37:01.503+0000] {processor.py:840} INFO - DAG(s) 'amazon_sql_transformation_scheduler' retrieved from /opt/airflow/dags/amazon_sql_scheduler_dag.py
[2025-12-28T13:37:01.529+0000] {logging_mixin.py:188} INFO - [2025-12-28T13:37:01.529+0000] {dag.py:3047} INFO - Sync 1 DAGs
[2025-12-28T13:37:01.540+0000] {logging_mixin.py:188} INFO - [2025-12-28T13:37:01.539+0000] {dag.py:3834} INFO - Setting next_dagrun for amazon_sql_transformation_scheduler to None, run_after=None
[2025-12-28T13:37:01.556+0000] {processor.py:183} INFO - Processing /opt/airflow/dags/amazon_sql_scheduler_dag.py took 0.258 seconds
[2025-12-28T13:37:31.800+0000] {processor.py:161} INFO - Started process (PID=442) to work on /opt/airflow/dags/amazon_sql_scheduler_dag.py
[2025-12-28T13:37:31.801+0000] {processor.py:830} INFO - Processing file /opt/airflow/dags/amazon_sql_scheduler_dag.py for tasks to queue
[2025-12-28T13:37:31.802+0000] {logging_mixin.py:188} INFO - [2025-12-28T13:37:31.802+0000] {dagbag.py:540} INFO - Filling up the DagBag from /opt/airflow/dags/amazon_sql_scheduler_dag.py
[2025-12-28T13:37:31.926+0000] {processor.py:840} INFO - DAG(s) 'amazon_sql_transformation_scheduler' retrieved from /opt/airflow/dags/amazon_sql_scheduler_dag.py
[2025-12-28T13:37:31.965+0000] {logging_mixin.py:188} INFO - [2025-12-28T13:37:31.964+0000] {dag.py:3047} INFO - Sync 1 DAGs
[2025-12-28T13:37:31.979+0000] {logging_mixin.py:188} INFO - [2025-12-28T13:37:31.979+0000] {dag.py:3834} INFO - Setting next_dagrun for amazon_sql_transformation_scheduler to None, run_after=None
[2025-12-28T13:37:31.999+0000] {processor.py:183} INFO - Processing /opt/airflow/dags/amazon_sql_scheduler_dag.py took 0.203 seconds
[2025-12-28T13:38:02.250+0000] {processor.py:161} INFO - Started process (PID=458) to work on /opt/airflow/dags/amazon_sql_scheduler_dag.py
[2025-12-28T13:38:02.251+0000] {processor.py:830} INFO - Processing file /opt/airflow/dags/amazon_sql_scheduler_dag.py for tasks to queue
[2025-12-28T13:38:02.252+0000] {logging_mixin.py:188} INFO - [2025-12-28T13:38:02.252+0000] {dagbag.py:540} INFO - Filling up the DagBag from /opt/airflow/dags/amazon_sql_scheduler_dag.py
[2025-12-28T13:38:02.381+0000] {processor.py:840} INFO - DAG(s) 'amazon_sql_transformation_scheduler' retrieved from /opt/airflow/dags/amazon_sql_scheduler_dag.py
[2025-12-28T13:38:02.410+0000] {logging_mixin.py:188} INFO - [2025-12-28T13:38:02.410+0000] {dag.py:3047} INFO - Sync 1 DAGs
[2025-12-28T13:38:02.423+0000] {logging_mixin.py:188} INFO - [2025-12-28T13:38:02.422+0000] {dag.py:3834} INFO - Setting next_dagrun for amazon_sql_transformation_scheduler to None, run_after=None
[2025-12-28T13:38:02.443+0000] {processor.py:183} INFO - Processing /opt/airflow/dags/amazon_sql_scheduler_dag.py took 0.198 seconds
[2025-12-28T13:38:32.685+0000] {processor.py:161} INFO - Started process (PID=474) to work on /opt/airflow/dags/amazon_sql_scheduler_dag.py
[2025-12-28T13:38:32.686+0000] {processor.py:830} INFO - Processing file /opt/airflow/dags/amazon_sql_scheduler_dag.py for tasks to queue
[2025-12-28T13:38:32.687+0000] {logging_mixin.py:188} INFO - [2025-12-28T13:38:32.687+0000] {dagbag.py:540} INFO - Filling up the DagBag from /opt/airflow/dags/amazon_sql_scheduler_dag.py
[2025-12-28T13:38:32.797+0000] {processor.py:840} INFO - DAG(s) 'amazon_sql_transformation_scheduler' retrieved from /opt/airflow/dags/amazon_sql_scheduler_dag.py
[2025-12-28T13:38:32.828+0000] {logging_mixin.py:188} INFO - [2025-12-28T13:38:32.828+0000] {dag.py:3047} INFO - Sync 1 DAGs
[2025-12-28T13:38:32.843+0000] {logging_mixin.py:188} INFO - [2025-12-28T13:38:32.842+0000] {dag.py:3834} INFO - Setting next_dagrun for amazon_sql_transformation_scheduler to None, run_after=None
[2025-12-28T13:38:32.867+0000] {processor.py:183} INFO - Processing /opt/airflow/dags/amazon_sql_scheduler_dag.py took 0.186 seconds
[2025-12-28T13:39:03.121+0000] {processor.py:161} INFO - Started process (PID=490) to work on /opt/airflow/dags/amazon_sql_scheduler_dag.py
[2025-12-28T13:39:03.122+0000] {processor.py:830} INFO - Processing file /opt/airflow/dags/amazon_sql_scheduler_dag.py for tasks to queue
[2025-12-28T13:39:03.123+0000] {logging_mixin.py:188} INFO - [2025-12-28T13:39:03.123+0000] {dagbag.py:540} INFO - Filling up the DagBag from /opt/airflow/dags/amazon_sql_scheduler_dag.py
[2025-12-28T13:39:03.229+0000] {processor.py:840} INFO - DAG(s) 'amazon_sql_transformation_scheduler' retrieved from /opt/airflow/dags/amazon_sql_scheduler_dag.py
[2025-12-28T13:39:03.258+0000] {logging_mixin.py:188} INFO - [2025-12-28T13:39:03.258+0000] {dag.py:3047} INFO - Sync 1 DAGs
[2025-12-28T13:39:03.269+0000] {logging_mixin.py:188} INFO - [2025-12-28T13:39:03.269+0000] {dag.py:3834} INFO - Setting next_dagrun for amazon_sql_transformation_scheduler to None, run_after=None
[2025-12-28T13:39:03.286+0000] {processor.py:183} INFO - Processing /opt/airflow/dags/amazon_sql_scheduler_dag.py took 0.168 seconds
[2025-12-28T13:39:33.536+0000] {processor.py:161} INFO - Started process (PID=506) to work on /opt/airflow/dags/amazon_sql_scheduler_dag.py
[2025-12-28T13:39:33.538+0000] {processor.py:830} INFO - Processing file /opt/airflow/dags/amazon_sql_scheduler_dag.py for tasks to queue
[2025-12-28T13:39:33.540+0000] {logging_mixin.py:188} INFO - [2025-12-28T13:39:33.539+0000] {dagbag.py:540} INFO - Filling up the DagBag from /opt/airflow/dags/amazon_sql_scheduler_dag.py
[2025-12-28T13:39:33.663+0000] {processor.py:840} INFO - DAG(s) 'amazon_sql_transformation_scheduler' retrieved from /opt/airflow/dags/amazon_sql_scheduler_dag.py
[2025-12-28T13:39:33.699+0000] {logging_mixin.py:188} INFO - [2025-12-28T13:39:33.699+0000] {dag.py:3047} INFO - Sync 1 DAGs
[2025-12-28T13:39:33.713+0000] {logging_mixin.py:188} INFO - [2025-12-28T13:39:33.712+0000] {dag.py:3834} INFO - Setting next_dagrun for amazon_sql_transformation_scheduler to None, run_after=None
[2025-12-28T13:39:33.737+0000] {processor.py:183} INFO - Processing /opt/airflow/dags/amazon_sql_scheduler_dag.py took 0.206 seconds
[2025-12-28T13:40:04.049+0000] {processor.py:161} INFO - Started process (PID=522) to work on /opt/airflow/dags/amazon_sql_scheduler_dag.py
[2025-12-28T13:40:04.050+0000] {processor.py:830} INFO - Processing file /opt/airflow/dags/amazon_sql_scheduler_dag.py for tasks to queue
[2025-12-28T13:40:04.052+0000] {logging_mixin.py:188} INFO - [2025-12-28T13:40:04.051+0000] {dagbag.py:540} INFO - Filling up the DagBag from /opt/airflow/dags/amazon_sql_scheduler_dag.py
[2025-12-28T13:40:04.211+0000] {processor.py:840} INFO - DAG(s) 'amazon_sql_transformation_scheduler' retrieved from /opt/airflow/dags/amazon_sql_scheduler_dag.py
[2025-12-28T13:40:04.247+0000] {logging_mixin.py:188} INFO - [2025-12-28T13:40:04.247+0000] {dag.py:3047} INFO - Sync 1 DAGs
[2025-12-28T13:40:04.260+0000] {logging_mixin.py:188} INFO - [2025-12-28T13:40:04.260+0000] {dag.py:3834} INFO - Setting next_dagrun for amazon_sql_transformation_scheduler to None, run_after=None
[2025-12-28T13:40:04.284+0000] {processor.py:183} INFO - Processing /opt/airflow/dags/amazon_sql_scheduler_dag.py took 0.239 seconds
[2025-12-28T13:40:34.542+0000] {processor.py:161} INFO - Started process (PID=538) to work on /opt/airflow/dags/amazon_sql_scheduler_dag.py
[2025-12-28T13:40:34.544+0000] {processor.py:830} INFO - Processing file /opt/airflow/dags/amazon_sql_scheduler_dag.py for tasks to queue
[2025-12-28T13:40:34.546+0000] {logging_mixin.py:188} INFO - [2025-12-28T13:40:34.545+0000] {dagbag.py:540} INFO - Filling up the DagBag from /opt/airflow/dags/amazon_sql_scheduler_dag.py
[2025-12-28T13:40:34.699+0000] {processor.py:840} INFO - DAG(s) 'amazon_sql_transformation_scheduler' retrieved from /opt/airflow/dags/amazon_sql_scheduler_dag.py
[2025-12-28T13:40:34.738+0000] {logging_mixin.py:188} INFO - [2025-12-28T13:40:34.738+0000] {dag.py:3047} INFO - Sync 1 DAGs
[2025-12-28T13:40:34.755+0000] {logging_mixin.py:188} INFO - [2025-12-28T13:40:34.754+0000] {dag.py:3834} INFO - Setting next_dagrun for amazon_sql_transformation_scheduler to None, run_after=None
[2025-12-28T13:40:34.777+0000] {processor.py:183} INFO - Processing /opt/airflow/dags/amazon_sql_scheduler_dag.py took 0.239 seconds
[2025-12-28T13:41:05.027+0000] {processor.py:161} INFO - Started process (PID=554) to work on /opt/airflow/dags/amazon_sql_scheduler_dag.py
[2025-12-28T13:41:05.028+0000] {processor.py:830} INFO - Processing file /opt/airflow/dags/amazon_sql_scheduler_dag.py for tasks to queue
[2025-12-28T13:41:05.029+0000] {logging_mixin.py:188} INFO - [2025-12-28T13:41:05.029+0000] {dagbag.py:540} INFO - Filling up the DagBag from /opt/airflow/dags/amazon_sql_scheduler_dag.py
[2025-12-28T13:41:05.142+0000] {processor.py:840} INFO - DAG(s) 'amazon_sql_transformation_scheduler' retrieved from /opt/airflow/dags/amazon_sql_scheduler_dag.py
[2025-12-28T13:41:05.173+0000] {logging_mixin.py:188} INFO - [2025-12-28T13:41:05.173+0000] {dag.py:3047} INFO - Sync 1 DAGs
[2025-12-28T13:41:05.186+0000] {logging_mixin.py:188} INFO - [2025-12-28T13:41:05.185+0000] {dag.py:3834} INFO - Setting next_dagrun for amazon_sql_transformation_scheduler to None, run_after=None
[2025-12-28T13:41:05.201+0000] {processor.py:183} INFO - Processing /opt/airflow/dags/amazon_sql_scheduler_dag.py took 0.178 seconds
[2025-12-28T13:41:35.445+0000] {processor.py:161} INFO - Started process (PID=570) to work on /opt/airflow/dags/amazon_sql_scheduler_dag.py
[2025-12-28T13:41:35.447+0000] {processor.py:830} INFO - Processing file /opt/airflow/dags/amazon_sql_scheduler_dag.py for tasks to queue
[2025-12-28T13:41:35.448+0000] {logging_mixin.py:188} INFO - [2025-12-28T13:41:35.447+0000] {dagbag.py:540} INFO - Filling up the DagBag from /opt/airflow/dags/amazon_sql_scheduler_dag.py
[2025-12-28T13:41:35.571+0000] {processor.py:840} INFO - DAG(s) 'amazon_sql_transformation_scheduler' retrieved from /opt/airflow/dags/amazon_sql_scheduler_dag.py
[2025-12-28T13:41:35.604+0000] {logging_mixin.py:188} INFO - [2025-12-28T13:41:35.603+0000] {dag.py:3047} INFO - Sync 1 DAGs
[2025-12-28T13:41:35.617+0000] {logging_mixin.py:188} INFO - [2025-12-28T13:41:35.617+0000] {dag.py:3834} INFO - Setting next_dagrun for amazon_sql_transformation_scheduler to None, run_after=None
[2025-12-28T13:41:35.638+0000] {processor.py:183} INFO - Processing /opt/airflow/dags/amazon_sql_scheduler_dag.py took 0.196 seconds
[2025-12-28T13:42:05.869+0000] {processor.py:161} INFO - Started process (PID=586) to work on /opt/airflow/dags/amazon_sql_scheduler_dag.py
[2025-12-28T13:42:05.870+0000] {processor.py:830} INFO - Processing file /opt/airflow/dags/amazon_sql_scheduler_dag.py for tasks to queue
[2025-12-28T13:42:05.871+0000] {logging_mixin.py:188} INFO - [2025-12-28T13:42:05.871+0000] {dagbag.py:540} INFO - Filling up the DagBag from /opt/airflow/dags/amazon_sql_scheduler_dag.py
[2025-12-28T13:42:05.993+0000] {processor.py:840} INFO - DAG(s) 'amazon_sql_transformation_scheduler' retrieved from /opt/airflow/dags/amazon_sql_scheduler_dag.py
[2025-12-28T13:42:06.025+0000] {logging_mixin.py:188} INFO - [2025-12-28T13:42:06.025+0000] {dag.py:3047} INFO - Sync 1 DAGs
[2025-12-28T13:42:06.036+0000] {logging_mixin.py:188} INFO - [2025-12-28T13:42:06.036+0000] {dag.py:3834} INFO - Setting next_dagrun for amazon_sql_transformation_scheduler to None, run_after=None
[2025-12-28T13:42:06.054+0000] {processor.py:183} INFO - Processing /opt/airflow/dags/amazon_sql_scheduler_dag.py took 0.188 seconds
[2025-12-28T13:42:36.293+0000] {processor.py:161} INFO - Started process (PID=602) to work on /opt/airflow/dags/amazon_sql_scheduler_dag.py
[2025-12-28T13:42:36.295+0000] {processor.py:830} INFO - Processing file /opt/airflow/dags/amazon_sql_scheduler_dag.py for tasks to queue
[2025-12-28T13:42:36.296+0000] {logging_mixin.py:188} INFO - [2025-12-28T13:42:36.295+0000] {dagbag.py:540} INFO - Filling up the DagBag from /opt/airflow/dags/amazon_sql_scheduler_dag.py
[2025-12-28T13:42:36.407+0000] {processor.py:840} INFO - DAG(s) 'amazon_sql_transformation_scheduler' retrieved from /opt/airflow/dags/amazon_sql_scheduler_dag.py
[2025-12-28T13:42:36.444+0000] {logging_mixin.py:188} INFO - [2025-12-28T13:42:36.444+0000] {dag.py:3047} INFO - Sync 1 DAGs
[2025-12-28T13:42:36.474+0000] {logging_mixin.py:188} INFO - [2025-12-28T13:42:36.473+0000] {dag.py:3834} INFO - Setting next_dagrun for amazon_sql_transformation_scheduler to None, run_after=None
[2025-12-28T13:42:36.506+0000] {processor.py:183} INFO - Processing /opt/airflow/dags/amazon_sql_scheduler_dag.py took 0.216 seconds
[2025-12-28T13:43:06.750+0000] {processor.py:161} INFO - Started process (PID=618) to work on /opt/airflow/dags/amazon_sql_scheduler_dag.py
[2025-12-28T13:43:06.751+0000] {processor.py:830} INFO - Processing file /opt/airflow/dags/amazon_sql_scheduler_dag.py for tasks to queue
[2025-12-28T13:43:06.753+0000] {logging_mixin.py:188} INFO - [2025-12-28T13:43:06.752+0000] {dagbag.py:540} INFO - Filling up the DagBag from /opt/airflow/dags/amazon_sql_scheduler_dag.py
[2025-12-28T13:43:06.896+0000] {processor.py:840} INFO - DAG(s) 'amazon_sql_transformation_scheduler' retrieved from /opt/airflow/dags/amazon_sql_scheduler_dag.py
[2025-12-28T13:43:06.931+0000] {logging_mixin.py:188} INFO - [2025-12-28T13:43:06.931+0000] {dag.py:3047} INFO - Sync 1 DAGs
[2025-12-28T13:43:06.945+0000] {logging_mixin.py:188} INFO - [2025-12-28T13:43:06.945+0000] {dag.py:3834} INFO - Setting next_dagrun for amazon_sql_transformation_scheduler to None, run_after=None
[2025-12-28T13:43:06.964+0000] {processor.py:183} INFO - Processing /opt/airflow/dags/amazon_sql_scheduler_dag.py took 0.218 seconds
[2025-12-28T13:43:37.205+0000] {processor.py:161} INFO - Started process (PID=634) to work on /opt/airflow/dags/amazon_sql_scheduler_dag.py
[2025-12-28T13:43:37.206+0000] {processor.py:830} INFO - Processing file /opt/airflow/dags/amazon_sql_scheduler_dag.py for tasks to queue
[2025-12-28T13:43:37.207+0000] {logging_mixin.py:188} INFO - [2025-12-28T13:43:37.207+0000] {dagbag.py:540} INFO - Filling up the DagBag from /opt/airflow/dags/amazon_sql_scheduler_dag.py
[2025-12-28T13:43:37.314+0000] {processor.py:840} INFO - DAG(s) 'amazon_sql_transformation_scheduler' retrieved from /opt/airflow/dags/amazon_sql_scheduler_dag.py
[2025-12-28T13:43:37.345+0000] {logging_mixin.py:188} INFO - [2025-12-28T13:43:37.344+0000] {dag.py:3047} INFO - Sync 1 DAGs
[2025-12-28T13:43:37.356+0000] {logging_mixin.py:188} INFO - [2025-12-28T13:43:37.356+0000] {dag.py:3834} INFO - Setting next_dagrun for amazon_sql_transformation_scheduler to None, run_after=None
[2025-12-28T13:43:37.372+0000] {processor.py:183} INFO - Processing /opt/airflow/dags/amazon_sql_scheduler_dag.py took 0.170 seconds
