[2025-12-16T09:42:55.498+0000] {taskinstance.py:1979} INFO - Dependencies all met for dep_context=non-requeueable deps ti=<TaskInstance: amazon_etl_pipeline.csv_to_raw manual__2025-12-16T09:42:53.655257+00:00 [queued]>
[2025-12-16T09:42:55.507+0000] {taskinstance.py:1979} INFO - Dependencies all met for dep_context=requeueable deps ti=<TaskInstance: amazon_etl_pipeline.csv_to_raw manual__2025-12-16T09:42:53.655257+00:00 [queued]>
[2025-12-16T09:42:55.507+0000] {taskinstance.py:2193} INFO - Starting attempt 1 of 2
[2025-12-16T09:42:55.521+0000] {taskinstance.py:2217} INFO - Executing <Task(PythonOperator): csv_to_raw> on 2025-12-16 09:42:53.655257+00:00
[2025-12-16T09:42:55.529+0000] {standard_task_runner.py:60} INFO - Started process 995 to run task
[2025-12-16T09:42:55.534+0000] {standard_task_runner.py:87} INFO - Running: ['***', 'tasks', 'run', 'amazon_etl_pipeline', 'csv_to_raw', 'manual__2025-12-16T09:42:53.655257+00:00', '--job-id', '12', '--raw', '--subdir', 'DAGS_FOLDER/amazon_etl_pipeline.py', '--cfg-path', '/tmp/tmp1volcria']
[2025-12-16T09:42:55.538+0000] {standard_task_runner.py:88} INFO - Job 12: Subtask csv_to_raw
[2025-12-16T09:42:55.561+0000] {logging_mixin.py:188} WARNING - /home/***/.local/lib/python3.8/site-packages/***/settings.py:194 DeprecationWarning: The sql_alchemy_conn option in [core] has been moved to the sql_alchemy_conn option in [database] - the old setting has been used, but please update your config.
[2025-12-16T09:42:55.860+0000] {task_command.py:423} INFO - Running <TaskInstance: amazon_etl_pipeline.csv_to_raw manual__2025-12-16T09:42:53.655257+00:00 [running]> on host 057de9163787
[2025-12-16T09:42:55.949+0000] {taskinstance.py:2513} INFO - Exporting env vars: AIRFLOW_CTX_DAG_OWNER='sanjay' AIRFLOW_CTX_DAG_ID='amazon_etl_pipeline' AIRFLOW_CTX_TASK_ID='csv_to_raw' AIRFLOW_CTX_EXECUTION_DATE='2025-12-16T09:42:53.655257+00:00' AIRFLOW_CTX_TRY_NUMBER='1' AIRFLOW_CTX_DAG_RUN_ID='manual__2025-12-16T09:42:53.655257+00:00'
[2025-12-16T09:42:55.954+0000] {taskinstance.py:2731} ERROR - Task failed with exception
Traceback (most recent call last):
  File "/home/airflow/.local/lib/python3.8/site-packages/airflow/models/taskinstance.py", line 444, in _execute_task
    result = _execute_callable(context=context, **execute_callable_kwargs)
  File "/home/airflow/.local/lib/python3.8/site-packages/airflow/models/taskinstance.py", line 414, in _execute_callable
    return execute_callable(context=context, **execute_callable_kwargs)
  File "/home/airflow/.local/lib/python3.8/site-packages/airflow/operators/python.py", line 200, in execute
    return_value = self.execute_callable()
  File "/home/airflow/.local/lib/python3.8/site-packages/airflow/operators/python.py", line 217, in execute_callable
    return self.python_callable(*self.op_args, **self.op_kwargs)
  File "/opt/airflow/scripts/csv_to_raw.py", line 7, in csv_to_raw
    df = pd.read_csv(csv_path)
  File "/home/airflow/.local/lib/python3.8/site-packages/pandas/io/parsers/readers.py", line 912, in read_csv
    return _read(filepath_or_buffer, kwds)
  File "/home/airflow/.local/lib/python3.8/site-packages/pandas/io/parsers/readers.py", line 577, in _read
    parser = TextFileReader(filepath_or_buffer, **kwds)
  File "/home/airflow/.local/lib/python3.8/site-packages/pandas/io/parsers/readers.py", line 1407, in __init__
    self._engine = self._make_engine(f, self.engine)
  File "/home/airflow/.local/lib/python3.8/site-packages/pandas/io/parsers/readers.py", line 1661, in _make_engine
    self.handles = get_handle(
  File "/home/airflow/.local/lib/python3.8/site-packages/pandas/io/common.py", line 859, in get_handle
    handle = open(
FileNotFoundError: [Errno 2] No such file or directory: '/opt/airflow/data/raw/Amazon.csv'
[2025-12-16T09:42:55.970+0000] {taskinstance.py:1149} INFO - Marking task as UP_FOR_RETRY. dag_id=amazon_etl_pipeline, task_id=csv_to_raw, execution_date=20251216T094253, start_date=20251216T094255, end_date=20251216T094255
[2025-12-16T09:42:55.983+0000] {standard_task_runner.py:107} ERROR - Failed to execute job 12 for task csv_to_raw ([Errno 2] No such file or directory: '/opt/airflow/data/raw/Amazon.csv'; 995)
[2025-12-16T09:42:56.028+0000] {local_task_job_runner.py:234} INFO - Task exited with return code 1
[2025-12-16T09:42:56.199+0000] {taskinstance.py:3312} INFO - 0 downstream tasks scheduled from follow-on schedule check
